CRITICAL - 2024-02-24 05:59:57 --> Undefined array key "TotalInteret"
in APPPATH\Views\sys\loan_master\grantview.php on line 157.
 1 APPPATH\Views\sys\loan_master\grantview.php(157): CodeIgniter\Debug\Exceptions->errorHandler(2, 'Undefined array key "TotalInteret"', 'C:\\xampp\\htdocs\\pms\\app\\Views\\sys\\loan_master\\grantview.php', 157)
 2 SYSTEMPATH\View\View.php(224): include('C:\\xampp\\htdocs\\pms\\app\\Views\\sys\\loan_master\\grantview.php')
 3 SYSTEMPATH\View\View.php(227): CodeIgniter\View\View->CodeIgniter\View\{closure}()
 4 SYSTEMPATH\Common.php(1176): CodeIgniter\View\View->render('sys/loan_master/grantview', [], true)
 5 APPPATH\Controllers\Loanrequest.php(95): view('sys/loan_master/grantview', [...])
 6 SYSTEMPATH\CodeIgniter.php(932): App\Controllers\Loanrequest->grantview('1551', '14')
 7 SYSTEMPATH\CodeIgniter.php(497): CodeIgniter\CodeIgniter->runController(Object(App\Controllers\Loanrequest))
 8 SYSTEMPATH\CodeIgniter.php(366): CodeIgniter\CodeIgniter->handleRequest(null, Object(Config\Cache), false)
 9 FCPATH\index.php(67): CodeIgniter\CodeIgniter->run()
CRITICAL - 2024-02-24 06:00:36 --> Undefined array key "TotalInterest"
in APPPATH\Views\sys\loan_master\grantview.php on line 157.
 1 APPPATH\Views\sys\loan_master\grantview.php(157): CodeIgniter\Debug\Exceptions->errorHandler(2, 'Undefined array key "TotalInterest"', 'C:\\xampp\\htdocs\\pms\\app\\Views\\sys\\loan_master\\grantview.php', 157)
 2 SYSTEMPATH\View\View.php(224): include('C:\\xampp\\htdocs\\pms\\app\\Views\\sys\\loan_master\\grantview.php')
 3 SYSTEMPATH\View\View.php(227): CodeIgniter\View\View->CodeIgniter\View\{closure}()
 4 SYSTEMPATH\Common.php(1176): CodeIgniter\View\View->render('sys/loan_master/grantview', [], true)
 5 APPPATH\Controllers\Loanrequest.php(95): view('sys/loan_master/grantview', [...])
 6 SYSTEMPATH\CodeIgniter.php(932): App\Controllers\Loanrequest->grantview('1551', '14')
 7 SYSTEMPATH\CodeIgniter.php(497): CodeIgniter\CodeIgniter->runController(Object(App\Controllers\Loanrequest))
 8 SYSTEMPATH\CodeIgniter.php(366): CodeIgniter\CodeIgniter->handleRequest(null, Object(Config\Cache), false)
 9 FCPATH\index.php(67): CodeIgniter\CodeIgniter->run()
CRITICAL - 2024-02-24 06:01:30 --> Undefined array key "TotalInterest"
in APPPATH\Views\sys\loan_master\grantview.php on line 157.
 1 APPPATH\Views\sys\loan_master\grantview.php(157): CodeIgniter\Debug\Exceptions->errorHandler(2, 'Undefined array key "TotalInterest"', 'C:\\xampp\\htdocs\\pms\\app\\Views\\sys\\loan_master\\grantview.php', 157)
 2 SYSTEMPATH\View\View.php(224): include('C:\\xampp\\htdocs\\pms\\app\\Views\\sys\\loan_master\\grantview.php')
 3 SYSTEMPATH\View\View.php(227): CodeIgniter\View\View->CodeIgniter\View\{closure}()
 4 SYSTEMPATH\Common.php(1176): CodeIgniter\View\View->render('sys/loan_master/grantview', [], true)
 5 APPPATH\Controllers\Loanrequest.php(95): view('sys/loan_master/grantview', [...])
 6 SYSTEMPATH\CodeIgniter.php(932): App\Controllers\Loanrequest->grantview('1551', '14')
 7 SYSTEMPATH\CodeIgniter.php(497): CodeIgniter\CodeIgniter->runController(Object(App\Controllers\Loanrequest))
 8 SYSTEMPATH\CodeIgniter.php(366): CodeIgniter\CodeIgniter->handleRequest(null, Object(Config\Cache), false)
 9 FCPATH\index.php(67): CodeIgniter\CodeIgniter->run()
ERROR - 2024-02-24 15:11:33 --> mysqli_sql_exception: Unknown column 'TotalInterest' in 'field list' in C:\xampp\htdocs\pms\system\Database\MySQLi\Connection.php:295
Stack trace:
#0 C:\xampp\htdocs\pms\system\Database\MySQLi\Connection.php(295): mysqli->query('INSERT INTO `lo...', 0)
#1 C:\xampp\htdocs\pms\system\Database\BaseConnection.php(692): CodeIgniter\Database\MySQLi\Connection->execute('INSERT INTO `lo...')
#2 C:\xampp\htdocs\pms\system\Database\BaseConnection.php(606): CodeIgniter\Database\BaseConnection->simpleQuery('INSERT INTO `lo...')
#3 C:\xampp\htdocs\pms\system\Database\BaseBuilder.php(2309): CodeIgniter\Database\BaseConnection->query('INSERT INTO `lo...', Array, false)
#4 C:\xampp\htdocs\pms\system\Model.php(330): CodeIgniter\Database\BaseBuilder->insert()
#5 C:\xampp\htdocs\pms\system\BaseModel.php(782): CodeIgniter\Model->doInsert(Array)
#6 C:\xampp\htdocs\pms\system\Model.php(730): CodeIgniter\BaseModel->insert(Array, false)
#7 C:\xampp\htdocs\pms\system\BaseModel.php(692): CodeIgniter\Model->insert(Array, false)
#8 C:\xampp\htdocs\pms\app\Controllers\GrantLoans.php(40): CodeIgniter\BaseModel->save(Array)
#9 C:\xampp\htdocs\pms\system\CodeIgniter.php(932): App\Controllers\GrantLoans->add()
#10 C:\xampp\htdocs\pms\system\CodeIgniter.php(497): CodeIgniter\CodeIgniter->runController(Object(App\Controllers\GrantLoans))
#11 C:\xampp\htdocs\pms\system\CodeIgniter.php(366): CodeIgniter\CodeIgniter->handleRequest(NULL, Object(Config\Cache), false)
#12 C:\xampp\htdocs\pms\index.php(67): CodeIgniter\CodeIgniter->run()
#13 {main}
CRITICAL - 2024-02-24 15:11:33 --> Unknown column 'TotalInterest' in 'field list'
in SYSTEMPATH\Database\MySQLi\Connection.php on line 295.
 1 SYSTEMPATH\Database\MySQLi\Connection.php(295): mysqli->query('INSERT INTO `loan_master` (`LoanRequestId`, `RYear`, `RMonth`, `RDate`, `EmployeeCode`, `LoanType`, `Capital`, `MonthlyInstallment`, `MonthlyInterest`, `TotalInterest`, `MonthlyDeduction`, `RecoverAmount`) VALUES (\'17\', \'2024\', \'02\', \'24\', \'932\', \'296-Special Advance\', \'4000.00\', \'400\', \'14.4\', \'144\', \'414.4\', \'3621.6\')', 0)
 2 SYSTEMPATH\Database\BaseConnection.php(692): CodeIgniter\Database\MySQLi\Connection->execute('INSERT INTO `loan_master` (`LoanRequestId`, `RYear`, `RMonth`, `RDate`, `EmployeeCode`, `LoanType`, `Capital`, `MonthlyInstallment`, `MonthlyInterest`, `TotalInterest`, `MonthlyDeduction`, `RecoverAmount`) VALUES (\'17\', \'2024\', \'02\', \'24\', \'932\', \'296-Special Advance\', \'4000.00\', \'400\', \'14.4\', \'144\', \'414.4\', \'3621.6\')')
 3 SYSTEMPATH\Database\BaseConnection.php(606): CodeIgniter\Database\BaseConnection->simpleQuery('INSERT INTO `loan_master` (`LoanRequestId`, `RYear`, `RMonth`, `RDate`, `EmployeeCode`, `LoanType`, `Capital`, `MonthlyInstallment`, `MonthlyInterest`, `TotalInterest`, `MonthlyDeduction`, `RecoverAmount`) VALUES (\'17\', \'2024\', \'02\', \'24\', \'932\', \'296-Special Advance\', \'4000.00\', \'400\', \'14.4\', \'144\', \'414.4\', \'3621.6\')')
 4 SYSTEMPATH\Database\BaseBuilder.php(2309): CodeIgniter\Database\BaseConnection->query('INSERT INTO `loan_master` (`LoanRequestId`, `RYear`, `RMonth`, `RDate`, `EmployeeCode`, `LoanType`, `Capital`, `MonthlyInstallment`, `MonthlyInterest`, `TotalInterest`, `MonthlyDeduction`, `RecoverAmount`) VALUES (:LoanRequestId:, :RYear:, :RMonth:, :RDate:, :EmployeeCode:, :LoanType:, :Capital:, :MonthlyInstallment:, :MonthlyInterest:, :TotalInterest:, :MonthlyDeduction:, :RecoverAmount:)', [...], false)
 5 SYSTEMPATH\Model.php(330): CodeIgniter\Database\BaseBuilder->insert()
 6 SYSTEMPATH\BaseModel.php(782): CodeIgniter\Model->doInsert([...])
 7 SYSTEMPATH\Model.php(730): CodeIgniter\BaseModel->insert([...], false)
 8 SYSTEMPATH\BaseModel.php(692): CodeIgniter\Model->insert([...], false)
 9 APPPATH\Controllers\GrantLoans.php(40): CodeIgniter\BaseModel->save([...])
10 SYSTEMPATH\CodeIgniter.php(932): App\Controllers\GrantLoans->add()
11 SYSTEMPATH\CodeIgniter.php(497): CodeIgniter\CodeIgniter->runController(Object(App\Controllers\GrantLoans))
12 SYSTEMPATH\CodeIgniter.php(366): CodeIgniter\CodeIgniter->handleRequest(null, Object(Config\Cache), false)
13 FCPATH\index.php(67): CodeIgniter\CodeIgniter->run()
ERROR - 2024-02-24 15:57:15 --> mysqli_sql_exception: Unknown column 'ItemCode' in 'where clause' in C:\xampp\htdocs\pms\system\Database\MySQLi\Connection.php:295
Stack trace:
#0 C:\xampp\htdocs\pms\system\Database\MySQLi\Connection.php(295): mysqli->query('SELECT *\nFROM `...', 0)
#1 C:\xampp\htdocs\pms\system\Database\BaseConnection.php(692): CodeIgniter\Database\MySQLi\Connection->execute('SELECT *\nFROM `...')
#2 C:\xampp\htdocs\pms\system\Database\BaseConnection.php(606): CodeIgniter\Database\BaseConnection->simpleQuery('SELECT *\nFROM `...')
#3 C:\xampp\htdocs\pms\system\Database\BaseBuilder.php(1616): CodeIgniter\Database\BaseConnection->query('SELECT *\nFROM `...', Array, false)
#4 C:\xampp\htdocs\pms\system\Model.php(268): CodeIgniter\Database\BaseBuilder->get()
#5 C:\xampp\htdocs\pms\system\BaseModel.php(656): CodeIgniter\Model->doFirst()
#6 C:\xampp\htdocs\pms\app\Controllers\Payroll.php(330): CodeIgniter\BaseModel->first()
#7 C:\xampp\htdocs\pms\system\CodeIgniter.php(932): App\Controllers\Payroll->month_end()
#8 C:\xampp\htdocs\pms\system\CodeIgniter.php(497): CodeIgniter\CodeIgniter->runController(Object(App\Controllers\Payroll))
#9 C:\xampp\htdocs\pms\system\CodeIgniter.php(366): CodeIgniter\CodeIgniter->handleRequest(NULL, Object(Config\Cache), false)
#10 C:\xampp\htdocs\pms\index.php(67): CodeIgniter\CodeIgniter->run()
#11 {main}
CRITICAL - 2024-02-24 15:57:15 --> Unknown column 'ItemCode' in 'where clause'
in SYSTEMPATH\Database\MySQLi\Connection.php on line 295.
 1 SYSTEMPATH\Database\MySQLi\Connection.php(295): mysqli->query('SELECT *
FROM `loan_master`
WHERE `EmployeeCode` = \'1551\'
AND `ItemCode` = \'286\'
 LIMIT 1', 0)
 2 SYSTEMPATH\Database\BaseConnection.php(692): CodeIgniter\Database\MySQLi\Connection->execute('SELECT *
FROM `loan_master`
WHERE `EmployeeCode` = \'1551\'
AND `ItemCode` = \'286\'
 LIMIT 1')
 3 SYSTEMPATH\Database\BaseConnection.php(606): CodeIgniter\Database\BaseConnection->simpleQuery('SELECT *
FROM `loan_master`
WHERE `EmployeeCode` = \'1551\'
AND `ItemCode` = \'286\'
 LIMIT 1')
 4 SYSTEMPATH\Database\BaseBuilder.php(1616): CodeIgniter\Database\BaseConnection->query('SELECT *
FROM `loan_master`
WHERE `EmployeeCode` = :EmployeeCode:
AND `ItemCode` = :ItemCode:
 LIMIT 1', [...], false)
 5 SYSTEMPATH\Model.php(268): CodeIgniter\Database\BaseBuilder->get()
 6 SYSTEMPATH\BaseModel.php(656): CodeIgniter\Model->doFirst()
 7 APPPATH\Controllers\Payroll.php(330): CodeIgniter\BaseModel->first()
 8 SYSTEMPATH\CodeIgniter.php(932): App\Controllers\Payroll->month_end()
 9 SYSTEMPATH\CodeIgniter.php(497): CodeIgniter\CodeIgniter->runController(Object(App\Controllers\Payroll))
10 SYSTEMPATH\CodeIgniter.php(366): CodeIgniter\CodeIgniter->handleRequest(null, Object(Config\Cache), false)
11 FCPATH\index.php(67): CodeIgniter\CodeIgniter->run()
CRITICAL - 2024-02-24 15:58:03 --> Undefined array key "RecoverAmount"
in APPPATH\Controllers\Payroll.php on line 338.
 1 APPPATH\Controllers\Payroll.php(338): CodeIgniter\Debug\Exceptions->errorHandler(2, 'Undefined array key "RecoverAmount"', 'C:\\xampp\\htdocs\\pms\\app\\Controllers\\Payroll.php', 338)
 2 SYSTEMPATH\CodeIgniter.php(932): App\Controllers\Payroll->month_end()
 3 SYSTEMPATH\CodeIgniter.php(497): CodeIgniter\CodeIgniter->runController(Object(App\Controllers\Payroll))
 4 SYSTEMPATH\CodeIgniter.php(366): CodeIgniter\CodeIgniter->handleRequest(null, Object(Config\Cache), false)
 5 FCPATH\index.php(67): CodeIgniter\CodeIgniter->run()
CRITICAL - 2024-02-24 16:01:14 --> Undefined array key "RecoverAmount"
in APPPATH\Controllers\Payroll.php on line 338.
 1 APPPATH\Controllers\Payroll.php(338): CodeIgniter\Debug\Exceptions->errorHandler(2, 'Undefined array key "RecoverAmount"', 'C:\\xampp\\htdocs\\pms\\app\\Controllers\\Payroll.php', 338)
 2 SYSTEMPATH\CodeIgniter.php(932): App\Controllers\Payroll->month_end()
 3 SYSTEMPATH\CodeIgniter.php(497): CodeIgniter\CodeIgniter->runController(Object(App\Controllers\Payroll))
 4 SYSTEMPATH\CodeIgniter.php(366): CodeIgniter\CodeIgniter->handleRequest(null, Object(Config\Cache), false)
 5 FCPATH\index.php(67): CodeIgniter\CodeIgniter->run()
ERROR - 2024-02-24 16:02:28 --> mysqli_sql_exception: Duplicate entry '1' for key 'PRIMARY' in C:\xampp\htdocs\pms\system\Database\MySQLi\Connection.php:295
Stack trace:
#0 C:\xampp\htdocs\pms\system\Database\MySQLi\Connection.php(295): mysqli->query('INSERT INTO `mo...', 0)
#1 C:\xampp\htdocs\pms\system\Database\BaseConnection.php(692): CodeIgniter\Database\MySQLi\Connection->execute('INSERT INTO `mo...')
#2 C:\xampp\htdocs\pms\system\Database\BaseConnection.php(606): CodeIgniter\Database\BaseConnection->simpleQuery('INSERT INTO `mo...')
#3 C:\xampp\htdocs\pms\system\Database\BaseBuilder.php(1801): CodeIgniter\Database\BaseConnection->query('INSERT INTO `mo...', NULL, false)
#4 C:\xampp\htdocs\pms\system\Database\BaseBuilder.php(2192): CodeIgniter\Database\BaseBuilder->batchExecute('_insertBatch', 100)
#5 C:\xampp\htdocs\pms\app\Models\MonthendModel.php(19): CodeIgniter\Database\BaseBuilder->insertBatch(Array)
#6 C:\xampp\htdocs\pms\app\Controllers\Payroll.php(342): App\Models\MonthendModel->processMonthend()
#7 C:\xampp\htdocs\pms\system\CodeIgniter.php(932): App\Controllers\Payroll->month_end()
#8 C:\xampp\htdocs\pms\system\CodeIgniter.php(497): CodeIgniter\CodeIgniter->runController(Object(App\Controllers\Payroll))
#9 C:\xampp\htdocs\pms\system\CodeIgniter.php(366): CodeIgniter\CodeIgniter->handleRequest(NULL, Object(Config\Cache), false)
#10 C:\xampp\htdocs\pms\index.php(67): CodeIgniter\CodeIgniter->run()
#11 {main}
CRITICAL - 2024-02-24 16:02:28 --> Duplicate entry '1' for key 'PRIMARY'
in SYSTEMPATH\Database\MySQLi\Connection.php on line 295.
 1 SYSTEMPATH\Database\MySQLi\Connection.php(295): mysqli->query('INSERT INTO `month_end` (`Amount`, `EmployeeCode`, `Id`, `ItemCode`, `Month`, `Year`)
VALUES (\'45000.00\',\'1551\',\'1\',\'100\',\'1\',\'2024\'), (\'3600.00\',\'1551\',\'2\',\'242\',\'1\',\'2024\'), (\'7500.00\',\'1551\',\'3\',\'111\',\'1\',\'2024\'), (\'1400.00\',\'1551\',\'4\',\'110\',\'1\',\'2024\'), (\'1250.00\',\'1551\',\'5\',\'286\',\'1\',\'2024\'), (\'458.72\',\'1551\',\'6\',\'296\',\'1\',\'2024\'), (\'960.00\',\'1551\',\'7\',\'106\',\'1\',\'2024\'), (\'5100.00\',\'1551\',\'8\',\'107\',\'1\',\'2024\'), (\'25.00\',\'1551\',\'9\',\'248\',\'1\',\'2024\'), (\'59960.00\',\'1551\',\'10\',\'200\',\'1\',\'2024\'), (\'5333.72\',\'1551\',\'11\',\'400\',\'1\',\'2024\'), (\'54626.28\',\'1551\',\'12\',\'600\',\'1\',\'2024\'), (\'40000.00\',\'2223\',\'13\',\'100\',\'1\',\'2024\'), (\'3200.00\',\'2223\',\'14\',\'242\',\'1\',\'2024\'), (\'7500.00\',\'2223\',\'15\',\'111\',\'1\',\'2024\'), (\'1225.00\',\'2223\',\'16\',\'110\',\'1\',\'2024\'), (\'780.00\',\'2223\',\'17\',\'106\',\'1\',\'2024\'), (\'5600.00\',\'2223\',\'18\',\'107\',\'1\',\'2024\'), (\'25.00\',\'2223\',\'19\',\'248\',\'1\',\'2024\'), (\'55105.00\',\'2223\',\'20\',\'200\',\'1\',\'2024\'), (\'3225.00\',\'2223\',\'21\',\'400\',\'1\',\'2024\'), (\'51880.00\',\'2223\',\'22\',\'600\',\'1\',\'2024\'), (\'38000.00\',\'932\',\'23\',\'100\',\'1\',\'2024\'), (\'3040.00\',\'932\',\'24\',\'242\',\'1\',\'2024\'), (\'7500.00\',\'932\',\'25\',\'111\',\'1\',\'2024\'), (\'45500.00\',\'932\',\'26\',\'200\',\'1\',\'2024\'), (\'3040.00\',\'932\',\'27\',\'400\',\'1\',\'2024\'), (\'42460.00\',\'932\',\'28\',\'600\',\'1\',\'2024\'), (\'36000.00\',\'947\',\'29\',\'100\',\'1\',\'2024\'), (\'2880.00\',\'947\',\'30\',\'242\',\'1\',\'2024\'), (\'7500.00\',\'947\',\'31\',\'111\',\'1\',\'2024\'), (\'25.00\',\'947\',\'32\',\'248\',\'1\',\'2024\'), (\'43500.00\',\'947\',\'33\',\'200\',\'1\',\'2024\'), (\'2905.00\',\'947\',\'34\',\'400\',\'1\',\'2024\'), (\'40595.00\',\'947\',\'35\',\'600\',\'1\',\'2024\'), (\'45000.00\',\'923\',\'36\',\'100\',\'1\',\'2024\'), (\'3600.00\',\'923\',\'37\',\'242\',\'1\',\'2024\'), (\'7500.00\',\'923\',\'38\',\'111\',\'1\',\'2024\'), (\'4000.00\',\'923\',\'39\',\'110\',\'1\',\'2024\'), (\'1250.00\',\'923\',\'40\',\'286\',\'1\',\'2024\'), (\'2500.00\',\'923\',\'41\',\'107\',\'1\',\'2024\'), (\'59000.00\',\'923\',\'42\',\'200\',\'1\',\'2024\'), (\'4850.00\',\'923\',\'43\',\'400\',\'1\',\'2024\'), (\'54150.00\',\'923\',\'44\',\'600\',\'1\',\'2024\'), (\'68000.00\',\'1\',\'45\',\'100\',\'1\',\'2024\'), (\'5440.00\',\'1\',\'46\',\'242\',\'1\',\'2024\'), (\'7500.00\',\'1\',\'47\',\'111\',\'1\',\'2024\'), (\'48000.00\',\'1\',\'48\',\'107\',\'1\',\'2024\'), (\'3500.00\',\'1\',\'49\',\'106\',\'1\',\'2024\'), (\'25.00\',\'1\',\'50\',\'248\',\'1\',\'2024\'), (\'127000.00\',\'1\',\'51\',\'200\',\'1\',\'2024\'), (\'5465.00\',\'1\',\'52\',\'400\',\'1\',\'2024\'), (\'121535.00\',\'1\',\'53\',\'600\',\'1\',\'2024\')', 0)
 2 SYSTEMPATH\Database\BaseConnection.php(692): CodeIgniter\Database\MySQLi\Connection->execute('INSERT INTO `month_end` (`Amount`, `EmployeeCode`, `Id`, `ItemCode`, `Month`, `Year`)
VALUES (\'45000.00\',\'1551\',\'1\',\'100\',\'1\',\'2024\'), (\'3600.00\',\'1551\',\'2\',\'242\',\'1\',\'2024\'), (\'7500.00\',\'1551\',\'3\',\'111\',\'1\',\'2024\'), (\'1400.00\',\'1551\',\'4\',\'110\',\'1\',\'2024\'), (\'1250.00\',\'1551\',\'5\',\'286\',\'1\',\'2024\'), (\'458.72\',\'1551\',\'6\',\'296\',\'1\',\'2024\'), (\'960.00\',\'1551\',\'7\',\'106\',\'1\',\'2024\'), (\'5100.00\',\'1551\',\'8\',\'107\',\'1\',\'2024\'), (\'25.00\',\'1551\',\'9\',\'248\',\'1\',\'2024\'), (\'59960.00\',\'1551\',\'10\',\'200\',\'1\',\'2024\'), (\'5333.72\',\'1551\',\'11\',\'400\',\'1\',\'2024\'), (\'54626.28\',\'1551\',\'12\',\'600\',\'1\',\'2024\'), (\'40000.00\',\'2223\',\'13\',\'100\',\'1\',\'2024\'), (\'3200.00\',\'2223\',\'14\',\'242\',\'1\',\'2024\'), (\'7500.00\',\'2223\',\'15\',\'111\',\'1\',\'2024\'), (\'1225.00\',\'2223\',\'16\',\'110\',\'1\',\'2024\'), (\'780.00\',\'2223\',\'17\',\'106\',\'1\',\'2024\'), (\'5600.00\',\'2223\',\'18\',\'107\',\'1\',\'2024\'), (\'25.00\',\'2223\',\'19\',\'248\',\'1\',\'2024\'), (\'55105.00\',\'2223\',\'20\',\'200\',\'1\',\'2024\'), (\'3225.00\',\'2223\',\'21\',\'400\',\'1\',\'2024\'), (\'51880.00\',\'2223\',\'22\',\'600\',\'1\',\'2024\'), (\'38000.00\',\'932\',\'23\',\'100\',\'1\',\'2024\'), (\'3040.00\',\'932\',\'24\',\'242\',\'1\',\'2024\'), (\'7500.00\',\'932\',\'25\',\'111\',\'1\',\'2024\'), (\'45500.00\',\'932\',\'26\',\'200\',\'1\',\'2024\'), (\'3040.00\',\'932\',\'27\',\'400\',\'1\',\'2024\'), (\'42460.00\',\'932\',\'28\',\'600\',\'1\',\'2024\'), (\'36000.00\',\'947\',\'29\',\'100\',\'1\',\'2024\'), (\'2880.00\',\'947\',\'30\',\'242\',\'1\',\'2024\'), (\'7500.00\',\'947\',\'31\',\'111\',\'1\',\'2024\'), (\'25.00\',\'947\',\'32\',\'248\',\'1\',\'2024\'), (\'43500.00\',\'947\',\'33\',\'200\',\'1\',\'2024\'), (\'2905.00\',\'947\',\'34\',\'400\',\'1\',\'2024\'), (\'40595.00\',\'947\',\'35\',\'600\',\'1\',\'2024\'), (\'45000.00\',\'923\',\'36\',\'100\',\'1\',\'2024\'), (\'3600.00\',\'923\',\'37\',\'242\',\'1\',\'2024\'), (\'7500.00\',\'923\',\'38\',\'111\',\'1\',\'2024\'), (\'4000.00\',\'923\',\'39\',\'110\',\'1\',\'2024\'), (\'1250.00\',\'923\',\'40\',\'286\',\'1\',\'2024\'), (\'2500.00\',\'923\',\'41\',\'107\',\'1\',\'2024\'), (\'59000.00\',\'923\',\'42\',\'200\',\'1\',\'2024\'), (\'4850.00\',\'923\',\'43\',\'400\',\'1\',\'2024\'), (\'54150.00\',\'923\',\'44\',\'600\',\'1\',\'2024\'), (\'68000.00\',\'1\',\'45\',\'100\',\'1\',\'2024\'), (\'5440.00\',\'1\',\'46\',\'242\',\'1\',\'2024\'), (\'7500.00\',\'1\',\'47\',\'111\',\'1\',\'2024\'), (\'48000.00\',\'1\',\'48\',\'107\',\'1\',\'2024\'), (\'3500.00\',\'1\',\'49\',\'106\',\'1\',\'2024\'), (\'25.00\',\'1\',\'50\',\'248\',\'1\',\'2024\'), (\'127000.00\',\'1\',\'51\',\'200\',\'1\',\'2024\'), (\'5465.00\',\'1\',\'52\',\'400\',\'1\',\'2024\'), (\'121535.00\',\'1\',\'53\',\'600\',\'1\',\'2024\')')
 3 SYSTEMPATH\Database\BaseConnection.php(606): CodeIgniter\Database\BaseConnection->simpleQuery('INSERT INTO `month_end` (`Amount`, `EmployeeCode`, `Id`, `ItemCode`, `Month`, `Year`)
VALUES (\'45000.00\',\'1551\',\'1\',\'100\',\'1\',\'2024\'), (\'3600.00\',\'1551\',\'2\',\'242\',\'1\',\'2024\'), (\'7500.00\',\'1551\',\'3\',\'111\',\'1\',\'2024\'), (\'1400.00\',\'1551\',\'4\',\'110\',\'1\',\'2024\'), (\'1250.00\',\'1551\',\'5\',\'286\',\'1\',\'2024\'), (\'458.72\',\'1551\',\'6\',\'296\',\'1\',\'2024\'), (\'960.00\',\'1551\',\'7\',\'106\',\'1\',\'2024\'), (\'5100.00\',\'1551\',\'8\',\'107\',\'1\',\'2024\'), (\'25.00\',\'1551\',\'9\',\'248\',\'1\',\'2024\'), (\'59960.00\',\'1551\',\'10\',\'200\',\'1\',\'2024\'), (\'5333.72\',\'1551\',\'11\',\'400\',\'1\',\'2024\'), (\'54626.28\',\'1551\',\'12\',\'600\',\'1\',\'2024\'), (\'40000.00\',\'2223\',\'13\',\'100\',\'1\',\'2024\'), (\'3200.00\',\'2223\',\'14\',\'242\',\'1\',\'2024\'), (\'7500.00\',\'2223\',\'15\',\'111\',\'1\',\'2024\'), (\'1225.00\',\'2223\',\'16\',\'110\',\'1\',\'2024\'), (\'780.00\',\'2223\',\'17\',\'106\',\'1\',\'2024\'), (\'5600.00\',\'2223\',\'18\',\'107\',\'1\',\'2024\'), (\'25.00\',\'2223\',\'19\',\'248\',\'1\',\'2024\'), (\'55105.00\',\'2223\',\'20\',\'200\',\'1\',\'2024\'), (\'3225.00\',\'2223\',\'21\',\'400\',\'1\',\'2024\'), (\'51880.00\',\'2223\',\'22\',\'600\',\'1\',\'2024\'), (\'38000.00\',\'932\',\'23\',\'100\',\'1\',\'2024\'), (\'3040.00\',\'932\',\'24\',\'242\',\'1\',\'2024\'), (\'7500.00\',\'932\',\'25\',\'111\',\'1\',\'2024\'), (\'45500.00\',\'932\',\'26\',\'200\',\'1\',\'2024\'), (\'3040.00\',\'932\',\'27\',\'400\',\'1\',\'2024\'), (\'42460.00\',\'932\',\'28\',\'600\',\'1\',\'2024\'), (\'36000.00\',\'947\',\'29\',\'100\',\'1\',\'2024\'), (\'2880.00\',\'947\',\'30\',\'242\',\'1\',\'2024\'), (\'7500.00\',\'947\',\'31\',\'111\',\'1\',\'2024\'), (\'25.00\',\'947\',\'32\',\'248\',\'1\',\'2024\'), (\'43500.00\',\'947\',\'33\',\'200\',\'1\',\'2024\'), (\'2905.00\',\'947\',\'34\',\'400\',\'1\',\'2024\'), (\'40595.00\',\'947\',\'35\',\'600\',\'1\',\'2024\'), (\'45000.00\',\'923\',\'36\',\'100\',\'1\',\'2024\'), (\'3600.00\',\'923\',\'37\',\'242\',\'1\',\'2024\'), (\'7500.00\',\'923\',\'38\',\'111\',\'1\',\'2024\'), (\'4000.00\',\'923\',\'39\',\'110\',\'1\',\'2024\'), (\'1250.00\',\'923\',\'40\',\'286\',\'1\',\'2024\'), (\'2500.00\',\'923\',\'41\',\'107\',\'1\',\'2024\'), (\'59000.00\',\'923\',\'42\',\'200\',\'1\',\'2024\'), (\'4850.00\',\'923\',\'43\',\'400\',\'1\',\'2024\'), (\'54150.00\',\'923\',\'44\',\'600\',\'1\',\'2024\'), (\'68000.00\',\'1\',\'45\',\'100\',\'1\',\'2024\'), (\'5440.00\',\'1\',\'46\',\'242\',\'1\',\'2024\'), (\'7500.00\',\'1\',\'47\',\'111\',\'1\',\'2024\'), (\'48000.00\',\'1\',\'48\',\'107\',\'1\',\'2024\'), (\'3500.00\',\'1\',\'49\',\'106\',\'1\',\'2024\'), (\'25.00\',\'1\',\'50\',\'248\',\'1\',\'2024\'), (\'127000.00\',\'1\',\'51\',\'200\',\'1\',\'2024\'), (\'5465.00\',\'1\',\'52\',\'400\',\'1\',\'2024\'), (\'121535.00\',\'1\',\'53\',\'600\',\'1\',\'2024\')')
 4 SYSTEMPATH\Database\BaseBuilder.php(1801): CodeIgniter\Database\BaseConnection->query('INSERT INTO `month_end` (`Amount`, `EmployeeCode`, `Id`, `ItemCode`, `Month`, `Year`)
VALUES (\'45000.00\',\'1551\',\'1\',\'100\',\'1\',\'2024\'), (\'3600.00\',\'1551\',\'2\',\'242\',\'1\',\'2024\'), (\'7500.00\',\'1551\',\'3\',\'111\',\'1\',\'2024\'), (\'1400.00\',\'1551\',\'4\',\'110\',\'1\',\'2024\'), (\'1250.00\',\'1551\',\'5\',\'286\',\'1\',\'2024\'), (\'458.72\',\'1551\',\'6\',\'296\',\'1\',\'2024\'), (\'960.00\',\'1551\',\'7\',\'106\',\'1\',\'2024\'), (\'5100.00\',\'1551\',\'8\',\'107\',\'1\',\'2024\'), (\'25.00\',\'1551\',\'9\',\'248\',\'1\',\'2024\'), (\'59960.00\',\'1551\',\'10\',\'200\',\'1\',\'2024\'), (\'5333.72\',\'1551\',\'11\',\'400\',\'1\',\'2024\'), (\'54626.28\',\'1551\',\'12\',\'600\',\'1\',\'2024\'), (\'40000.00\',\'2223\',\'13\',\'100\',\'1\',\'2024\'), (\'3200.00\',\'2223\',\'14\',\'242\',\'1\',\'2024\'), (\'7500.00\',\'2223\',\'15\',\'111\',\'1\',\'2024\'), (\'1225.00\',\'2223\',\'16\',\'110\',\'1\',\'2024\'), (\'780.00\',\'2223\',\'17\',\'106\',\'1\',\'2024\'), (\'5600.00\',\'2223\',\'18\',\'107\',\'1\',\'2024\'), (\'25.00\',\'2223\',\'19\',\'248\',\'1\',\'2024\'), (\'55105.00\',\'2223\',\'20\',\'200\',\'1\',\'2024\'), (\'3225.00\',\'2223\',\'21\',\'400\',\'1\',\'2024\'), (\'51880.00\',\'2223\',\'22\',\'600\',\'1\',\'2024\'), (\'38000.00\',\'932\',\'23\',\'100\',\'1\',\'2024\'), (\'3040.00\',\'932\',\'24\',\'242\',\'1\',\'2024\'), (\'7500.00\',\'932\',\'25\',\'111\',\'1\',\'2024\'), (\'45500.00\',\'932\',\'26\',\'200\',\'1\',\'2024\'), (\'3040.00\',\'932\',\'27\',\'400\',\'1\',\'2024\'), (\'42460.00\',\'932\',\'28\',\'600\',\'1\',\'2024\'), (\'36000.00\',\'947\',\'29\',\'100\',\'1\',\'2024\'), (\'2880.00\',\'947\',\'30\',\'242\',\'1\',\'2024\'), (\'7500.00\',\'947\',\'31\',\'111\',\'1\',\'2024\'), (\'25.00\',\'947\',\'32\',\'248\',\'1\',\'2024\'), (\'43500.00\',\'947\',\'33\',\'200\',\'1\',\'2024\'), (\'2905.00\',\'947\',\'34\',\'400\',\'1\',\'2024\'), (\'40595.00\',\'947\',\'35\',\'600\',\'1\',\'2024\'), (\'45000.00\',\'923\',\'36\',\'100\',\'1\',\'2024\'), (\'3600.00\',\'923\',\'37\',\'242\',\'1\',\'2024\'), (\'7500.00\',\'923\',\'38\',\'111\',\'1\',\'2024\'), (\'4000.00\',\'923\',\'39\',\'110\',\'1\',\'2024\'), (\'1250.00\',\'923\',\'40\',\'286\',\'1\',\'2024\'), (\'2500.00\',\'923\',\'41\',\'107\',\'1\',\'2024\'), (\'59000.00\',\'923\',\'42\',\'200\',\'1\',\'2024\'), (\'4850.00\',\'923\',\'43\',\'400\',\'1\',\'2024\'), (\'54150.00\',\'923\',\'44\',\'600\',\'1\',\'2024\'), (\'68000.00\',\'1\',\'45\',\'100\',\'1\',\'2024\'), (\'5440.00\',\'1\',\'46\',\'242\',\'1\',\'2024\'), (\'7500.00\',\'1\',\'47\',\'111\',\'1\',\'2024\'), (\'48000.00\',\'1\',\'48\',\'107\',\'1\',\'2024\'), (\'3500.00\',\'1\',\'49\',\'106\',\'1\',\'2024\'), (\'25.00\',\'1\',\'50\',\'248\',\'1\',\'2024\'), (\'127000.00\',\'1\',\'51\',\'200\',\'1\',\'2024\'), (\'5465.00\',\'1\',\'52\',\'400\',\'1\',\'2024\'), (\'121535.00\',\'1\',\'53\',\'600\',\'1\',\'2024\')', null, false)
 5 SYSTEMPATH\Database\BaseBuilder.php(2192): CodeIgniter\Database\BaseBuilder->batchExecute('_insertBatch', 100)
 6 APPPATH\Models\MonthendModel.php(19): CodeIgniter\Database\BaseBuilder->insertBatch([...])
 7 APPPATH\Controllers\Payroll.php(342): App\Models\MonthendModel->processMonthend()
 8 SYSTEMPATH\CodeIgniter.php(932): App\Controllers\Payroll->month_end()
 9 SYSTEMPATH\CodeIgniter.php(497): CodeIgniter\CodeIgniter->runController(Object(App\Controllers\Payroll))
10 SYSTEMPATH\CodeIgniter.php(366): CodeIgniter\CodeIgniter->handleRequest(null, Object(Config\Cache), false)
11 FCPATH\index.php(67): CodeIgniter\CodeIgniter->run()
ERROR - 2024-02-24 16:03:55 --> mysqli_sql_exception: Duplicate entry '1' for key 'PRIMARY' in C:\xampp\htdocs\pms\system\Database\MySQLi\Connection.php:295
Stack trace:
#0 C:\xampp\htdocs\pms\system\Database\MySQLi\Connection.php(295): mysqli->query('INSERT INTO `mo...', 0)
#1 C:\xampp\htdocs\pms\system\Database\BaseConnection.php(692): CodeIgniter\Database\MySQLi\Connection->execute('INSERT INTO `mo...')
#2 C:\xampp\htdocs\pms\system\Database\BaseConnection.php(606): CodeIgniter\Database\BaseConnection->simpleQuery('INSERT INTO `mo...')
#3 C:\xampp\htdocs\pms\system\Database\BaseBuilder.php(1801): CodeIgniter\Database\BaseConnection->query('INSERT INTO `mo...', NULL, false)
#4 C:\xampp\htdocs\pms\system\Database\BaseBuilder.php(2192): CodeIgniter\Database\BaseBuilder->batchExecute('_insertBatch', 100)
#5 C:\xampp\htdocs\pms\app\Models\MonthendModel.php(19): CodeIgniter\Database\BaseBuilder->insertBatch(Array)
#6 C:\xampp\htdocs\pms\app\Controllers\Payroll.php(342): App\Models\MonthendModel->processMonthend()
#7 C:\xampp\htdocs\pms\system\CodeIgniter.php(932): App\Controllers\Payroll->month_end()
#8 C:\xampp\htdocs\pms\system\CodeIgniter.php(497): CodeIgniter\CodeIgniter->runController(Object(App\Controllers\Payroll))
#9 C:\xampp\htdocs\pms\system\CodeIgniter.php(366): CodeIgniter\CodeIgniter->handleRequest(NULL, Object(Config\Cache), false)
#10 C:\xampp\htdocs\pms\index.php(67): CodeIgniter\CodeIgniter->run()
#11 {main}
CRITICAL - 2024-02-24 16:03:55 --> Duplicate entry '1' for key 'PRIMARY'
in SYSTEMPATH\Database\MySQLi\Connection.php on line 295.
 1 SYSTEMPATH\Database\MySQLi\Connection.php(295): mysqli->query('INSERT INTO `month_end` (`Amount`, `EmployeeCode`, `Id`, `ItemCode`, `Month`, `Year`)
VALUES (\'45000.00\',\'1551\',\'1\',\'100\',\'1\',\'2024\'), (\'3600.00\',\'1551\',\'2\',\'242\',\'1\',\'2024\'), (\'7500.00\',\'1551\',\'3\',\'111\',\'1\',\'2024\'), (\'1400.00\',\'1551\',\'4\',\'110\',\'1\',\'2024\'), (\'1250.00\',\'1551\',\'5\',\'286\',\'1\',\'2024\'), (\'458.72\',\'1551\',\'6\',\'296\',\'1\',\'2024\'), (\'960.00\',\'1551\',\'7\',\'106\',\'1\',\'2024\'), (\'5100.00\',\'1551\',\'8\',\'107\',\'1\',\'2024\'), (\'25.00\',\'1551\',\'9\',\'248\',\'1\',\'2024\'), (\'59960.00\',\'1551\',\'10\',\'200\',\'1\',\'2024\'), (\'5333.72\',\'1551\',\'11\',\'400\',\'1\',\'2024\'), (\'54626.28\',\'1551\',\'12\',\'600\',\'1\',\'2024\'), (\'40000.00\',\'2223\',\'13\',\'100\',\'1\',\'2024\'), (\'3200.00\',\'2223\',\'14\',\'242\',\'1\',\'2024\'), (\'7500.00\',\'2223\',\'15\',\'111\',\'1\',\'2024\'), (\'1225.00\',\'2223\',\'16\',\'110\',\'1\',\'2024\'), (\'780.00\',\'2223\',\'17\',\'106\',\'1\',\'2024\'), (\'5600.00\',\'2223\',\'18\',\'107\',\'1\',\'2024\'), (\'25.00\',\'2223\',\'19\',\'248\',\'1\',\'2024\'), (\'55105.00\',\'2223\',\'20\',\'200\',\'1\',\'2024\'), (\'3225.00\',\'2223\',\'21\',\'400\',\'1\',\'2024\'), (\'51880.00\',\'2223\',\'22\',\'600\',\'1\',\'2024\'), (\'38000.00\',\'932\',\'23\',\'100\',\'1\',\'2024\'), (\'3040.00\',\'932\',\'24\',\'242\',\'1\',\'2024\'), (\'7500.00\',\'932\',\'25\',\'111\',\'1\',\'2024\'), (\'45500.00\',\'932\',\'26\',\'200\',\'1\',\'2024\'), (\'3040.00\',\'932\',\'27\',\'400\',\'1\',\'2024\'), (\'42460.00\',\'932\',\'28\',\'600\',\'1\',\'2024\'), (\'36000.00\',\'947\',\'29\',\'100\',\'1\',\'2024\'), (\'2880.00\',\'947\',\'30\',\'242\',\'1\',\'2024\'), (\'7500.00\',\'947\',\'31\',\'111\',\'1\',\'2024\'), (\'25.00\',\'947\',\'32\',\'248\',\'1\',\'2024\'), (\'43500.00\',\'947\',\'33\',\'200\',\'1\',\'2024\'), (\'2905.00\',\'947\',\'34\',\'400\',\'1\',\'2024\'), (\'40595.00\',\'947\',\'35\',\'600\',\'1\',\'2024\'), (\'45000.00\',\'923\',\'36\',\'100\',\'1\',\'2024\'), (\'3600.00\',\'923\',\'37\',\'242\',\'1\',\'2024\'), (\'7500.00\',\'923\',\'38\',\'111\',\'1\',\'2024\'), (\'4000.00\',\'923\',\'39\',\'110\',\'1\',\'2024\'), (\'1250.00\',\'923\',\'40\',\'286\',\'1\',\'2024\'), (\'2500.00\',\'923\',\'41\',\'107\',\'1\',\'2024\'), (\'59000.00\',\'923\',\'42\',\'200\',\'1\',\'2024\'), (\'4850.00\',\'923\',\'43\',\'400\',\'1\',\'2024\'), (\'54150.00\',\'923\',\'44\',\'600\',\'1\',\'2024\'), (\'68000.00\',\'1\',\'45\',\'100\',\'1\',\'2024\'), (\'5440.00\',\'1\',\'46\',\'242\',\'1\',\'2024\'), (\'7500.00\',\'1\',\'47\',\'111\',\'1\',\'2024\'), (\'48000.00\',\'1\',\'48\',\'107\',\'1\',\'2024\'), (\'3500.00\',\'1\',\'49\',\'106\',\'1\',\'2024\'), (\'25.00\',\'1\',\'50\',\'248\',\'1\',\'2024\'), (\'127000.00\',\'1\',\'51\',\'200\',\'1\',\'2024\'), (\'5465.00\',\'1\',\'52\',\'400\',\'1\',\'2024\'), (\'121535.00\',\'1\',\'53\',\'600\',\'1\',\'2024\')', 0)
 2 SYSTEMPATH\Database\BaseConnection.php(692): CodeIgniter\Database\MySQLi\Connection->execute('INSERT INTO `month_end` (`Amount`, `EmployeeCode`, `Id`, `ItemCode`, `Month`, `Year`)
VALUES (\'45000.00\',\'1551\',\'1\',\'100\',\'1\',\'2024\'), (\'3600.00\',\'1551\',\'2\',\'242\',\'1\',\'2024\'), (\'7500.00\',\'1551\',\'3\',\'111\',\'1\',\'2024\'), (\'1400.00\',\'1551\',\'4\',\'110\',\'1\',\'2024\'), (\'1250.00\',\'1551\',\'5\',\'286\',\'1\',\'2024\'), (\'458.72\',\'1551\',\'6\',\'296\',\'1\',\'2024\'), (\'960.00\',\'1551\',\'7\',\'106\',\'1\',\'2024\'), (\'5100.00\',\'1551\',\'8\',\'107\',\'1\',\'2024\'), (\'25.00\',\'1551\',\'9\',\'248\',\'1\',\'2024\'), (\'59960.00\',\'1551\',\'10\',\'200\',\'1\',\'2024\'), (\'5333.72\',\'1551\',\'11\',\'400\',\'1\',\'2024\'), (\'54626.28\',\'1551\',\'12\',\'600\',\'1\',\'2024\'), (\'40000.00\',\'2223\',\'13\',\'100\',\'1\',\'2024\'), (\'3200.00\',\'2223\',\'14\',\'242\',\'1\',\'2024\'), (\'7500.00\',\'2223\',\'15\',\'111\',\'1\',\'2024\'), (\'1225.00\',\'2223\',\'16\',\'110\',\'1\',\'2024\'), (\'780.00\',\'2223\',\'17\',\'106\',\'1\',\'2024\'), (\'5600.00\',\'2223\',\'18\',\'107\',\'1\',\'2024\'), (\'25.00\',\'2223\',\'19\',\'248\',\'1\',\'2024\'), (\'55105.00\',\'2223\',\'20\',\'200\',\'1\',\'2024\'), (\'3225.00\',\'2223\',\'21\',\'400\',\'1\',\'2024\'), (\'51880.00\',\'2223\',\'22\',\'600\',\'1\',\'2024\'), (\'38000.00\',\'932\',\'23\',\'100\',\'1\',\'2024\'), (\'3040.00\',\'932\',\'24\',\'242\',\'1\',\'2024\'), (\'7500.00\',\'932\',\'25\',\'111\',\'1\',\'2024\'), (\'45500.00\',\'932\',\'26\',\'200\',\'1\',\'2024\'), (\'3040.00\',\'932\',\'27\',\'400\',\'1\',\'2024\'), (\'42460.00\',\'932\',\'28\',\'600\',\'1\',\'2024\'), (\'36000.00\',\'947\',\'29\',\'100\',\'1\',\'2024\'), (\'2880.00\',\'947\',\'30\',\'242\',\'1\',\'2024\'), (\'7500.00\',\'947\',\'31\',\'111\',\'1\',\'2024\'), (\'25.00\',\'947\',\'32\',\'248\',\'1\',\'2024\'), (\'43500.00\',\'947\',\'33\',\'200\',\'1\',\'2024\'), (\'2905.00\',\'947\',\'34\',\'400\',\'1\',\'2024\'), (\'40595.00\',\'947\',\'35\',\'600\',\'1\',\'2024\'), (\'45000.00\',\'923\',\'36\',\'100\',\'1\',\'2024\'), (\'3600.00\',\'923\',\'37\',\'242\',\'1\',\'2024\'), (\'7500.00\',\'923\',\'38\',\'111\',\'1\',\'2024\'), (\'4000.00\',\'923\',\'39\',\'110\',\'1\',\'2024\'), (\'1250.00\',\'923\',\'40\',\'286\',\'1\',\'2024\'), (\'2500.00\',\'923\',\'41\',\'107\',\'1\',\'2024\'), (\'59000.00\',\'923\',\'42\',\'200\',\'1\',\'2024\'), (\'4850.00\',\'923\',\'43\',\'400\',\'1\',\'2024\'), (\'54150.00\',\'923\',\'44\',\'600\',\'1\',\'2024\'), (\'68000.00\',\'1\',\'45\',\'100\',\'1\',\'2024\'), (\'5440.00\',\'1\',\'46\',\'242\',\'1\',\'2024\'), (\'7500.00\',\'1\',\'47\',\'111\',\'1\',\'2024\'), (\'48000.00\',\'1\',\'48\',\'107\',\'1\',\'2024\'), (\'3500.00\',\'1\',\'49\',\'106\',\'1\',\'2024\'), (\'25.00\',\'1\',\'50\',\'248\',\'1\',\'2024\'), (\'127000.00\',\'1\',\'51\',\'200\',\'1\',\'2024\'), (\'5465.00\',\'1\',\'52\',\'400\',\'1\',\'2024\'), (\'121535.00\',\'1\',\'53\',\'600\',\'1\',\'2024\')')
 3 SYSTEMPATH\Database\BaseConnection.php(606): CodeIgniter\Database\BaseConnection->simpleQuery('INSERT INTO `month_end` (`Amount`, `EmployeeCode`, `Id`, `ItemCode`, `Month`, `Year`)
VALUES (\'45000.00\',\'1551\',\'1\',\'100\',\'1\',\'2024\'), (\'3600.00\',\'1551\',\'2\',\'242\',\'1\',\'2024\'), (\'7500.00\',\'1551\',\'3\',\'111\',\'1\',\'2024\'), (\'1400.00\',\'1551\',\'4\',\'110\',\'1\',\'2024\'), (\'1250.00\',\'1551\',\'5\',\'286\',\'1\',\'2024\'), (\'458.72\',\'1551\',\'6\',\'296\',\'1\',\'2024\'), (\'960.00\',\'1551\',\'7\',\'106\',\'1\',\'2024\'), (\'5100.00\',\'1551\',\'8\',\'107\',\'1\',\'2024\'), (\'25.00\',\'1551\',\'9\',\'248\',\'1\',\'2024\'), (\'59960.00\',\'1551\',\'10\',\'200\',\'1\',\'2024\'), (\'5333.72\',\'1551\',\'11\',\'400\',\'1\',\'2024\'), (\'54626.28\',\'1551\',\'12\',\'600\',\'1\',\'2024\'), (\'40000.00\',\'2223\',\'13\',\'100\',\'1\',\'2024\'), (\'3200.00\',\'2223\',\'14\',\'242\',\'1\',\'2024\'), (\'7500.00\',\'2223\',\'15\',\'111\',\'1\',\'2024\'), (\'1225.00\',\'2223\',\'16\',\'110\',\'1\',\'2024\'), (\'780.00\',\'2223\',\'17\',\'106\',\'1\',\'2024\'), (\'5600.00\',\'2223\',\'18\',\'107\',\'1\',\'2024\'), (\'25.00\',\'2223\',\'19\',\'248\',\'1\',\'2024\'), (\'55105.00\',\'2223\',\'20\',\'200\',\'1\',\'2024\'), (\'3225.00\',\'2223\',\'21\',\'400\',\'1\',\'2024\'), (\'51880.00\',\'2223\',\'22\',\'600\',\'1\',\'2024\'), (\'38000.00\',\'932\',\'23\',\'100\',\'1\',\'2024\'), (\'3040.00\',\'932\',\'24\',\'242\',\'1\',\'2024\'), (\'7500.00\',\'932\',\'25\',\'111\',\'1\',\'2024\'), (\'45500.00\',\'932\',\'26\',\'200\',\'1\',\'2024\'), (\'3040.00\',\'932\',\'27\',\'400\',\'1\',\'2024\'), (\'42460.00\',\'932\',\'28\',\'600\',\'1\',\'2024\'), (\'36000.00\',\'947\',\'29\',\'100\',\'1\',\'2024\'), (\'2880.00\',\'947\',\'30\',\'242\',\'1\',\'2024\'), (\'7500.00\',\'947\',\'31\',\'111\',\'1\',\'2024\'), (\'25.00\',\'947\',\'32\',\'248\',\'1\',\'2024\'), (\'43500.00\',\'947\',\'33\',\'200\',\'1\',\'2024\'), (\'2905.00\',\'947\',\'34\',\'400\',\'1\',\'2024\'), (\'40595.00\',\'947\',\'35\',\'600\',\'1\',\'2024\'), (\'45000.00\',\'923\',\'36\',\'100\',\'1\',\'2024\'), (\'3600.00\',\'923\',\'37\',\'242\',\'1\',\'2024\'), (\'7500.00\',\'923\',\'38\',\'111\',\'1\',\'2024\'), (\'4000.00\',\'923\',\'39\',\'110\',\'1\',\'2024\'), (\'1250.00\',\'923\',\'40\',\'286\',\'1\',\'2024\'), (\'2500.00\',\'923\',\'41\',\'107\',\'1\',\'2024\'), (\'59000.00\',\'923\',\'42\',\'200\',\'1\',\'2024\'), (\'4850.00\',\'923\',\'43\',\'400\',\'1\',\'2024\'), (\'54150.00\',\'923\',\'44\',\'600\',\'1\',\'2024\'), (\'68000.00\',\'1\',\'45\',\'100\',\'1\',\'2024\'), (\'5440.00\',\'1\',\'46\',\'242\',\'1\',\'2024\'), (\'7500.00\',\'1\',\'47\',\'111\',\'1\',\'2024\'), (\'48000.00\',\'1\',\'48\',\'107\',\'1\',\'2024\'), (\'3500.00\',\'1\',\'49\',\'106\',\'1\',\'2024\'), (\'25.00\',\'1\',\'50\',\'248\',\'1\',\'2024\'), (\'127000.00\',\'1\',\'51\',\'200\',\'1\',\'2024\'), (\'5465.00\',\'1\',\'52\',\'400\',\'1\',\'2024\'), (\'121535.00\',\'1\',\'53\',\'600\',\'1\',\'2024\')')
 4 SYSTEMPATH\Database\BaseBuilder.php(1801): CodeIgniter\Database\BaseConnection->query('INSERT INTO `month_end` (`Amount`, `EmployeeCode`, `Id`, `ItemCode`, `Month`, `Year`)
VALUES (\'45000.00\',\'1551\',\'1\',\'100\',\'1\',\'2024\'), (\'3600.00\',\'1551\',\'2\',\'242\',\'1\',\'2024\'), (\'7500.00\',\'1551\',\'3\',\'111\',\'1\',\'2024\'), (\'1400.00\',\'1551\',\'4\',\'110\',\'1\',\'2024\'), (\'1250.00\',\'1551\',\'5\',\'286\',\'1\',\'2024\'), (\'458.72\',\'1551\',\'6\',\'296\',\'1\',\'2024\'), (\'960.00\',\'1551\',\'7\',\'106\',\'1\',\'2024\'), (\'5100.00\',\'1551\',\'8\',\'107\',\'1\',\'2024\'), (\'25.00\',\'1551\',\'9\',\'248\',\'1\',\'2024\'), (\'59960.00\',\'1551\',\'10\',\'200\',\'1\',\'2024\'), (\'5333.72\',\'1551\',\'11\',\'400\',\'1\',\'2024\'), (\'54626.28\',\'1551\',\'12\',\'600\',\'1\',\'2024\'), (\'40000.00\',\'2223\',\'13\',\'100\',\'1\',\'2024\'), (\'3200.00\',\'2223\',\'14\',\'242\',\'1\',\'2024\'), (\'7500.00\',\'2223\',\'15\',\'111\',\'1\',\'2024\'), (\'1225.00\',\'2223\',\'16\',\'110\',\'1\',\'2024\'), (\'780.00\',\'2223\',\'17\',\'106\',\'1\',\'2024\'), (\'5600.00\',\'2223\',\'18\',\'107\',\'1\',\'2024\'), (\'25.00\',\'2223\',\'19\',\'248\',\'1\',\'2024\'), (\'55105.00\',\'2223\',\'20\',\'200\',\'1\',\'2024\'), (\'3225.00\',\'2223\',\'21\',\'400\',\'1\',\'2024\'), (\'51880.00\',\'2223\',\'22\',\'600\',\'1\',\'2024\'), (\'38000.00\',\'932\',\'23\',\'100\',\'1\',\'2024\'), (\'3040.00\',\'932\',\'24\',\'242\',\'1\',\'2024\'), (\'7500.00\',\'932\',\'25\',\'111\',\'1\',\'2024\'), (\'45500.00\',\'932\',\'26\',\'200\',\'1\',\'2024\'), (\'3040.00\',\'932\',\'27\',\'400\',\'1\',\'2024\'), (\'42460.00\',\'932\',\'28\',\'600\',\'1\',\'2024\'), (\'36000.00\',\'947\',\'29\',\'100\',\'1\',\'2024\'), (\'2880.00\',\'947\',\'30\',\'242\',\'1\',\'2024\'), (\'7500.00\',\'947\',\'31\',\'111\',\'1\',\'2024\'), (\'25.00\',\'947\',\'32\',\'248\',\'1\',\'2024\'), (\'43500.00\',\'947\',\'33\',\'200\',\'1\',\'2024\'), (\'2905.00\',\'947\',\'34\',\'400\',\'1\',\'2024\'), (\'40595.00\',\'947\',\'35\',\'600\',\'1\',\'2024\'), (\'45000.00\',\'923\',\'36\',\'100\',\'1\',\'2024\'), (\'3600.00\',\'923\',\'37\',\'242\',\'1\',\'2024\'), (\'7500.00\',\'923\',\'38\',\'111\',\'1\',\'2024\'), (\'4000.00\',\'923\',\'39\',\'110\',\'1\',\'2024\'), (\'1250.00\',\'923\',\'40\',\'286\',\'1\',\'2024\'), (\'2500.00\',\'923\',\'41\',\'107\',\'1\',\'2024\'), (\'59000.00\',\'923\',\'42\',\'200\',\'1\',\'2024\'), (\'4850.00\',\'923\',\'43\',\'400\',\'1\',\'2024\'), (\'54150.00\',\'923\',\'44\',\'600\',\'1\',\'2024\'), (\'68000.00\',\'1\',\'45\',\'100\',\'1\',\'2024\'), (\'5440.00\',\'1\',\'46\',\'242\',\'1\',\'2024\'), (\'7500.00\',\'1\',\'47\',\'111\',\'1\',\'2024\'), (\'48000.00\',\'1\',\'48\',\'107\',\'1\',\'2024\'), (\'3500.00\',\'1\',\'49\',\'106\',\'1\',\'2024\'), (\'25.00\',\'1\',\'50\',\'248\',\'1\',\'2024\'), (\'127000.00\',\'1\',\'51\',\'200\',\'1\',\'2024\'), (\'5465.00\',\'1\',\'52\',\'400\',\'1\',\'2024\'), (\'121535.00\',\'1\',\'53\',\'600\',\'1\',\'2024\')', null, false)
 5 SYSTEMPATH\Database\BaseBuilder.php(2192): CodeIgniter\Database\BaseBuilder->batchExecute('_insertBatch', 100)
 6 APPPATH\Models\MonthendModel.php(19): CodeIgniter\Database\BaseBuilder->insertBatch([...])
 7 APPPATH\Controllers\Payroll.php(342): App\Models\MonthendModel->processMonthend()
 8 SYSTEMPATH\CodeIgniter.php(932): App\Controllers\Payroll->month_end()
 9 SYSTEMPATH\CodeIgniter.php(497): CodeIgniter\CodeIgniter->runController(Object(App\Controllers\Payroll))
10 SYSTEMPATH\CodeIgniter.php(366): CodeIgniter\CodeIgniter->handleRequest(null, Object(Config\Cache), false)
11 FCPATH\index.php(67): CodeIgniter\CodeIgniter->run()
ERROR - 2024-02-24 16:04:09 --> mysqli_sql_exception: Duplicate entry '1' for key 'PRIMARY' in C:\xampp\htdocs\pms\system\Database\MySQLi\Connection.php:295
Stack trace:
#0 C:\xampp\htdocs\pms\system\Database\MySQLi\Connection.php(295): mysqli->query('INSERT INTO `mo...', 0)
#1 C:\xampp\htdocs\pms\system\Database\BaseConnection.php(692): CodeIgniter\Database\MySQLi\Connection->execute('INSERT INTO `mo...')
#2 C:\xampp\htdocs\pms\system\Database\BaseConnection.php(606): CodeIgniter\Database\BaseConnection->simpleQuery('INSERT INTO `mo...')
#3 C:\xampp\htdocs\pms\system\Database\BaseBuilder.php(1801): CodeIgniter\Database\BaseConnection->query('INSERT INTO `mo...', NULL, false)
#4 C:\xampp\htdocs\pms\system\Database\BaseBuilder.php(2192): CodeIgniter\Database\BaseBuilder->batchExecute('_insertBatch', 100)
#5 C:\xampp\htdocs\pms\app\Models\MonthendModel.php(19): CodeIgniter\Database\BaseBuilder->insertBatch(Array)
#6 C:\xampp\htdocs\pms\app\Controllers\Payroll.php(342): App\Models\MonthendModel->processMonthend()
#7 C:\xampp\htdocs\pms\system\CodeIgniter.php(932): App\Controllers\Payroll->month_end()
#8 C:\xampp\htdocs\pms\system\CodeIgniter.php(497): CodeIgniter\CodeIgniter->runController(Object(App\Controllers\Payroll))
#9 C:\xampp\htdocs\pms\system\CodeIgniter.php(366): CodeIgniter\CodeIgniter->handleRequest(NULL, Object(Config\Cache), false)
#10 C:\xampp\htdocs\pms\index.php(67): CodeIgniter\CodeIgniter->run()
#11 {main}
CRITICAL - 2024-02-24 16:04:09 --> Duplicate entry '1' for key 'PRIMARY'
in SYSTEMPATH\Database\MySQLi\Connection.php on line 295.
 1 SYSTEMPATH\Database\MySQLi\Connection.php(295): mysqli->query('INSERT INTO `month_end` (`Amount`, `EmployeeCode`, `Id`, `ItemCode`, `Month`, `Year`)
VALUES (\'45000.00\',\'1551\',\'1\',\'100\',\'1\',\'2024\'), (\'3600.00\',\'1551\',\'2\',\'242\',\'1\',\'2024\'), (\'7500.00\',\'1551\',\'3\',\'111\',\'1\',\'2024\'), (\'1400.00\',\'1551\',\'4\',\'110\',\'1\',\'2024\'), (\'1250.00\',\'1551\',\'5\',\'286\',\'1\',\'2024\'), (\'458.72\',\'1551\',\'6\',\'296\',\'1\',\'2024\'), (\'960.00\',\'1551\',\'7\',\'106\',\'1\',\'2024\'), (\'5100.00\',\'1551\',\'8\',\'107\',\'1\',\'2024\'), (\'25.00\',\'1551\',\'9\',\'248\',\'1\',\'2024\'), (\'59960.00\',\'1551\',\'10\',\'200\',\'1\',\'2024\'), (\'5333.72\',\'1551\',\'11\',\'400\',\'1\',\'2024\'), (\'54626.28\',\'1551\',\'12\',\'600\',\'1\',\'2024\'), (\'40000.00\',\'2223\',\'13\',\'100\',\'1\',\'2024\'), (\'3200.00\',\'2223\',\'14\',\'242\',\'1\',\'2024\'), (\'7500.00\',\'2223\',\'15\',\'111\',\'1\',\'2024\'), (\'1225.00\',\'2223\',\'16\',\'110\',\'1\',\'2024\'), (\'780.00\',\'2223\',\'17\',\'106\',\'1\',\'2024\'), (\'5600.00\',\'2223\',\'18\',\'107\',\'1\',\'2024\'), (\'25.00\',\'2223\',\'19\',\'248\',\'1\',\'2024\'), (\'55105.00\',\'2223\',\'20\',\'200\',\'1\',\'2024\'), (\'3225.00\',\'2223\',\'21\',\'400\',\'1\',\'2024\'), (\'51880.00\',\'2223\',\'22\',\'600\',\'1\',\'2024\'), (\'38000.00\',\'932\',\'23\',\'100\',\'1\',\'2024\'), (\'3040.00\',\'932\',\'24\',\'242\',\'1\',\'2024\'), (\'7500.00\',\'932\',\'25\',\'111\',\'1\',\'2024\'), (\'45500.00\',\'932\',\'26\',\'200\',\'1\',\'2024\'), (\'3040.00\',\'932\',\'27\',\'400\',\'1\',\'2024\'), (\'42460.00\',\'932\',\'28\',\'600\',\'1\',\'2024\'), (\'36000.00\',\'947\',\'29\',\'100\',\'1\',\'2024\'), (\'2880.00\',\'947\',\'30\',\'242\',\'1\',\'2024\'), (\'7500.00\',\'947\',\'31\',\'111\',\'1\',\'2024\'), (\'25.00\',\'947\',\'32\',\'248\',\'1\',\'2024\'), (\'43500.00\',\'947\',\'33\',\'200\',\'1\',\'2024\'), (\'2905.00\',\'947\',\'34\',\'400\',\'1\',\'2024\'), (\'40595.00\',\'947\',\'35\',\'600\',\'1\',\'2024\'), (\'45000.00\',\'923\',\'36\',\'100\',\'1\',\'2024\'), (\'3600.00\',\'923\',\'37\',\'242\',\'1\',\'2024\'), (\'7500.00\',\'923\',\'38\',\'111\',\'1\',\'2024\'), (\'4000.00\',\'923\',\'39\',\'110\',\'1\',\'2024\'), (\'1250.00\',\'923\',\'40\',\'286\',\'1\',\'2024\'), (\'2500.00\',\'923\',\'41\',\'107\',\'1\',\'2024\'), (\'59000.00\',\'923\',\'42\',\'200\',\'1\',\'2024\'), (\'4850.00\',\'923\',\'43\',\'400\',\'1\',\'2024\'), (\'54150.00\',\'923\',\'44\',\'600\',\'1\',\'2024\'), (\'68000.00\',\'1\',\'45\',\'100\',\'1\',\'2024\'), (\'5440.00\',\'1\',\'46\',\'242\',\'1\',\'2024\'), (\'7500.00\',\'1\',\'47\',\'111\',\'1\',\'2024\'), (\'48000.00\',\'1\',\'48\',\'107\',\'1\',\'2024\'), (\'3500.00\',\'1\',\'49\',\'106\',\'1\',\'2024\'), (\'25.00\',\'1\',\'50\',\'248\',\'1\',\'2024\'), (\'127000.00\',\'1\',\'51\',\'200\',\'1\',\'2024\'), (\'5465.00\',\'1\',\'52\',\'400\',\'1\',\'2024\'), (\'121535.00\',\'1\',\'53\',\'600\',\'1\',\'2024\')', 0)
 2 SYSTEMPATH\Database\BaseConnection.php(692): CodeIgniter\Database\MySQLi\Connection->execute('INSERT INTO `month_end` (`Amount`, `EmployeeCode`, `Id`, `ItemCode`, `Month`, `Year`)
VALUES (\'45000.00\',\'1551\',\'1\',\'100\',\'1\',\'2024\'), (\'3600.00\',\'1551\',\'2\',\'242\',\'1\',\'2024\'), (\'7500.00\',\'1551\',\'3\',\'111\',\'1\',\'2024\'), (\'1400.00\',\'1551\',\'4\',\'110\',\'1\',\'2024\'), (\'1250.00\',\'1551\',\'5\',\'286\',\'1\',\'2024\'), (\'458.72\',\'1551\',\'6\',\'296\',\'1\',\'2024\'), (\'960.00\',\'1551\',\'7\',\'106\',\'1\',\'2024\'), (\'5100.00\',\'1551\',\'8\',\'107\',\'1\',\'2024\'), (\'25.00\',\'1551\',\'9\',\'248\',\'1\',\'2024\'), (\'59960.00\',\'1551\',\'10\',\'200\',\'1\',\'2024\'), (\'5333.72\',\'1551\',\'11\',\'400\',\'1\',\'2024\'), (\'54626.28\',\'1551\',\'12\',\'600\',\'1\',\'2024\'), (\'40000.00\',\'2223\',\'13\',\'100\',\'1\',\'2024\'), (\'3200.00\',\'2223\',\'14\',\'242\',\'1\',\'2024\'), (\'7500.00\',\'2223\',\'15\',\'111\',\'1\',\'2024\'), (\'1225.00\',\'2223\',\'16\',\'110\',\'1\',\'2024\'), (\'780.00\',\'2223\',\'17\',\'106\',\'1\',\'2024\'), (\'5600.00\',\'2223\',\'18\',\'107\',\'1\',\'2024\'), (\'25.00\',\'2223\',\'19\',\'248\',\'1\',\'2024\'), (\'55105.00\',\'2223\',\'20\',\'200\',\'1\',\'2024\'), (\'3225.00\',\'2223\',\'21\',\'400\',\'1\',\'2024\'), (\'51880.00\',\'2223\',\'22\',\'600\',\'1\',\'2024\'), (\'38000.00\',\'932\',\'23\',\'100\',\'1\',\'2024\'), (\'3040.00\',\'932\',\'24\',\'242\',\'1\',\'2024\'), (\'7500.00\',\'932\',\'25\',\'111\',\'1\',\'2024\'), (\'45500.00\',\'932\',\'26\',\'200\',\'1\',\'2024\'), (\'3040.00\',\'932\',\'27\',\'400\',\'1\',\'2024\'), (\'42460.00\',\'932\',\'28\',\'600\',\'1\',\'2024\'), (\'36000.00\',\'947\',\'29\',\'100\',\'1\',\'2024\'), (\'2880.00\',\'947\',\'30\',\'242\',\'1\',\'2024\'), (\'7500.00\',\'947\',\'31\',\'111\',\'1\',\'2024\'), (\'25.00\',\'947\',\'32\',\'248\',\'1\',\'2024\'), (\'43500.00\',\'947\',\'33\',\'200\',\'1\',\'2024\'), (\'2905.00\',\'947\',\'34\',\'400\',\'1\',\'2024\'), (\'40595.00\',\'947\',\'35\',\'600\',\'1\',\'2024\'), (\'45000.00\',\'923\',\'36\',\'100\',\'1\',\'2024\'), (\'3600.00\',\'923\',\'37\',\'242\',\'1\',\'2024\'), (\'7500.00\',\'923\',\'38\',\'111\',\'1\',\'2024\'), (\'4000.00\',\'923\',\'39\',\'110\',\'1\',\'2024\'), (\'1250.00\',\'923\',\'40\',\'286\',\'1\',\'2024\'), (\'2500.00\',\'923\',\'41\',\'107\',\'1\',\'2024\'), (\'59000.00\',\'923\',\'42\',\'200\',\'1\',\'2024\'), (\'4850.00\',\'923\',\'43\',\'400\',\'1\',\'2024\'), (\'54150.00\',\'923\',\'44\',\'600\',\'1\',\'2024\'), (\'68000.00\',\'1\',\'45\',\'100\',\'1\',\'2024\'), (\'5440.00\',\'1\',\'46\',\'242\',\'1\',\'2024\'), (\'7500.00\',\'1\',\'47\',\'111\',\'1\',\'2024\'), (\'48000.00\',\'1\',\'48\',\'107\',\'1\',\'2024\'), (\'3500.00\',\'1\',\'49\',\'106\',\'1\',\'2024\'), (\'25.00\',\'1\',\'50\',\'248\',\'1\',\'2024\'), (\'127000.00\',\'1\',\'51\',\'200\',\'1\',\'2024\'), (\'5465.00\',\'1\',\'52\',\'400\',\'1\',\'2024\'), (\'121535.00\',\'1\',\'53\',\'600\',\'1\',\'2024\')')
 3 SYSTEMPATH\Database\BaseConnection.php(606): CodeIgniter\Database\BaseConnection->simpleQuery('INSERT INTO `month_end` (`Amount`, `EmployeeCode`, `Id`, `ItemCode`, `Month`, `Year`)
VALUES (\'45000.00\',\'1551\',\'1\',\'100\',\'1\',\'2024\'), (\'3600.00\',\'1551\',\'2\',\'242\',\'1\',\'2024\'), (\'7500.00\',\'1551\',\'3\',\'111\',\'1\',\'2024\'), (\'1400.00\',\'1551\',\'4\',\'110\',\'1\',\'2024\'), (\'1250.00\',\'1551\',\'5\',\'286\',\'1\',\'2024\'), (\'458.72\',\'1551\',\'6\',\'296\',\'1\',\'2024\'), (\'960.00\',\'1551\',\'7\',\'106\',\'1\',\'2024\'), (\'5100.00\',\'1551\',\'8\',\'107\',\'1\',\'2024\'), (\'25.00\',\'1551\',\'9\',\'248\',\'1\',\'2024\'), (\'59960.00\',\'1551\',\'10\',\'200\',\'1\',\'2024\'), (\'5333.72\',\'1551\',\'11\',\'400\',\'1\',\'2024\'), (\'54626.28\',\'1551\',\'12\',\'600\',\'1\',\'2024\'), (\'40000.00\',\'2223\',\'13\',\'100\',\'1\',\'2024\'), (\'3200.00\',\'2223\',\'14\',\'242\',\'1\',\'2024\'), (\'7500.00\',\'2223\',\'15\',\'111\',\'1\',\'2024\'), (\'1225.00\',\'2223\',\'16\',\'110\',\'1\',\'2024\'), (\'780.00\',\'2223\',\'17\',\'106\',\'1\',\'2024\'), (\'5600.00\',\'2223\',\'18\',\'107\',\'1\',\'2024\'), (\'25.00\',\'2223\',\'19\',\'248\',\'1\',\'2024\'), (\'55105.00\',\'2223\',\'20\',\'200\',\'1\',\'2024\'), (\'3225.00\',\'2223\',\'21\',\'400\',\'1\',\'2024\'), (\'51880.00\',\'2223\',\'22\',\'600\',\'1\',\'2024\'), (\'38000.00\',\'932\',\'23\',\'100\',\'1\',\'2024\'), (\'3040.00\',\'932\',\'24\',\'242\',\'1\',\'2024\'), (\'7500.00\',\'932\',\'25\',\'111\',\'1\',\'2024\'), (\'45500.00\',\'932\',\'26\',\'200\',\'1\',\'2024\'), (\'3040.00\',\'932\',\'27\',\'400\',\'1\',\'2024\'), (\'42460.00\',\'932\',\'28\',\'600\',\'1\',\'2024\'), (\'36000.00\',\'947\',\'29\',\'100\',\'1\',\'2024\'), (\'2880.00\',\'947\',\'30\',\'242\',\'1\',\'2024\'), (\'7500.00\',\'947\',\'31\',\'111\',\'1\',\'2024\'), (\'25.00\',\'947\',\'32\',\'248\',\'1\',\'2024\'), (\'43500.00\',\'947\',\'33\',\'200\',\'1\',\'2024\'), (\'2905.00\',\'947\',\'34\',\'400\',\'1\',\'2024\'), (\'40595.00\',\'947\',\'35\',\'600\',\'1\',\'2024\'), (\'45000.00\',\'923\',\'36\',\'100\',\'1\',\'2024\'), (\'3600.00\',\'923\',\'37\',\'242\',\'1\',\'2024\'), (\'7500.00\',\'923\',\'38\',\'111\',\'1\',\'2024\'), (\'4000.00\',\'923\',\'39\',\'110\',\'1\',\'2024\'), (\'1250.00\',\'923\',\'40\',\'286\',\'1\',\'2024\'), (\'2500.00\',\'923\',\'41\',\'107\',\'1\',\'2024\'), (\'59000.00\',\'923\',\'42\',\'200\',\'1\',\'2024\'), (\'4850.00\',\'923\',\'43\',\'400\',\'1\',\'2024\'), (\'54150.00\',\'923\',\'44\',\'600\',\'1\',\'2024\'), (\'68000.00\',\'1\',\'45\',\'100\',\'1\',\'2024\'), (\'5440.00\',\'1\',\'46\',\'242\',\'1\',\'2024\'), (\'7500.00\',\'1\',\'47\',\'111\',\'1\',\'2024\'), (\'48000.00\',\'1\',\'48\',\'107\',\'1\',\'2024\'), (\'3500.00\',\'1\',\'49\',\'106\',\'1\',\'2024\'), (\'25.00\',\'1\',\'50\',\'248\',\'1\',\'2024\'), (\'127000.00\',\'1\',\'51\',\'200\',\'1\',\'2024\'), (\'5465.00\',\'1\',\'52\',\'400\',\'1\',\'2024\'), (\'121535.00\',\'1\',\'53\',\'600\',\'1\',\'2024\')')
 4 SYSTEMPATH\Database\BaseBuilder.php(1801): CodeIgniter\Database\BaseConnection->query('INSERT INTO `month_end` (`Amount`, `EmployeeCode`, `Id`, `ItemCode`, `Month`, `Year`)
VALUES (\'45000.00\',\'1551\',\'1\',\'100\',\'1\',\'2024\'), (\'3600.00\',\'1551\',\'2\',\'242\',\'1\',\'2024\'), (\'7500.00\',\'1551\',\'3\',\'111\',\'1\',\'2024\'), (\'1400.00\',\'1551\',\'4\',\'110\',\'1\',\'2024\'), (\'1250.00\',\'1551\',\'5\',\'286\',\'1\',\'2024\'), (\'458.72\',\'1551\',\'6\',\'296\',\'1\',\'2024\'), (\'960.00\',\'1551\',\'7\',\'106\',\'1\',\'2024\'), (\'5100.00\',\'1551\',\'8\',\'107\',\'1\',\'2024\'), (\'25.00\',\'1551\',\'9\',\'248\',\'1\',\'2024\'), (\'59960.00\',\'1551\',\'10\',\'200\',\'1\',\'2024\'), (\'5333.72\',\'1551\',\'11\',\'400\',\'1\',\'2024\'), (\'54626.28\',\'1551\',\'12\',\'600\',\'1\',\'2024\'), (\'40000.00\',\'2223\',\'13\',\'100\',\'1\',\'2024\'), (\'3200.00\',\'2223\',\'14\',\'242\',\'1\',\'2024\'), (\'7500.00\',\'2223\',\'15\',\'111\',\'1\',\'2024\'), (\'1225.00\',\'2223\',\'16\',\'110\',\'1\',\'2024\'), (\'780.00\',\'2223\',\'17\',\'106\',\'1\',\'2024\'), (\'5600.00\',\'2223\',\'18\',\'107\',\'1\',\'2024\'), (\'25.00\',\'2223\',\'19\',\'248\',\'1\',\'2024\'), (\'55105.00\',\'2223\',\'20\',\'200\',\'1\',\'2024\'), (\'3225.00\',\'2223\',\'21\',\'400\',\'1\',\'2024\'), (\'51880.00\',\'2223\',\'22\',\'600\',\'1\',\'2024\'), (\'38000.00\',\'932\',\'23\',\'100\',\'1\',\'2024\'), (\'3040.00\',\'932\',\'24\',\'242\',\'1\',\'2024\'), (\'7500.00\',\'932\',\'25\',\'111\',\'1\',\'2024\'), (\'45500.00\',\'932\',\'26\',\'200\',\'1\',\'2024\'), (\'3040.00\',\'932\',\'27\',\'400\',\'1\',\'2024\'), (\'42460.00\',\'932\',\'28\',\'600\',\'1\',\'2024\'), (\'36000.00\',\'947\',\'29\',\'100\',\'1\',\'2024\'), (\'2880.00\',\'947\',\'30\',\'242\',\'1\',\'2024\'), (\'7500.00\',\'947\',\'31\',\'111\',\'1\',\'2024\'), (\'25.00\',\'947\',\'32\',\'248\',\'1\',\'2024\'), (\'43500.00\',\'947\',\'33\',\'200\',\'1\',\'2024\'), (\'2905.00\',\'947\',\'34\',\'400\',\'1\',\'2024\'), (\'40595.00\',\'947\',\'35\',\'600\',\'1\',\'2024\'), (\'45000.00\',\'923\',\'36\',\'100\',\'1\',\'2024\'), (\'3600.00\',\'923\',\'37\',\'242\',\'1\',\'2024\'), (\'7500.00\',\'923\',\'38\',\'111\',\'1\',\'2024\'), (\'4000.00\',\'923\',\'39\',\'110\',\'1\',\'2024\'), (\'1250.00\',\'923\',\'40\',\'286\',\'1\',\'2024\'), (\'2500.00\',\'923\',\'41\',\'107\',\'1\',\'2024\'), (\'59000.00\',\'923\',\'42\',\'200\',\'1\',\'2024\'), (\'4850.00\',\'923\',\'43\',\'400\',\'1\',\'2024\'), (\'54150.00\',\'923\',\'44\',\'600\',\'1\',\'2024\'), (\'68000.00\',\'1\',\'45\',\'100\',\'1\',\'2024\'), (\'5440.00\',\'1\',\'46\',\'242\',\'1\',\'2024\'), (\'7500.00\',\'1\',\'47\',\'111\',\'1\',\'2024\'), (\'48000.00\',\'1\',\'48\',\'107\',\'1\',\'2024\'), (\'3500.00\',\'1\',\'49\',\'106\',\'1\',\'2024\'), (\'25.00\',\'1\',\'50\',\'248\',\'1\',\'2024\'), (\'127000.00\',\'1\',\'51\',\'200\',\'1\',\'2024\'), (\'5465.00\',\'1\',\'52\',\'400\',\'1\',\'2024\'), (\'121535.00\',\'1\',\'53\',\'600\',\'1\',\'2024\')', null, false)
 5 SYSTEMPATH\Database\BaseBuilder.php(2192): CodeIgniter\Database\BaseBuilder->batchExecute('_insertBatch', 100)
 6 APPPATH\Models\MonthendModel.php(19): CodeIgniter\Database\BaseBuilder->insertBatch([...])
 7 APPPATH\Controllers\Payroll.php(342): App\Models\MonthendModel->processMonthend()
 8 SYSTEMPATH\CodeIgniter.php(932): App\Controllers\Payroll->month_end()
 9 SYSTEMPATH\CodeIgniter.php(497): CodeIgniter\CodeIgniter->runController(Object(App\Controllers\Payroll))
10 SYSTEMPATH\CodeIgniter.php(366): CodeIgniter\CodeIgniter->handleRequest(null, Object(Config\Cache), false)
11 FCPATH\index.php(67): CodeIgniter\CodeIgniter->run()
