CRITICAL - 2024-03-20 10:25:16 --> Undefined array key 0
in APPPATH\Views\sys\payroll\salary_analysis.php on line 123.
 1 APPPATH\Views\sys\payroll\salary_analysis.php(123): CodeIgniter\Debug\Exceptions->errorHandler(2, 'Undefined array key 0', 'C:\\xampp\\htdocs\\pms\\app\\Views\\sys\\payroll\\salary_analysis.php', 123)
 2 SYSTEMPATH\View\View.php(224): include('C:\\xampp\\htdocs\\pms\\app\\Views\\sys\\payroll\\salary_analysis.php')
 3 SYSTEMPATH\View\View.php(227): CodeIgniter\View\View->CodeIgniter\View\{closure}()
 4 SYSTEMPATH\Common.php(1176): CodeIgniter\View\View->render('sys/payroll/salary_analysis', [], true)
 5 APPPATH\Controllers\Payroll.php(482): view('sys/payroll/salary_analysis', [...])
 6 SYSTEMPATH\CodeIgniter.php(932): App\Controllers\Payroll->salary_analysis()
 7 SYSTEMPATH\CodeIgniter.php(497): CodeIgniter\CodeIgniter->runController(Object(App\Controllers\Payroll))
 8 SYSTEMPATH\CodeIgniter.php(366): CodeIgniter\CodeIgniter->handleRequest(null, Object(Config\Cache), false)
 9 FCPATH\index.php(67): CodeIgniter\CodeIgniter->run()
CRITICAL - 2024-03-20 10:25:58 --> Undefined array key 0
in APPPATH\Views\sys\payroll\salary_analysis.php on line 123.
 1 APPPATH\Views\sys\payroll\salary_analysis.php(123): CodeIgniter\Debug\Exceptions->errorHandler(2, 'Undefined array key 0', 'C:\\xampp\\htdocs\\pms\\app\\Views\\sys\\payroll\\salary_analysis.php', 123)
 2 SYSTEMPATH\View\View.php(224): include('C:\\xampp\\htdocs\\pms\\app\\Views\\sys\\payroll\\salary_analysis.php')
 3 SYSTEMPATH\View\View.php(227): CodeIgniter\View\View->CodeIgniter\View\{closure}()
 4 SYSTEMPATH\Common.php(1176): CodeIgniter\View\View->render('sys/payroll/salary_analysis', [], true)
 5 APPPATH\Controllers\Payroll.php(482): view('sys/payroll/salary_analysis', [...])
 6 SYSTEMPATH\CodeIgniter.php(932): App\Controllers\Payroll->salary_analysis()
 7 SYSTEMPATH\CodeIgniter.php(497): CodeIgniter\CodeIgniter->runController(Object(App\Controllers\Payroll))
 8 SYSTEMPATH\CodeIgniter.php(366): CodeIgniter\CodeIgniter->handleRequest(null, Object(Config\Cache), false)
 9 FCPATH\index.php(67): CodeIgniter\CodeIgniter->run()
CRITICAL - 2024-03-20 10:35:49 --> Undefined array key 0
in APPPATH\Views\sys\payroll\salary_analysis.php on line 123.
 1 APPPATH\Views\sys\payroll\salary_analysis.php(123): CodeIgniter\Debug\Exceptions->errorHandler(2, 'Undefined array key 0', 'C:\\xampp\\htdocs\\pms\\app\\Views\\sys\\payroll\\salary_analysis.php', 123)
 2 SYSTEMPATH\View\View.php(224): include('C:\\xampp\\htdocs\\pms\\app\\Views\\sys\\payroll\\salary_analysis.php')
 3 SYSTEMPATH\View\View.php(227): CodeIgniter\View\View->CodeIgniter\View\{closure}()
 4 SYSTEMPATH\Common.php(1176): CodeIgniter\View\View->render('sys/payroll/salary_analysis', [], true)
 5 APPPATH\Controllers\Payroll.php(482): view('sys/payroll/salary_analysis', [...])
 6 SYSTEMPATH\CodeIgniter.php(932): App\Controllers\Payroll->salary_analysis()
 7 SYSTEMPATH\CodeIgniter.php(497): CodeIgniter\CodeIgniter->runController(Object(App\Controllers\Payroll))
 8 SYSTEMPATH\CodeIgniter.php(366): CodeIgniter\CodeIgniter->handleRequest(null, Object(Config\Cache), false)
 9 FCPATH\index.php(67): CodeIgniter\CodeIgniter->run()
CRITICAL - 2024-03-20 15:34:48 --> Invalid file: "sys/menu_.php"
in SYSTEMPATH\Exceptions\FrameworkException.php on line 33.
 1 SYSTEMPATH\View\View.php(212): CodeIgniter\Exceptions\FrameworkException::forInvalidFile('sys/menu_.php')
 2 SYSTEMPATH\Common.php(1176): CodeIgniter\View\View->render('sys/menu_', [], true)
 3 APPPATH\Controllers\Instructions.php(63): view('sys/menu_')
 4 SYSTEMPATH\CodeIgniter.php(932): App\Controllers\Instructions->view()
 5 SYSTEMPATH\CodeIgniter.php(497): CodeIgniter\CodeIgniter->runController(Object(App\Controllers\Instructions))
 6 SYSTEMPATH\CodeIgniter.php(366): CodeIgniter\CodeIgniter->handleRequest(null, Object(Config\Cache), false)
 7 FCPATH\index.php(67): CodeIgniter\CodeIgniter->run()
CRITICAL - 2024-03-20 15:34:48 --> Invalid file: "sys/menu_.php"
in SYSTEMPATH\Exceptions\FrameworkException.php on line 33.
 1 SYSTEMPATH\View\View.php(212): CodeIgniter\Exceptions\FrameworkException::forInvalidFile('sys/menu_.php')
 2 SYSTEMPATH\Common.php(1176): CodeIgniter\View\View->render('sys/menu_', [], true)
 3 APPPATH\Controllers\WorkPlace.php(56): view('sys/menu_')
 4 SYSTEMPATH\CodeIgniter.php(932): App\Controllers\WorkPlace->view()
 5 SYSTEMPATH\CodeIgniter.php(497): CodeIgniter\CodeIgniter->runController(Object(App\Controllers\WorkPlace))
 6 SYSTEMPATH\CodeIgniter.php(366): CodeIgniter\CodeIgniter->handleRequest(null, Object(Config\Cache), false)
 7 FCPATH\index.php(67): CodeIgniter\CodeIgniter->run()
CRITICAL - 2024-03-20 15:35:26 --> Undefined array key "Num_employee"
in APPPATH\Views\sys\work_place\view.php on line 54.
 1 APPPATH\Views\sys\work_place\view.php(54): CodeIgniter\Debug\Exceptions->errorHandler(2, 'Undefined array key "Num_employee"', 'C:\\xampp\\htdocs\\pms\\app\\Views\\sys\\work_place\\view.php', 54)
 2 SYSTEMPATH\View\View.php(224): include('C:\\xampp\\htdocs\\pms\\app\\Views\\sys\\work_place\\view.php')
 3 SYSTEMPATH\View\View.php(227): CodeIgniter\View\View->CodeIgniter\View\{closure}()
 4 SYSTEMPATH\Common.php(1176): CodeIgniter\View\View->render('sys/work_place/view', [], true)
 5 APPPATH\Controllers\WorkPlace.php(57): view('sys/work_place/view', [...])
 6 SYSTEMPATH\CodeIgniter.php(932): App\Controllers\WorkPlace->view()
 7 SYSTEMPATH\CodeIgniter.php(497): CodeIgniter\CodeIgniter->runController(Object(App\Controllers\WorkPlace))
 8 SYSTEMPATH\CodeIgniter.php(366): CodeIgniter\CodeIgniter->handleRequest(null, Object(Config\Cache), false)
 9 FCPATH\index.php(67): CodeIgniter\CodeIgniter->run()
CRITICAL - 2024-03-20 15:38:36 --> Undefined variable $list
in APPPATH\Views\sys\work_place\view.php on line 47.
 1 APPPATH\Views\sys\work_place\view.php(47): CodeIgniter\Debug\Exceptions->errorHandler(2, 'Undefined variable $list', 'C:\\xampp\\htdocs\\pms\\app\\Views\\sys\\work_place\\view.php', 47)
 2 SYSTEMPATH\View\View.php(224): include('C:\\xampp\\htdocs\\pms\\app\\Views\\sys\\work_place\\view.php')
 3 SYSTEMPATH\View\View.php(227): CodeIgniter\View\View->CodeIgniter\View\{closure}()
 4 SYSTEMPATH\Common.php(1176): CodeIgniter\View\View->render('sys/work_place/view', [], true)
 5 APPPATH\Controllers\WorkPlace.php(54): view('sys/work_place/view', [...])
 6 SYSTEMPATH\CodeIgniter.php(932): App\Controllers\WorkPlace->view()
 7 SYSTEMPATH\CodeIgniter.php(497): CodeIgniter\CodeIgniter->runController(Object(App\Controllers\WorkPlace))
 8 SYSTEMPATH\CodeIgniter.php(366): CodeIgniter\CodeIgniter->handleRequest(null, Object(Config\Cache), false)
 9 FCPATH\index.php(67): CodeIgniter\CodeIgniter->run()
CRITICAL - 2024-03-20 15:40:05 --> Undefined array key "Num_employee"
in APPPATH\Views\sys\work_place\view.php on line 54.
 1 APPPATH\Views\sys\work_place\view.php(54): CodeIgniter\Debug\Exceptions->errorHandler(2, 'Undefined array key "Num_employee"', 'C:\\xampp\\htdocs\\pms\\app\\Views\\sys\\work_place\\view.php', 54)
 2 SYSTEMPATH\View\View.php(224): include('C:\\xampp\\htdocs\\pms\\app\\Views\\sys\\work_place\\view.php')
 3 SYSTEMPATH\View\View.php(227): CodeIgniter\View\View->CodeIgniter\View\{closure}()
 4 SYSTEMPATH\Common.php(1176): CodeIgniter\View\View->render('sys/work_place/view', [], true)
 5 APPPATH\Controllers\WorkPlace.php(54): view('sys/work_place/view', [...])
 6 SYSTEMPATH\CodeIgniter.php(932): App\Controllers\WorkPlace->view()
 7 SYSTEMPATH\CodeIgniter.php(497): CodeIgniter\CodeIgniter->runController(Object(App\Controllers\WorkPlace))
 8 SYSTEMPATH\CodeIgniter.php(366): CodeIgniter\CodeIgniter->handleRequest(null, Object(Config\Cache), false)
 9 FCPATH\index.php(67): CodeIgniter\CodeIgniter->run()
CRITICAL - 2024-03-20 15:44:58 --> Call to undefined method App\Models\UserAccountModel::session
in SYSTEMPATH\Model.php on line 838.
 1 APPPATH\Controllers\Employee.php(133): CodeIgniter\Model->__call('session', [])
 2 SYSTEMPATH\CodeIgniter.php(932): App\Controllers\Employee->viewprofile()
 3 SYSTEMPATH\CodeIgniter.php(497): CodeIgniter\CodeIgniter->runController(Object(App\Controllers\Employee))
 4 SYSTEMPATH\CodeIgniter.php(366): CodeIgniter\CodeIgniter->handleRequest(null, Object(Config\Cache), false)
 5 FCPATH\index.php(67): CodeIgniter\CodeIgniter->run()
CRITICAL - 2024-03-20 15:49:05 --> Call to undefined method App\Models\EmployeeModel::session
in SYSTEMPATH\Model.php on line 838.
 1 APPPATH\Controllers\Employee.php(133): CodeIgniter\Model->__call('session', [])
 2 SYSTEMPATH\CodeIgniter.php(932): App\Controllers\Employee->viewprofile()
 3 SYSTEMPATH\CodeIgniter.php(497): CodeIgniter\CodeIgniter->runController(Object(App\Controllers\Employee))
 4 SYSTEMPATH\CodeIgniter.php(366): CodeIgniter\CodeIgniter->handleRequest(null, Object(Config\Cache), false)
 5 FCPATH\index.php(67): CodeIgniter\CodeIgniter->run()
CRITICAL - 2024-03-20 15:49:08 --> Call to undefined method App\Models\EmployeeModel::session
in SYSTEMPATH\Model.php on line 838.
 1 APPPATH\Controllers\Employee.php(133): CodeIgniter\Model->__call('session', [])
 2 SYSTEMPATH\CodeIgniter.php(932): App\Controllers\Employee->viewprofile()
 3 SYSTEMPATH\CodeIgniter.php(497): CodeIgniter\CodeIgniter->runController(Object(App\Controllers\Employee))
 4 SYSTEMPATH\CodeIgniter.php(366): CodeIgniter\CodeIgniter->handleRequest(null, Object(Config\Cache), false)
 5 FCPATH\index.php(67): CodeIgniter\CodeIgniter->run()
