CRITICAL - 2024-05-15 06:07:37 --> Invalid file: "Sys/menu_.php"
in SYSTEMPATH\Exceptions\FrameworkException.php on line 33.
 1 SYSTEMPATH\View\View.php(212): CodeIgniter\Exceptions\FrameworkException::forInvalidFile('Sys/menu_.php')
 2 SYSTEMPATH\Common.php(1176): CodeIgniter\View\View->render('Sys/menu_', [], true)
 3 APPPATH\Controllers\Sys.php(52): view('Sys/menu_')
 4 SYSTEMPATH\CodeIgniter.php(932): App\Controllers\Sys->dashboard()
 5 SYSTEMPATH\CodeIgniter.php(497): CodeIgniter\CodeIgniter->runController(Object(App\Controllers\Sys))
 6 SYSTEMPATH\CodeIgniter.php(366): CodeIgniter\CodeIgniter->handleRequest(null, Object(Config\Cache), false)
 7 FCPATH\index.php(67): CodeIgniter\CodeIgniter->run()
CRITICAL - 2024-05-15 06:37:53 --> Undefined variable $salary_basic
in APPPATH\Views\sys\payroll\payslip.php on line 145.
 1 APPPATH\Views\sys\payroll\payslip.php(145): CodeIgniter\Debug\Exceptions->errorHandler(2, 'Undefined variable $salary_basic', 'C:\\xampp\\htdocs\\pms\\app\\Views\\sys\\payroll\\payslip.php', 145)
 2 SYSTEMPATH\View\View.php(224): include('C:\\xampp\\htdocs\\pms\\app\\Views\\sys\\payroll\\payslip.php')
 3 SYSTEMPATH\View\View.php(227): CodeIgniter\View\View->CodeIgniter\View\{closure}()
 4 SYSTEMPATH\Common.php(1176): CodeIgniter\View\View->render('sys/payroll/payslip', [], true)
 5 APPPATH\Controllers\Payroll.php(325): view('sys/payroll/payslip', [...])
 6 SYSTEMPATH\CodeIgniter.php(932): App\Controllers\Payroll->payslip()
 7 SYSTEMPATH\CodeIgniter.php(497): CodeIgniter\CodeIgniter->runController(Object(App\Controllers\Payroll))
 8 SYSTEMPATH\CodeIgniter.php(366): CodeIgniter\CodeIgniter->handleRequest(null, Object(Config\Cache), false)
 9 FCPATH\index.php(67): CodeIgniter\CodeIgniter->run()
CRITICAL - 2024-05-15 06:44:26 --> Undefined variable $salary_basic
in APPPATH\Views\sys\payroll\payslip.php on line 145.
 1 APPPATH\Views\sys\payroll\payslip.php(145): CodeIgniter\Debug\Exceptions->errorHandler(2, 'Undefined variable $salary_basic', 'C:\\xampp\\htdocs\\pms\\app\\Views\\sys\\payroll\\payslip.php', 145)
 2 SYSTEMPATH\View\View.php(224): include('C:\\xampp\\htdocs\\pms\\app\\Views\\sys\\payroll\\payslip.php')
 3 SYSTEMPATH\View\View.php(227): CodeIgniter\View\View->CodeIgniter\View\{closure}()
 4 SYSTEMPATH\Common.php(1176): CodeIgniter\View\View->render('sys/payroll/payslip', [], true)
 5 APPPATH\Controllers\Payroll.php(326): view('sys/payroll/payslip', [...])
 6 SYSTEMPATH\CodeIgniter.php(932): App\Controllers\Payroll->payslip()
 7 SYSTEMPATH\CodeIgniter.php(497): CodeIgniter\CodeIgniter->runController(Object(App\Controllers\Payroll))
 8 SYSTEMPATH\CodeIgniter.php(366): CodeIgniter\CodeIgniter->handleRequest(null, Object(Config\Cache), false)
 9 FCPATH\index.php(67): CodeIgniter\CodeIgniter->run()
CRITICAL - 2024-05-15 08:36:05 --> Undefined variable $salary_basic
in APPPATH\Views\sys\payroll\payslip.php on line 145.
 1 APPPATH\Views\sys\payroll\payslip.php(145): CodeIgniter\Debug\Exceptions->errorHandler(2, 'Undefined variable $salary_basic', 'C:\\xampp\\htdocs\\pms\\app\\Views\\sys\\payroll\\payslip.php', 145)
 2 SYSTEMPATH\View\View.php(224): include('C:\\xampp\\htdocs\\pms\\app\\Views\\sys\\payroll\\payslip.php')
 3 SYSTEMPATH\View\View.php(227): CodeIgniter\View\View->CodeIgniter\View\{closure}()
 4 SYSTEMPATH\Common.php(1176): CodeIgniter\View\View->render('sys/payroll/payslip', [], true)
 5 APPPATH\Controllers\Payroll.php(326): view('sys/payroll/payslip', [...])
 6 SYSTEMPATH\CodeIgniter.php(932): App\Controllers\Payroll->payslip()
 7 SYSTEMPATH\CodeIgniter.php(497): CodeIgniter\CodeIgniter->runController(Object(App\Controllers\Payroll))
 8 SYSTEMPATH\CodeIgniter.php(366): CodeIgniter\CodeIgniter->handleRequest(null, Object(Config\Cache), false)
 9 FCPATH\index.php(67): CodeIgniter\CodeIgniter->run()
CRITICAL - 2024-05-15 10:56:13 --> Invalid file: "sys/common_enries/add.php"
in SYSTEMPATH\Exceptions\FrameworkException.php on line 33.
 1 SYSTEMPATH\View\View.php(212): CodeIgniter\Exceptions\FrameworkException::forInvalidFile('sys/common_enries/add.php')
 2 SYSTEMPATH\Common.php(1176): CodeIgniter\View\View->render('sys/common_enries/add', [], true)
 3 APPPATH\Controllers\CommonEntries.php(56): view('sys/common_enries/add', [...])
 4 SYSTEMPATH\CodeIgniter.php(932): App\Controllers\CommonEntries->add()
 5 SYSTEMPATH\CodeIgniter.php(497): CodeIgniter\CodeIgniter->runController(Object(App\Controllers\CommonEntries))
 6 SYSTEMPATH\CodeIgniter.php(366): CodeIgniter\CodeIgniter->handleRequest(null, Object(Config\Cache), false)
 7 FCPATH\index.php(67): CodeIgniter\CodeIgniter->run()
CRITICAL - 2024-05-15 10:57:20 --> Invalid file: "sys/common_enries/add.php"
in SYSTEMPATH\Exceptions\FrameworkException.php on line 33.
 1 SYSTEMPATH\View\View.php(212): CodeIgniter\Exceptions\FrameworkException::forInvalidFile('sys/common_enries/add.php')
 2 SYSTEMPATH\Common.php(1176): CodeIgniter\View\View->render('sys/common_enries/add', [], true)
 3 APPPATH\Controllers\CommonEntries.php(56): view('sys/common_enries/add', [...])
 4 SYSTEMPATH\CodeIgniter.php(932): App\Controllers\CommonEntries->add()
 5 SYSTEMPATH\CodeIgniter.php(497): CodeIgniter\CodeIgniter->runController(Object(App\Controllers\CommonEntries))
 6 SYSTEMPATH\CodeIgniter.php(366): CodeIgniter\CodeIgniter->handleRequest(null, Object(Config\Cache), false)
 7 FCPATH\index.php(67): CodeIgniter\CodeIgniter->run()
CRITICAL - 2024-05-15 13:50:47 --> Class "App\Controllers\CommonEntriesModel" not found
in APPPATH\Controllers\CommonEntries.php on line 22.
 1 SYSTEMPATH\CodeIgniter.php(932): App\Controllers\CommonEntries->add()
 2 SYSTEMPATH\CodeIgniter.php(497): CodeIgniter\CodeIgniter->runController(Object(App\Controllers\CommonEntries))
 3 SYSTEMPATH\CodeIgniter.php(366): CodeIgniter\CodeIgniter->handleRequest(null, Object(Config\Cache), false)
 4 FCPATH\index.php(67): CodeIgniter\CodeIgniter->run()
CRITICAL - 2024-05-15 13:51:24 --> Invalid file: "sys/menu_.php"
in SYSTEMPATH\Exceptions\FrameworkException.php on line 33.
 1 SYSTEMPATH\View\View.php(212): CodeIgniter\Exceptions\FrameworkException::forInvalidFile('sys/menu_.php')
 2 SYSTEMPATH\Common.php(1176): CodeIgniter\View\View->render('sys/menu_', [], true)
 3 APPPATH\Controllers\CommonEntries.php(63): view('sys/menu_')
 4 SYSTEMPATH\CodeIgniter.php(932): App\Controllers\CommonEntries->add()
 5 SYSTEMPATH\CodeIgniter.php(497): CodeIgniter\CodeIgniter->runController(Object(App\Controllers\CommonEntries))
 6 SYSTEMPATH\CodeIgniter.php(366): CodeIgniter\CodeIgniter->handleRequest(null, Object(Config\Cache), false)
 7 FCPATH\index.php(67): CodeIgniter\CodeIgniter->run()
ERROR - 2024-05-15 13:52:46 --> mysqli_sql_exception: Unknown column 'Year' in 'field list' in C:\xampp\htdocs\pms\system\Database\MySQLi\Connection.php:295
Stack trace:
#0 C:\xampp\htdocs\pms\system\Database\MySQLi\Connection.php(295): mysqli->query('INSERT INTO `co...', 0)
#1 C:\xampp\htdocs\pms\system\Database\BaseConnection.php(692): CodeIgniter\Database\MySQLi\Connection->execute('INSERT INTO `co...')
#2 C:\xampp\htdocs\pms\system\Database\BaseConnection.php(606): CodeIgniter\Database\BaseConnection->simpleQuery('INSERT INTO `co...')
#3 C:\xampp\htdocs\pms\system\Database\BaseBuilder.php(2309): CodeIgniter\Database\BaseConnection->query('INSERT INTO `co...', Array, false)
#4 C:\xampp\htdocs\pms\system\Model.php(330): CodeIgniter\Database\BaseBuilder->insert()
#5 C:\xampp\htdocs\pms\system\BaseModel.php(782): CodeIgniter\Model->doInsert(Array)
#6 C:\xampp\htdocs\pms\system\Model.php(730): CodeIgniter\BaseModel->insert(Array, true)
#7 C:\xampp\htdocs\pms\app\Controllers\CommonEntries.php(53): CodeIgniter\Model->insert(Array)
#8 C:\xampp\htdocs\pms\system\CodeIgniter.php(932): App\Controllers\CommonEntries->add()
#9 C:\xampp\htdocs\pms\system\CodeIgniter.php(497): CodeIgniter\CodeIgniter->runController(Object(App\Controllers\CommonEntries))
#10 C:\xampp\htdocs\pms\system\CodeIgniter.php(366): CodeIgniter\CodeIgniter->handleRequest(NULL, Object(Config\Cache), false)
#11 C:\xampp\htdocs\pms\index.php(67): CodeIgniter\CodeIgniter->run()
#12 {main}
CRITICAL - 2024-05-15 13:52:46 --> Unknown column 'Year' in 'field list'
in SYSTEMPATH\Database\MySQLi\Connection.php on line 295.
 1 SYSTEMPATH\Database\MySQLi\Connection.php(295): mysqli->query('INSERT INTO `common_entries` (`Year`, `Month`, `ItemCode`, `Amount`) VALUES (\'2024\', \'5\', \'111\', \'12000\')', 0)
 2 SYSTEMPATH\Database\BaseConnection.php(692): CodeIgniter\Database\MySQLi\Connection->execute('INSERT INTO `common_entries` (`Year`, `Month`, `ItemCode`, `Amount`) VALUES (\'2024\', \'5\', \'111\', \'12000\')')
 3 SYSTEMPATH\Database\BaseConnection.php(606): CodeIgniter\Database\BaseConnection->simpleQuery('INSERT INTO `common_entries` (`Year`, `Month`, `ItemCode`, `Amount`) VALUES (\'2024\', \'5\', \'111\', \'12000\')')
 4 SYSTEMPATH\Database\BaseBuilder.php(2309): CodeIgniter\Database\BaseConnection->query('INSERT INTO `common_entries` (`Year`, `Month`, `ItemCode`, `Amount`) VALUES (:Year:, :Month:, :ItemCode:, :Amount:)', [...], false)
 5 SYSTEMPATH\Model.php(330): CodeIgniter\Database\BaseBuilder->insert()
 6 SYSTEMPATH\BaseModel.php(782): CodeIgniter\Model->doInsert([...])
 7 SYSTEMPATH\Model.php(730): CodeIgniter\BaseModel->insert([...], true)
 8 APPPATH\Controllers\CommonEntries.php(53): CodeIgniter\Model->insert([...])
 9 SYSTEMPATH\CodeIgniter.php(932): App\Controllers\CommonEntries->add()
10 SYSTEMPATH\CodeIgniter.php(497): CodeIgniter\CodeIgniter->runController(Object(App\Controllers\CommonEntries))
11 SYSTEMPATH\CodeIgniter.php(366): CodeIgniter\CodeIgniter->handleRequest(null, Object(Config\Cache), false)
12 FCPATH\index.php(67): CodeIgniter\CodeIgniter->run()
CRITICAL - 2024-05-15 13:54:53 --> Undefined variable $item_list
in APPPATH\Views\sys\common_entries\add.php on line 70.
 1 APPPATH\Views\sys\common_entries\add.php(70): CodeIgniter\Debug\Exceptions->errorHandler(2, 'Undefined variable $item_list', 'C:\\xampp\\htdocs\\pms\\app\\Views\\sys\\common_entries\\add.php', 70)
 2 SYSTEMPATH\View\View.php(224): include('C:\\xampp\\htdocs\\pms\\app\\Views\\sys\\common_entries\\add.php')
 3 SYSTEMPATH\View\View.php(227): CodeIgniter\View\View->CodeIgniter\View\{closure}()
 4 SYSTEMPATH\Common.php(1176): CodeIgniter\View\View->render('sys/common_entries/add', [], true)
 5 APPPATH\Controllers\CommonEntries.php(64): view('sys/common_entries/add', [...])
 6 SYSTEMPATH\CodeIgniter.php(932): App\Controllers\CommonEntries->add()
 7 SYSTEMPATH\CodeIgniter.php(497): CodeIgniter\CodeIgniter->runController(Object(App\Controllers\CommonEntries))
 8 SYSTEMPATH\CodeIgniter.php(366): CodeIgniter\CodeIgniter->handleRequest(null, Object(Config\Cache), false)
 9 FCPATH\index.php(67): CodeIgniter\CodeIgniter->run()
