CRITICAL - 2023-11-16 15:08:44 --> Undefined variable $employee_list
in APPPATH\Views\sys\loan\add.php on line 28.
 1 APPPATH\Views\sys\loan\add.php(28): CodeIgniter\Debug\Exceptions->errorHandler(2, 'Undefined variable $employee_list', 'C:\\xampp\\htdocs\\pms\\app\\Views\\sys\\loan\\add.php', 28)
 2 SYSTEMPATH\View\View.php(224): include('C:\\xampp\\htdocs\\pms\\app\\Views\\sys\\loan\\add.php')
 3 SYSTEMPATH\View\View.php(227): CodeIgniter\View\View->CodeIgniter\View\{closure}()
 4 SYSTEMPATH\Common.php(1176): CodeIgniter\View\View->render('sys/loan/add', [], true)
 5 APPPATH\Controllers\Loan.php(50): view('sys/loan/add', [])
 6 SYSTEMPATH\CodeIgniter.php(932): App\Controllers\Loan->add()
 7 SYSTEMPATH\CodeIgniter.php(497): CodeIgniter\CodeIgniter->runController(Object(App\Controllers\Loan))
 8 SYSTEMPATH\CodeIgniter.php(366): CodeIgniter\CodeIgniter->handleRequest(null, Object(Config\Cache), false)
 9 FCPATH\index.php(67): CodeIgniter\CodeIgniter->run()
CRITICAL - 2023-11-16 15:10:04 --> Undefined variable $employee_list
in APPPATH\Views\sys\loan\add.php on line 28.
 1 APPPATH\Views\sys\loan\add.php(28): CodeIgniter\Debug\Exceptions->errorHandler(2, 'Undefined variable $employee_list', 'C:\\xampp\\htdocs\\pms\\app\\Views\\sys\\loan\\add.php', 28)
 2 SYSTEMPATH\View\View.php(224): include('C:\\xampp\\htdocs\\pms\\app\\Views\\sys\\loan\\add.php')
 3 SYSTEMPATH\View\View.php(227): CodeIgniter\View\View->CodeIgniter\View\{closure}()
 4 SYSTEMPATH\Common.php(1176): CodeIgniter\View\View->render('sys/loan/add', [], true)
 5 APPPATH\Controllers\Loan.php(50): view('sys/loan/add', [])
 6 SYSTEMPATH\CodeIgniter.php(932): App\Controllers\Loan->add()
 7 SYSTEMPATH\CodeIgniter.php(497): CodeIgniter\CodeIgniter->runController(Object(App\Controllers\Loan))
 8 SYSTEMPATH\CodeIgniter.php(366): CodeIgniter\CodeIgniter->handleRequest(null, Object(Config\Cache), false)
 9 FCPATH\index.php(67): CodeIgniter\CodeIgniter->run()
CRITICAL - 2023-11-16 15:18:45 --> Undefined variable $employee_list
in APPPATH\Views\sys\loan_master\add.php on line 28.
 1 APPPATH\Views\sys\loan_master\add.php(28): CodeIgniter\Debug\Exceptions->errorHandler(2, 'Undefined variable $employee_list', 'C:\\xampp\\htdocs\\pms\\app\\Views\\sys\\loan_master\\add.php', 28)
 2 SYSTEMPATH\View\View.php(224): include('C:\\xampp\\htdocs\\pms\\app\\Views\\sys\\loan_master\\add.php')
 3 SYSTEMPATH\View\View.php(227): CodeIgniter\View\View->CodeIgniter\View\{closure}()
 4 SYSTEMPATH\Common.php(1176): CodeIgniter\View\View->render('sys/loan_master/add', [], true)
 5 APPPATH\Controllers\LoanMaster.php(47): view('sys/loan_master/add', [])
 6 SYSTEMPATH\CodeIgniter.php(932): App\Controllers\LoanMaster->add()
 7 SYSTEMPATH\CodeIgniter.php(497): CodeIgniter\CodeIgniter->runController(Object(App\Controllers\LoanMaster))
 8 SYSTEMPATH\CodeIgniter.php(366): CodeIgniter\CodeIgniter->handleRequest(null, Object(Config\Cache), false)
 9 FCPATH\index.php(67): CodeIgniter\CodeIgniter->run()
CRITICAL - 2023-11-16 15:25:06 --> Undefined variable $item_list
in APPPATH\Views\sys\loan_master\add.php on line 28.
 1 APPPATH\Views\sys\loan_master\add.php(28): CodeIgniter\Debug\Exceptions->errorHandler(2, 'Undefined variable $item_list', 'C:\\xampp\\htdocs\\pms\\app\\Views\\sys\\loan_master\\add.php', 28)
 2 SYSTEMPATH\View\View.php(224): include('C:\\xampp\\htdocs\\pms\\app\\Views\\sys\\loan_master\\add.php')
 3 SYSTEMPATH\View\View.php(227): CodeIgniter\View\View->CodeIgniter\View\{closure}()
 4 SYSTEMPATH\Common.php(1176): CodeIgniter\View\View->render('sys/loan_master/add', [], true)
 5 APPPATH\Controllers\LoanMaster.php(47): view('sys/loan_master/add', [])
 6 SYSTEMPATH\CodeIgniter.php(932): App\Controllers\LoanMaster->add()
 7 SYSTEMPATH\CodeIgniter.php(497): CodeIgniter\CodeIgniter->runController(Object(App\Controllers\LoanMaster))
 8 SYSTEMPATH\CodeIgniter.php(366): CodeIgniter\CodeIgniter->handleRequest(null, Object(Config\Cache), false)
 9 FCPATH\index.php(67): CodeIgniter\CodeIgniter->run()
CRITICAL - 2023-11-16 15:28:36 --> Undefined array key "ItemCode"
in APPPATH\Views\sys\loan_master\view.php on line 50.
 1 APPPATH\Views\sys\loan_master\view.php(50): CodeIgniter\Debug\Exceptions->errorHandler(2, 'Undefined array key "ItemCode"', 'C:\\xampp\\htdocs\\pms\\app\\Views\\sys\\loan_master\\view.php', 50)
 2 SYSTEMPATH\View\View.php(224): include('C:\\xampp\\htdocs\\pms\\app\\Views\\sys\\loan_master\\view.php')
 3 SYSTEMPATH\View\View.php(227): CodeIgniter\View\View->CodeIgniter\View\{closure}()
 4 SYSTEMPATH\Common.php(1176): CodeIgniter\View\View->render('sys/loan_master/view', [], true)
 5 APPPATH\Controllers\LoanMaster.php(61): view('sys/loan_master/view', [...])
 6 SYSTEMPATH\CodeIgniter.php(932): App\Controllers\LoanMaster->view()
 7 SYSTEMPATH\CodeIgniter.php(497): CodeIgniter\CodeIgniter->runController(Object(App\Controllers\LoanMaster))
 8 SYSTEMPATH\CodeIgniter.php(366): CodeIgniter\CodeIgniter->handleRequest(null, Object(Config\Cache), false)
 9 FCPATH\index.php(67): CodeIgniter\CodeIgniter->run()
ERROR - 2023-11-16 15:37:08 --> mysqli_sql_exception: Unknown column 'MonthlyInterest' in 'field list' in C:\xampp\htdocs\pms\system\Database\MySQLi\Connection.php:295
Stack trace:
#0 C:\xampp\htdocs\pms\system\Database\MySQLi\Connection.php(295): mysqli->query('INSERT INTO `lo...', 0)
#1 C:\xampp\htdocs\pms\system\Database\BaseConnection.php(692): CodeIgniter\Database\MySQLi\Connection->execute('INSERT INTO `lo...')
#2 C:\xampp\htdocs\pms\system\Database\BaseConnection.php(606): CodeIgniter\Database\BaseConnection->simpleQuery('INSERT INTO `lo...')
#3 C:\xampp\htdocs\pms\system\Database\BaseBuilder.php(2309): CodeIgniter\Database\BaseConnection->query('INSERT INTO `lo...', Array, false)
#4 C:\xampp\htdocs\pms\system\Model.php(330): CodeIgniter\Database\BaseBuilder->insert()
#5 C:\xampp\htdocs\pms\system\BaseModel.php(782): CodeIgniter\Model->doInsert(Array)
#6 C:\xampp\htdocs\pms\system\Model.php(730): CodeIgniter\BaseModel->insert(Array, false)
#7 C:\xampp\htdocs\pms\system\BaseModel.php(692): CodeIgniter\Model->insert(Array, false)
#8 C:\xampp\htdocs\pms\app\Controllers\LoanMaster.php(36): CodeIgniter\BaseModel->save(Array)
#9 C:\xampp\htdocs\pms\system\CodeIgniter.php(932): App\Controllers\LoanMaster->add()
#10 C:\xampp\htdocs\pms\system\CodeIgniter.php(497): CodeIgniter\CodeIgniter->runController(Object(App\Controllers\LoanMaster))
#11 C:\xampp\htdocs\pms\system\CodeIgniter.php(366): CodeIgniter\CodeIgniter->handleRequest(NULL, Object(Config\Cache), false)
#12 C:\xampp\htdocs\pms\index.php(67): CodeIgniter\CodeIgniter->run()
#13 {main}
CRITICAL - 2023-11-16 15:37:08 --> Unknown column 'MonthlyInterest' in 'field list'
in SYSTEMPATH\Database\MySQLi\Connection.php on line 295.
 1 SYSTEMPATH\Database\MySQLi\Connection.php(295): mysqli->query('INSERT INTO `loan_master` (`LoanId`, `ItemCode`, `LoanType`, `Amount`, `MonthlyInterest`, `NumInstallments`) VALUES (\'1\', \'286\', \'FestivalAdvance\', \'10000\', \'0\', \'8\')', 0)
 2 SYSTEMPATH\Database\BaseConnection.php(692): CodeIgniter\Database\MySQLi\Connection->execute('INSERT INTO `loan_master` (`LoanId`, `ItemCode`, `LoanType`, `Amount`, `MonthlyInterest`, `NumInstallments`) VALUES (\'1\', \'286\', \'FestivalAdvance\', \'10000\', \'0\', \'8\')')
 3 SYSTEMPATH\Database\BaseConnection.php(606): CodeIgniter\Database\BaseConnection->simpleQuery('INSERT INTO `loan_master` (`LoanId`, `ItemCode`, `LoanType`, `Amount`, `MonthlyInterest`, `NumInstallments`) VALUES (\'1\', \'286\', \'FestivalAdvance\', \'10000\', \'0\', \'8\')')
 4 SYSTEMPATH\Database\BaseBuilder.php(2309): CodeIgniter\Database\BaseConnection->query('INSERT INTO `loan_master` (`LoanId`, `ItemCode`, `LoanType`, `Amount`, `MonthlyInterest`, `NumInstallments`) VALUES (:LoanId:, :ItemCode:, :LoanType:, :Amount:, :MonthlyInterest:, :NumInstallments:)', [...], false)
 5 SYSTEMPATH\Model.php(330): CodeIgniter\Database\BaseBuilder->insert()
 6 SYSTEMPATH\BaseModel.php(782): CodeIgniter\Model->doInsert([...])
 7 SYSTEMPATH\Model.php(730): CodeIgniter\BaseModel->insert([...], false)
 8 SYSTEMPATH\BaseModel.php(692): CodeIgniter\Model->insert([...], false)
 9 APPPATH\Controllers\LoanMaster.php(36): CodeIgniter\BaseModel->save([...])
10 SYSTEMPATH\CodeIgniter.php(932): App\Controllers\LoanMaster->add()
11 SYSTEMPATH\CodeIgniter.php(497): CodeIgniter\CodeIgniter->runController(Object(App\Controllers\LoanMaster))
12 SYSTEMPATH\CodeIgniter.php(366): CodeIgniter\CodeIgniter->handleRequest(null, Object(Config\Cache), false)
13 FCPATH\index.php(67): CodeIgniter\CodeIgniter->run()
ERROR - 2023-11-16 15:38:40 --> mysqli_sql_exception: Unknown column 'MonthlyInterest' in 'field list' in C:\xampp\htdocs\pms\system\Database\MySQLi\Connection.php:295
Stack trace:
#0 C:\xampp\htdocs\pms\system\Database\MySQLi\Connection.php(295): mysqli->query('INSERT INTO `lo...', 0)
#1 C:\xampp\htdocs\pms\system\Database\BaseConnection.php(692): CodeIgniter\Database\MySQLi\Connection->execute('INSERT INTO `lo...')
#2 C:\xampp\htdocs\pms\system\Database\BaseConnection.php(606): CodeIgniter\Database\BaseConnection->simpleQuery('INSERT INTO `lo...')
#3 C:\xampp\htdocs\pms\system\Database\BaseBuilder.php(2309): CodeIgniter\Database\BaseConnection->query('INSERT INTO `lo...', Array, false)
#4 C:\xampp\htdocs\pms\system\Model.php(330): CodeIgniter\Database\BaseBuilder->insert()
#5 C:\xampp\htdocs\pms\system\BaseModel.php(782): CodeIgniter\Model->doInsert(Array)
#6 C:\xampp\htdocs\pms\system\Model.php(730): CodeIgniter\BaseModel->insert(Array, false)
#7 C:\xampp\htdocs\pms\system\BaseModel.php(692): CodeIgniter\Model->insert(Array, false)
#8 C:\xampp\htdocs\pms\app\Controllers\LoanMaster.php(36): CodeIgniter\BaseModel->save(Array)
#9 C:\xampp\htdocs\pms\system\CodeIgniter.php(932): App\Controllers\LoanMaster->add()
#10 C:\xampp\htdocs\pms\system\CodeIgniter.php(497): CodeIgniter\CodeIgniter->runController(Object(App\Controllers\LoanMaster))
#11 C:\xampp\htdocs\pms\system\CodeIgniter.php(366): CodeIgniter\CodeIgniter->handleRequest(NULL, Object(Config\Cache), false)
#12 C:\xampp\htdocs\pms\index.php(67): CodeIgniter\CodeIgniter->run()
#13 {main}
CRITICAL - 2023-11-16 15:38:40 --> Unknown column 'MonthlyInterest' in 'field list'
in SYSTEMPATH\Database\MySQLi\Connection.php on line 295.
 1 SYSTEMPATH\Database\MySQLi\Connection.php(295): mysqli->query('INSERT INTO `loan_master` (`LoanId`, `ItemCode`, `LoanType`, `Amount`, `MonthlyInterest`, `NumInstallments`) VALUES (\'1\', \'286\', \'FestivalAdvance\', \'10000\', \'0\', \'8\')', 0)
 2 SYSTEMPATH\Database\BaseConnection.php(692): CodeIgniter\Database\MySQLi\Connection->execute('INSERT INTO `loan_master` (`LoanId`, `ItemCode`, `LoanType`, `Amount`, `MonthlyInterest`, `NumInstallments`) VALUES (\'1\', \'286\', \'FestivalAdvance\', \'10000\', \'0\', \'8\')')
 3 SYSTEMPATH\Database\BaseConnection.php(606): CodeIgniter\Database\BaseConnection->simpleQuery('INSERT INTO `loan_master` (`LoanId`, `ItemCode`, `LoanType`, `Amount`, `MonthlyInterest`, `NumInstallments`) VALUES (\'1\', \'286\', \'FestivalAdvance\', \'10000\', \'0\', \'8\')')
 4 SYSTEMPATH\Database\BaseBuilder.php(2309): CodeIgniter\Database\BaseConnection->query('INSERT INTO `loan_master` (`LoanId`, `ItemCode`, `LoanType`, `Amount`, `MonthlyInterest`, `NumInstallments`) VALUES (:LoanId:, :ItemCode:, :LoanType:, :Amount:, :MonthlyInterest:, :NumInstallments:)', [...], false)
 5 SYSTEMPATH\Model.php(330): CodeIgniter\Database\BaseBuilder->insert()
 6 SYSTEMPATH\BaseModel.php(782): CodeIgniter\Model->doInsert([...])
 7 SYSTEMPATH\Model.php(730): CodeIgniter\BaseModel->insert([...], false)
 8 SYSTEMPATH\BaseModel.php(692): CodeIgniter\Model->insert([...], false)
 9 APPPATH\Controllers\LoanMaster.php(36): CodeIgniter\BaseModel->save([...])
10 SYSTEMPATH\CodeIgniter.php(932): App\Controllers\LoanMaster->add()
11 SYSTEMPATH\CodeIgniter.php(497): CodeIgniter\CodeIgniter->runController(Object(App\Controllers\LoanMaster))
12 SYSTEMPATH\CodeIgniter.php(366): CodeIgniter\CodeIgniter->handleRequest(null, Object(Config\Cache), false)
13 FCPATH\index.php(67): CodeIgniter\CodeIgniter->run()
ERROR - 2023-11-16 16:39:51 --> mysqli_sql_exception: Unknown column 'MonthlyInterest' in 'field list' in C:\xampp\htdocs\pms\system\Database\MySQLi\Connection.php:295
Stack trace:
#0 C:\xampp\htdocs\pms\system\Database\MySQLi\Connection.php(295): mysqli->query('INSERT INTO `lo...', 0)
#1 C:\xampp\htdocs\pms\system\Database\BaseConnection.php(692): CodeIgniter\Database\MySQLi\Connection->execute('INSERT INTO `lo...')
#2 C:\xampp\htdocs\pms\system\Database\BaseConnection.php(606): CodeIgniter\Database\BaseConnection->simpleQuery('INSERT INTO `lo...')
#3 C:\xampp\htdocs\pms\system\Database\BaseBuilder.php(2309): CodeIgniter\Database\BaseConnection->query('INSERT INTO `lo...', Array, false)
#4 C:\xampp\htdocs\pms\system\Model.php(330): CodeIgniter\Database\BaseBuilder->insert()
#5 C:\xampp\htdocs\pms\system\BaseModel.php(782): CodeIgniter\Model->doInsert(Array)
#6 C:\xampp\htdocs\pms\system\Model.php(730): CodeIgniter\BaseModel->insert(Array, false)
#7 C:\xampp\htdocs\pms\system\BaseModel.php(692): CodeIgniter\Model->insert(Array, false)
#8 C:\xampp\htdocs\pms\app\Controllers\LoanMaster.php(36): CodeIgniter\BaseModel->save(Array)
#9 C:\xampp\htdocs\pms\system\CodeIgniter.php(932): App\Controllers\LoanMaster->add()
#10 C:\xampp\htdocs\pms\system\CodeIgniter.php(497): CodeIgniter\CodeIgniter->runController(Object(App\Controllers\LoanMaster))
#11 C:\xampp\htdocs\pms\system\CodeIgniter.php(366): CodeIgniter\CodeIgniter->handleRequest(NULL, Object(Config\Cache), false)
#12 C:\xampp\htdocs\pms\index.php(67): CodeIgniter\CodeIgniter->run()
#13 {main}
CRITICAL - 2023-11-16 16:39:52 --> Unknown column 'MonthlyInterest' in 'field list'
in SYSTEMPATH\Database\MySQLi\Connection.php on line 295.
 1 SYSTEMPATH\Database\MySQLi\Connection.php(295): mysqli->query('INSERT INTO `loan_master` (`LoanId`, `ItemCode`, `LoanType`, `Amount`, `MonthlyInterest`, `NumInstallments`) VALUES (\'1\', \'286\', \'FestivalAdvance\', \'10000\', \'0\', \'8\')', 0)
 2 SYSTEMPATH\Database\BaseConnection.php(692): CodeIgniter\Database\MySQLi\Connection->execute('INSERT INTO `loan_master` (`LoanId`, `ItemCode`, `LoanType`, `Amount`, `MonthlyInterest`, `NumInstallments`) VALUES (\'1\', \'286\', \'FestivalAdvance\', \'10000\', \'0\', \'8\')')
 3 SYSTEMPATH\Database\BaseConnection.php(606): CodeIgniter\Database\BaseConnection->simpleQuery('INSERT INTO `loan_master` (`LoanId`, `ItemCode`, `LoanType`, `Amount`, `MonthlyInterest`, `NumInstallments`) VALUES (\'1\', \'286\', \'FestivalAdvance\', \'10000\', \'0\', \'8\')')
 4 SYSTEMPATH\Database\BaseBuilder.php(2309): CodeIgniter\Database\BaseConnection->query('INSERT INTO `loan_master` (`LoanId`, `ItemCode`, `LoanType`, `Amount`, `MonthlyInterest`, `NumInstallments`) VALUES (:LoanId:, :ItemCode:, :LoanType:, :Amount:, :MonthlyInterest:, :NumInstallments:)', [...], false)
 5 SYSTEMPATH\Model.php(330): CodeIgniter\Database\BaseBuilder->insert()
 6 SYSTEMPATH\BaseModel.php(782): CodeIgniter\Model->doInsert([...])
 7 SYSTEMPATH\Model.php(730): CodeIgniter\BaseModel->insert([...], false)
 8 SYSTEMPATH\BaseModel.php(692): CodeIgniter\Model->insert([...], false)
 9 APPPATH\Controllers\LoanMaster.php(36): CodeIgniter\BaseModel->save([...])
10 SYSTEMPATH\CodeIgniter.php(932): App\Controllers\LoanMaster->add()
11 SYSTEMPATH\CodeIgniter.php(497): CodeIgniter\CodeIgniter->runController(Object(App\Controllers\LoanMaster))
12 SYSTEMPATH\CodeIgniter.php(366): CodeIgniter\CodeIgniter->handleRequest(null, Object(Config\Cache), false)
13 FCPATH\index.php(67): CodeIgniter\CodeIgniter->run()
ERROR - 2023-11-16 16:42:20 --> mysqli_sql_exception: Unknown column 'NumInstallments' in 'field list' in C:\xampp\htdocs\pms\system\Database\MySQLi\Connection.php:295
Stack trace:
#0 C:\xampp\htdocs\pms\system\Database\MySQLi\Connection.php(295): mysqli->query('INSERT INTO `lo...', 0)
#1 C:\xampp\htdocs\pms\system\Database\BaseConnection.php(692): CodeIgniter\Database\MySQLi\Connection->execute('INSERT INTO `lo...')
#2 C:\xampp\htdocs\pms\system\Database\BaseConnection.php(606): CodeIgniter\Database\BaseConnection->simpleQuery('INSERT INTO `lo...')
#3 C:\xampp\htdocs\pms\system\Database\BaseBuilder.php(2309): CodeIgniter\Database\BaseConnection->query('INSERT INTO `lo...', Array, false)
#4 C:\xampp\htdocs\pms\system\Model.php(330): CodeIgniter\Database\BaseBuilder->insert()
#5 C:\xampp\htdocs\pms\system\BaseModel.php(782): CodeIgniter\Model->doInsert(Array)
#6 C:\xampp\htdocs\pms\system\Model.php(730): CodeIgniter\BaseModel->insert(Array, false)
#7 C:\xampp\htdocs\pms\system\BaseModel.php(692): CodeIgniter\Model->insert(Array, false)
#8 C:\xampp\htdocs\pms\app\Controllers\LoanMaster.php(36): CodeIgniter\BaseModel->save(Array)
#9 C:\xampp\htdocs\pms\system\CodeIgniter.php(932): App\Controllers\LoanMaster->add()
#10 C:\xampp\htdocs\pms\system\CodeIgniter.php(497): CodeIgniter\CodeIgniter->runController(Object(App\Controllers\LoanMaster))
#11 C:\xampp\htdocs\pms\system\CodeIgniter.php(366): CodeIgniter\CodeIgniter->handleRequest(NULL, Object(Config\Cache), false)
#12 C:\xampp\htdocs\pms\index.php(67): CodeIgniter\CodeIgniter->run()
#13 {main}
CRITICAL - 2023-11-16 16:42:20 --> Unknown column 'NumInstallments' in 'field list'
in SYSTEMPATH\Database\MySQLi\Connection.php on line 295.
 1 SYSTEMPATH\Database\MySQLi\Connection.php(295): mysqli->query('INSERT INTO `loan_master` (`LoanId`, `ItemCode`, `LoanType`, `Amount`, `MonthlyInterest`, `NumInstallments`) VALUES (\'1\', \'286\', \'FestivalAdvance\', \'10000\', \'0\', \'8\')', 0)
 2 SYSTEMPATH\Database\BaseConnection.php(692): CodeIgniter\Database\MySQLi\Connection->execute('INSERT INTO `loan_master` (`LoanId`, `ItemCode`, `LoanType`, `Amount`, `MonthlyInterest`, `NumInstallments`) VALUES (\'1\', \'286\', \'FestivalAdvance\', \'10000\', \'0\', \'8\')')
 3 SYSTEMPATH\Database\BaseConnection.php(606): CodeIgniter\Database\BaseConnection->simpleQuery('INSERT INTO `loan_master` (`LoanId`, `ItemCode`, `LoanType`, `Amount`, `MonthlyInterest`, `NumInstallments`) VALUES (\'1\', \'286\', \'FestivalAdvance\', \'10000\', \'0\', \'8\')')
 4 SYSTEMPATH\Database\BaseBuilder.php(2309): CodeIgniter\Database\BaseConnection->query('INSERT INTO `loan_master` (`LoanId`, `ItemCode`, `LoanType`, `Amount`, `MonthlyInterest`, `NumInstallments`) VALUES (:LoanId:, :ItemCode:, :LoanType:, :Amount:, :MonthlyInterest:, :NumInstallments:)', [...], false)
 5 SYSTEMPATH\Model.php(330): CodeIgniter\Database\BaseBuilder->insert()
 6 SYSTEMPATH\BaseModel.php(782): CodeIgniter\Model->doInsert([...])
 7 SYSTEMPATH\Model.php(730): CodeIgniter\BaseModel->insert([...], false)
 8 SYSTEMPATH\BaseModel.php(692): CodeIgniter\Model->insert([...], false)
 9 APPPATH\Controllers\LoanMaster.php(36): CodeIgniter\BaseModel->save([...])
10 SYSTEMPATH\CodeIgniter.php(932): App\Controllers\LoanMaster->add()
11 SYSTEMPATH\CodeIgniter.php(497): CodeIgniter\CodeIgniter->runController(Object(App\Controllers\LoanMaster))
12 SYSTEMPATH\CodeIgniter.php(366): CodeIgniter\CodeIgniter->handleRequest(null, Object(Config\Cache), false)
13 FCPATH\index.php(67): CodeIgniter\CodeIgniter->run()
