CRITICAL - 2023-10-05 05:01:09 --> Undefined variable $employee_list
in APPPATH\Views\sys\monthly_details\add.php on line 65.
 1 APPPATH\Views\sys\monthly_details\add.php(65): CodeIgniter\Debug\Exceptions->errorHandler(2, 'Undefined variable $employee_list', 'C:\\xampp\\htdocs\\pms\\app\\Views\\sys\\monthly_details\\add.php', 65)
 2 SYSTEMPATH\View\View.php(224): include('C:\\xampp\\htdocs\\pms\\app\\Views\\sys\\monthly_details\\add.php')
 3 SYSTEMPATH\View\View.php(227): CodeIgniter\View\View->CodeIgniter\View\{closure}()
 4 SYSTEMPATH\Common.php(1176): CodeIgniter\View\View->render('sys/monthly_details/add', [], true)
 5 APPPATH\Controllers\Monthlydetails.php(54): view('sys/monthly_details/add', [...])
 6 SYSTEMPATH\CodeIgniter.php(932): App\Controllers\Monthlydetails->add()
 7 SYSTEMPATH\CodeIgniter.php(497): CodeIgniter\CodeIgniter->runController(Object(App\Controllers\Monthlydetails))
 8 SYSTEMPATH\CodeIgniter.php(366): CodeIgniter\CodeIgniter->handleRequest(null, Object(Config\Cache), false)
 9 FCPATH\index.php(67): CodeIgniter\CodeIgniter->run()
CRITICAL - 2023-10-05 05:02:51 --> Undefined variable $employee_list
in APPPATH\Views\sys\monthly_details\add.php on line 65.
 1 APPPATH\Views\sys\monthly_details\add.php(65): CodeIgniter\Debug\Exceptions->errorHandler(2, 'Undefined variable $employee_list', 'C:\\xampp\\htdocs\\pms\\app\\Views\\sys\\monthly_details\\add.php', 65)
 2 SYSTEMPATH\View\View.php(224): include('C:\\xampp\\htdocs\\pms\\app\\Views\\sys\\monthly_details\\add.php')
 3 SYSTEMPATH\View\View.php(227): CodeIgniter\View\View->CodeIgniter\View\{closure}()
 4 SYSTEMPATH\Common.php(1176): CodeIgniter\View\View->render('sys/monthly_details/add', [], true)
 5 APPPATH\Controllers\Monthlydetails.php(54): view('sys/monthly_details/add', [...])
 6 SYSTEMPATH\CodeIgniter.php(932): App\Controllers\Monthlydetails->add()
 7 SYSTEMPATH\CodeIgniter.php(497): CodeIgniter\CodeIgniter->runController(Object(App\Controllers\Monthlydetails))
 8 SYSTEMPATH\CodeIgniter.php(366): CodeIgniter\CodeIgniter->handleRequest(null, Object(Config\Cache), false)
 9 FCPATH\index.php(67): CodeIgniter\CodeIgniter->run()
CRITICAL - 2023-10-05 05:13:23 --> Undefined variable $employee_list
in APPPATH\Views\sys\monthly_details\add.php on line 65.
 1 APPPATH\Views\sys\monthly_details\add.php(65): CodeIgniter\Debug\Exceptions->errorHandler(2, 'Undefined variable $employee_list', 'C:\\xampp\\htdocs\\pms\\app\\Views\\sys\\monthly_details\\add.php', 65)
 2 SYSTEMPATH\View\View.php(224): include('C:\\xampp\\htdocs\\pms\\app\\Views\\sys\\monthly_details\\add.php')
 3 SYSTEMPATH\View\View.php(227): CodeIgniter\View\View->CodeIgniter\View\{closure}()
 4 SYSTEMPATH\Common.php(1176): CodeIgniter\View\View->render('sys/monthly_details/add', [], true)
 5 APPPATH\Controllers\Monthlydetails.php(54): view('sys/monthly_details/add', [...])
 6 SYSTEMPATH\CodeIgniter.php(932): App\Controllers\Monthlydetails->add()
 7 SYSTEMPATH\CodeIgniter.php(497): CodeIgniter\CodeIgniter->runController(Object(App\Controllers\Monthlydetails))
 8 SYSTEMPATH\CodeIgniter.php(366): CodeIgniter\CodeIgniter->handleRequest(null, Object(Config\Cache), false)
 9 FCPATH\index.php(67): CodeIgniter\CodeIgniter->run()
CRITICAL - 2023-10-05 05:32:26 --> Undefined variable $employee_list
in APPPATH\Views\sys\monthly_details\add.php on line 65.
 1 APPPATH\Views\sys\monthly_details\add.php(65): CodeIgniter\Debug\Exceptions->errorHandler(2, 'Undefined variable $employee_list', 'C:\\xampp\\htdocs\\pms\\app\\Views\\sys\\monthly_details\\add.php', 65)
 2 SYSTEMPATH\View\View.php(224): include('C:\\xampp\\htdocs\\pms\\app\\Views\\sys\\monthly_details\\add.php')
 3 SYSTEMPATH\View\View.php(227): CodeIgniter\View\View->CodeIgniter\View\{closure}()
 4 SYSTEMPATH\Common.php(1176): CodeIgniter\View\View->render('sys/monthly_details/add', [], true)
 5 APPPATH\Controllers\Monthlydetails.php(54): view('sys/monthly_details/add', [...])
 6 SYSTEMPATH\CodeIgniter.php(932): App\Controllers\Monthlydetails->add()
 7 SYSTEMPATH\CodeIgniter.php(497): CodeIgniter\CodeIgniter->runController(Object(App\Controllers\Monthlydetails))
 8 SYSTEMPATH\CodeIgniter.php(366): CodeIgniter\CodeIgniter->handleRequest(null, Object(Config\Cache), false)
 9 FCPATH\index.php(67): CodeIgniter\CodeIgniter->run()
CRITICAL - 2023-10-05 05:32:39 --> Undefined variable $employee_list
in APPPATH\Views\sys\monthly_details\add.php on line 65.
 1 APPPATH\Views\sys\monthly_details\add.php(65): CodeIgniter\Debug\Exceptions->errorHandler(2, 'Undefined variable $employee_list', 'C:\\xampp\\htdocs\\pms\\app\\Views\\sys\\monthly_details\\add.php', 65)
 2 SYSTEMPATH\View\View.php(224): include('C:\\xampp\\htdocs\\pms\\app\\Views\\sys\\monthly_details\\add.php')
 3 SYSTEMPATH\View\View.php(227): CodeIgniter\View\View->CodeIgniter\View\{closure}()
 4 SYSTEMPATH\Common.php(1176): CodeIgniter\View\View->render('sys/monthly_details/add', [], true)
 5 APPPATH\Controllers\Monthlydetails.php(54): view('sys/monthly_details/add', [...])
 6 SYSTEMPATH\CodeIgniter.php(932): App\Controllers\Monthlydetails->add()
 7 SYSTEMPATH\CodeIgniter.php(497): CodeIgniter\CodeIgniter->runController(Object(App\Controllers\Monthlydetails))
 8 SYSTEMPATH\CodeIgniter.php(366): CodeIgniter\CodeIgniter->handleRequest(null, Object(Config\Cache), false)
 9 FCPATH\index.php(67): CodeIgniter\CodeIgniter->run()
CRITICAL - 2023-10-05 05:32:41 --> Undefined variable $employee_list
in APPPATH\Views\sys\monthly_details\add.php on line 65.
 1 APPPATH\Views\sys\monthly_details\add.php(65): CodeIgniter\Debug\Exceptions->errorHandler(2, 'Undefined variable $employee_list', 'C:\\xampp\\htdocs\\pms\\app\\Views\\sys\\monthly_details\\add.php', 65)
 2 SYSTEMPATH\View\View.php(224): include('C:\\xampp\\htdocs\\pms\\app\\Views\\sys\\monthly_details\\add.php')
 3 SYSTEMPATH\View\View.php(227): CodeIgniter\View\View->CodeIgniter\View\{closure}()
 4 SYSTEMPATH\Common.php(1176): CodeIgniter\View\View->render('sys/monthly_details/add', [], true)
 5 APPPATH\Controllers\Monthlydetails.php(54): view('sys/monthly_details/add', [...])
 6 SYSTEMPATH\CodeIgniter.php(932): App\Controllers\Monthlydetails->add()
 7 SYSTEMPATH\CodeIgniter.php(497): CodeIgniter\CodeIgniter->runController(Object(App\Controllers\Monthlydetails))
 8 SYSTEMPATH\CodeIgniter.php(366): CodeIgniter\CodeIgniter->handleRequest(null, Object(Config\Cache), false)
 9 FCPATH\index.php(67): CodeIgniter\CodeIgniter->run()
CRITICAL - 2023-10-05 05:34:52 --> Undefined variable $employee_list
in APPPATH\Views\sys\monthly_details\add.php on line 65.
 1 APPPATH\Views\sys\monthly_details\add.php(65): CodeIgniter\Debug\Exceptions->errorHandler(2, 'Undefined variable $employee_list', 'C:\\xampp\\htdocs\\pms\\app\\Views\\sys\\monthly_details\\add.php', 65)
 2 SYSTEMPATH\View\View.php(224): include('C:\\xampp\\htdocs\\pms\\app\\Views\\sys\\monthly_details\\add.php')
 3 SYSTEMPATH\View\View.php(227): CodeIgniter\View\View->CodeIgniter\View\{closure}()
 4 SYSTEMPATH\Common.php(1176): CodeIgniter\View\View->render('sys/monthly_details/add', [], true)
 5 APPPATH\Controllers\Monthlydetails.php(54): view('sys/monthly_details/add', [...])
 6 SYSTEMPATH\CodeIgniter.php(932): App\Controllers\Monthlydetails->add()
 7 SYSTEMPATH\CodeIgniter.php(497): CodeIgniter\CodeIgniter->runController(Object(App\Controllers\Monthlydetails))
 8 SYSTEMPATH\CodeIgniter.php(366): CodeIgniter\CodeIgniter->handleRequest(null, Object(Config\Cache), false)
 9 FCPATH\index.php(67): CodeIgniter\CodeIgniter->run()
CRITICAL - 2023-10-05 05:34:54 --> Undefined variable $employee_list
in APPPATH\Views\sys\monthly_details\add.php on line 65.
 1 APPPATH\Views\sys\monthly_details\add.php(65): CodeIgniter\Debug\Exceptions->errorHandler(2, 'Undefined variable $employee_list', 'C:\\xampp\\htdocs\\pms\\app\\Views\\sys\\monthly_details\\add.php', 65)
 2 SYSTEMPATH\View\View.php(224): include('C:\\xampp\\htdocs\\pms\\app\\Views\\sys\\monthly_details\\add.php')
 3 SYSTEMPATH\View\View.php(227): CodeIgniter\View\View->CodeIgniter\View\{closure}()
 4 SYSTEMPATH\Common.php(1176): CodeIgniter\View\View->render('sys/monthly_details/add', [], true)
 5 APPPATH\Controllers\Monthlydetails.php(54): view('sys/monthly_details/add', [...])
 6 SYSTEMPATH\CodeIgniter.php(932): App\Controllers\Monthlydetails->add()
 7 SYSTEMPATH\CodeIgniter.php(497): CodeIgniter\CodeIgniter->runController(Object(App\Controllers\Monthlydetails))
 8 SYSTEMPATH\CodeIgniter.php(366): CodeIgniter\CodeIgniter->handleRequest(null, Object(Config\Cache), false)
 9 FCPATH\index.php(67): CodeIgniter\CodeIgniter->run()
CRITICAL - 2023-10-05 05:34:57 --> Undefined variable $employee_list
in APPPATH\Views\sys\monthly_details\add.php on line 65.
 1 APPPATH\Views\sys\monthly_details\add.php(65): CodeIgniter\Debug\Exceptions->errorHandler(2, 'Undefined variable $employee_list', 'C:\\xampp\\htdocs\\pms\\app\\Views\\sys\\monthly_details\\add.php', 65)
 2 SYSTEMPATH\View\View.php(224): include('C:\\xampp\\htdocs\\pms\\app\\Views\\sys\\monthly_details\\add.php')
 3 SYSTEMPATH\View\View.php(227): CodeIgniter\View\View->CodeIgniter\View\{closure}()
 4 SYSTEMPATH\Common.php(1176): CodeIgniter\View\View->render('sys/monthly_details/add', [], true)
 5 APPPATH\Controllers\Monthlydetails.php(54): view('sys/monthly_details/add', [...])
 6 SYSTEMPATH\CodeIgniter.php(932): App\Controllers\Monthlydetails->add()
 7 SYSTEMPATH\CodeIgniter.php(497): CodeIgniter\CodeIgniter->runController(Object(App\Controllers\Monthlydetails))
 8 SYSTEMPATH\CodeIgniter.php(366): CodeIgniter\CodeIgniter->handleRequest(null, Object(Config\Cache), false)
 9 FCPATH\index.php(67): CodeIgniter\CodeIgniter->run()
CRITICAL - 2023-10-05 05:36:08 --> Undefined variable $employee_list
in APPPATH\Views\sys\monthly_details\add.php on line 65.
 1 APPPATH\Views\sys\monthly_details\add.php(65): CodeIgniter\Debug\Exceptions->errorHandler(2, 'Undefined variable $employee_list', 'C:\\xampp\\htdocs\\pms\\app\\Views\\sys\\monthly_details\\add.php', 65)
 2 SYSTEMPATH\View\View.php(224): include('C:\\xampp\\htdocs\\pms\\app\\Views\\sys\\monthly_details\\add.php')
 3 SYSTEMPATH\View\View.php(227): CodeIgniter\View\View->CodeIgniter\View\{closure}()
 4 SYSTEMPATH\Common.php(1176): CodeIgniter\View\View->render('sys/monthly_details/add', [], true)
 5 APPPATH\Controllers\Monthlydetails.php(54): view('sys/monthly_details/add', [...])
 6 SYSTEMPATH\CodeIgniter.php(932): App\Controllers\Monthlydetails->add()
 7 SYSTEMPATH\CodeIgniter.php(497): CodeIgniter\CodeIgniter->runController(Object(App\Controllers\Monthlydetails))
 8 SYSTEMPATH\CodeIgniter.php(366): CodeIgniter\CodeIgniter->handleRequest(null, Object(Config\Cache), false)
 9 FCPATH\index.php(67): CodeIgniter\CodeIgniter->run()
CRITICAL - 2023-10-05 05:37:49 --> Undefined variable $employee_list
in APPPATH\Views\sys\monthly_details\add.php on line 65.
 1 APPPATH\Views\sys\monthly_details\add.php(65): CodeIgniter\Debug\Exceptions->errorHandler(2, 'Undefined variable $employee_list', 'C:\\xampp\\htdocs\\pms\\app\\Views\\sys\\monthly_details\\add.php', 65)
 2 SYSTEMPATH\View\View.php(224): include('C:\\xampp\\htdocs\\pms\\app\\Views\\sys\\monthly_details\\add.php')
 3 SYSTEMPATH\View\View.php(227): CodeIgniter\View\View->CodeIgniter\View\{closure}()
 4 SYSTEMPATH\Common.php(1176): CodeIgniter\View\View->render('sys/monthly_details/add', [], true)
 5 APPPATH\Controllers\Monthlydetails.php(54): view('sys/monthly_details/add', [...])
 6 SYSTEMPATH\CodeIgniter.php(932): App\Controllers\Monthlydetails->add()
 7 SYSTEMPATH\CodeIgniter.php(497): CodeIgniter\CodeIgniter->runController(Object(App\Controllers\Monthlydetails))
 8 SYSTEMPATH\CodeIgniter.php(366): CodeIgniter\CodeIgniter->handleRequest(null, Object(Config\Cache), false)
 9 FCPATH\index.php(67): CodeIgniter\CodeIgniter->run()
CRITICAL - 2023-10-05 05:53:32 --> Undefined variable $employee_list
in APPPATH\Views\sys\monthly_details\add.php on line 65.
 1 APPPATH\Views\sys\monthly_details\add.php(65): CodeIgniter\Debug\Exceptions->errorHandler(2, 'Undefined variable $employee_list', 'C:\\xampp\\htdocs\\pms\\app\\Views\\sys\\monthly_details\\add.php', 65)
 2 SYSTEMPATH\View\View.php(224): include('C:\\xampp\\htdocs\\pms\\app\\Views\\sys\\monthly_details\\add.php')
 3 SYSTEMPATH\View\View.php(227): CodeIgniter\View\View->CodeIgniter\View\{closure}()
 4 SYSTEMPATH\Common.php(1176): CodeIgniter\View\View->render('sys/monthly_details/add', [], true)
 5 APPPATH\Controllers\Monthlydetails.php(54): view('sys/monthly_details/add', [...])
 6 SYSTEMPATH\CodeIgniter.php(932): App\Controllers\Monthlydetails->add()
 7 SYSTEMPATH\CodeIgniter.php(497): CodeIgniter\CodeIgniter->runController(Object(App\Controllers\Monthlydetails))
 8 SYSTEMPATH\CodeIgniter.php(366): CodeIgniter\CodeIgniter->handleRequest(null, Object(Config\Cache), false)
 9 FCPATH\index.php(67): CodeIgniter\CodeIgniter->run()
CRITICAL - 2023-10-05 05:53:34 --> Undefined variable $employee_list
in APPPATH\Views\sys\monthly_details\add.php on line 65.
 1 APPPATH\Views\sys\monthly_details\add.php(65): CodeIgniter\Debug\Exceptions->errorHandler(2, 'Undefined variable $employee_list', 'C:\\xampp\\htdocs\\pms\\app\\Views\\sys\\monthly_details\\add.php', 65)
 2 SYSTEMPATH\View\View.php(224): include('C:\\xampp\\htdocs\\pms\\app\\Views\\sys\\monthly_details\\add.php')
 3 SYSTEMPATH\View\View.php(227): CodeIgniter\View\View->CodeIgniter\View\{closure}()
 4 SYSTEMPATH\Common.php(1176): CodeIgniter\View\View->render('sys/monthly_details/add', [], true)
 5 APPPATH\Controllers\Monthlydetails.php(54): view('sys/monthly_details/add', [...])
 6 SYSTEMPATH\CodeIgniter.php(932): App\Controllers\Monthlydetails->add()
 7 SYSTEMPATH\CodeIgniter.php(497): CodeIgniter\CodeIgniter->runController(Object(App\Controllers\Monthlydetails))
 8 SYSTEMPATH\CodeIgniter.php(366): CodeIgniter\CodeIgniter->handleRequest(null, Object(Config\Cache), false)
 9 FCPATH\index.php(67): CodeIgniter\CodeIgniter->run()
CRITICAL - 2023-10-05 05:56:12 --> Undefined array key "employee_list"
in APPPATH\Controllers\Monthlydetails.php on line 23.
 1 APPPATH\Controllers\Monthlydetails.php(23): CodeIgniter\Debug\Exceptions->errorHandler(2, 'Undefined array key "employee_list"', 'C:\\xampp\\htdocs\\pms\\app\\Controllers\\Monthlydetails.php', 23)
 2 SYSTEMPATH\CodeIgniter.php(932): App\Controllers\Monthlydetails->add()
 3 SYSTEMPATH\CodeIgniter.php(497): CodeIgniter\CodeIgniter->runController(Object(App\Controllers\Monthlydetails))
 4 SYSTEMPATH\CodeIgniter.php(366): CodeIgniter\CodeIgniter->handleRequest(null, Object(Config\Cache), false)
 5 FCPATH\index.php(67): CodeIgniter\CodeIgniter->run()
CRITICAL - 2023-10-05 15:57:08 --> Undefined variable $employee_list
in APPPATH\Views\sys\monthly_details\add.php on line 65.
 1 APPPATH\Views\sys\monthly_details\add.php(65): CodeIgniter\Debug\Exceptions->errorHandler(2, 'Undefined variable $employee_list', 'C:\\xampp\\htdocs\\pms\\app\\Views\\sys\\monthly_details\\add.php', 65)
 2 SYSTEMPATH\View\View.php(224): include('C:\\xampp\\htdocs\\pms\\app\\Views\\sys\\monthly_details\\add.php')
 3 SYSTEMPATH\View\View.php(227): CodeIgniter\View\View->CodeIgniter\View\{closure}()
 4 SYSTEMPATH\Common.php(1176): CodeIgniter\View\View->render('sys/monthly_details/add', [], true)
 5 APPPATH\Controllers\Monthlydetails.php(54): view('sys/monthly_details/add', [...])
 6 SYSTEMPATH\CodeIgniter.php(932): App\Controllers\Monthlydetails->add()
 7 SYSTEMPATH\CodeIgniter.php(497): CodeIgniter\CodeIgniter->runController(Object(App\Controllers\Monthlydetails))
 8 SYSTEMPATH\CodeIgniter.php(366): CodeIgniter\CodeIgniter->handleRequest(null, Object(Config\Cache), false)
 9 FCPATH\index.php(67): CodeIgniter\CodeIgniter->run()
CRITICAL - 2023-10-05 16:02:35 --> Undefined variable $employee_list
in APPPATH\Views\sys\monthly_details\add.php on line 65.
 1 APPPATH\Views\sys\monthly_details\add.php(65): CodeIgniter\Debug\Exceptions->errorHandler(2, 'Undefined variable $employee_list', 'C:\\xampp\\htdocs\\pms\\app\\Views\\sys\\monthly_details\\add.php', 65)
 2 SYSTEMPATH\View\View.php(224): include('C:\\xampp\\htdocs\\pms\\app\\Views\\sys\\monthly_details\\add.php')
 3 SYSTEMPATH\View\View.php(227): CodeIgniter\View\View->CodeIgniter\View\{closure}()
 4 SYSTEMPATH\Common.php(1176): CodeIgniter\View\View->render('sys/monthly_details/add', [], true)
 5 APPPATH\Controllers\Monthlydetails.php(54): view('sys/monthly_details/add', [...])
 6 SYSTEMPATH\CodeIgniter.php(932): App\Controllers\Monthlydetails->add()
 7 SYSTEMPATH\CodeIgniter.php(497): CodeIgniter\CodeIgniter->runController(Object(App\Controllers\Monthlydetails))
 8 SYSTEMPATH\CodeIgniter.php(366): CodeIgniter\CodeIgniter->handleRequest(null, Object(Config\Cache), false)
 9 FCPATH\index.php(67): CodeIgniter\CodeIgniter->run()
CRITICAL - 2023-10-05 16:07:37 --> Undefined variable $employee_list
in APPPATH\Views\sys\monthly_details\add.php on line 66.
 1 APPPATH\Views\sys\monthly_details\add.php(66): CodeIgniter\Debug\Exceptions->errorHandler(2, 'Undefined variable $employee_list', 'C:\\xampp\\htdocs\\pms\\app\\Views\\sys\\monthly_details\\add.php', 66)
 2 SYSTEMPATH\View\View.php(224): include('C:\\xampp\\htdocs\\pms\\app\\Views\\sys\\monthly_details\\add.php')
 3 SYSTEMPATH\View\View.php(227): CodeIgniter\View\View->CodeIgniter\View\{closure}()
 4 SYSTEMPATH\Common.php(1176): CodeIgniter\View\View->render('sys/monthly_details/add', [], true)
 5 APPPATH\Controllers\Monthlydetails.php(54): view('sys/monthly_details/add', [...])
 6 SYSTEMPATH\CodeIgniter.php(932): App\Controllers\Monthlydetails->add()
 7 SYSTEMPATH\CodeIgniter.php(497): CodeIgniter\CodeIgniter->runController(Object(App\Controllers\Monthlydetails))
 8 SYSTEMPATH\CodeIgniter.php(366): CodeIgniter\CodeIgniter->handleRequest(null, Object(Config\Cache), false)
 9 FCPATH\index.php(67): CodeIgniter\CodeIgniter->run()
CRITICAL - 2023-10-05 16:34:01 --> Undefined property: App\Controllers\Employee::$employee
in APPPATH\Controllers\Employee.php on line 60.
 1 APPPATH\Controllers\Employee.php(60): CodeIgniter\Debug\Exceptions->errorHandler(2, 'Undefined property: App\\Controllers\\Employee::$employee', 'C:\\xampp\\htdocs\\pms\\app\\Controllers\\Employee.php', 60)
 2 SYSTEMPATH\CodeIgniter.php(932): App\Controllers\Employee->add()
 3 SYSTEMPATH\CodeIgniter.php(497): CodeIgniter\CodeIgniter->runController(Object(App\Controllers\Employee))
 4 SYSTEMPATH\CodeIgniter.php(366): CodeIgniter\CodeIgniter->handleRequest(null, Object(Config\Cache), false)
 5 FCPATH\index.php(67): CodeIgniter\CodeIgniter->run()
CRITICAL - 2023-10-05 17:22:25 --> Undefined variable $employee_list
in APPPATH\Views\sys\monthly_details\add.php on line 66.
 1 APPPATH\Views\sys\monthly_details\add.php(66): CodeIgniter\Debug\Exceptions->errorHandler(2, 'Undefined variable $employee_list', 'C:\\xampp\\htdocs\\pms\\app\\Views\\sys\\monthly_details\\add.php', 66)
 2 SYSTEMPATH\View\View.php(224): include('C:\\xampp\\htdocs\\pms\\app\\Views\\sys\\monthly_details\\add.php')
 3 SYSTEMPATH\View\View.php(227): CodeIgniter\View\View->CodeIgniter\View\{closure}()
 4 SYSTEMPATH\Common.php(1176): CodeIgniter\View\View->render('sys/monthly_details/add', [], true)
 5 APPPATH\Controllers\Monthlydetails.php(54): view('sys/monthly_details/add', [...])
 6 SYSTEMPATH\CodeIgniter.php(932): App\Controllers\Monthlydetails->add()
 7 SYSTEMPATH\CodeIgniter.php(497): CodeIgniter\CodeIgniter->runController(Object(App\Controllers\Monthlydetails))
 8 SYSTEMPATH\CodeIgniter.php(366): CodeIgniter\CodeIgniter->handleRequest(null, Object(Config\Cache), false)
 9 FCPATH\index.php(67): CodeIgniter\CodeIgniter->run()
