ERROR - 2024-02-26 14:20:50 --> mysqli_sql_exception: You have an error in your SQL syntax; check the manual that corresponds to your MariaDB server version for the right syntax to use near 'FROM month_process WHERE ItemCode='600'' at line 16 in C:\xampp\htdocs\pms\system\Database\MySQLi\Connection.php:295
Stack trace:
#0 C:\xampp\htdocs\pms\system\Database\MySQLi\Connection.php(295): mysqli->query('\nSELECT\n       ...', 0)
#1 C:\xampp\htdocs\pms\system\Database\BaseConnection.php(692): CodeIgniter\Database\MySQLi\Connection->execute('\nSELECT\n       ...')
#2 C:\xampp\htdocs\pms\system\Database\BaseConnection.php(606): CodeIgniter\Database\BaseConnection->simpleQuery('\nSELECT\n       ...')
#3 C:\xampp\htdocs\pms\system\Model.php(832): CodeIgniter\Database\BaseConnection->query('\nSELECT\n       ...')
#4 C:\xampp\htdocs\pms\app\Models\PayrollModel.php(72): CodeIgniter\Model->__call('query', Array)
#5 C:\xampp\htdocs\pms\app\Controllers\Payroll.php(453): App\Models\PayrollModel->getCoinAnalysis()
#6 C:\xampp\htdocs\pms\system\CodeIgniter.php(932): App\Controllers\Payroll->coin_count()
#7 C:\xampp\htdocs\pms\system\CodeIgniter.php(497): CodeIgniter\CodeIgniter->runController(Object(App\Controllers\Payroll))
#8 C:\xampp\htdocs\pms\system\CodeIgniter.php(366): CodeIgniter\CodeIgniter->handleRequest(NULL, Object(Config\Cache), false)
#9 C:\xampp\htdocs\pms\index.php(67): CodeIgniter\CodeIgniter->run()
#10 {main}
CRITICAL - 2024-02-26 14:20:50 --> You have an error in your SQL syntax; check the manual that corresponds to your MariaDB server version for the right syntax to use near 'FROM month_process WHERE ItemCode='600'' at line 16
in SYSTEMPATH\Database\MySQLi\Connection.php on line 295.
 1 SYSTEMPATH\Database\MySQLi\Connection.php(295): mysqli->query('
SELECT
        EmployeeCode,Year,Month,
        Amount as NetSalary, 
     FLOOR(Amount / 5000) as coins_5000,
       FLOOR((Amount % 5000) / 1000) as coins_1000,
       FLOOR(((Amount % 5000) % 1000) / 500) as coins_500,
       FLOOR((((Amount % 5000) % 1000) % 500) / 100) as coins_100,
       FLOOR(((((Amount % 5000) % 1000) % 500) % 100) / 50) as coins_50,
       FLOOR((((((Amount % 5000) % 1000) % 500) % 100) % 50) / 20) as coins_20,
       FLOOR(((((((Amount % 5000) % 1000) % 500) % 100) % 50) % 20) / 10) as coins_10,
       FLOOR((((((((Amount % 5000) % 1000) % 500) % 100) % 50) % 20) % 10) / 5) as coins_5,
       FLOOR(((((((((Amount % 5000) % 1000) % 500) % 100) % 50) % 20) % 10) % 5) / 2) as coins_2,
        FLOOR((((((((((Amount % 5000) % 1000) % 500) % 100) % 50) % 20) % 10) % 5) % 2) / 1) as coins_1,
        
       
        FROM month_process WHERE ItemCode=\'600\';', 0)
 2 SYSTEMPATH\Database\BaseConnection.php(692): CodeIgniter\Database\MySQLi\Connection->execute('
SELECT
        EmployeeCode,Year,Month,
        Amount as NetSalary, 
     FLOOR(Amount / 5000) as coins_5000,
       FLOOR((Amount % 5000) / 1000) as coins_1000,
       FLOOR(((Amount % 5000) % 1000) / 500) as coins_500,
       FLOOR((((Amount % 5000) % 1000) % 500) / 100) as coins_100,
       FLOOR(((((Amount % 5000) % 1000) % 500) % 100) / 50) as coins_50,
       FLOOR((((((Amount % 5000) % 1000) % 500) % 100) % 50) / 20) as coins_20,
       FLOOR(((((((Amount % 5000) % 1000) % 500) % 100) % 50) % 20) / 10) as coins_10,
       FLOOR((((((((Amount % 5000) % 1000) % 500) % 100) % 50) % 20) % 10) / 5) as coins_5,
       FLOOR(((((((((Amount % 5000) % 1000) % 500) % 100) % 50) % 20) % 10) % 5) / 2) as coins_2,
        FLOOR((((((((((Amount % 5000) % 1000) % 500) % 100) % 50) % 20) % 10) % 5) % 2) / 1) as coins_1,
        
       
        FROM month_process WHERE ItemCode=\'600\';')
 3 SYSTEMPATH\Database\BaseConnection.php(606): CodeIgniter\Database\BaseConnection->simpleQuery('
SELECT
        EmployeeCode,Year,Month,
        Amount as NetSalary, 
     FLOOR(Amount / 5000) as coins_5000,
       FLOOR((Amount % 5000) / 1000) as coins_1000,
       FLOOR(((Amount % 5000) % 1000) / 500) as coins_500,
       FLOOR((((Amount % 5000) % 1000) % 500) / 100) as coins_100,
       FLOOR(((((Amount % 5000) % 1000) % 500) % 100) / 50) as coins_50,
       FLOOR((((((Amount % 5000) % 1000) % 500) % 100) % 50) / 20) as coins_20,
       FLOOR(((((((Amount % 5000) % 1000) % 500) % 100) % 50) % 20) / 10) as coins_10,
       FLOOR((((((((Amount % 5000) % 1000) % 500) % 100) % 50) % 20) % 10) / 5) as coins_5,
       FLOOR(((((((((Amount % 5000) % 1000) % 500) % 100) % 50) % 20) % 10) % 5) / 2) as coins_2,
        FLOOR((((((((((Amount % 5000) % 1000) % 500) % 100) % 50) % 20) % 10) % 5) % 2) / 1) as coins_1,
        
       
        FROM month_process WHERE ItemCode=\'600\';')
 4 SYSTEMPATH\Model.php(832): CodeIgniter\Database\BaseConnection->query('
SELECT
        EmployeeCode,Year,Month,
        Amount as NetSalary, 
     FLOOR(Amount / 5000) as coins_5000,
       FLOOR((Amount % 5000) / 1000) as coins_1000,
       FLOOR(((Amount % 5000) % 1000) / 500) as coins_500,
       FLOOR((((Amount % 5000) % 1000) % 500) / 100) as coins_100,
       FLOOR(((((Amount % 5000) % 1000) % 500) % 100) / 50) as coins_50,
       FLOOR((((((Amount % 5000) % 1000) % 500) % 100) % 50) / 20) as coins_20,
       FLOOR(((((((Amount % 5000) % 1000) % 500) % 100) % 50) % 20) / 10) as coins_10,
       FLOOR((((((((Amount % 5000) % 1000) % 500) % 100) % 50) % 20) % 10) / 5) as coins_5,
       FLOOR(((((((((Amount % 5000) % 1000) % 500) % 100) % 50) % 20) % 10) % 5) / 2) as coins_2,
        FLOOR((((((((((Amount % 5000) % 1000) % 500) % 100) % 50) % 20) % 10) % 5) % 2) / 1) as coins_1,
        
       
        FROM month_process WHERE ItemCode=\'600\';')
 5 APPPATH\Models\PayrollModel.php(72): CodeIgniter\Model->__call('query', [...])
 6 APPPATH\Controllers\Payroll.php(453): App\Models\PayrollModel->getCoinAnalysis()
 7 SYSTEMPATH\CodeIgniter.php(932): App\Controllers\Payroll->coin_count()
 8 SYSTEMPATH\CodeIgniter.php(497): CodeIgniter\CodeIgniter->runController(Object(App\Controllers\Payroll))
 9 SYSTEMPATH\CodeIgniter.php(366): CodeIgniter\CodeIgniter->handleRequest(null, Object(Config\Cache), false)
10 FCPATH\index.php(67): CodeIgniter\CodeIgniter->run()
ERROR - 2024-02-26 14:21:48 --> mysqli_sql_exception: You have an error in your SQL syntax; check the manual that corresponds to your MariaDB server version for the right syntax to use near 'FROM month_process WHERE ItemCode='600'' at line 16 in C:\xampp\htdocs\pms\system\Database\MySQLi\Connection.php:295
Stack trace:
#0 C:\xampp\htdocs\pms\system\Database\MySQLi\Connection.php(295): mysqli->query('\nSELECT\n       ...', 0)
#1 C:\xampp\htdocs\pms\system\Database\BaseConnection.php(692): CodeIgniter\Database\MySQLi\Connection->execute('\nSELECT\n       ...')
#2 C:\xampp\htdocs\pms\system\Database\BaseConnection.php(606): CodeIgniter\Database\BaseConnection->simpleQuery('\nSELECT\n       ...')
#3 C:\xampp\htdocs\pms\system\Model.php(832): CodeIgniter\Database\BaseConnection->query('\nSELECT\n       ...')
#4 C:\xampp\htdocs\pms\app\Models\PayrollModel.php(72): CodeIgniter\Model->__call('query', Array)
#5 C:\xampp\htdocs\pms\app\Controllers\Payroll.php(453): App\Models\PayrollModel->getCoinAnalysis()
#6 C:\xampp\htdocs\pms\system\CodeIgniter.php(932): App\Controllers\Payroll->coin_count()
#7 C:\xampp\htdocs\pms\system\CodeIgniter.php(497): CodeIgniter\CodeIgniter->runController(Object(App\Controllers\Payroll))
#8 C:\xampp\htdocs\pms\system\CodeIgniter.php(366): CodeIgniter\CodeIgniter->handleRequest(NULL, Object(Config\Cache), false)
#9 C:\xampp\htdocs\pms\index.php(67): CodeIgniter\CodeIgniter->run()
#10 {main}
CRITICAL - 2024-02-26 14:21:48 --> You have an error in your SQL syntax; check the manual that corresponds to your MariaDB server version for the right syntax to use near 'FROM month_process WHERE ItemCode='600'' at line 16
in SYSTEMPATH\Database\MySQLi\Connection.php on line 295.
 1 SYSTEMPATH\Database\MySQLi\Connection.php(295): mysqli->query('
SELECT
        EmployeeCode,Year,Month,
        Amount as NetSalary, 
     FLOOR(Amount / 5000) as coins_5000,
       FLOOR((Amount % 5000) / 1000) as coins_1000,
       FLOOR(((Amount % 5000) % 1000) / 500) as coins_500,
       FLOOR((((Amount % 5000) % 1000) % 500) / 100) as coins_100,
       FLOOR(((((Amount % 5000) % 1000) % 500) % 100) / 50) as coins_50,
       FLOOR((((((Amount % 5000) % 1000) % 500) % 100) % 50) / 20) as coins_20,
       FLOOR(((((((Amount % 5000) % 1000) % 500) % 100) % 50) % 20) / 10) as coins_10,
       FLOOR((((((((Amount % 5000) % 1000) % 500) % 100) % 50) % 20) % 10) / 5) as coins_5,
       FLOOR(((((((((Amount % 5000) % 1000) % 500) % 100) % 50) % 20) % 10) % 5) / 2) as coins_2,
        FLOOR((((((((((Amount % 5000) % 1000) % 500) % 100) % 50) % 20) % 10) % 5) % 2) / 1) as coins_1,
        
       
        FROM month_process WHERE ItemCode=\'600\';', 0)
 2 SYSTEMPATH\Database\BaseConnection.php(692): CodeIgniter\Database\MySQLi\Connection->execute('
SELECT
        EmployeeCode,Year,Month,
        Amount as NetSalary, 
     FLOOR(Amount / 5000) as coins_5000,
       FLOOR((Amount % 5000) / 1000) as coins_1000,
       FLOOR(((Amount % 5000) % 1000) / 500) as coins_500,
       FLOOR((((Amount % 5000) % 1000) % 500) / 100) as coins_100,
       FLOOR(((((Amount % 5000) % 1000) % 500) % 100) / 50) as coins_50,
       FLOOR((((((Amount % 5000) % 1000) % 500) % 100) % 50) / 20) as coins_20,
       FLOOR(((((((Amount % 5000) % 1000) % 500) % 100) % 50) % 20) / 10) as coins_10,
       FLOOR((((((((Amount % 5000) % 1000) % 500) % 100) % 50) % 20) % 10) / 5) as coins_5,
       FLOOR(((((((((Amount % 5000) % 1000) % 500) % 100) % 50) % 20) % 10) % 5) / 2) as coins_2,
        FLOOR((((((((((Amount % 5000) % 1000) % 500) % 100) % 50) % 20) % 10) % 5) % 2) / 1) as coins_1,
        
       
        FROM month_process WHERE ItemCode=\'600\';')
 3 SYSTEMPATH\Database\BaseConnection.php(606): CodeIgniter\Database\BaseConnection->simpleQuery('
SELECT
        EmployeeCode,Year,Month,
        Amount as NetSalary, 
     FLOOR(Amount / 5000) as coins_5000,
       FLOOR((Amount % 5000) / 1000) as coins_1000,
       FLOOR(((Amount % 5000) % 1000) / 500) as coins_500,
       FLOOR((((Amount % 5000) % 1000) % 500) / 100) as coins_100,
       FLOOR(((((Amount % 5000) % 1000) % 500) % 100) / 50) as coins_50,
       FLOOR((((((Amount % 5000) % 1000) % 500) % 100) % 50) / 20) as coins_20,
       FLOOR(((((((Amount % 5000) % 1000) % 500) % 100) % 50) % 20) / 10) as coins_10,
       FLOOR((((((((Amount % 5000) % 1000) % 500) % 100) % 50) % 20) % 10) / 5) as coins_5,
       FLOOR(((((((((Amount % 5000) % 1000) % 500) % 100) % 50) % 20) % 10) % 5) / 2) as coins_2,
        FLOOR((((((((((Amount % 5000) % 1000) % 500) % 100) % 50) % 20) % 10) % 5) % 2) / 1) as coins_1,
        
       
        FROM month_process WHERE ItemCode=\'600\';')
 4 SYSTEMPATH\Model.php(832): CodeIgniter\Database\BaseConnection->query('
SELECT
        EmployeeCode,Year,Month,
        Amount as NetSalary, 
     FLOOR(Amount / 5000) as coins_5000,
       FLOOR((Amount % 5000) / 1000) as coins_1000,
       FLOOR(((Amount % 5000) % 1000) / 500) as coins_500,
       FLOOR((((Amount % 5000) % 1000) % 500) / 100) as coins_100,
       FLOOR(((((Amount % 5000) % 1000) % 500) % 100) / 50) as coins_50,
       FLOOR((((((Amount % 5000) % 1000) % 500) % 100) % 50) / 20) as coins_20,
       FLOOR(((((((Amount % 5000) % 1000) % 500) % 100) % 50) % 20) / 10) as coins_10,
       FLOOR((((((((Amount % 5000) % 1000) % 500) % 100) % 50) % 20) % 10) / 5) as coins_5,
       FLOOR(((((((((Amount % 5000) % 1000) % 500) % 100) % 50) % 20) % 10) % 5) / 2) as coins_2,
        FLOOR((((((((((Amount % 5000) % 1000) % 500) % 100) % 50) % 20) % 10) % 5) % 2) / 1) as coins_1,
        
       
        FROM month_process WHERE ItemCode=\'600\';')
 5 APPPATH\Models\PayrollModel.php(72): CodeIgniter\Model->__call('query', [...])
 6 APPPATH\Controllers\Payroll.php(453): App\Models\PayrollModel->getCoinAnalysis()
 7 SYSTEMPATH\CodeIgniter.php(932): App\Controllers\Payroll->coin_count()
 8 SYSTEMPATH\CodeIgniter.php(497): CodeIgniter\CodeIgniter->runController(Object(App\Controllers\Payroll))
 9 SYSTEMPATH\CodeIgniter.php(366): CodeIgniter\CodeIgniter->handleRequest(null, Object(Config\Cache), false)
10 FCPATH\index.php(67): CodeIgniter\CodeIgniter->run()
CRITICAL - 2024-02-26 14:46:06 --> Invalid file: "sys/payroll/coint_count.php"
in SYSTEMPATH\Exceptions\FrameworkException.php on line 33.
 1 SYSTEMPATH\View\View.php(212): CodeIgniter\Exceptions\FrameworkException::forInvalidFile('sys/payroll/coint_count.php')
 2 SYSTEMPATH\Common.php(1176): CodeIgniter\View\View->render('sys/payroll/coint_count', [], true)
 3 APPPATH\Controllers\Payroll.php(483): view('sys/payroll/coint_count', [...])
 4 SYSTEMPATH\CodeIgniter.php(932): App\Controllers\Payroll->coin_count()
 5 SYSTEMPATH\CodeIgniter.php(497): CodeIgniter\CodeIgniter->runController(Object(App\Controllers\Payroll))
 6 SYSTEMPATH\CodeIgniter.php(366): CodeIgniter\CodeIgniter->handleRequest(null, Object(Config\Cache), false)
 7 FCPATH\index.php(67): CodeIgniter\CodeIgniter->run()
CRITICAL - 2024-02-26 14:46:22 --> Call to undefined function form_open()
in APPPATH\Views\sys\payroll\coin_count.php on line 15.
 1 SYSTEMPATH\View\View.php(224): include()
 2 SYSTEMPATH\View\View.php(227): CodeIgniter\View\View->CodeIgniter\View\{closure}()
 3 SYSTEMPATH\Common.php(1176): CodeIgniter\View\View->render('sys/payroll/coin_count', [], true)
 4 APPPATH\Controllers\Payroll.php(483): view('sys/payroll/coin_count', [...])
 5 SYSTEMPATH\CodeIgniter.php(932): App\Controllers\Payroll->coin_count()
 6 SYSTEMPATH\CodeIgniter.php(497): CodeIgniter\CodeIgniter->runController(Object(App\Controllers\Payroll))
 7 SYSTEMPATH\CodeIgniter.php(366): CodeIgniter\CodeIgniter->handleRequest(null, Object(Config\Cache), false)
 8 FCPATH\index.php(67): CodeIgniter\CodeIgniter->run()
CRITICAL - 2024-02-26 15:16:23 --> Call to undefined function form_open()
in APPPATH\Views\sys\payroll\coin_count.php on line 15.
 1 SYSTEMPATH\View\View.php(224): include()
 2 SYSTEMPATH\View\View.php(227): CodeIgniter\View\View->CodeIgniter\View\{closure}()
 3 SYSTEMPATH\Common.php(1176): CodeIgniter\View\View->render('sys/payroll/coin_count', [], true)
 4 APPPATH\Controllers\Payroll.php(482): view('sys/payroll/coin_count', [...])
 5 SYSTEMPATH\CodeIgniter.php(932): App\Controllers\Payroll->coin_count()
 6 SYSTEMPATH\CodeIgniter.php(497): CodeIgniter\CodeIgniter->runController(Object(App\Controllers\Payroll))
 7 SYSTEMPATH\CodeIgniter.php(366): CodeIgniter\CodeIgniter->handleRequest(null, Object(Config\Cache), false)
 8 FCPATH\index.php(67): CodeIgniter\CodeIgniter->run()
ERROR - 2024-02-26 15:27:30 --> mysqli_sql_exception: Unknown column 'Coin0.50' in 'field list' in C:\xampp\htdocs\pms\system\Database\MySQLi\Connection.php:295
Stack trace:
#0 C:\xampp\htdocs\pms\system\Database\MySQLi\Connection.php(295): mysqli->query('INSERT INTO `co...', 0)
#1 C:\xampp\htdocs\pms\system\Database\BaseConnection.php(692): CodeIgniter\Database\MySQLi\Connection->execute('INSERT INTO `co...')
#2 C:\xampp\htdocs\pms\system\Database\BaseConnection.php(606): CodeIgniter\Database\BaseConnection->simpleQuery('INSERT INTO `co...')
#3 C:\xampp\htdocs\pms\system\Database\BaseBuilder.php(2309): CodeIgniter\Database\BaseConnection->query('INSERT INTO `co...', Array, false)
#4 C:\xampp\htdocs\pms\system\Model.php(330): CodeIgniter\Database\BaseBuilder->insert()
#5 C:\xampp\htdocs\pms\system\BaseModel.php(782): CodeIgniter\Model->doInsert(Array)
#6 C:\xampp\htdocs\pms\system\Model.php(730): CodeIgniter\BaseModel->insert(Array, true)
#7 C:\xampp\htdocs\pms\app\Controllers\Payroll.php(480): CodeIgniter\Model->insert(Array)
#8 C:\xampp\htdocs\pms\system\CodeIgniter.php(932): App\Controllers\Payroll->coin_count()
#9 C:\xampp\htdocs\pms\system\CodeIgniter.php(497): CodeIgniter\CodeIgniter->runController(Object(App\Controllers\Payroll))
#10 C:\xampp\htdocs\pms\system\CodeIgniter.php(366): CodeIgniter\CodeIgniter->handleRequest(NULL, Object(Config\Cache), false)
#11 C:\xampp\htdocs\pms\index.php(67): CodeIgniter\CodeIgniter->run()
#12 {main}
CRITICAL - 2024-02-26 15:27:30 --> Unknown column 'Coin0.50' in 'field list'
in SYSTEMPATH\Database\MySQLi\Connection.php on line 295.
 1 SYSTEMPATH\Database\MySQLi\Connection.php(295): mysqli->query('INSERT INTO `coin_analysis` (`Year`, `Month`, `EmployeeCode`, `NetSalary`, `Coin5000`, `Coin1000`, `Coin500`, `Coin100`, `Coin50`, `Coin20`, `Coin10`, `Coin5`, `Coin2`, `Coin1`, `Coin0`.`50`, `Coin0`.`25`) VALUES (\'2024\', \'1\', \'1551\', \'54626.28\', \'10\', \'4\', \'1\', \'1\', \'0\', \'1\', \'0\', \'1\', \'0\', \'1\', \'0\', \'1\')', 0)
 2 SYSTEMPATH\Database\BaseConnection.php(692): CodeIgniter\Database\MySQLi\Connection->execute('INSERT INTO `coin_analysis` (`Year`, `Month`, `EmployeeCode`, `NetSalary`, `Coin5000`, `Coin1000`, `Coin500`, `Coin100`, `Coin50`, `Coin20`, `Coin10`, `Coin5`, `Coin2`, `Coin1`, `Coin0`.`50`, `Coin0`.`25`) VALUES (\'2024\', \'1\', \'1551\', \'54626.28\', \'10\', \'4\', \'1\', \'1\', \'0\', \'1\', \'0\', \'1\', \'0\', \'1\', \'0\', \'1\')')
 3 SYSTEMPATH\Database\BaseConnection.php(606): CodeIgniter\Database\BaseConnection->simpleQuery('INSERT INTO `coin_analysis` (`Year`, `Month`, `EmployeeCode`, `NetSalary`, `Coin5000`, `Coin1000`, `Coin500`, `Coin100`, `Coin50`, `Coin20`, `Coin10`, `Coin5`, `Coin2`, `Coin1`, `Coin0`.`50`, `Coin0`.`25`) VALUES (\'2024\', \'1\', \'1551\', \'54626.28\', \'10\', \'4\', \'1\', \'1\', \'0\', \'1\', \'0\', \'1\', \'0\', \'1\', \'0\', \'1\')')
 4 SYSTEMPATH\Database\BaseBuilder.php(2309): CodeIgniter\Database\BaseConnection->query('INSERT INTO `coin_analysis` (`Year`, `Month`, `EmployeeCode`, `NetSalary`, `Coin5000`, `Coin1000`, `Coin500`, `Coin100`, `Coin50`, `Coin20`, `Coin10`, `Coin5`, `Coin2`, `Coin1`, `Coin0`.`50`, `Coin0`.`25`) VALUES (:Year:, :Month:, :EmployeeCode:, :NetSalary:, :Coin5000:, :Coin1000:, :Coin500:, :Coin100:, :Coin50:, :Coin20:, :Coin10:, :Coin5:, :Coin2:, :Coin1:, :Coin0.50:, :Coin0.25:)', [...], false)
 5 SYSTEMPATH\Model.php(330): CodeIgniter\Database\BaseBuilder->insert()
 6 SYSTEMPATH\BaseModel.php(782): CodeIgniter\Model->doInsert([...])
 7 SYSTEMPATH\Model.php(730): CodeIgniter\BaseModel->insert([...], true)
 8 APPPATH\Controllers\Payroll.php(480): CodeIgniter\Model->insert([...])
 9 SYSTEMPATH\CodeIgniter.php(932): App\Controllers\Payroll->coin_count()
10 SYSTEMPATH\CodeIgniter.php(497): CodeIgniter\CodeIgniter->runController(Object(App\Controllers\Payroll))
11 SYSTEMPATH\CodeIgniter.php(366): CodeIgniter\CodeIgniter->handleRequest(null, Object(Config\Cache), false)
12 FCPATH\index.php(67): CodeIgniter\CodeIgniter->run()
ERROR - 2024-02-26 15:33:59 --> mysqli_sql_exception: Unknown column 'Coin0.50' in 'field list' in C:\xampp\htdocs\pms\system\Database\MySQLi\Connection.php:295
Stack trace:
#0 C:\xampp\htdocs\pms\system\Database\MySQLi\Connection.php(295): mysqli->query('INSERT INTO `co...', 0)
#1 C:\xampp\htdocs\pms\system\Database\BaseConnection.php(692): CodeIgniter\Database\MySQLi\Connection->execute('INSERT INTO `co...')
#2 C:\xampp\htdocs\pms\system\Database\BaseConnection.php(606): CodeIgniter\Database\BaseConnection->simpleQuery('INSERT INTO `co...')
#3 C:\xampp\htdocs\pms\system\Database\BaseBuilder.php(2309): CodeIgniter\Database\BaseConnection->query('INSERT INTO `co...', Array, false)
#4 C:\xampp\htdocs\pms\system\Model.php(330): CodeIgniter\Database\BaseBuilder->insert()
#5 C:\xampp\htdocs\pms\system\BaseModel.php(782): CodeIgniter\Model->doInsert(Array)
#6 C:\xampp\htdocs\pms\system\Model.php(730): CodeIgniter\BaseModel->insert(Array, true)
#7 C:\xampp\htdocs\pms\app\Controllers\Payroll.php(480): CodeIgniter\Model->insert(Array)
#8 C:\xampp\htdocs\pms\system\CodeIgniter.php(932): App\Controllers\Payroll->coin_count()
#9 C:\xampp\htdocs\pms\system\CodeIgniter.php(497): CodeIgniter\CodeIgniter->runController(Object(App\Controllers\Payroll))
#10 C:\xampp\htdocs\pms\system\CodeIgniter.php(366): CodeIgniter\CodeIgniter->handleRequest(NULL, Object(Config\Cache), false)
#11 C:\xampp\htdocs\pms\index.php(67): CodeIgniter\CodeIgniter->run()
#12 {main}
CRITICAL - 2024-02-26 15:33:59 --> Unknown column 'Coin0.50' in 'field list'
in SYSTEMPATH\Database\MySQLi\Connection.php on line 295.
 1 SYSTEMPATH\Database\MySQLi\Connection.php(295): mysqli->query('INSERT INTO `coin_analysis` (`Year`, `Month`, `EmployeeCode`, `NetSalary`, `Coin5000`, `Coin1000`, `Coin500`, `Coin100`, `Coin50`, `Coin20`, `Coin10`, `Coin5`, `Coin2`, `Coin1`, `Coin0`.`50`, `Coin0`.`25`) VALUES (\'2024\', \'1\', \'1551\', \'54626.28\', \'10\', \'4\', \'1\', \'1\', \'0\', \'1\', \'0\', \'1\', \'0\', \'1\', \'0\', \'1\')', 0)
 2 SYSTEMPATH\Database\BaseConnection.php(692): CodeIgniter\Database\MySQLi\Connection->execute('INSERT INTO `coin_analysis` (`Year`, `Month`, `EmployeeCode`, `NetSalary`, `Coin5000`, `Coin1000`, `Coin500`, `Coin100`, `Coin50`, `Coin20`, `Coin10`, `Coin5`, `Coin2`, `Coin1`, `Coin0`.`50`, `Coin0`.`25`) VALUES (\'2024\', \'1\', \'1551\', \'54626.28\', \'10\', \'4\', \'1\', \'1\', \'0\', \'1\', \'0\', \'1\', \'0\', \'1\', \'0\', \'1\')')
 3 SYSTEMPATH\Database\BaseConnection.php(606): CodeIgniter\Database\BaseConnection->simpleQuery('INSERT INTO `coin_analysis` (`Year`, `Month`, `EmployeeCode`, `NetSalary`, `Coin5000`, `Coin1000`, `Coin500`, `Coin100`, `Coin50`, `Coin20`, `Coin10`, `Coin5`, `Coin2`, `Coin1`, `Coin0`.`50`, `Coin0`.`25`) VALUES (\'2024\', \'1\', \'1551\', \'54626.28\', \'10\', \'4\', \'1\', \'1\', \'0\', \'1\', \'0\', \'1\', \'0\', \'1\', \'0\', \'1\')')
 4 SYSTEMPATH\Database\BaseBuilder.php(2309): CodeIgniter\Database\BaseConnection->query('INSERT INTO `coin_analysis` (`Year`, `Month`, `EmployeeCode`, `NetSalary`, `Coin5000`, `Coin1000`, `Coin500`, `Coin100`, `Coin50`, `Coin20`, `Coin10`, `Coin5`, `Coin2`, `Coin1`, `Coin0`.`50`, `Coin0`.`25`) VALUES (:Year:, :Month:, :EmployeeCode:, :NetSalary:, :Coin5000:, :Coin1000:, :Coin500:, :Coin100:, :Coin50:, :Coin20:, :Coin10:, :Coin5:, :Coin2:, :Coin1:, :Coin0.50:, :Coin0.25:)', [...], false)
 5 SYSTEMPATH\Model.php(330): CodeIgniter\Database\BaseBuilder->insert()
 6 SYSTEMPATH\BaseModel.php(782): CodeIgniter\Model->doInsert([...])
 7 SYSTEMPATH\Model.php(730): CodeIgniter\BaseModel->insert([...], true)
 8 APPPATH\Controllers\Payroll.php(480): CodeIgniter\Model->insert([...])
 9 SYSTEMPATH\CodeIgniter.php(932): App\Controllers\Payroll->coin_count()
10 SYSTEMPATH\CodeIgniter.php(497): CodeIgniter\CodeIgniter->runController(Object(App\Controllers\Payroll))
11 SYSTEMPATH\CodeIgniter.php(366): CodeIgniter\CodeIgniter->handleRequest(null, Object(Config\Cache), false)
12 FCPATH\index.php(67): CodeIgniter\CodeIgniter->run()
ERROR - 2024-02-26 15:34:29 --> mysqli_sql_exception: Unknown column 'Coin25' in 'field list' in C:\xampp\htdocs\pms\system\Database\MySQLi\Connection.php:295
Stack trace:
#0 C:\xampp\htdocs\pms\system\Database\MySQLi\Connection.php(295): mysqli->query('INSERT INTO `co...', 0)
#1 C:\xampp\htdocs\pms\system\Database\BaseConnection.php(692): CodeIgniter\Database\MySQLi\Connection->execute('INSERT INTO `co...')
#2 C:\xampp\htdocs\pms\system\Database\BaseConnection.php(606): CodeIgniter\Database\BaseConnection->simpleQuery('INSERT INTO `co...')
#3 C:\xampp\htdocs\pms\system\Database\BaseBuilder.php(2309): CodeIgniter\Database\BaseConnection->query('INSERT INTO `co...', Array, false)
#4 C:\xampp\htdocs\pms\system\Model.php(330): CodeIgniter\Database\BaseBuilder->insert()
#5 C:\xampp\htdocs\pms\system\BaseModel.php(782): CodeIgniter\Model->doInsert(Array)
#6 C:\xampp\htdocs\pms\system\Model.php(730): CodeIgniter\BaseModel->insert(Array, true)
#7 C:\xampp\htdocs\pms\app\Controllers\Payroll.php(480): CodeIgniter\Model->insert(Array)
#8 C:\xampp\htdocs\pms\system\CodeIgniter.php(932): App\Controllers\Payroll->coin_count()
#9 C:\xampp\htdocs\pms\system\CodeIgniter.php(497): CodeIgniter\CodeIgniter->runController(Object(App\Controllers\Payroll))
#10 C:\xampp\htdocs\pms\system\CodeIgniter.php(366): CodeIgniter\CodeIgniter->handleRequest(NULL, Object(Config\Cache), false)
#11 C:\xampp\htdocs\pms\index.php(67): CodeIgniter\CodeIgniter->run()
#12 {main}
CRITICAL - 2024-02-26 15:34:29 --> Unknown column 'Coin25' in 'field list'
in SYSTEMPATH\Database\MySQLi\Connection.php on line 295.
 1 SYSTEMPATH\Database\MySQLi\Connection.php(295): mysqli->query('INSERT INTO `coin_analysis` (`Year`, `Month`, `EmployeeCode`, `NetSalary`, `Coin5000`, `Coin1000`, `Coin500`, `Coin100`, `Coin50`, `Coin20`, `Coin10`, `Coin5`, `Coin2`, `Coin1`, `Coin25`) VALUES (\'2024\', \'1\', \'1551\', \'54626.28\', \'10\', \'4\', \'1\', \'1\', \'0\', \'1\', \'0\', \'1\', \'0\', \'1\', \'1\')', 0)
 2 SYSTEMPATH\Database\BaseConnection.php(692): CodeIgniter\Database\MySQLi\Connection->execute('INSERT INTO `coin_analysis` (`Year`, `Month`, `EmployeeCode`, `NetSalary`, `Coin5000`, `Coin1000`, `Coin500`, `Coin100`, `Coin50`, `Coin20`, `Coin10`, `Coin5`, `Coin2`, `Coin1`, `Coin25`) VALUES (\'2024\', \'1\', \'1551\', \'54626.28\', \'10\', \'4\', \'1\', \'1\', \'0\', \'1\', \'0\', \'1\', \'0\', \'1\', \'1\')')
 3 SYSTEMPATH\Database\BaseConnection.php(606): CodeIgniter\Database\BaseConnection->simpleQuery('INSERT INTO `coin_analysis` (`Year`, `Month`, `EmployeeCode`, `NetSalary`, `Coin5000`, `Coin1000`, `Coin500`, `Coin100`, `Coin50`, `Coin20`, `Coin10`, `Coin5`, `Coin2`, `Coin1`, `Coin25`) VALUES (\'2024\', \'1\', \'1551\', \'54626.28\', \'10\', \'4\', \'1\', \'1\', \'0\', \'1\', \'0\', \'1\', \'0\', \'1\', \'1\')')
 4 SYSTEMPATH\Database\BaseBuilder.php(2309): CodeIgniter\Database\BaseConnection->query('INSERT INTO `coin_analysis` (`Year`, `Month`, `EmployeeCode`, `NetSalary`, `Coin5000`, `Coin1000`, `Coin500`, `Coin100`, `Coin50`, `Coin20`, `Coin10`, `Coin5`, `Coin2`, `Coin1`, `Coin25`) VALUES (:Year:, :Month:, :EmployeeCode:, :NetSalary:, :Coin5000:, :Coin1000:, :Coin500:, :Coin100:, :Coin50:, :Coin20:, :Coin10:, :Coin5:, :Coin2:, :Coin1:, :Coin25:)', [...], false)
 5 SYSTEMPATH\Model.php(330): CodeIgniter\Database\BaseBuilder->insert()
 6 SYSTEMPATH\BaseModel.php(782): CodeIgniter\Model->doInsert([...])
 7 SYSTEMPATH\Model.php(730): CodeIgniter\BaseModel->insert([...], true)
 8 APPPATH\Controllers\Payroll.php(480): CodeIgniter\Model->insert([...])
 9 SYSTEMPATH\CodeIgniter.php(932): App\Controllers\Payroll->coin_count()
10 SYSTEMPATH\CodeIgniter.php(497): CodeIgniter\CodeIgniter->runController(Object(App\Controllers\Payroll))
11 SYSTEMPATH\CodeIgniter.php(366): CodeIgniter\CodeIgniter->handleRequest(null, Object(Config\Cache), false)
12 FCPATH\index.php(67): CodeIgniter\CodeIgniter->run()
CRITICAL - 2024-02-26 15:54:41 --> Call to undefined function form_open()
in APPPATH\Views\sys\payroll\coin_view.php on line 15.
 1 SYSTEMPATH\View\View.php(224): include()
 2 SYSTEMPATH\View\View.php(227): CodeIgniter\View\View->CodeIgniter\View\{closure}()
 3 SYSTEMPATH\Common.php(1176): CodeIgniter\View\View->render('sys/payroll/coin_view', [], true)
 4 APPPATH\Controllers\Payroll.php(488): view('sys/payroll/coin_view', [...])
 5 SYSTEMPATH\CodeIgniter.php(932): App\Controllers\Payroll->coin_count()
 6 SYSTEMPATH\CodeIgniter.php(497): CodeIgniter\CodeIgniter->runController(Object(App\Controllers\Payroll))
 7 SYSTEMPATH\CodeIgniter.php(366): CodeIgniter\CodeIgniter->handleRequest(null, Object(Config\Cache), false)
 8 FCPATH\index.php(67): CodeIgniter\CodeIgniter->run()
CRITICAL - 2024-02-26 15:55:58 --> Call to undefined function form_open()
in APPPATH\Views\sys\payroll\coin_view.php on line 15.
 1 SYSTEMPATH\View\View.php(224): include()
 2 SYSTEMPATH\View\View.php(227): CodeIgniter\View\View->CodeIgniter\View\{closure}()
 3 SYSTEMPATH\Common.php(1176): CodeIgniter\View\View->render('sys/payroll/coin_view', [], true)
 4 APPPATH\Controllers\Payroll.php(488): view('sys/payroll/coin_view', [...])
 5 SYSTEMPATH\CodeIgniter.php(932): App\Controllers\Payroll->coin_count()
 6 SYSTEMPATH\CodeIgniter.php(497): CodeIgniter\CodeIgniter->runController(Object(App\Controllers\Payroll))
 7 SYSTEMPATH\CodeIgniter.php(366): CodeIgniter\CodeIgniter->handleRequest(null, Object(Config\Cache), false)
 8 FCPATH\index.php(67): CodeIgniter\CodeIgniter->run()
