CRITICAL - 2024-01-17 13:29:11 --> Trying to access array offset on value of type null
in APPPATH\Controllers\Payroll.php on line 135.
 1 APPPATH\Controllers\Payroll.php(135): CodeIgniter\Debug\Exceptions->errorHandler(2, 'Trying to access array offset on value of type null', 'C:\\xampp\\htdocs\\pms\\app\\Controllers\\Payroll.php', 135)
 2 SYSTEMPATH\CodeIgniter.php(932): App\Controllers\Payroll->month_process()
 3 SYSTEMPATH\CodeIgniter.php(497): CodeIgniter\CodeIgniter->runController(Object(App\Controllers\Payroll))
 4 SYSTEMPATH\CodeIgniter.php(366): CodeIgniter\CodeIgniter->handleRequest(null, Object(Config\Cache), false)
 5 FCPATH\index.php(67): CodeIgniter\CodeIgniter->run()
CRITICAL - 2024-01-17 13:33:22 --> Trying to access array offset on value of type null
in APPPATH\Controllers\Payroll.php on line 135.
 1 APPPATH\Controllers\Payroll.php(135): CodeIgniter\Debug\Exceptions->errorHandler(2, 'Trying to access array offset on value of type null', 'C:\\xampp\\htdocs\\pms\\app\\Controllers\\Payroll.php', 135)
 2 SYSTEMPATH\CodeIgniter.php(932): App\Controllers\Payroll->month_process()
 3 SYSTEMPATH\CodeIgniter.php(497): CodeIgniter\CodeIgniter->runController(Object(App\Controllers\Payroll))
 4 SYSTEMPATH\CodeIgniter.php(366): CodeIgniter\CodeIgniter->handleRequest(null, Object(Config\Cache), false)
 5 FCPATH\index.php(67): CodeIgniter\CodeIgniter->run()
CRITICAL - 2024-01-17 13:34:52 --> Trying to access array offset on value of type null
in APPPATH\Controllers\Payroll.php on line 135.
 1 APPPATH\Controllers\Payroll.php(135): CodeIgniter\Debug\Exceptions->errorHandler(2, 'Trying to access array offset on value of type null', 'C:\\xampp\\htdocs\\pms\\app\\Controllers\\Payroll.php', 135)
 2 SYSTEMPATH\CodeIgniter.php(932): App\Controllers\Payroll->month_process()
 3 SYSTEMPATH\CodeIgniter.php(497): CodeIgniter\CodeIgniter->runController(Object(App\Controllers\Payroll))
 4 SYSTEMPATH\CodeIgniter.php(366): CodeIgniter\CodeIgniter->handleRequest(null, Object(Config\Cache), false)
 5 FCPATH\index.php(67): CodeIgniter\CodeIgniter->run()
CRITICAL - 2024-01-17 14:13:49 --> Trying to access array offset on value of type null
in APPPATH\Controllers\Payroll.php on line 135.
 1 APPPATH\Controllers\Payroll.php(135): CodeIgniter\Debug\Exceptions->errorHandler(2, 'Trying to access array offset on value of type null', 'C:\\xampp\\htdocs\\pms\\app\\Controllers\\Payroll.php', 135)
 2 SYSTEMPATH\CodeIgniter.php(932): App\Controllers\Payroll->month_process()
 3 SYSTEMPATH\CodeIgniter.php(497): CodeIgniter\CodeIgniter->runController(Object(App\Controllers\Payroll))
 4 SYSTEMPATH\CodeIgniter.php(366): CodeIgniter\CodeIgniter->handleRequest(null, Object(Config\Cache), false)
 5 FCPATH\index.php(67): CodeIgniter\CodeIgniter->run()
CRITICAL - 2024-01-17 14:14:56 --> Trying to access array offset on value of type null
in APPPATH\Controllers\Payroll.php on line 135.
 1 APPPATH\Controllers\Payroll.php(135): CodeIgniter\Debug\Exceptions->errorHandler(2, 'Trying to access array offset on value of type null', 'C:\\xampp\\htdocs\\pms\\app\\Controllers\\Payroll.php', 135)
 2 SYSTEMPATH\CodeIgniter.php(932): App\Controllers\Payroll->month_process()
 3 SYSTEMPATH\CodeIgniter.php(497): CodeIgniter\CodeIgniter->runController(Object(App\Controllers\Payroll))
 4 SYSTEMPATH\CodeIgniter.php(366): CodeIgniter\CodeIgniter->handleRequest(null, Object(Config\Cache), false)
 5 FCPATH\index.php(67): CodeIgniter\CodeIgniter->run()
