CRITICAL - 2023-09-09 11:31:29 --> Namespace declaration statement has to be the very first statement or after any declare call in the script
in APPPATH\Views\sys\employee\add.php on line 193.
 1 [internal function]: CodeIgniter\Debug\Exceptions->shutdownHandler()
CRITICAL - 2023-09-09 13:35:40 --> Namespace declaration statement has to be the very first statement or after any declare call in the script
in APPPATH\Views\sys\employee\add.php on line 213.
 1 [internal function]: CodeIgniter\Debug\Exceptions->shutdownHandler()
CRITICAL - 2023-09-09 16:43:23 --> Undefined variable $dlist
in APPPATH\Views\sys\employee\add.php on line 93.
 1 APPPATH\Views\sys\employee\add.php(93): CodeIgniter\Debug\Exceptions->errorHandler(2, 'Undefined variable $dlist', 'C:\\xampp\\htdocs\\pms\\app\\Views\\sys\\employee\\add.php', 93)
 2 SYSTEMPATH\View\View.php(224): include('C:\\xampp\\htdocs\\pms\\app\\Views\\sys\\employee\\add.php')
 3 SYSTEMPATH\View\View.php(227): CodeIgniter\View\View->CodeIgniter\View\{closure}()
 4 SYSTEMPATH\Common.php(1176): CodeIgniter\View\View->render('sys/employee/add', [], true)
 5 APPPATH\Controllers\Employee.php(50): view('sys/employee/add', [...])
 6 SYSTEMPATH\CodeIgniter.php(932): App\Controllers\Employee->add()
 7 SYSTEMPATH\CodeIgniter.php(497): CodeIgniter\CodeIgniter->runController(Object(App\Controllers\Employee))
 8 SYSTEMPATH\CodeIgniter.php(366): CodeIgniter\CodeIgniter->handleRequest(null, Object(Config\Cache), false)
 9 FCPATH\index.php(67): CodeIgniter\CodeIgniter->run()
CRITICAL - 2023-09-09 16:57:17 --> Undefined variable $dlist
in APPPATH\Views\sys\employee\add.php on line 93.
 1 APPPATH\Views\sys\employee\add.php(93): CodeIgniter\Debug\Exceptions->errorHandler(2, 'Undefined variable $dlist', 'C:\\xampp\\htdocs\\pms\\app\\Views\\sys\\employee\\add.php', 93)
 2 SYSTEMPATH\View\View.php(224): include('C:\\xampp\\htdocs\\pms\\app\\Views\\sys\\employee\\add.php')
 3 SYSTEMPATH\View\View.php(227): CodeIgniter\View\View->CodeIgniter\View\{closure}()
 4 SYSTEMPATH\Common.php(1176): CodeIgniter\View\View->render('sys/employee/add', [], true)
 5 APPPATH\Controllers\Employee.php(50): view('sys/employee/add', [...])
 6 SYSTEMPATH\CodeIgniter.php(932): App\Controllers\Employee->add()
 7 SYSTEMPATH\CodeIgniter.php(497): CodeIgniter\CodeIgniter->runController(Object(App\Controllers\Employee))
 8 SYSTEMPATH\CodeIgniter.php(366): CodeIgniter\CodeIgniter->handleRequest(null, Object(Config\Cache), false)
 9 FCPATH\index.php(67): CodeIgniter\CodeIgniter->run()
