CRITICAL - 2024-02-07 17:37:45 --> Undefined array key "Year"
in APPPATH\Views\sys\payroll\payslip.php on line 79.
 1 APPPATH\Views\sys\payroll\payslip.php(79): CodeIgniter\Debug\Exceptions->errorHandler(2, 'Undefined array key "Year"', 'C:\\xampp\\htdocs\\pms\\app\\Views\\sys\\payroll\\payslip.php', 79)
 2 SYSTEMPATH\View\View.php(224): include('C:\\xampp\\htdocs\\pms\\app\\Views\\sys\\payroll\\payslip.php')
 3 SYSTEMPATH\View\View.php(227): CodeIgniter\View\View->CodeIgniter\View\{closure}()
 4 SYSTEMPATH\Common.php(1176): CodeIgniter\View\View->render('sys/payroll/payslip', [], true)
 5 APPPATH\Controllers\Payroll.php(350): view('sys/payroll/payslip', [...])
 6 SYSTEMPATH\CodeIgniter.php(932): App\Controllers\Payroll->payslip()
 7 SYSTEMPATH\CodeIgniter.php(497): CodeIgniter\CodeIgniter->runController(Object(App\Controllers\Payroll))
 8 SYSTEMPATH\CodeIgniter.php(366): CodeIgniter\CodeIgniter->handleRequest(null, Object(Config\Cache), false)
 9 FCPATH\index.php(67): CodeIgniter\CodeIgniter->run()
CRITICAL - 2024-02-07 17:42:19 --> Undefined constant "App\Controllers\payslip"
in APPPATH\Controllers\Payroll.php on line 356.
 1 SYSTEMPATH\CodeIgniter.php(932): App\Controllers\Payroll->ViewPaySlip()
 2 SYSTEMPATH\CodeIgniter.php(497): CodeIgniter\CodeIgniter->runController(Object(App\Controllers\Payroll))
 3 SYSTEMPATH\CodeIgniter.php(366): CodeIgniter\CodeIgniter->handleRequest(null, Object(Config\Cache), false)
 4 FCPATH\index.php(67): CodeIgniter\CodeIgniter->run()
CRITICAL - 2024-02-07 17:56:13 --> Too few arguments to function App\Models\PayrollModel::getPaySlip(), 0 passed in C:\xampp\htdocs\pms\app\Controllers\Payroll.php on line 342 and exactly 3 expected
in APPPATH\Models\PayrollModel.php on line 50.
 1 APPPATH\Controllers\Payroll.php(342): App\Models\PayrollModel->getPaySlip()
 2 SYSTEMPATH\CodeIgniter.php(932): App\Controllers\Payroll->payslip()
 3 SYSTEMPATH\CodeIgniter.php(497): CodeIgniter\CodeIgniter->runController(Object(App\Controllers\Payroll))
 4 SYSTEMPATH\CodeIgniter.php(366): CodeIgniter\CodeIgniter->handleRequest(null, Object(Config\Cache), false)
 5 FCPATH\index.php(67): CodeIgniter\CodeIgniter->run()
CRITICAL - 2024-02-07 17:56:22 --> Too few arguments to function App\Models\PayrollModel::getPaySlip(), 0 passed in C:\xampp\htdocs\pms\app\Controllers\Payroll.php on line 342 and exactly 3 expected
in APPPATH\Models\PayrollModel.php on line 50.
 1 APPPATH\Controllers\Payroll.php(342): App\Models\PayrollModel->getPaySlip()
 2 SYSTEMPATH\CodeIgniter.php(932): App\Controllers\Payroll->payslip()
 3 SYSTEMPATH\CodeIgniter.php(497): CodeIgniter\CodeIgniter->runController(Object(App\Controllers\Payroll))
 4 SYSTEMPATH\CodeIgniter.php(366): CodeIgniter\CodeIgniter->handleRequest(null, Object(Config\Cache), false)
 5 FCPATH\index.php(67): CodeIgniter\CodeIgniter->run()
CRITICAL - 2024-02-07 17:57:24 --> Call to undefined function form_open()
in APPPATH\Views\sys\payroll\payslip.php on line 17.
 1 SYSTEMPATH\View\View.php(224): include()
 2 SYSTEMPATH\View\View.php(227): CodeIgniter\View\View->CodeIgniter\View\{closure}()
 3 SYSTEMPATH\Common.php(1176): CodeIgniter\View\View->render('sys/payroll/payslip', [], true)
 4 APPPATH\Controllers\Payroll.php(356): view('sys/payroll/payslip', [...])
 5 SYSTEMPATH\CodeIgniter.php(932): App\Controllers\Payroll->ViewPaySlip()
 6 SYSTEMPATH\CodeIgniter.php(497): CodeIgniter\CodeIgniter->runController(Object(App\Controllers\Payroll))
 7 SYSTEMPATH\CodeIgniter.php(366): CodeIgniter\CodeIgniter->handleRequest(null, Object(Config\Cache), false)
 8 FCPATH\index.php(67): CodeIgniter\CodeIgniter->run()
CRITICAL - 2024-02-07 17:57:58 --> Call to undefined function form_open()
in APPPATH\Views\sys\payroll\payslip.php on line 17.
 1 SYSTEMPATH\View\View.php(224): include()
 2 SYSTEMPATH\View\View.php(227): CodeIgniter\View\View->CodeIgniter\View\{closure}()
 3 SYSTEMPATH\Common.php(1176): CodeIgniter\View\View->render('sys/payroll/payslip', [], true)
 4 APPPATH\Controllers\Payroll.php(356): view('sys/payroll/payslip', [...])
 5 SYSTEMPATH\CodeIgniter.php(932): App\Controllers\Payroll->ViewPaySlip()
 6 SYSTEMPATH\CodeIgniter.php(497): CodeIgniter\CodeIgniter->runController(Object(App\Controllers\Payroll))
 7 SYSTEMPATH\CodeIgniter.php(366): CodeIgniter\CodeIgniter->handleRequest(null, Object(Config\Cache), false)
 8 FCPATH\index.php(67): CodeIgniter\CodeIgniter->run()
