CRITICAL - 2024-03-23 10:27:03 --> Invalid file: "sys/menu_.php"
in SYSTEMPATH\Exceptions\FrameworkException.php on line 33.
 1 SYSTEMPATH\View\View.php(212): CodeIgniter\Exceptions\FrameworkException::forInvalidFile('sys/menu_.php')
 2 SYSTEMPATH\Common.php(1176): CodeIgniter\View\View->render('sys/menu_', [], true)
 3 APPPATH\Controllers\Payroll.php(364): view('sys/menu_')
 4 SYSTEMPATH\CodeIgniter.php(932): App\Controllers\Payroll->paysheet()
 5 SYSTEMPATH\CodeIgniter.php(497): CodeIgniter\CodeIgniter->runController(Object(App\Controllers\Payroll))
 6 SYSTEMPATH\CodeIgniter.php(366): CodeIgniter\CodeIgniter->handleRequest(null, Object(Config\Cache), false)
 7 FCPATH\index.php(67): CodeIgniter\CodeIgniter->run()
CRITICAL - 2024-03-23 10:27:42 --> Undefined variable $items
in APPPATH\Views\sys\payroll\paysheet.php on line 71.
 1 APPPATH\Views\sys\payroll\paysheet.php(71): CodeIgniter\Debug\Exceptions->errorHandler(2, 'Undefined variable $items', 'C:\\xampp\\htdocs\\pms\\app\\Views\\sys\\payroll\\paysheet.php', 71)
 2 SYSTEMPATH\View\View.php(224): include('C:\\xampp\\htdocs\\pms\\app\\Views\\sys\\payroll\\paysheet.php')
 3 SYSTEMPATH\View\View.php(227): CodeIgniter\View\View->CodeIgniter\View\{closure}()
 4 SYSTEMPATH\Common.php(1176): CodeIgniter\View\View->render('sys/payroll/paysheet', [], true)
 5 APPPATH\Controllers\Payroll.php(365): view('sys/payroll/paysheet', [...])
 6 SYSTEMPATH\CodeIgniter.php(932): App\Controllers\Payroll->paysheet()
 7 SYSTEMPATH\CodeIgniter.php(497): CodeIgniter\CodeIgniter->runController(Object(App\Controllers\Payroll))
 8 SYSTEMPATH\CodeIgniter.php(366): CodeIgniter\CodeIgniter->handleRequest(null, Object(Config\Cache), false)
 9 FCPATH\index.php(67): CodeIgniter\CodeIgniter->run()
CRITICAL - 2024-03-23 10:37:53 --> Undefined variable $items
in APPPATH\Views\sys\payroll\paysheet.php on line 71.
 1 APPPATH\Views\sys\payroll\paysheet.php(71): CodeIgniter\Debug\Exceptions->errorHandler(2, 'Undefined variable $items', 'C:\\xampp\\htdocs\\pms\\app\\Views\\sys\\payroll\\paysheet.php', 71)
 2 SYSTEMPATH\View\View.php(224): include('C:\\xampp\\htdocs\\pms\\app\\Views\\sys\\payroll\\paysheet.php')
 3 SYSTEMPATH\View\View.php(227): CodeIgniter\View\View->CodeIgniter\View\{closure}()
 4 SYSTEMPATH\Common.php(1176): CodeIgniter\View\View->render('sys/payroll/paysheet', [], true)
 5 APPPATH\Controllers\Payroll.php(365): view('sys/payroll/paysheet', [...])
 6 SYSTEMPATH\CodeIgniter.php(932): App\Controllers\Payroll->paysheet()
 7 SYSTEMPATH\CodeIgniter.php(497): CodeIgniter\CodeIgniter->runController(Object(App\Controllers\Payroll))
 8 SYSTEMPATH\CodeIgniter.php(366): CodeIgniter\CodeIgniter->handleRequest(null, Object(Config\Cache), false)
 9 FCPATH\index.php(67): CodeIgniter\CodeIgniter->run()
CRITICAL - 2024-03-23 10:37:56 --> Undefined variable $items
in APPPATH\Views\sys\payroll\paysheet.php on line 71.
 1 APPPATH\Views\sys\payroll\paysheet.php(71): CodeIgniter\Debug\Exceptions->errorHandler(2, 'Undefined variable $items', 'C:\\xampp\\htdocs\\pms\\app\\Views\\sys\\payroll\\paysheet.php', 71)
 2 SYSTEMPATH\View\View.php(224): include('C:\\xampp\\htdocs\\pms\\app\\Views\\sys\\payroll\\paysheet.php')
 3 SYSTEMPATH\View\View.php(227): CodeIgniter\View\View->CodeIgniter\View\{closure}()
 4 SYSTEMPATH\Common.php(1176): CodeIgniter\View\View->render('sys/payroll/paysheet', [], true)
 5 APPPATH\Controllers\Payroll.php(365): view('sys/payroll/paysheet', [...])
 6 SYSTEMPATH\CodeIgniter.php(932): App\Controllers\Payroll->paysheet()
 7 SYSTEMPATH\CodeIgniter.php(497): CodeIgniter\CodeIgniter->runController(Object(App\Controllers\Payroll))
 8 SYSTEMPATH\CodeIgniter.php(366): CodeIgniter\CodeIgniter->handleRequest(null, Object(Config\Cache), false)
 9 FCPATH\index.php(67): CodeIgniter\CodeIgniter->run()
CRITICAL - 2024-03-23 10:38:17 --> Undefined variable $items
in APPPATH\Views\sys\payroll\paysheet.php on line 71.
 1 APPPATH\Views\sys\payroll\paysheet.php(71): CodeIgniter\Debug\Exceptions->errorHandler(2, 'Undefined variable $items', 'C:\\xampp\\htdocs\\pms\\app\\Views\\sys\\payroll\\paysheet.php', 71)
 2 SYSTEMPATH\View\View.php(224): include('C:\\xampp\\htdocs\\pms\\app\\Views\\sys\\payroll\\paysheet.php')
 3 SYSTEMPATH\View\View.php(227): CodeIgniter\View\View->CodeIgniter\View\{closure}()
 4 SYSTEMPATH\Common.php(1176): CodeIgniter\View\View->render('sys/payroll/paysheet', [], true)
 5 APPPATH\Controllers\Payroll.php(365): view('sys/payroll/paysheet', [...])
 6 SYSTEMPATH\CodeIgniter.php(932): App\Controllers\Payroll->paysheet()
 7 SYSTEMPATH\CodeIgniter.php(497): CodeIgniter\CodeIgniter->runController(Object(App\Controllers\Payroll))
 8 SYSTEMPATH\CodeIgniter.php(366): CodeIgniter\CodeIgniter->handleRequest(null, Object(Config\Cache), false)
 9 FCPATH\index.php(67): CodeIgniter\CodeIgniter->run()
ERROR - 2024-03-23 11:05:51 --> mysqli_sql_exception: Unknown column 'i.EmployeeCode' in 'where clause' in C:\xampp\htdocs\pms\system\Database\MySQLi\Connection.php:295
Stack trace:
#0 C:\xampp\htdocs\pms\system\Database\MySQLi\Connection.php(295): mysqli->query('\nSELECT * FROM ...', 0)
#1 C:\xampp\htdocs\pms\system\Database\BaseConnection.php(692): CodeIgniter\Database\MySQLi\Connection->execute('\nSELECT * FROM ...')
#2 C:\xampp\htdocs\pms\system\Database\BaseConnection.php(606): CodeIgniter\Database\BaseConnection->simpleQuery('\nSELECT * FROM ...')
#3 C:\xampp\htdocs\pms\system\Model.php(832): CodeIgniter\Database\BaseConnection->query('\nSELECT * FROM ...')
#4 C:\xampp\htdocs\pms\app\Models\EmployeeModel.php(21): CodeIgniter\Model->__call('query', Array)
#5 C:\xampp\htdocs\pms\app\Controllers\Employee.php(139): App\Models\EmployeeModel->getProfile(NULL)
#6 C:\xampp\htdocs\pms\system\CodeIgniter.php(932): App\Controllers\Employee->viewprofile()
#7 C:\xampp\htdocs\pms\system\CodeIgniter.php(497): CodeIgniter\CodeIgniter->runController(Object(App\Controllers\Employee))
#8 C:\xampp\htdocs\pms\system\CodeIgniter.php(366): CodeIgniter\CodeIgniter->handleRequest(NULL, Object(Config\Cache), false)
#9 C:\xampp\htdocs\pms\index.php(67): CodeIgniter\CodeIgniter->run()
#10 {main}
CRITICAL - 2024-03-23 11:05:51 --> Unknown column 'i.EmployeeCode' in 'where clause'
in SYSTEMPATH\Database\MySQLi\Connection.php on line 295.
 1 SYSTEMPATH\Database\MySQLi\Connection.php(295): mysqli->query('
SELECT * FROM `employee` e INNER JOIN user_account a ON e.EmployeeCode=a.Name WHERE i.EmployeeCode=\'\' ', 0)
 2 SYSTEMPATH\Database\BaseConnection.php(692): CodeIgniter\Database\MySQLi\Connection->execute('
SELECT * FROM `employee` e INNER JOIN user_account a ON e.EmployeeCode=a.Name WHERE i.EmployeeCode=\'\' ')
 3 SYSTEMPATH\Database\BaseConnection.php(606): CodeIgniter\Database\BaseConnection->simpleQuery('
SELECT * FROM `employee` e INNER JOIN user_account a ON e.EmployeeCode=a.Name WHERE i.EmployeeCode=\'\' ')
 4 SYSTEMPATH\Model.php(832): CodeIgniter\Database\BaseConnection->query('
SELECT * FROM `employee` e INNER JOIN user_account a ON e.EmployeeCode=a.Name WHERE i.EmployeeCode=\'\' ')
 5 APPPATH\Models\EmployeeModel.php(21): CodeIgniter\Model->__call('query', [...])
 6 APPPATH\Controllers\Employee.php(139): App\Models\EmployeeModel->getProfile(null)
 7 SYSTEMPATH\CodeIgniter.php(932): App\Controllers\Employee->viewprofile()
 8 SYSTEMPATH\CodeIgniter.php(497): CodeIgniter\CodeIgniter->runController(Object(App\Controllers\Employee))
 9 SYSTEMPATH\CodeIgniter.php(366): CodeIgniter\CodeIgniter->handleRequest(null, Object(Config\Cache), false)
10 FCPATH\index.php(67): CodeIgniter\CodeIgniter->run()
CRITICAL - 2024-03-23 11:06:15 --> Undefined variable $emp
in APPPATH\Views\sys\employee\profile.php on line 28.
 1 APPPATH\Views\sys\employee\profile.php(28): CodeIgniter\Debug\Exceptions->errorHandler(2, 'Undefined variable $emp', 'C:\\xampp\\htdocs\\pms\\app\\Views\\sys\\employee\\profile.php', 28)
 2 SYSTEMPATH\View\View.php(224): include('C:\\xampp\\htdocs\\pms\\app\\Views\\sys\\employee\\profile.php')
 3 SYSTEMPATH\View\View.php(227): CodeIgniter\View\View->CodeIgniter\View\{closure}()
 4 SYSTEMPATH\Common.php(1176): CodeIgniter\View\View->render('sys/employee/profile', [], true)
 5 APPPATH\Controllers\Employee.php(147): view('sys/employee/profile', [...])
 6 SYSTEMPATH\CodeIgniter.php(932): App\Controllers\Employee->viewprofile()
 7 SYSTEMPATH\CodeIgniter.php(497): CodeIgniter\CodeIgniter->runController(Object(App\Controllers\Employee))
 8 SYSTEMPATH\CodeIgniter.php(366): CodeIgniter\CodeIgniter->handleRequest(null, Object(Config\Cache), false)
 9 FCPATH\index.php(67): CodeIgniter\CodeIgniter->run()
CRITICAL - 2024-03-23 11:17:22 --> Undefined variable $emp
in APPPATH\Views\sys\employee\profile.php on line 28.
 1 APPPATH\Views\sys\employee\profile.php(28): CodeIgniter\Debug\Exceptions->errorHandler(2, 'Undefined variable $emp', 'C:\\xampp\\htdocs\\pms\\app\\Views\\sys\\employee\\profile.php', 28)
 2 SYSTEMPATH\View\View.php(224): include('C:\\xampp\\htdocs\\pms\\app\\Views\\sys\\employee\\profile.php')
 3 SYSTEMPATH\View\View.php(227): CodeIgniter\View\View->CodeIgniter\View\{closure}()
 4 SYSTEMPATH\Common.php(1176): CodeIgniter\View\View->render('sys/employee/profile', [], true)
 5 APPPATH\Controllers\Employee.php(147): view('sys/employee/profile', [...])
 6 SYSTEMPATH\CodeIgniter.php(932): App\Controllers\Employee->viewprofile()
 7 SYSTEMPATH\CodeIgniter.php(497): CodeIgniter\CodeIgniter->runController(Object(App\Controllers\Employee))
 8 SYSTEMPATH\CodeIgniter.php(366): CodeIgniter\CodeIgniter->handleRequest(null, Object(Config\Cache), false)
 9 FCPATH\index.php(67): CodeIgniter\CodeIgniter->run()
CRITICAL - 2024-03-23 11:20:05 --> Undefined variable $emp
in APPPATH\Views\sys\employee\profile.php on line 28.
 1 APPPATH\Views\sys\employee\profile.php(28): CodeIgniter\Debug\Exceptions->errorHandler(2, 'Undefined variable $emp', 'C:\\xampp\\htdocs\\pms\\app\\Views\\sys\\employee\\profile.php', 28)
 2 SYSTEMPATH\View\View.php(224): include('C:\\xampp\\htdocs\\pms\\app\\Views\\sys\\employee\\profile.php')
 3 SYSTEMPATH\View\View.php(227): CodeIgniter\View\View->CodeIgniter\View\{closure}()
 4 SYSTEMPATH\Common.php(1176): CodeIgniter\View\View->render('sys/employee/profile', [], true)
 5 APPPATH\Controllers\Employee.php(147): view('sys/employee/profile', [...])
 6 SYSTEMPATH\CodeIgniter.php(932): App\Controllers\Employee->viewprofile()
 7 SYSTEMPATH\CodeIgniter.php(497): CodeIgniter\CodeIgniter->runController(Object(App\Controllers\Employee))
 8 SYSTEMPATH\CodeIgniter.php(366): CodeIgniter\CodeIgniter->handleRequest(null, Object(Config\Cache), false)
 9 FCPATH\index.php(67): CodeIgniter\CodeIgniter->run()
CRITICAL - 2024-03-23 11:29:01 --> Undefined variable $result
in APPPATH\Views\sys\employee\profile.php on line 28.
 1 APPPATH\Views\sys\employee\profile.php(28): CodeIgniter\Debug\Exceptions->errorHandler(2, 'Undefined variable $result', 'C:\\xampp\\htdocs\\pms\\app\\Views\\sys\\employee\\profile.php', 28)
 2 SYSTEMPATH\View\View.php(224): include('C:\\xampp\\htdocs\\pms\\app\\Views\\sys\\employee\\profile.php')
 3 SYSTEMPATH\View\View.php(227): CodeIgniter\View\View->CodeIgniter\View\{closure}()
 4 SYSTEMPATH\Common.php(1176): CodeIgniter\View\View->render('sys/employee/profile', [], true)
 5 APPPATH\Controllers\Employee.php(147): view('sys/employee/profile', [...])
 6 SYSTEMPATH\CodeIgniter.php(932): App\Controllers\Employee->viewprofile()
 7 SYSTEMPATH\CodeIgniter.php(497): CodeIgniter\CodeIgniter->runController(Object(App\Controllers\Employee))
 8 SYSTEMPATH\CodeIgniter.php(366): CodeIgniter\CodeIgniter->handleRequest(null, Object(Config\Cache), false)
 9 FCPATH\index.php(67): CodeIgniter\CodeIgniter->run()
CRITICAL - 2024-03-23 11:29:12 --> Undefined variable $result
in APPPATH\Views\sys\employee\profile.php on line 28.
 1 APPPATH\Views\sys\employee\profile.php(28): CodeIgniter\Debug\Exceptions->errorHandler(2, 'Undefined variable $result', 'C:\\xampp\\htdocs\\pms\\app\\Views\\sys\\employee\\profile.php', 28)
 2 SYSTEMPATH\View\View.php(224): include('C:\\xampp\\htdocs\\pms\\app\\Views\\sys\\employee\\profile.php')
 3 SYSTEMPATH\View\View.php(227): CodeIgniter\View\View->CodeIgniter\View\{closure}()
 4 SYSTEMPATH\Common.php(1176): CodeIgniter\View\View->render('sys/employee/profile', [], true)
 5 APPPATH\Controllers\Employee.php(147): view('sys/employee/profile', [...])
 6 SYSTEMPATH\CodeIgniter.php(932): App\Controllers\Employee->viewprofile()
 7 SYSTEMPATH\CodeIgniter.php(497): CodeIgniter\CodeIgniter->runController(Object(App\Controllers\Employee))
 8 SYSTEMPATH\CodeIgniter.php(366): CodeIgniter\CodeIgniter->handleRequest(null, Object(Config\Cache), false)
 9 FCPATH\index.php(67): CodeIgniter\CodeIgniter->run()
CRITICAL - 2024-03-23 11:31:26 --> Undefined array key "DesName"
in APPPATH\Views\sys\employee\profile.php on line 39.
 1 APPPATH\Views\sys\employee\profile.php(39): CodeIgniter\Debug\Exceptions->errorHandler(2, 'Undefined array key "DesName"', 'C:\\xampp\\htdocs\\pms\\app\\Views\\sys\\employee\\profile.php', 39)
 2 SYSTEMPATH\View\View.php(224): include('C:\\xampp\\htdocs\\pms\\app\\Views\\sys\\employee\\profile.php')
 3 SYSTEMPATH\View\View.php(227): CodeIgniter\View\View->CodeIgniter\View\{closure}()
 4 SYSTEMPATH\Common.php(1176): CodeIgniter\View\View->render('sys/employee/profile', [], true)
 5 APPPATH\Controllers\Employee.php(147): view('sys/employee/profile', [...])
 6 SYSTEMPATH\CodeIgniter.php(932): App\Controllers\Employee->viewprofile()
 7 SYSTEMPATH\CodeIgniter.php(497): CodeIgniter\CodeIgniter->runController(Object(App\Controllers\Employee))
 8 SYSTEMPATH\CodeIgniter.php(366): CodeIgniter\CodeIgniter->handleRequest(null, Object(Config\Cache), false)
 9 FCPATH\index.php(67): CodeIgniter\CodeIgniter->run()
CRITICAL - 2024-03-23 14:06:49 --> Invalid file: "sys/menu_.php"
in SYSTEMPATH\Exceptions\FrameworkException.php on line 33.
 1 SYSTEMPATH\View\View.php(212): CodeIgniter\Exceptions\FrameworkException::forInvalidFile('sys/menu_.php')
 2 SYSTEMPATH\Common.php(1176): CodeIgniter\View\View->render('sys/menu_', [], true)
 3 APPPATH\Controllers\Employee.php(88): view('sys/menu_')
 4 SYSTEMPATH\CodeIgniter.php(932): App\Controllers\Employee->add()
 5 SYSTEMPATH\CodeIgniter.php(497): CodeIgniter\CodeIgniter->runController(Object(App\Controllers\Employee))
 6 SYSTEMPATH\CodeIgniter.php(366): CodeIgniter\CodeIgniter->handleRequest(null, Object(Config\Cache), false)
 7 FCPATH\index.php(67): CodeIgniter\CodeIgniter->run()
CRITICAL - 2024-03-23 14:06:52 --> Invalid file: "Sys/menu_.php"
in SYSTEMPATH\Exceptions\FrameworkException.php on line 33.
 1 SYSTEMPATH\View\View.php(212): CodeIgniter\Exceptions\FrameworkException::forInvalidFile('Sys/menu_.php')
 2 SYSTEMPATH\Common.php(1176): CodeIgniter\View\View->render('Sys/menu_', [], true)
 3 APPPATH\Controllers\Employee.php(146): view('Sys/menu_')
 4 SYSTEMPATH\CodeIgniter.php(932): App\Controllers\Employee->viewprofile()
 5 SYSTEMPATH\CodeIgniter.php(497): CodeIgniter\CodeIgniter->runController(Object(App\Controllers\Employee))
 6 SYSTEMPATH\CodeIgniter.php(366): CodeIgniter\CodeIgniter->handleRequest(null, Object(Config\Cache), false)
 7 FCPATH\index.php(67): CodeIgniter\CodeIgniter->run()
CRITICAL - 2024-03-23 14:06:54 --> Invalid file: "Sys/menu_.php"
in SYSTEMPATH\Exceptions\FrameworkException.php on line 33.
 1 SYSTEMPATH\View\View.php(212): CodeIgniter\Exceptions\FrameworkException::forInvalidFile('Sys/menu_.php')
 2 SYSTEMPATH\Common.php(1176): CodeIgniter\View\View->render('Sys/menu_', [], true)
 3 APPPATH\Controllers\Employee.php(146): view('Sys/menu_')
 4 SYSTEMPATH\CodeIgniter.php(932): App\Controllers\Employee->viewprofile()
 5 SYSTEMPATH\CodeIgniter.php(497): CodeIgniter\CodeIgniter->runController(Object(App\Controllers\Employee))
 6 SYSTEMPATH\CodeIgniter.php(366): CodeIgniter\CodeIgniter->handleRequest(null, Object(Config\Cache), false)
 7 FCPATH\index.php(67): CodeIgniter\CodeIgniter->run()
CRITICAL - 2024-03-23 14:06:56 --> Invalid file: "Sys/menu_.php"
in SYSTEMPATH\Exceptions\FrameworkException.php on line 33.
 1 SYSTEMPATH\View\View.php(212): CodeIgniter\Exceptions\FrameworkException::forInvalidFile('Sys/menu_.php')
 2 SYSTEMPATH\Common.php(1176): CodeIgniter\View\View->render('Sys/menu_', [], true)
 3 APPPATH\Controllers\Sys.php(48): view('Sys/menu_')
 4 SYSTEMPATH\CodeIgniter.php(932): App\Controllers\Sys->dashboard()
 5 SYSTEMPATH\CodeIgniter.php(497): CodeIgniter\CodeIgniter->runController(Object(App\Controllers\Sys))
 6 SYSTEMPATH\CodeIgniter.php(366): CodeIgniter\CodeIgniter->handleRequest(null, Object(Config\Cache), false)
 7 FCPATH\index.php(67): CodeIgniter\CodeIgniter->run()
CRITICAL - 2024-03-23 17:14:30 --> Invalid file: "sys/menu_.php"
in SYSTEMPATH\Exceptions\FrameworkException.php on line 33.
 1 SYSTEMPATH\View\View.php(212): CodeIgniter\Exceptions\FrameworkException::forInvalidFile('sys/menu_.php')
 2 SYSTEMPATH\Common.php(1176): CodeIgniter\View\View->render('sys/menu_', [], true)
 3 APPPATH\Controllers\Payroll.php(235): view('sys/menu_')
 4 SYSTEMPATH\CodeIgniter.php(932): App\Controllers\Payroll->monthendview()
 5 SYSTEMPATH\CodeIgniter.php(497): CodeIgniter\CodeIgniter->runController(Object(App\Controllers\Payroll))
 6 SYSTEMPATH\CodeIgniter.php(366): CodeIgniter\CodeIgniter->handleRequest(null, Object(Config\Cache), false)
 7 FCPATH\index.php(67): CodeIgniter\CodeIgniter->run()
CRITICAL - 2024-03-23 17:14:30 --> Invalid file: "sys/menu_.php"
in SYSTEMPATH\Exceptions\FrameworkException.php on line 33.
 1 SYSTEMPATH\View\View.php(212): CodeIgniter\Exceptions\FrameworkException::forInvalidFile('sys/menu_.php')
 2 SYSTEMPATH\Common.php(1176): CodeIgniter\View\View->render('sys/menu_', [], true)
 3 APPPATH\Controllers\Payroll.php(235): view('sys/menu_')
 4 SYSTEMPATH\CodeIgniter.php(932): App\Controllers\Payroll->monthendview()
 5 SYSTEMPATH\CodeIgniter.php(497): CodeIgniter\CodeIgniter->runController(Object(App\Controllers\Payroll))
 6 SYSTEMPATH\CodeIgniter.php(366): CodeIgniter\CodeIgniter->handleRequest(null, Object(Config\Cache), false)
 7 FCPATH\index.php(67): CodeIgniter\CodeIgniter->run()
