CRITICAL - 2023-12-11 05:33:52 --> Call to undefined method App\Models\LoanRequestModel::getGrantLoanDetails
in SYSTEMPATH\Model.php on line 838.
 1 APPPATH\Controllers\Loanrequest.php(94): CodeIgniter\Model->__call('getGrantLoanDetails', [])
 2 SYSTEMPATH\CodeIgniter.php(932): App\Controllers\Loanrequest->grantview('923', '15')
 3 SYSTEMPATH\CodeIgniter.php(497): CodeIgniter\CodeIgniter->runController(Object(App\Controllers\Loanrequest))
 4 SYSTEMPATH\CodeIgniter.php(366): CodeIgniter\CodeIgniter->handleRequest(null, Object(Config\Cache), false)
 5 FCPATH\index.php(67): CodeIgniter\CodeIgniter->run()
CRITICAL - 2023-12-11 05:34:07 --> Call to undefined method App\Models\LoanRequestModel::getGrantLoanDetails
in SYSTEMPATH\Model.php on line 838.
 1 APPPATH\Controllers\Loanrequest.php(94): CodeIgniter\Model->__call('getGrantLoanDetails', [])
 2 SYSTEMPATH\CodeIgniter.php(932): App\Controllers\Loanrequest->grantview('923', '15')
 3 SYSTEMPATH\CodeIgniter.php(497): CodeIgniter\CodeIgniter->runController(Object(App\Controllers\Loanrequest))
 4 SYSTEMPATH\CodeIgniter.php(366): CodeIgniter\CodeIgniter->handleRequest(null, Object(Config\Cache), false)
 5 FCPATH\index.php(67): CodeIgniter\CodeIgniter->run()
CRITICAL - 2023-12-11 05:37:04 --> Call to undefined method App\Models\LoanRequestModel::getGrantLoanDetails
in SYSTEMPATH\Model.php on line 838.
 1 APPPATH\Controllers\Loanrequest.php(90): CodeIgniter\Model->__call('getGrantLoanDetails', [])
 2 SYSTEMPATH\CodeIgniter.php(932): App\Controllers\Loanrequest->grantview('923', '15')
 3 SYSTEMPATH\CodeIgniter.php(497): CodeIgniter\CodeIgniter->runController(Object(App\Controllers\Loanrequest))
 4 SYSTEMPATH\CodeIgniter.php(366): CodeIgniter\CodeIgniter->handleRequest(null, Object(Config\Cache), false)
 5 FCPATH\index.php(67): CodeIgniter\CodeIgniter->run()
CRITICAL - 2023-12-11 05:37:09 --> Call to undefined method App\Models\LoanRequestModel::getGrantLoanDetails
in SYSTEMPATH\Model.php on line 838.
 1 APPPATH\Controllers\Loanrequest.php(90): CodeIgniter\Model->__call('getGrantLoanDetails', [])
 2 SYSTEMPATH\CodeIgniter.php(932): App\Controllers\Loanrequest->grantview('923', '15')
 3 SYSTEMPATH\CodeIgniter.php(497): CodeIgniter\CodeIgniter->runController(Object(App\Controllers\Loanrequest))
 4 SYSTEMPATH\CodeIgniter.php(366): CodeIgniter\CodeIgniter->handleRequest(null, Object(Config\Cache), false)
 5 FCPATH\index.php(67): CodeIgniter\CodeIgniter->run()
CRITICAL - 2023-12-11 05:40:05 --> Call to undefined method App\Models\LoanRequestModel::getGrantLoanDetails
in SYSTEMPATH\Model.php on line 838.
 1 APPPATH\Controllers\Loanrequest.php(94): CodeIgniter\Model->__call('getGrantLoanDetails', [])
 2 SYSTEMPATH\CodeIgniter.php(932): App\Controllers\Loanrequest->grantview('923', '15')
 3 SYSTEMPATH\CodeIgniter.php(497): CodeIgniter\CodeIgniter->runController(Object(App\Controllers\Loanrequest))
 4 SYSTEMPATH\CodeIgniter.php(366): CodeIgniter\CodeIgniter->handleRequest(null, Object(Config\Cache), false)
 5 FCPATH\index.php(67): CodeIgniter\CodeIgniter->run()
CRITICAL - 2023-12-11 05:40:06 --> Call to undefined method App\Models\LoanRequestModel::getGrantLoanDetails
in SYSTEMPATH\Model.php on line 838.
 1 APPPATH\Controllers\Loanrequest.php(94): CodeIgniter\Model->__call('getGrantLoanDetails', [])
 2 SYSTEMPATH\CodeIgniter.php(932): App\Controllers\Loanrequest->grantview('923', '15')
 3 SYSTEMPATH\CodeIgniter.php(497): CodeIgniter\CodeIgniter->runController(Object(App\Controllers\Loanrequest))
 4 SYSTEMPATH\CodeIgniter.php(366): CodeIgniter\CodeIgniter->handleRequest(null, Object(Config\Cache), false)
 5 FCPATH\index.php(67): CodeIgniter\CodeIgniter->run()
