CRITICAL - 2023-11-05 18:42:30 --> Invalid file: "sys/attendance/add.php"
in SYSTEMPATH\Exceptions\FrameworkException.php on line 33.
 1 SYSTEMPATH\View\View.php(212): CodeIgniter\Exceptions\FrameworkException::forInvalidFile('sys/attendance/add.php')
 2 SYSTEMPATH\Common.php(1176): CodeIgniter\View\View->render('sys/attendance/add', [], true)
 3 APPPATH\Controllers\Attendance.php(55): view('sys/attendance/add', [...])
 4 SYSTEMPATH\CodeIgniter.php(932): App\Controllers\Attendance->add()
 5 SYSTEMPATH\CodeIgniter.php(497): CodeIgniter\CodeIgniter->runController(Object(App\Controllers\Attendance))
 6 SYSTEMPATH\CodeIgniter.php(366): CodeIgniter\CodeIgniter->handleRequest(null, Object(Config\Cache), false)
 7 FCPATH\index.php(67): CodeIgniter\CodeIgniter->run()
CRITICAL - 2023-11-05 18:45:45 --> Invalid file: "sys/attendance/add.php"
in SYSTEMPATH\Exceptions\FrameworkException.php on line 33.
 1 SYSTEMPATH\View\View.php(212): CodeIgniter\Exceptions\FrameworkException::forInvalidFile('sys/attendance/add.php')
 2 SYSTEMPATH\Common.php(1176): CodeIgniter\View\View->render('sys/attendance/add', [], true)
 3 APPPATH\Controllers\Attendance.php(55): view('sys/attendance/add', [...])
 4 SYSTEMPATH\CodeIgniter.php(932): App\Controllers\Attendance->add()
 5 SYSTEMPATH\CodeIgniter.php(497): CodeIgniter\CodeIgniter->runController(Object(App\Controllers\Attendance))
 6 SYSTEMPATH\CodeIgniter.php(366): CodeIgniter\CodeIgniter->handleRequest(null, Object(Config\Cache), false)
 7 FCPATH\index.php(67): CodeIgniter\CodeIgniter->run()
CRITICAL - 2023-11-05 18:45:47 --> Invalid file: "sys/attendance/add.php"
in SYSTEMPATH\Exceptions\FrameworkException.php on line 33.
 1 SYSTEMPATH\View\View.php(212): CodeIgniter\Exceptions\FrameworkException::forInvalidFile('sys/attendance/add.php')
 2 SYSTEMPATH\Common.php(1176): CodeIgniter\View\View->render('sys/attendance/add', [], true)
 3 APPPATH\Controllers\Attendance.php(55): view('sys/attendance/add', [...])
 4 SYSTEMPATH\CodeIgniter.php(932): App\Controllers\Attendance->add()
 5 SYSTEMPATH\CodeIgniter.php(497): CodeIgniter\CodeIgniter->runController(Object(App\Controllers\Attendance))
 6 SYSTEMPATH\CodeIgniter.php(366): CodeIgniter\CodeIgniter->handleRequest(null, Object(Config\Cache), false)
 7 FCPATH\index.php(67): CodeIgniter\CodeIgniter->run()
CRITICAL - 2023-11-05 18:47:35 --> Invalid file: "sys/attendance/add.php"
in SYSTEMPATH\Exceptions\FrameworkException.php on line 33.
 1 SYSTEMPATH\View\View.php(212): CodeIgniter\Exceptions\FrameworkException::forInvalidFile('sys/attendance/add.php')
 2 SYSTEMPATH\Common.php(1176): CodeIgniter\View\View->render('sys/attendance/add', [], true)
 3 APPPATH\Controllers\Attendance.php(55): view('sys/attendance/add', [...])
 4 SYSTEMPATH\CodeIgniter.php(932): App\Controllers\Attendance->add()
 5 SYSTEMPATH\CodeIgniter.php(497): CodeIgniter\CodeIgniter->runController(Object(App\Controllers\Attendance))
 6 SYSTEMPATH\CodeIgniter.php(366): CodeIgniter\CodeIgniter->handleRequest(null, Object(Config\Cache), false)
 7 FCPATH\index.php(67): CodeIgniter\CodeIgniter->run()
CRITICAL - 2023-11-05 18:47:37 --> Invalid file: "sys/attendance/add.php"
in SYSTEMPATH\Exceptions\FrameworkException.php on line 33.
 1 SYSTEMPATH\View\View.php(212): CodeIgniter\Exceptions\FrameworkException::forInvalidFile('sys/attendance/add.php')
 2 SYSTEMPATH\Common.php(1176): CodeIgniter\View\View->render('sys/attendance/add', [], true)
 3 APPPATH\Controllers\Attendance.php(55): view('sys/attendance/add', [...])
 4 SYSTEMPATH\CodeIgniter.php(932): App\Controllers\Attendance->add()
 5 SYSTEMPATH\CodeIgniter.php(497): CodeIgniter\CodeIgniter->runController(Object(App\Controllers\Attendance))
 6 SYSTEMPATH\CodeIgniter.php(366): CodeIgniter\CodeIgniter->handleRequest(null, Object(Config\Cache), false)
 7 FCPATH\index.php(67): CodeIgniter\CodeIgniter->run()
CRITICAL - 2023-11-05 18:49:57 --> Invalid file: "sys/attendance/add.php"
in SYSTEMPATH\Exceptions\FrameworkException.php on line 33.
 1 SYSTEMPATH\View\View.php(212): CodeIgniter\Exceptions\FrameworkException::forInvalidFile('sys/attendance/add.php')
 2 SYSTEMPATH\Common.php(1176): CodeIgniter\View\View->render('sys/attendance/add', [], true)
 3 APPPATH\Controllers\Attendance.php(55): view('sys/attendance/add', [...])
 4 SYSTEMPATH\CodeIgniter.php(932): App\Controllers\Attendance->add()
 5 SYSTEMPATH\CodeIgniter.php(497): CodeIgniter\CodeIgniter->runController(Object(App\Controllers\Attendance))
 6 SYSTEMPATH\CodeIgniter.php(366): CodeIgniter\CodeIgniter->handleRequest(null, Object(Config\Cache), false)
 7 FCPATH\index.php(67): CodeIgniter\CodeIgniter->run()
CRITICAL - 2023-11-05 18:51:35 --> Invalid file: "sys/attendance/add.php"
in SYSTEMPATH\Exceptions\FrameworkException.php on line 33.
 1 SYSTEMPATH\View\View.php(212): CodeIgniter\Exceptions\FrameworkException::forInvalidFile('sys/attendance/add.php')
 2 SYSTEMPATH\Common.php(1176): CodeIgniter\View\View->render('sys/attendance/add', [], true)
 3 APPPATH\Controllers\Attendance.php(55): view('sys/attendance/add', [...])
 4 SYSTEMPATH\CodeIgniter.php(932): App\Controllers\Attendance->add()
 5 SYSTEMPATH\CodeIgniter.php(497): CodeIgniter\CodeIgniter->runController(Object(App\Controllers\Attendance))
 6 SYSTEMPATH\CodeIgniter.php(366): CodeIgniter\CodeIgniter->handleRequest(null, Object(Config\Cache), false)
 7 FCPATH\index.php(67): CodeIgniter\CodeIgniter->run()
CRITICAL - 2023-11-05 18:51:37 --> Invalid file: "sys/attendance/add.php"
in SYSTEMPATH\Exceptions\FrameworkException.php on line 33.
 1 SYSTEMPATH\View\View.php(212): CodeIgniter\Exceptions\FrameworkException::forInvalidFile('sys/attendance/add.php')
 2 SYSTEMPATH\Common.php(1176): CodeIgniter\View\View->render('sys/attendance/add', [], true)
 3 APPPATH\Controllers\Attendance.php(55): view('sys/attendance/add', [...])
 4 SYSTEMPATH\CodeIgniter.php(932): App\Controllers\Attendance->add()
 5 SYSTEMPATH\CodeIgniter.php(497): CodeIgniter\CodeIgniter->runController(Object(App\Controllers\Attendance))
 6 SYSTEMPATH\CodeIgniter.php(366): CodeIgniter\CodeIgniter->handleRequest(null, Object(Config\Cache), false)
 7 FCPATH\index.php(67): CodeIgniter\CodeIgniter->run()
CRITICAL - 2023-11-05 18:55:35 --> Invalid file: "sys/attendance/add.php"
in SYSTEMPATH\Exceptions\FrameworkException.php on line 33.
 1 SYSTEMPATH\View\View.php(212): CodeIgniter\Exceptions\FrameworkException::forInvalidFile('sys/attendance/add.php')
 2 SYSTEMPATH\Common.php(1176): CodeIgniter\View\View->render('sys/attendance/add', [], true)
 3 APPPATH\Controllers\Attendance.php(55): view('sys/attendance/add', [...])
 4 SYSTEMPATH\CodeIgniter.php(932): App\Controllers\Attendance->add()
 5 SYSTEMPATH\CodeIgniter.php(497): CodeIgniter\CodeIgniter->runController(Object(App\Controllers\Attendance))
 6 SYSTEMPATH\CodeIgniter.php(366): CodeIgniter\CodeIgniter->handleRequest(null, Object(Config\Cache), false)
 7 FCPATH\index.php(67): CodeIgniter\CodeIgniter->run()
CRITICAL - 2023-11-05 18:55:36 --> Invalid file: "sys/attendance/add.php"
in SYSTEMPATH\Exceptions\FrameworkException.php on line 33.
 1 SYSTEMPATH\View\View.php(212): CodeIgniter\Exceptions\FrameworkException::forInvalidFile('sys/attendance/add.php')
 2 SYSTEMPATH\Common.php(1176): CodeIgniter\View\View->render('sys/attendance/add', [], true)
 3 APPPATH\Controllers\Attendance.php(55): view('sys/attendance/add', [...])
 4 SYSTEMPATH\CodeIgniter.php(932): App\Controllers\Attendance->add()
 5 SYSTEMPATH\CodeIgniter.php(497): CodeIgniter\CodeIgniter->runController(Object(App\Controllers\Attendance))
 6 SYSTEMPATH\CodeIgniter.php(366): CodeIgniter\CodeIgniter->handleRequest(null, Object(Config\Cache), false)
 7 FCPATH\index.php(67): CodeIgniter\CodeIgniter->run()
CRITICAL - 2023-11-05 18:55:37 --> Invalid file: "sys/attendance/add.php"
in SYSTEMPATH\Exceptions\FrameworkException.php on line 33.
 1 SYSTEMPATH\View\View.php(212): CodeIgniter\Exceptions\FrameworkException::forInvalidFile('sys/attendance/add.php')
 2 SYSTEMPATH\Common.php(1176): CodeIgniter\View\View->render('sys/attendance/add', [], true)
 3 APPPATH\Controllers\Attendance.php(55): view('sys/attendance/add', [...])
 4 SYSTEMPATH\CodeIgniter.php(932): App\Controllers\Attendance->add()
 5 SYSTEMPATH\CodeIgniter.php(497): CodeIgniter\CodeIgniter->runController(Object(App\Controllers\Attendance))
 6 SYSTEMPATH\CodeIgniter.php(366): CodeIgniter\CodeIgniter->handleRequest(null, Object(Config\Cache), false)
 7 FCPATH\index.php(67): CodeIgniter\CodeIgniter->run()
CRITICAL - 2023-11-05 18:56:43 --> Undefined variable $data
in APPPATH\Controllers\Attendance.php on line 52.
 1 APPPATH\Controllers\Attendance.php(52): CodeIgniter\Debug\Exceptions->errorHandler(2, 'Undefined variable $data', 'C:\\xampp\\htdocs\\pms\\app\\Controllers\\Attendance.php', 52)
 2 SYSTEMPATH\CodeIgniter.php(932): App\Controllers\Attendance->add()
 3 SYSTEMPATH\CodeIgniter.php(497): CodeIgniter\CodeIgniter->runController(Object(App\Controllers\Attendance))
 4 SYSTEMPATH\CodeIgniter.php(366): CodeIgniter\CodeIgniter->handleRequest(null, Object(Config\Cache), false)
 5 FCPATH\index.php(67): CodeIgniter\CodeIgniter->run()
CRITICAL - 2023-11-05 19:00:00 --> Undefined variable $data
in APPPATH\Controllers\Attendance.php on line 52.
 1 APPPATH\Controllers\Attendance.php(52): CodeIgniter\Debug\Exceptions->errorHandler(2, 'Undefined variable $data', 'C:\\xampp\\htdocs\\pms\\app\\Controllers\\Attendance.php', 52)
 2 SYSTEMPATH\CodeIgniter.php(932): App\Controllers\Attendance->add()
 3 SYSTEMPATH\CodeIgniter.php(497): CodeIgniter\CodeIgniter->runController(Object(App\Controllers\Attendance))
 4 SYSTEMPATH\CodeIgniter.php(366): CodeIgniter\CodeIgniter->handleRequest(null, Object(Config\Cache), false)
 5 FCPATH\index.php(67): CodeIgniter\CodeIgniter->run()
CRITICAL - 2023-11-05 19:00:51 --> Invalid file: "sys/attendance/add.php"
in SYSTEMPATH\Exceptions\FrameworkException.php on line 33.
 1 SYSTEMPATH\View\View.php(212): CodeIgniter\Exceptions\FrameworkException::forInvalidFile('sys/attendance/add.php')
 2 SYSTEMPATH\Common.php(1176): CodeIgniter\View\View->render('sys/attendance/add', [], true)
 3 APPPATH\Controllers\Attendance.php(55): view('sys/attendance/add', [...])
 4 SYSTEMPATH\CodeIgniter.php(932): App\Controllers\Attendance->add()
 5 SYSTEMPATH\CodeIgniter.php(497): CodeIgniter\CodeIgniter->runController(Object(App\Controllers\Attendance))
 6 SYSTEMPATH\CodeIgniter.php(366): CodeIgniter\CodeIgniter->handleRequest(null, Object(Config\Cache), false)
 7 FCPATH\index.php(67): CodeIgniter\CodeIgniter->run()
