CRITICAL - 2023-09-24 05:42:08 --> syntax error, unexpected token "if", expecting "]"
in APPPATH\Controllers\Item.php on line 33.
 1 SYSTEMPATH\Router\Router.php(510): CodeIgniter\Router\AutoRouter->getRoute('/item/add', 'get')
 2 SYSTEMPATH\Router\Router.php(208): CodeIgniter\Router\Router->autoRoute('/item/add')
 3 SYSTEMPATH\CodeIgniter.php(813): CodeIgniter\Router\Router->handle('/item/add')
 4 SYSTEMPATH\CodeIgniter.php(447): CodeIgniter\CodeIgniter->tryToRouteIt(Object(CodeIgniter\Router\RouteCollection))
 5 SYSTEMPATH\CodeIgniter.php(366): CodeIgniter\CodeIgniter->handleRequest(null, Object(Config\Cache), false)
 6 FCPATH\index.php(67): CodeIgniter\CodeIgniter->run()
CRITICAL - 2023-09-24 07:04:53 --> syntax error, unexpected token "<", expecting end of file
in APPPATH\Controllers\Masterdetails.php on line 67.
 1 SYSTEMPATH\Router\Router.php(510): CodeIgniter\Router\AutoRouter->getRoute('/masterdetails/add', 'get')
 2 SYSTEMPATH\Router\Router.php(208): CodeIgniter\Router\Router->autoRoute('/masterdetails/add')
 3 SYSTEMPATH\CodeIgniter.php(813): CodeIgniter\Router\Router->handle('/masterdetails/add')
 4 SYSTEMPATH\CodeIgniter.php(447): CodeIgniter\CodeIgniter->tryToRouteIt(Object(CodeIgniter\Router\RouteCollection))
 5 SYSTEMPATH\CodeIgniter.php(366): CodeIgniter\CodeIgniter->handleRequest(null, Object(Config\Cache), false)
 6 FCPATH\index.php(67): CodeIgniter\CodeIgniter->run()
CRITICAL - 2023-09-24 08:03:17 --> Cannot declare class App\Controllers\MasterDetailsModel because the name is already in use
in APPPATH\Controllers\Masterdetails.php on line 8.
 1 [internal function]: CodeIgniter\Debug\Exceptions->shutdownHandler()
CRITICAL - 2023-09-24 08:05:44 --> Class "App\Controllers\DModel" not found
in APPPATH\Controllers\Masterdetails.php on line 17.
 1 SYSTEMPATH\CodeIgniter.php(932): App\Controllers\MasterDetails->add()
 2 SYSTEMPATH\CodeIgniter.php(497): CodeIgniter\CodeIgniter->runController(Object(App\Controllers\MasterDetails))
 3 SYSTEMPATH\CodeIgniter.php(366): CodeIgniter\CodeIgniter->handleRequest(null, Object(Config\Cache), false)
 4 FCPATH\index.php(67): CodeIgniter\CodeIgniter->run()
CRITICAL - 2023-09-24 08:07:44 --> Class "App\Controllers\DModel" not found
in APPPATH\Controllers\Masterdetails.php on line 17.
 1 SYSTEMPATH\CodeIgniter.php(932): App\Controllers\Masterdetails->add()
 2 SYSTEMPATH\CodeIgniter.php(497): CodeIgniter\CodeIgniter->runController(Object(App\Controllers\Masterdetails))
 3 SYSTEMPATH\CodeIgniter.php(366): CodeIgniter\CodeIgniter->handleRequest(null, Object(Config\Cache), false)
 4 FCPATH\index.php(67): CodeIgniter\CodeIgniter->run()
CRITICAL - 2023-09-24 08:07:46 --> Class "App\Controllers\DModel" not found
in APPPATH\Controllers\Masterdetails.php on line 17.
 1 SYSTEMPATH\CodeIgniter.php(932): App\Controllers\Masterdetails->add()
 2 SYSTEMPATH\CodeIgniter.php(497): CodeIgniter\CodeIgniter->runController(Object(App\Controllers\Masterdetails))
 3 SYSTEMPATH\CodeIgniter.php(366): CodeIgniter\CodeIgniter->handleRequest(null, Object(Config\Cache), false)
 4 FCPATH\index.php(67): CodeIgniter\CodeIgniter->run()
CRITICAL - 2023-09-24 08:07:52 --> Class "App\Controllers\DModel" not found
in APPPATH\Controllers\Masterdetails.php on line 17.
 1 SYSTEMPATH\CodeIgniter.php(932): App\Controllers\Masterdetails->add()
 2 SYSTEMPATH\CodeIgniter.php(497): CodeIgniter\CodeIgniter->runController(Object(App\Controllers\Masterdetails))
 3 SYSTEMPATH\CodeIgniter.php(366): CodeIgniter\CodeIgniter->handleRequest(null, Object(Config\Cache), false)
 4 FCPATH\index.php(67): CodeIgniter\CodeIgniter->run()
CRITICAL - 2023-09-24 08:08:14 --> Class "App\Controllers\DesignationModel" not found
in APPPATH\Controllers\Masterdetails.php on line 18.
 1 SYSTEMPATH\CodeIgniter.php(932): App\Controllers\Masterdetails->add()
 2 SYSTEMPATH\CodeIgniter.php(497): CodeIgniter\CodeIgniter->runController(Object(App\Controllers\Masterdetails))
 3 SYSTEMPATH\CodeIgniter.php(366): CodeIgniter\CodeIgniter->handleRequest(null, Object(Config\Cache), false)
 4 FCPATH\index.php(67): CodeIgniter\CodeIgniter->run()
CRITICAL - 2023-09-24 08:10:56 --> Class "App\Controllers\ItemModel" not found
in APPPATH\Controllers\Masterdetails.php on line 16.
 1 SYSTEMPATH\CodeIgniter.php(932): App\Controllers\Masterdetails->add()
 2 SYSTEMPATH\CodeIgniter.php(497): CodeIgniter\CodeIgniter->runController(Object(App\Controllers\Masterdetails))
 3 SYSTEMPATH\CodeIgniter.php(366): CodeIgniter\CodeIgniter->handleRequest(null, Object(Config\Cache), false)
 4 FCPATH\index.php(67): CodeIgniter\CodeIgniter->run()
CRITICAL - 2023-09-24 08:11:24 --> Call to undefined method App\Controllers\Item::findAll()
in APPPATH\Controllers\Masterdetails.php on line 17.
 1 SYSTEMPATH\CodeIgniter.php(932): App\Controllers\Masterdetails->add()
 2 SYSTEMPATH\CodeIgniter.php(497): CodeIgniter\CodeIgniter->runController(Object(App\Controllers\Masterdetails))
 3 SYSTEMPATH\CodeIgniter.php(366): CodeIgniter\CodeIgniter->handleRequest(null, Object(Config\Cache), false)
 4 FCPATH\index.php(67): CodeIgniter\CodeIgniter->run()
CRITICAL - 2023-09-24 08:14:32 --> Call to undefined method App\Controllers\Item::findAll()
in APPPATH\Controllers\Masterdetails.php on line 17.
 1 SYSTEMPATH\CodeIgniter.php(932): App\Controllers\Masterdetails->add()
 2 SYSTEMPATH\CodeIgniter.php(497): CodeIgniter\CodeIgniter->runController(Object(App\Controllers\Masterdetails))
 3 SYSTEMPATH\CodeIgniter.php(366): CodeIgniter\CodeIgniter->handleRequest(null, Object(Config\Cache), false)
 4 FCPATH\index.php(67): CodeIgniter\CodeIgniter->run()
CRITICAL - 2023-09-24 08:15:01 --> Class "App\Controllers\ItemModel" not found
in APPPATH\Controllers\Masterdetails.php on line 16.
 1 SYSTEMPATH\CodeIgniter.php(932): App\Controllers\Masterdetails->add()
 2 SYSTEMPATH\CodeIgniter.php(497): CodeIgniter\CodeIgniter->runController(Object(App\Controllers\Masterdetails))
 3 SYSTEMPATH\CodeIgniter.php(366): CodeIgniter\CodeIgniter->handleRequest(null, Object(Config\Cache), false)
 4 FCPATH\index.php(67): CodeIgniter\CodeIgniter->run()
CRITICAL - 2023-09-24 08:15:47 --> Undefined variable $data
in APPPATH\Controllers\Masterdetails.php on line 47.
 1 APPPATH\Controllers\Masterdetails.php(47): CodeIgniter\Debug\Exceptions->errorHandler(2, 'Undefined variable $data', 'C:\\xampp\\htdocs\\pms\\app\\Controllers\\Masterdetails.php', 47)
 2 SYSTEMPATH\CodeIgniter.php(932): App\Controllers\Masterdetails->add()
 3 SYSTEMPATH\CodeIgniter.php(497): CodeIgniter\CodeIgniter->runController(Object(App\Controllers\Masterdetails))
 4 SYSTEMPATH\CodeIgniter.php(366): CodeIgniter\CodeIgniter->handleRequest(null, Object(Config\Cache), false)
 5 FCPATH\index.php(67): CodeIgniter\CodeIgniter->run()
CRITICAL - 2023-09-24 08:16:37 --> Undefined variable $data
in APPPATH\Controllers\Masterdetails.php on line 47.
 1 APPPATH\Controllers\Masterdetails.php(47): CodeIgniter\Debug\Exceptions->errorHandler(2, 'Undefined variable $data', 'C:\\xampp\\htdocs\\pms\\app\\Controllers\\Masterdetails.php', 47)
 2 SYSTEMPATH\CodeIgniter.php(932): App\Controllers\Masterdetails->add()
 3 SYSTEMPATH\CodeIgniter.php(497): CodeIgniter\CodeIgniter->runController(Object(App\Controllers\Masterdetails))
 4 SYSTEMPATH\CodeIgniter.php(366): CodeIgniter\CodeIgniter->handleRequest(null, Object(Config\Cache), false)
 5 FCPATH\index.php(67): CodeIgniter\CodeIgniter->run()
CRITICAL - 2023-09-24 08:16:39 --> Undefined variable $data
in APPPATH\Controllers\Masterdetails.php on line 47.
 1 APPPATH\Controllers\Masterdetails.php(47): CodeIgniter\Debug\Exceptions->errorHandler(2, 'Undefined variable $data', 'C:\\xampp\\htdocs\\pms\\app\\Controllers\\Masterdetails.php', 47)
 2 SYSTEMPATH\CodeIgniter.php(932): App\Controllers\Masterdetails->add()
 3 SYSTEMPATH\CodeIgniter.php(497): CodeIgniter\CodeIgniter->runController(Object(App\Controllers\Masterdetails))
 4 SYSTEMPATH\CodeIgniter.php(366): CodeIgniter\CodeIgniter->handleRequest(null, Object(Config\Cache), false)
 5 FCPATH\index.php(67): CodeIgniter\CodeIgniter->run()
CRITICAL - 2023-09-24 08:16:40 --> Undefined variable $data
in APPPATH\Controllers\Masterdetails.php on line 47.
 1 APPPATH\Controllers\Masterdetails.php(47): CodeIgniter\Debug\Exceptions->errorHandler(2, 'Undefined variable $data', 'C:\\xampp\\htdocs\\pms\\app\\Controllers\\Masterdetails.php', 47)
 2 SYSTEMPATH\CodeIgniter.php(932): App\Controllers\Masterdetails->add()
 3 SYSTEMPATH\CodeIgniter.php(497): CodeIgniter\CodeIgniter->runController(Object(App\Controllers\Masterdetails))
 4 SYSTEMPATH\CodeIgniter.php(366): CodeIgniter\CodeIgniter->handleRequest(null, Object(Config\Cache), false)
 5 FCPATH\index.php(67): CodeIgniter\CodeIgniter->run()
CRITICAL - 2023-09-24 08:16:59 --> Undefined variable $data
in APPPATH\Controllers\Masterdetails.php on line 47.
 1 APPPATH\Controllers\Masterdetails.php(47): CodeIgniter\Debug\Exceptions->errorHandler(2, 'Undefined variable $data', 'C:\\xampp\\htdocs\\pms\\app\\Controllers\\Masterdetails.php', 47)
 2 SYSTEMPATH\CodeIgniter.php(932): App\Controllers\Masterdetails->add()
 3 SYSTEMPATH\CodeIgniter.php(497): CodeIgniter\CodeIgniter->runController(Object(App\Controllers\Masterdetails))
 4 SYSTEMPATH\CodeIgniter.php(366): CodeIgniter\CodeIgniter->handleRequest(null, Object(Config\Cache), false)
 5 FCPATH\index.php(67): CodeIgniter\CodeIgniter->run()
