CRITICAL - 2024-05-19 00:01:11 --> syntax error, unexpected variable "$summary", expecting "function" or "const"
in APPPATH\Controllers\Payroll.php on line 202.
 1 SYSTEMPATH\Router\Router.php(510): CodeIgniter\Router\AutoRouter->getRoute('/payroll/month', 'get')
 2 SYSTEMPATH\Router\Router.php(208): CodeIgniter\Router\Router->autoRoute('/payroll/month')
 3 SYSTEMPATH\CodeIgniter.php(813): CodeIgniter\Router\Router->handle('/payroll/month')
 4 SYSTEMPATH\CodeIgniter.php(447): CodeIgniter\CodeIgniter->tryToRouteIt(Object(CodeIgniter\Router\RouteCollection))
 5 SYSTEMPATH\CodeIgniter.php(366): CodeIgniter\CodeIgniter->handleRequest(null, Object(Config\Cache), false)
 6 FCPATH\index.php(67): CodeIgniter\CodeIgniter->run()
CRITICAL - 2024-05-19 00:01:12 --> syntax error, unexpected variable "$summary", expecting "function" or "const"
in APPPATH\Controllers\Payroll.php on line 202.
 1 SYSTEMPATH\Router\Router.php(510): CodeIgniter\Router\AutoRouter->getRoute('/payroll/month', 'get')
 2 SYSTEMPATH\Router\Router.php(208): CodeIgniter\Router\Router->autoRoute('/payroll/month')
 3 SYSTEMPATH\CodeIgniter.php(813): CodeIgniter\Router\Router->handle('/payroll/month')
 4 SYSTEMPATH\CodeIgniter.php(447): CodeIgniter\CodeIgniter->tryToRouteIt(Object(CodeIgniter\Router\RouteCollection))
 5 SYSTEMPATH\CodeIgniter.php(366): CodeIgniter\CodeIgniter->handleRequest(null, Object(Config\Cache), false)
 6 FCPATH\index.php(67): CodeIgniter\CodeIgniter->run()
CRITICAL - 2024-05-19 00:08:46 --> syntax error, unexpected variable "$summary", expecting "function" or "const"
in APPPATH\Controllers\payroll.php on line 202.
 1 SYSTEMPATH\Router\Router.php(510): CodeIgniter\Router\AutoRouter->getRoute('/payroll/payslip', 'post')
 2 SYSTEMPATH\Router\Router.php(208): CodeIgniter\Router\Router->autoRoute('/payroll/payslip')
 3 SYSTEMPATH\CodeIgniter.php(813): CodeIgniter\Router\Router->handle('/payroll/payslip')
 4 SYSTEMPATH\CodeIgniter.php(447): CodeIgniter\CodeIgniter->tryToRouteIt(Object(CodeIgniter\Router\RouteCollection))
 5 SYSTEMPATH\CodeIgniter.php(366): CodeIgniter\CodeIgniter->handleRequest(null, Object(Config\Cache), false)
 6 FCPATH\index.php(67): CodeIgniter\CodeIgniter->run()
CRITICAL - 2024-05-19 00:16:06 --> Trying to access array offset on value of type null
in APPPATH\Views\sys\payroll\monthendview.php on line 29.
 1 APPPATH\Views\sys\payroll\monthendview.php(29): CodeIgniter\Debug\Exceptions->errorHandler(2, 'Trying to access array offset on value of type null', 'C:\\xampp\\htdocs\\pms\\app\\Views\\sys\\payroll\\monthendview.php', 29)
 2 SYSTEMPATH\View\View.php(224): include('C:\\xampp\\htdocs\\pms\\app\\Views\\sys\\payroll\\monthendview.php')
 3 SYSTEMPATH\View\View.php(227): CodeIgniter\View\View->CodeIgniter\View\{closure}()
 4 SYSTEMPATH\Common.php(1176): CodeIgniter\View\View->render('sys/payroll/monthendview', [], true)
 5 APPPATH\Controllers\payroll.php(208): view('sys/payroll/monthendview', [...])
 6 SYSTEMPATH\CodeIgniter.php(932): App\Controllers\Payroll->monthendview()
 7 SYSTEMPATH\CodeIgniter.php(497): CodeIgniter\CodeIgniter->runController(Object(App\Controllers\Payroll))
 8 SYSTEMPATH\CodeIgniter.php(366): CodeIgniter\CodeIgniter->handleRequest(null, Object(Config\Cache), false)
 9 FCPATH\index.php(67): CodeIgniter\CodeIgniter->run()
CRITICAL - 2024-05-19 00:16:22 --> Trying to access array offset on value of type null
in APPPATH\Views\sys\payroll\monthendview.php on line 29.
 1 APPPATH\Views\sys\payroll\monthendview.php(29): CodeIgniter\Debug\Exceptions->errorHandler(2, 'Trying to access array offset on value of type null', 'C:\\xampp\\htdocs\\pms\\app\\Views\\sys\\payroll\\monthendview.php', 29)
 2 SYSTEMPATH\View\View.php(224): include('C:\\xampp\\htdocs\\pms\\app\\Views\\sys\\payroll\\monthendview.php')
 3 SYSTEMPATH\View\View.php(227): CodeIgniter\View\View->CodeIgniter\View\{closure}()
 4 SYSTEMPATH\Common.php(1176): CodeIgniter\View\View->render('sys/payroll/monthendview', [], true)
 5 APPPATH\Controllers\payroll.php(208): view('sys/payroll/monthendview', [...])
 6 SYSTEMPATH\CodeIgniter.php(932): App\Controllers\Payroll->monthendview()
 7 SYSTEMPATH\CodeIgniter.php(497): CodeIgniter\CodeIgniter->runController(Object(App\Controllers\Payroll))
 8 SYSTEMPATH\CodeIgniter.php(366): CodeIgniter\CodeIgniter->handleRequest(null, Object(Config\Cache), false)
 9 FCPATH\index.php(67): CodeIgniter\CodeIgniter->run()
CRITICAL - 2024-05-19 00:16:49 --> Undefined array key 0
in APPPATH\Views\sys\content_admin.php on line 85.
 1 APPPATH\Views\sys\content_admin.php(85): CodeIgniter\Debug\Exceptions->errorHandler(2, 'Undefined array key 0', 'C:\\xampp\\htdocs\\pms\\app\\Views\\sys\\content_admin.php', 85)
 2 SYSTEMPATH\View\View.php(224): include('C:\\xampp\\htdocs\\pms\\app\\Views\\sys\\content_admin.php')
 3 SYSTEMPATH\View\View.php(227): CodeIgniter\View\View->CodeIgniter\View\{closure}()
 4 SYSTEMPATH\Common.php(1176): CodeIgniter\View\View->render('Sys/content_admin', [], true)
 5 APPPATH\Controllers\Sys.php(53): view('Sys/content_admin', [...])
 6 SYSTEMPATH\CodeIgniter.php(932): App\Controllers\Sys->dashboard()
 7 SYSTEMPATH\CodeIgniter.php(497): CodeIgniter\CodeIgniter->runController(Object(App\Controllers\Sys))
 8 SYSTEMPATH\CodeIgniter.php(366): CodeIgniter\CodeIgniter->handleRequest(null, Object(Config\Cache), false)
 9 FCPATH\index.php(67): CodeIgniter\CodeIgniter->run()
CRITICAL - 2024-05-19 00:23:01 --> Undefined array key 0
in APPPATH\Views\sys\content_admin.php on line 85.
 1 APPPATH\Views\sys\content_admin.php(85): CodeIgniter\Debug\Exceptions->errorHandler(2, 'Undefined array key 0', 'C:\\xampp\\htdocs\\pms\\app\\Views\\sys\\content_admin.php', 85)
 2 SYSTEMPATH\View\View.php(224): include('C:\\xampp\\htdocs\\pms\\app\\Views\\sys\\content_admin.php')
 3 SYSTEMPATH\View\View.php(227): CodeIgniter\View\View->CodeIgniter\View\{closure}()
 4 SYSTEMPATH\Common.php(1176): CodeIgniter\View\View->render('Sys/content_admin', [], true)
 5 APPPATH\Controllers\Sys.php(53): view('Sys/content_admin', [...])
 6 SYSTEMPATH\CodeIgniter.php(932): App\Controllers\Sys->dashboard()
 7 SYSTEMPATH\CodeIgniter.php(497): CodeIgniter\CodeIgniter->runController(Object(App\Controllers\Sys))
 8 SYSTEMPATH\CodeIgniter.php(366): CodeIgniter\CodeIgniter->handleRequest(null, Object(Config\Cache), false)
 9 FCPATH\index.php(67): CodeIgniter\CodeIgniter->run()
CRITICAL - 2024-05-19 00:23:04 --> Undefined array key 0
in APPPATH\Views\sys\content_admin.php on line 85.
 1 APPPATH\Views\sys\content_admin.php(85): CodeIgniter\Debug\Exceptions->errorHandler(2, 'Undefined array key 0', 'C:\\xampp\\htdocs\\pms\\app\\Views\\sys\\content_admin.php', 85)
 2 SYSTEMPATH\View\View.php(224): include('C:\\xampp\\htdocs\\pms\\app\\Views\\sys\\content_admin.php')
 3 SYSTEMPATH\View\View.php(227): CodeIgniter\View\View->CodeIgniter\View\{closure}()
 4 SYSTEMPATH\Common.php(1176): CodeIgniter\View\View->render('Sys/content_admin', [], true)
 5 APPPATH\Controllers\Sys.php(53): view('Sys/content_admin', [...])
 6 SYSTEMPATH\CodeIgniter.php(932): App\Controllers\Sys->dashboard()
 7 SYSTEMPATH\CodeIgniter.php(497): CodeIgniter\CodeIgniter->runController(Object(App\Controllers\Sys))
 8 SYSTEMPATH\CodeIgniter.php(366): CodeIgniter\CodeIgniter->handleRequest(null, Object(Config\Cache), false)
 9 FCPATH\index.php(67): CodeIgniter\CodeIgniter->run()
CRITICAL - 2024-05-19 00:23:42 --> Undefined array key 0
in APPPATH\Views\sys\content_admin.php on line 85.
 1 APPPATH\Views\sys\content_admin.php(85): CodeIgniter\Debug\Exceptions->errorHandler(2, 'Undefined array key 0', 'C:\\xampp\\htdocs\\pms\\app\\Views\\sys\\content_admin.php', 85)
 2 SYSTEMPATH\View\View.php(224): include('C:\\xampp\\htdocs\\pms\\app\\Views\\sys\\content_admin.php')
 3 SYSTEMPATH\View\View.php(227): CodeIgniter\View\View->CodeIgniter\View\{closure}()
 4 SYSTEMPATH\Common.php(1176): CodeIgniter\View\View->render('Sys/content_admin', [], true)
 5 APPPATH\Controllers\Sys.php(53): view('Sys/content_admin', [...])
 6 SYSTEMPATH\CodeIgniter.php(932): App\Controllers\Sys->dashboard()
 7 SYSTEMPATH\CodeIgniter.php(497): CodeIgniter\CodeIgniter->runController(Object(App\Controllers\Sys))
 8 SYSTEMPATH\CodeIgniter.php(366): CodeIgniter\CodeIgniter->handleRequest(null, Object(Config\Cache), false)
 9 FCPATH\index.php(67): CodeIgniter\CodeIgniter->run()
CRITICAL - 2024-05-19 02:55:32 --> Undefined array key 0
in APPPATH\Views\sys\content_employee.php on line 56.
 1 APPPATH\Views\sys\content_employee.php(56): CodeIgniter\Debug\Exceptions->errorHandler(2, 'Undefined array key 0', 'C:\\xampp\\htdocs\\pms\\app\\Views\\sys\\content_employee.php', 56)
 2 SYSTEMPATH\View\View.php(224): include('C:\\xampp\\htdocs\\pms\\app\\Views\\sys\\content_employee.php')
 3 SYSTEMPATH\View\View.php(227): CodeIgniter\View\View->CodeIgniter\View\{closure}()
 4 SYSTEMPATH\Common.php(1176): CodeIgniter\View\View->render('Sys/content_employee', [], true)
 5 APPPATH\Controllers\Sys.php(53): view('Sys/content_employee', [...])
 6 SYSTEMPATH\CodeIgniter.php(932): App\Controllers\Sys->dashboard()
 7 SYSTEMPATH\CodeIgniter.php(497): CodeIgniter\CodeIgniter->runController(Object(App\Controllers\Sys))
 8 SYSTEMPATH\CodeIgniter.php(366): CodeIgniter\CodeIgniter->handleRequest(null, Object(Config\Cache), false)
 9 FCPATH\index.php(67): CodeIgniter\CodeIgniter->run()
CRITICAL - 2024-05-19 03:00:28 --> Undefined array key 0
in APPPATH\Views\sys\content_salaryclerk.php on line 56.
 1 APPPATH\Views\sys\content_salaryclerk.php(56): CodeIgniter\Debug\Exceptions->errorHandler(2, 'Undefined array key 0', 'C:\\xampp\\htdocs\\pms\\app\\Views\\sys\\content_salaryclerk.php', 56)
 2 SYSTEMPATH\View\View.php(224): include('C:\\xampp\\htdocs\\pms\\app\\Views\\sys\\content_salaryclerk.php')
 3 SYSTEMPATH\View\View.php(227): CodeIgniter\View\View->CodeIgniter\View\{closure}()
 4 SYSTEMPATH\Common.php(1176): CodeIgniter\View\View->render('Sys/content_salaryclerk', [], true)
 5 APPPATH\Controllers\Sys.php(53): view('Sys/content_salaryclerk', [...])
 6 SYSTEMPATH\CodeIgniter.php(932): App\Controllers\Sys->dashboard()
 7 SYSTEMPATH\CodeIgniter.php(497): CodeIgniter\CodeIgniter->runController(Object(App\Controllers\Sys))
 8 SYSTEMPATH\CodeIgniter.php(366): CodeIgniter\CodeIgniter->handleRequest(null, Object(Config\Cache), false)
 9 FCPATH\index.php(67): CodeIgniter\CodeIgniter->run()
ERROR - 2024-05-19 05:30:26 --> mysqli_sql_exception: Duplicate entry '1' for key 'PRIMARY' in C:\xampp\htdocs\pms\system\Database\MySQLi\Connection.php:295
Stack trace:
#0 C:\xampp\htdocs\pms\system\Database\MySQLi\Connection.php(295): mysqli->query('INSERT INTO `mo...', 0)
#1 C:\xampp\htdocs\pms\system\Database\BaseConnection.php(692): CodeIgniter\Database\MySQLi\Connection->execute('INSERT INTO `mo...')
#2 C:\xampp\htdocs\pms\system\Database\BaseConnection.php(606): CodeIgniter\Database\BaseConnection->simpleQuery('INSERT INTO `mo...')
#3 C:\xampp\htdocs\pms\system\Database\BaseBuilder.php(1801): CodeIgniter\Database\BaseConnection->query('INSERT INTO `mo...', NULL, false)
#4 C:\xampp\htdocs\pms\system\Database\BaseBuilder.php(2192): CodeIgniter\Database\BaseBuilder->batchExecute('_insertBatch', 100)
#5 C:\xampp\htdocs\pms\app\Models\MonthendModel.php(19): CodeIgniter\Database\BaseBuilder->insertBatch(Array)
#6 C:\xampp\htdocs\pms\app\Controllers\payroll.php(238): App\Models\MonthendModel->processMonthend()
#7 C:\xampp\htdocs\pms\system\CodeIgniter.php(932): App\Controllers\Payroll->month_end()
#8 C:\xampp\htdocs\pms\system\CodeIgniter.php(497): CodeIgniter\CodeIgniter->runController(Object(App\Controllers\Payroll))
#9 C:\xampp\htdocs\pms\system\CodeIgniter.php(366): CodeIgniter\CodeIgniter->handleRequest(NULL, Object(Config\Cache), false)
#10 C:\xampp\htdocs\pms\index.php(67): CodeIgniter\CodeIgniter->run()
#11 {main}
CRITICAL - 2024-05-19 05:30:27 --> Duplicate entry '1' for key 'PRIMARY'
in SYSTEMPATH\Database\MySQLi\Connection.php on line 295.
 1 SYSTEMPATH\Database\MySQLi\Connection.php(295): mysqli->query('INSERT INTO `month_end` (`Amount`, `EmployeeCode`, `Id`, `ItemCode`, `Month`, `Year`)
VALUES (\'65000.00\',\'10003\',\'1\',\'100\',\'4\',\'2024\'), (\'5200.00\',\'10003\',\'2\',\'242\',\'4\',\'2024\'), (\'45500.00\',\'10003\',\'3\',\'107\',\'4\',\'2024\'), (\'12000.00\',\'10003\',\'4\',\'111\',\'4\',\'2024\'), (\'5000.00\',\'10003\',\'5\',\'105\',\'4\',\'2024\'), (\'2500.00\',\'10003\',\'6\',\'106\',\'4\',\'2024\'), (\'25.00\',\'10003\',\'7\',\'248\',\'4\',\'2024\'), (\'25.00\',\'10003\',\'8\',\'248\',\'4\',\'2024\'), (\'130000.00\',\'10003\',\'9\',\'200\',\'4\',\'2024\'), (\'5250.00\',\'10003\',\'10\',\'400\',\'4\',\'2024\'), (\'124750.00\',\'10003\',\'11\',\'600\',\'4\',\'2024\'), (\'50000.00\',\'20004\',\'12\',\'100\',\'4\',\'2024\'), (\'4000.00\',\'20004\',\'13\',\'242\',\'4\',\'2024\'), (\'12000.00\',\'20004\',\'14\',\'111\',\'4\',\'2024\'), (\'5000.00\',\'20004\',\'15\',\'105\',\'4\',\'2024\'), (\'2000.00\',\'20004\',\'16\',\'106\',\'4\',\'2024\'), (\'25.00\',\'20004\',\'17\',\'248\',\'4\',\'2024\'), (\'25.00\',\'20004\',\'18\',\'248\',\'4\',\'2024\'), (\'69000.00\',\'20004\',\'19\',\'200\',\'4\',\'2024\'), (\'4050.00\',\'20004\',\'20\',\'400\',\'4\',\'2024\'), (\'64950.00\',\'20004\',\'21\',\'600\',\'4\',\'2024\'), (\'48000.00\',\'30005\',\'22\',\'100\',\'4\',\'2024\'), (\'3840.00\',\'30005\',\'23\',\'242\',\'4\',\'2024\'), (\'12000.00\',\'30005\',\'24\',\'111\',\'4\',\'2024\'), (\'5000.00\',\'30005\',\'25\',\'105\',\'4\',\'2024\'), (\'1500.00\',\'30005\',\'26\',\'106\',\'4\',\'2024\'), (\'25.00\',\'30005\',\'27\',\'248\',\'4\',\'2024\'), (\'25.00\',\'30005\',\'28\',\'248\',\'4\',\'2024\'), (\'66500.00\',\'30005\',\'29\',\'200\',\'4\',\'2024\'), (\'3890.00\',\'30005\',\'30\',\'400\',\'4\',\'2024\'), (\'62610.00\',\'30005\',\'31\',\'600\',\'4\',\'2024\'), (\'48000.00\',\'40006\',\'32\',\'100\',\'4\',\'2024\'), (\'3840.00\',\'40006\',\'33\',\'242\',\'4\',\'2024\'), (\'12000.00\',\'40006\',\'34\',\'111\',\'4\',\'2024\'), (\'5000.00\',\'40006\',\'35\',\'105\',\'4\',\'2024\'), (\'1500.00\',\'40006\',\'36\',\'106\',\'4\',\'2024\'), (\'25.00\',\'40006\',\'37\',\'248\',\'4\',\'2024\'), (\'5200.00\',\'40006\',\'38\',\'219\',\'4\',\'2024\'), (\'5200.00\',\'40006\',\'39\',\'219\',\'4\',\'2024\'), (\'25.00\',\'40006\',\'40\',\'248\',\'4\',\'2024\'), (\'5200.00\',\'40006\',\'41\',\'219\',\'4\',\'2024\'), (\'5200.00\',\'40006\',\'42\',\'219\',\'4\',\'2024\'), (\'66500.00\',\'40006\',\'43\',\'200\',\'4\',\'2024\'), (\'24690.00\',\'40006\',\'44\',\'400\',\'4\',\'2024\'), (\'41810.00\',\'40006\',\'45\',\'600\',\'4\',\'2024\'), (\'45000.00\',\'50007\',\'46\',\'100\',\'4\',\'2024\'), (\'3600.00\',\'50007\',\'47\',\'242\',\'4\',\'2024\'), (\'12000.00\',\'50007\',\'48\',\'111\',\'4\',\'2024\'), (\'5000.00\',\'50007\',\'49\',\'105\',\'4\',\'2024\'), (\'25.00\',\'50007\',\'50\',\'248\',\'4\',\'2024\'), (\'25.00\',\'50007\',\'51\',\'248\',\'4\',\'2024\'), (\'62000.00\',\'50007\',\'52\',\'200\',\'4\',\'2024\'), (\'3650.00\',\'50007\',\'53\',\'400\',\'4\',\'2024\'), (\'58350.00\',\'50007\',\'54\',\'600\',\'4\',\'2024\'), (\'42000.00\',\'40008\',\'55\',\'100\',\'4\',\'2024\'), (\'3360.00\',\'40008\',\'56\',\'242\',\'4\',\'2024\'), (\'12000.00\',\'40008\',\'57\',\'111\',\'4\',\'2024\'), (\'5000.00\',\'40008\',\'58\',\'105\',\'4\',\'2024\'), (\'25.00\',\'40008\',\'59\',\'248\',\'4\',\'2024\'), (\'25.00\',\'40008\',\'60\',\'248\',\'4\',\'2024\'), (\'59000.00\',\'40008\',\'61\',\'200\',\'4\',\'2024\'), (\'3410.00\',\'40008\',\'62\',\'400\',\'4\',\'2024\'), (\'55590.00\',\'40008\',\'63\',\'600\',\'4\',\'2024\'), (\'45000.00\',\'40009\',\'64\',\'100\',\'4\',\'2024\'), (\'3600.00\',\'40009\',\'65\',\'242\',\'4\',\'2024\'), (\'12000.00\',\'40009\',\'66\',\'111\',\'4\',\'2024\'), (\'5000.00\',\'40009\',\'67\',\'105\',\'4\',\'2024\'), (\'25.00\',\'40009\',\'68\',\'248\',\'4\',\'2024\'), (\'25.00\',\'40009\',\'69\',\'248\',\'4\',\'2024\'), (\'62000.00\',\'40009\',\'70\',\'200\',\'4\',\'2024\'), (\'3650.00\',\'40009\',\'71\',\'400\',\'4\',\'2024\'), (\'58350.00\',\'40009\',\'72\',\'600\',\'4\',\'2024\'), (\'45000.00\',\'40010\',\'73\',\'100\',\'4\',\'2024\'), (\'3600.00\',\'40010\',\'74\',\'242\',\'4\',\'2024\'), (\'12000.00\',\'40010\',\'75\',\'111\',\'4\',\'2024\'), (\'5000.00\',\'40010\',\'76\',\'105\',\'4\',\'2024\'), (\'25.00\',\'40010\',\'77\',\'248\',\'4\',\'2024\'), (\'25.00\',\'40010\',\'78\',\'248\',\'4\',\'2024\'), (\'62000.00\',\'40010\',\'79\',\'200\',\'4\',\'2024\'), (\'3650.00\',\'40010\',\'80\',\'400\',\'4\',\'2024\'), (\'58350.00\',\'40010\',\'81\',\'600\',\'4\',\'2024\'), (\'42000.00\',\'90011\',\'82\',\'100\',\'4\',\'2024\'), (\'3360.00\',\'90011\',\'83\',\'242\',\'4\',\'2024\'), (\'12000.00\',\'90011\',\'84\',\'111\',\'4\',\'2024\'), (\'5000.00\',\'90011\',\'85\',\'105\',\'4\',\'2024\'), (\'25.00\',\'90011\',\'86\',\'248\',\'4\',\'2024\'), (\'25.00\',\'90011\',\'87\',\'248\',\'4\',\'2024\'), (\'59000.00\',\'90011\',\'88\',\'200\',\'4\',\'2024\'), (\'3410.00\',\'90011\',\'89\',\'400\',\'4\',\'2024\'), (\'55590.00\',\'90011\',\'90\',\'600\',\'4\',\'2024\'), (\'45000.00\',\'250012\',\'91\',\'100\',\'4\',\'2024\'), (\'3600.00\',\'250012\',\'92\',\'242\',\'4\',\'2024\'), (\'12000.00\',\'250012\',\'93\',\'111\',\'4\',\'2024\'), (\'5000.00\',\'250012\',\'94\',\'105\',\'4\',\'2024\'), (\'25.00\',\'250012\',\'95\',\'248\',\'4\',\'2024\'), (\'25.00\',\'250012\',\'96\',\'248\',\'4\',\'2024\'), (\'62000.00\',\'250012\',\'97\',\'200\',\'4\',\'2024\'), (\'3650.00\',\'250012\',\'98\',\'400\',\'4\',\'2024\'), (\'58350.00\',\'250012\',\'99\',\'600\',\'4\',\'2024\')', 0)
 2 SYSTEMPATH\Database\BaseConnection.php(692): CodeIgniter\Database\MySQLi\Connection->execute('INSERT INTO `month_end` (`Amount`, `EmployeeCode`, `Id`, `ItemCode`, `Month`, `Year`)
VALUES (\'65000.00\',\'10003\',\'1\',\'100\',\'4\',\'2024\'), (\'5200.00\',\'10003\',\'2\',\'242\',\'4\',\'2024\'), (\'45500.00\',\'10003\',\'3\',\'107\',\'4\',\'2024\'), (\'12000.00\',\'10003\',\'4\',\'111\',\'4\',\'2024\'), (\'5000.00\',\'10003\',\'5\',\'105\',\'4\',\'2024\'), (\'2500.00\',\'10003\',\'6\',\'106\',\'4\',\'2024\'), (\'25.00\',\'10003\',\'7\',\'248\',\'4\',\'2024\'), (\'25.00\',\'10003\',\'8\',\'248\',\'4\',\'2024\'), (\'130000.00\',\'10003\',\'9\',\'200\',\'4\',\'2024\'), (\'5250.00\',\'10003\',\'10\',\'400\',\'4\',\'2024\'), (\'124750.00\',\'10003\',\'11\',\'600\',\'4\',\'2024\'), (\'50000.00\',\'20004\',\'12\',\'100\',\'4\',\'2024\'), (\'4000.00\',\'20004\',\'13\',\'242\',\'4\',\'2024\'), (\'12000.00\',\'20004\',\'14\',\'111\',\'4\',\'2024\'), (\'5000.00\',\'20004\',\'15\',\'105\',\'4\',\'2024\'), (\'2000.00\',\'20004\',\'16\',\'106\',\'4\',\'2024\'), (\'25.00\',\'20004\',\'17\',\'248\',\'4\',\'2024\'), (\'25.00\',\'20004\',\'18\',\'248\',\'4\',\'2024\'), (\'69000.00\',\'20004\',\'19\',\'200\',\'4\',\'2024\'), (\'4050.00\',\'20004\',\'20\',\'400\',\'4\',\'2024\'), (\'64950.00\',\'20004\',\'21\',\'600\',\'4\',\'2024\'), (\'48000.00\',\'30005\',\'22\',\'100\',\'4\',\'2024\'), (\'3840.00\',\'30005\',\'23\',\'242\',\'4\',\'2024\'), (\'12000.00\',\'30005\',\'24\',\'111\',\'4\',\'2024\'), (\'5000.00\',\'30005\',\'25\',\'105\',\'4\',\'2024\'), (\'1500.00\',\'30005\',\'26\',\'106\',\'4\',\'2024\'), (\'25.00\',\'30005\',\'27\',\'248\',\'4\',\'2024\'), (\'25.00\',\'30005\',\'28\',\'248\',\'4\',\'2024\'), (\'66500.00\',\'30005\',\'29\',\'200\',\'4\',\'2024\'), (\'3890.00\',\'30005\',\'30\',\'400\',\'4\',\'2024\'), (\'62610.00\',\'30005\',\'31\',\'600\',\'4\',\'2024\'), (\'48000.00\',\'40006\',\'32\',\'100\',\'4\',\'2024\'), (\'3840.00\',\'40006\',\'33\',\'242\',\'4\',\'2024\'), (\'12000.00\',\'40006\',\'34\',\'111\',\'4\',\'2024\'), (\'5000.00\',\'40006\',\'35\',\'105\',\'4\',\'2024\'), (\'1500.00\',\'40006\',\'36\',\'106\',\'4\',\'2024\'), (\'25.00\',\'40006\',\'37\',\'248\',\'4\',\'2024\'), (\'5200.00\',\'40006\',\'38\',\'219\',\'4\',\'2024\'), (\'5200.00\',\'40006\',\'39\',\'219\',\'4\',\'2024\'), (\'25.00\',\'40006\',\'40\',\'248\',\'4\',\'2024\'), (\'5200.00\',\'40006\',\'41\',\'219\',\'4\',\'2024\'), (\'5200.00\',\'40006\',\'42\',\'219\',\'4\',\'2024\'), (\'66500.00\',\'40006\',\'43\',\'200\',\'4\',\'2024\'), (\'24690.00\',\'40006\',\'44\',\'400\',\'4\',\'2024\'), (\'41810.00\',\'40006\',\'45\',\'600\',\'4\',\'2024\'), (\'45000.00\',\'50007\',\'46\',\'100\',\'4\',\'2024\'), (\'3600.00\',\'50007\',\'47\',\'242\',\'4\',\'2024\'), (\'12000.00\',\'50007\',\'48\',\'111\',\'4\',\'2024\'), (\'5000.00\',\'50007\',\'49\',\'105\',\'4\',\'2024\'), (\'25.00\',\'50007\',\'50\',\'248\',\'4\',\'2024\'), (\'25.00\',\'50007\',\'51\',\'248\',\'4\',\'2024\'), (\'62000.00\',\'50007\',\'52\',\'200\',\'4\',\'2024\'), (\'3650.00\',\'50007\',\'53\',\'400\',\'4\',\'2024\'), (\'58350.00\',\'50007\',\'54\',\'600\',\'4\',\'2024\'), (\'42000.00\',\'40008\',\'55\',\'100\',\'4\',\'2024\'), (\'3360.00\',\'40008\',\'56\',\'242\',\'4\',\'2024\'), (\'12000.00\',\'40008\',\'57\',\'111\',\'4\',\'2024\'), (\'5000.00\',\'40008\',\'58\',\'105\',\'4\',\'2024\'), (\'25.00\',\'40008\',\'59\',\'248\',\'4\',\'2024\'), (\'25.00\',\'40008\',\'60\',\'248\',\'4\',\'2024\'), (\'59000.00\',\'40008\',\'61\',\'200\',\'4\',\'2024\'), (\'3410.00\',\'40008\',\'62\',\'400\',\'4\',\'2024\'), (\'55590.00\',\'40008\',\'63\',\'600\',\'4\',\'2024\'), (\'45000.00\',\'40009\',\'64\',\'100\',\'4\',\'2024\'), (\'3600.00\',\'40009\',\'65\',\'242\',\'4\',\'2024\'), (\'12000.00\',\'40009\',\'66\',\'111\',\'4\',\'2024\'), (\'5000.00\',\'40009\',\'67\',\'105\',\'4\',\'2024\'), (\'25.00\',\'40009\',\'68\',\'248\',\'4\',\'2024\'), (\'25.00\',\'40009\',\'69\',\'248\',\'4\',\'2024\'), (\'62000.00\',\'40009\',\'70\',\'200\',\'4\',\'2024\'), (\'3650.00\',\'40009\',\'71\',\'400\',\'4\',\'2024\'), (\'58350.00\',\'40009\',\'72\',\'600\',\'4\',\'2024\'), (\'45000.00\',\'40010\',\'73\',\'100\',\'4\',\'2024\'), (\'3600.00\',\'40010\',\'74\',\'242\',\'4\',\'2024\'), (\'12000.00\',\'40010\',\'75\',\'111\',\'4\',\'2024\'), (\'5000.00\',\'40010\',\'76\',\'105\',\'4\',\'2024\'), (\'25.00\',\'40010\',\'77\',\'248\',\'4\',\'2024\'), (\'25.00\',\'40010\',\'78\',\'248\',\'4\',\'2024\'), (\'62000.00\',\'40010\',\'79\',\'200\',\'4\',\'2024\'), (\'3650.00\',\'40010\',\'80\',\'400\',\'4\',\'2024\'), (\'58350.00\',\'40010\',\'81\',\'600\',\'4\',\'2024\'), (\'42000.00\',\'90011\',\'82\',\'100\',\'4\',\'2024\'), (\'3360.00\',\'90011\',\'83\',\'242\',\'4\',\'2024\'), (\'12000.00\',\'90011\',\'84\',\'111\',\'4\',\'2024\'), (\'5000.00\',\'90011\',\'85\',\'105\',\'4\',\'2024\'), (\'25.00\',\'90011\',\'86\',\'248\',\'4\',\'2024\'), (\'25.00\',\'90011\',\'87\',\'248\',\'4\',\'2024\'), (\'59000.00\',\'90011\',\'88\',\'200\',\'4\',\'2024\'), (\'3410.00\',\'90011\',\'89\',\'400\',\'4\',\'2024\'), (\'55590.00\',\'90011\',\'90\',\'600\',\'4\',\'2024\'), (\'45000.00\',\'250012\',\'91\',\'100\',\'4\',\'2024\'), (\'3600.00\',\'250012\',\'92\',\'242\',\'4\',\'2024\'), (\'12000.00\',\'250012\',\'93\',\'111\',\'4\',\'2024\'), (\'5000.00\',\'250012\',\'94\',\'105\',\'4\',\'2024\'), (\'25.00\',\'250012\',\'95\',\'248\',\'4\',\'2024\'), (\'25.00\',\'250012\',\'96\',\'248\',\'4\',\'2024\'), (\'62000.00\',\'250012\',\'97\',\'200\',\'4\',\'2024\'), (\'3650.00\',\'250012\',\'98\',\'400\',\'4\',\'2024\'), (\'58350.00\',\'250012\',\'99\',\'600\',\'4\',\'2024\')')
 3 SYSTEMPATH\Database\BaseConnection.php(606): CodeIgniter\Database\BaseConnection->simpleQuery('INSERT INTO `month_end` (`Amount`, `EmployeeCode`, `Id`, `ItemCode`, `Month`, `Year`)
VALUES (\'65000.00\',\'10003\',\'1\',\'100\',\'4\',\'2024\'), (\'5200.00\',\'10003\',\'2\',\'242\',\'4\',\'2024\'), (\'45500.00\',\'10003\',\'3\',\'107\',\'4\',\'2024\'), (\'12000.00\',\'10003\',\'4\',\'111\',\'4\',\'2024\'), (\'5000.00\',\'10003\',\'5\',\'105\',\'4\',\'2024\'), (\'2500.00\',\'10003\',\'6\',\'106\',\'4\',\'2024\'), (\'25.00\',\'10003\',\'7\',\'248\',\'4\',\'2024\'), (\'25.00\',\'10003\',\'8\',\'248\',\'4\',\'2024\'), (\'130000.00\',\'10003\',\'9\',\'200\',\'4\',\'2024\'), (\'5250.00\',\'10003\',\'10\',\'400\',\'4\',\'2024\'), (\'124750.00\',\'10003\',\'11\',\'600\',\'4\',\'2024\'), (\'50000.00\',\'20004\',\'12\',\'100\',\'4\',\'2024\'), (\'4000.00\',\'20004\',\'13\',\'242\',\'4\',\'2024\'), (\'12000.00\',\'20004\',\'14\',\'111\',\'4\',\'2024\'), (\'5000.00\',\'20004\',\'15\',\'105\',\'4\',\'2024\'), (\'2000.00\',\'20004\',\'16\',\'106\',\'4\',\'2024\'), (\'25.00\',\'20004\',\'17\',\'248\',\'4\',\'2024\'), (\'25.00\',\'20004\',\'18\',\'248\',\'4\',\'2024\'), (\'69000.00\',\'20004\',\'19\',\'200\',\'4\',\'2024\'), (\'4050.00\',\'20004\',\'20\',\'400\',\'4\',\'2024\'), (\'64950.00\',\'20004\',\'21\',\'600\',\'4\',\'2024\'), (\'48000.00\',\'30005\',\'22\',\'100\',\'4\',\'2024\'), (\'3840.00\',\'30005\',\'23\',\'242\',\'4\',\'2024\'), (\'12000.00\',\'30005\',\'24\',\'111\',\'4\',\'2024\'), (\'5000.00\',\'30005\',\'25\',\'105\',\'4\',\'2024\'), (\'1500.00\',\'30005\',\'26\',\'106\',\'4\',\'2024\'), (\'25.00\',\'30005\',\'27\',\'248\',\'4\',\'2024\'), (\'25.00\',\'30005\',\'28\',\'248\',\'4\',\'2024\'), (\'66500.00\',\'30005\',\'29\',\'200\',\'4\',\'2024\'), (\'3890.00\',\'30005\',\'30\',\'400\',\'4\',\'2024\'), (\'62610.00\',\'30005\',\'31\',\'600\',\'4\',\'2024\'), (\'48000.00\',\'40006\',\'32\',\'100\',\'4\',\'2024\'), (\'3840.00\',\'40006\',\'33\',\'242\',\'4\',\'2024\'), (\'12000.00\',\'40006\',\'34\',\'111\',\'4\',\'2024\'), (\'5000.00\',\'40006\',\'35\',\'105\',\'4\',\'2024\'), (\'1500.00\',\'40006\',\'36\',\'106\',\'4\',\'2024\'), (\'25.00\',\'40006\',\'37\',\'248\',\'4\',\'2024\'), (\'5200.00\',\'40006\',\'38\',\'219\',\'4\',\'2024\'), (\'5200.00\',\'40006\',\'39\',\'219\',\'4\',\'2024\'), (\'25.00\',\'40006\',\'40\',\'248\',\'4\',\'2024\'), (\'5200.00\',\'40006\',\'41\',\'219\',\'4\',\'2024\'), (\'5200.00\',\'40006\',\'42\',\'219\',\'4\',\'2024\'), (\'66500.00\',\'40006\',\'43\',\'200\',\'4\',\'2024\'), (\'24690.00\',\'40006\',\'44\',\'400\',\'4\',\'2024\'), (\'41810.00\',\'40006\',\'45\',\'600\',\'4\',\'2024\'), (\'45000.00\',\'50007\',\'46\',\'100\',\'4\',\'2024\'), (\'3600.00\',\'50007\',\'47\',\'242\',\'4\',\'2024\'), (\'12000.00\',\'50007\',\'48\',\'111\',\'4\',\'2024\'), (\'5000.00\',\'50007\',\'49\',\'105\',\'4\',\'2024\'), (\'25.00\',\'50007\',\'50\',\'248\',\'4\',\'2024\'), (\'25.00\',\'50007\',\'51\',\'248\',\'4\',\'2024\'), (\'62000.00\',\'50007\',\'52\',\'200\',\'4\',\'2024\'), (\'3650.00\',\'50007\',\'53\',\'400\',\'4\',\'2024\'), (\'58350.00\',\'50007\',\'54\',\'600\',\'4\',\'2024\'), (\'42000.00\',\'40008\',\'55\',\'100\',\'4\',\'2024\'), (\'3360.00\',\'40008\',\'56\',\'242\',\'4\',\'2024\'), (\'12000.00\',\'40008\',\'57\',\'111\',\'4\',\'2024\'), (\'5000.00\',\'40008\',\'58\',\'105\',\'4\',\'2024\'), (\'25.00\',\'40008\',\'59\',\'248\',\'4\',\'2024\'), (\'25.00\',\'40008\',\'60\',\'248\',\'4\',\'2024\'), (\'59000.00\',\'40008\',\'61\',\'200\',\'4\',\'2024\'), (\'3410.00\',\'40008\',\'62\',\'400\',\'4\',\'2024\'), (\'55590.00\',\'40008\',\'63\',\'600\',\'4\',\'2024\'), (\'45000.00\',\'40009\',\'64\',\'100\',\'4\',\'2024\'), (\'3600.00\',\'40009\',\'65\',\'242\',\'4\',\'2024\'), (\'12000.00\',\'40009\',\'66\',\'111\',\'4\',\'2024\'), (\'5000.00\',\'40009\',\'67\',\'105\',\'4\',\'2024\'), (\'25.00\',\'40009\',\'68\',\'248\',\'4\',\'2024\'), (\'25.00\',\'40009\',\'69\',\'248\',\'4\',\'2024\'), (\'62000.00\',\'40009\',\'70\',\'200\',\'4\',\'2024\'), (\'3650.00\',\'40009\',\'71\',\'400\',\'4\',\'2024\'), (\'58350.00\',\'40009\',\'72\',\'600\',\'4\',\'2024\'), (\'45000.00\',\'40010\',\'73\',\'100\',\'4\',\'2024\'), (\'3600.00\',\'40010\',\'74\',\'242\',\'4\',\'2024\'), (\'12000.00\',\'40010\',\'75\',\'111\',\'4\',\'2024\'), (\'5000.00\',\'40010\',\'76\',\'105\',\'4\',\'2024\'), (\'25.00\',\'40010\',\'77\',\'248\',\'4\',\'2024\'), (\'25.00\',\'40010\',\'78\',\'248\',\'4\',\'2024\'), (\'62000.00\',\'40010\',\'79\',\'200\',\'4\',\'2024\'), (\'3650.00\',\'40010\',\'80\',\'400\',\'4\',\'2024\'), (\'58350.00\',\'40010\',\'81\',\'600\',\'4\',\'2024\'), (\'42000.00\',\'90011\',\'82\',\'100\',\'4\',\'2024\'), (\'3360.00\',\'90011\',\'83\',\'242\',\'4\',\'2024\'), (\'12000.00\',\'90011\',\'84\',\'111\',\'4\',\'2024\'), (\'5000.00\',\'90011\',\'85\',\'105\',\'4\',\'2024\'), (\'25.00\',\'90011\',\'86\',\'248\',\'4\',\'2024\'), (\'25.00\',\'90011\',\'87\',\'248\',\'4\',\'2024\'), (\'59000.00\',\'90011\',\'88\',\'200\',\'4\',\'2024\'), (\'3410.00\',\'90011\',\'89\',\'400\',\'4\',\'2024\'), (\'55590.00\',\'90011\',\'90\',\'600\',\'4\',\'2024\'), (\'45000.00\',\'250012\',\'91\',\'100\',\'4\',\'2024\'), (\'3600.00\',\'250012\',\'92\',\'242\',\'4\',\'2024\'), (\'12000.00\',\'250012\',\'93\',\'111\',\'4\',\'2024\'), (\'5000.00\',\'250012\',\'94\',\'105\',\'4\',\'2024\'), (\'25.00\',\'250012\',\'95\',\'248\',\'4\',\'2024\'), (\'25.00\',\'250012\',\'96\',\'248\',\'4\',\'2024\'), (\'62000.00\',\'250012\',\'97\',\'200\',\'4\',\'2024\'), (\'3650.00\',\'250012\',\'98\',\'400\',\'4\',\'2024\'), (\'58350.00\',\'250012\',\'99\',\'600\',\'4\',\'2024\')')
 4 SYSTEMPATH\Database\BaseBuilder.php(1801): CodeIgniter\Database\BaseConnection->query('INSERT INTO `month_end` (`Amount`, `EmployeeCode`, `Id`, `ItemCode`, `Month`, `Year`)
VALUES (\'65000.00\',\'10003\',\'1\',\'100\',\'4\',\'2024\'), (\'5200.00\',\'10003\',\'2\',\'242\',\'4\',\'2024\'), (\'45500.00\',\'10003\',\'3\',\'107\',\'4\',\'2024\'), (\'12000.00\',\'10003\',\'4\',\'111\',\'4\',\'2024\'), (\'5000.00\',\'10003\',\'5\',\'105\',\'4\',\'2024\'), (\'2500.00\',\'10003\',\'6\',\'106\',\'4\',\'2024\'), (\'25.00\',\'10003\',\'7\',\'248\',\'4\',\'2024\'), (\'25.00\',\'10003\',\'8\',\'248\',\'4\',\'2024\'), (\'130000.00\',\'10003\',\'9\',\'200\',\'4\',\'2024\'), (\'5250.00\',\'10003\',\'10\',\'400\',\'4\',\'2024\'), (\'124750.00\',\'10003\',\'11\',\'600\',\'4\',\'2024\'), (\'50000.00\',\'20004\',\'12\',\'100\',\'4\',\'2024\'), (\'4000.00\',\'20004\',\'13\',\'242\',\'4\',\'2024\'), (\'12000.00\',\'20004\',\'14\',\'111\',\'4\',\'2024\'), (\'5000.00\',\'20004\',\'15\',\'105\',\'4\',\'2024\'), (\'2000.00\',\'20004\',\'16\',\'106\',\'4\',\'2024\'), (\'25.00\',\'20004\',\'17\',\'248\',\'4\',\'2024\'), (\'25.00\',\'20004\',\'18\',\'248\',\'4\',\'2024\'), (\'69000.00\',\'20004\',\'19\',\'200\',\'4\',\'2024\'), (\'4050.00\',\'20004\',\'20\',\'400\',\'4\',\'2024\'), (\'64950.00\',\'20004\',\'21\',\'600\',\'4\',\'2024\'), (\'48000.00\',\'30005\',\'22\',\'100\',\'4\',\'2024\'), (\'3840.00\',\'30005\',\'23\',\'242\',\'4\',\'2024\'), (\'12000.00\',\'30005\',\'24\',\'111\',\'4\',\'2024\'), (\'5000.00\',\'30005\',\'25\',\'105\',\'4\',\'2024\'), (\'1500.00\',\'30005\',\'26\',\'106\',\'4\',\'2024\'), (\'25.00\',\'30005\',\'27\',\'248\',\'4\',\'2024\'), (\'25.00\',\'30005\',\'28\',\'248\',\'4\',\'2024\'), (\'66500.00\',\'30005\',\'29\',\'200\',\'4\',\'2024\'), (\'3890.00\',\'30005\',\'30\',\'400\',\'4\',\'2024\'), (\'62610.00\',\'30005\',\'31\',\'600\',\'4\',\'2024\'), (\'48000.00\',\'40006\',\'32\',\'100\',\'4\',\'2024\'), (\'3840.00\',\'40006\',\'33\',\'242\',\'4\',\'2024\'), (\'12000.00\',\'40006\',\'34\',\'111\',\'4\',\'2024\'), (\'5000.00\',\'40006\',\'35\',\'105\',\'4\',\'2024\'), (\'1500.00\',\'40006\',\'36\',\'106\',\'4\',\'2024\'), (\'25.00\',\'40006\',\'37\',\'248\',\'4\',\'2024\'), (\'5200.00\',\'40006\',\'38\',\'219\',\'4\',\'2024\'), (\'5200.00\',\'40006\',\'39\',\'219\',\'4\',\'2024\'), (\'25.00\',\'40006\',\'40\',\'248\',\'4\',\'2024\'), (\'5200.00\',\'40006\',\'41\',\'219\',\'4\',\'2024\'), (\'5200.00\',\'40006\',\'42\',\'219\',\'4\',\'2024\'), (\'66500.00\',\'40006\',\'43\',\'200\',\'4\',\'2024\'), (\'24690.00\',\'40006\',\'44\',\'400\',\'4\',\'2024\'), (\'41810.00\',\'40006\',\'45\',\'600\',\'4\',\'2024\'), (\'45000.00\',\'50007\',\'46\',\'100\',\'4\',\'2024\'), (\'3600.00\',\'50007\',\'47\',\'242\',\'4\',\'2024\'), (\'12000.00\',\'50007\',\'48\',\'111\',\'4\',\'2024\'), (\'5000.00\',\'50007\',\'49\',\'105\',\'4\',\'2024\'), (\'25.00\',\'50007\',\'50\',\'248\',\'4\',\'2024\'), (\'25.00\',\'50007\',\'51\',\'248\',\'4\',\'2024\'), (\'62000.00\',\'50007\',\'52\',\'200\',\'4\',\'2024\'), (\'3650.00\',\'50007\',\'53\',\'400\',\'4\',\'2024\'), (\'58350.00\',\'50007\',\'54\',\'600\',\'4\',\'2024\'), (\'42000.00\',\'40008\',\'55\',\'100\',\'4\',\'2024\'), (\'3360.00\',\'40008\',\'56\',\'242\',\'4\',\'2024\'), (\'12000.00\',\'40008\',\'57\',\'111\',\'4\',\'2024\'), (\'5000.00\',\'40008\',\'58\',\'105\',\'4\',\'2024\'), (\'25.00\',\'40008\',\'59\',\'248\',\'4\',\'2024\'), (\'25.00\',\'40008\',\'60\',\'248\',\'4\',\'2024\'), (\'59000.00\',\'40008\',\'61\',\'200\',\'4\',\'2024\'), (\'3410.00\',\'40008\',\'62\',\'400\',\'4\',\'2024\'), (\'55590.00\',\'40008\',\'63\',\'600\',\'4\',\'2024\'), (\'45000.00\',\'40009\',\'64\',\'100\',\'4\',\'2024\'), (\'3600.00\',\'40009\',\'65\',\'242\',\'4\',\'2024\'), (\'12000.00\',\'40009\',\'66\',\'111\',\'4\',\'2024\'), (\'5000.00\',\'40009\',\'67\',\'105\',\'4\',\'2024\'), (\'25.00\',\'40009\',\'68\',\'248\',\'4\',\'2024\'), (\'25.00\',\'40009\',\'69\',\'248\',\'4\',\'2024\'), (\'62000.00\',\'40009\',\'70\',\'200\',\'4\',\'2024\'), (\'3650.00\',\'40009\',\'71\',\'400\',\'4\',\'2024\'), (\'58350.00\',\'40009\',\'72\',\'600\',\'4\',\'2024\'), (\'45000.00\',\'40010\',\'73\',\'100\',\'4\',\'2024\'), (\'3600.00\',\'40010\',\'74\',\'242\',\'4\',\'2024\'), (\'12000.00\',\'40010\',\'75\',\'111\',\'4\',\'2024\'), (\'5000.00\',\'40010\',\'76\',\'105\',\'4\',\'2024\'), (\'25.00\',\'40010\',\'77\',\'248\',\'4\',\'2024\'), (\'25.00\',\'40010\',\'78\',\'248\',\'4\',\'2024\'), (\'62000.00\',\'40010\',\'79\',\'200\',\'4\',\'2024\'), (\'3650.00\',\'40010\',\'80\',\'400\',\'4\',\'2024\'), (\'58350.00\',\'40010\',\'81\',\'600\',\'4\',\'2024\'), (\'42000.00\',\'90011\',\'82\',\'100\',\'4\',\'2024\'), (\'3360.00\',\'90011\',\'83\',\'242\',\'4\',\'2024\'), (\'12000.00\',\'90011\',\'84\',\'111\',\'4\',\'2024\'), (\'5000.00\',\'90011\',\'85\',\'105\',\'4\',\'2024\'), (\'25.00\',\'90011\',\'86\',\'248\',\'4\',\'2024\'), (\'25.00\',\'90011\',\'87\',\'248\',\'4\',\'2024\'), (\'59000.00\',\'90011\',\'88\',\'200\',\'4\',\'2024\'), (\'3410.00\',\'90011\',\'89\',\'400\',\'4\',\'2024\'), (\'55590.00\',\'90011\',\'90\',\'600\',\'4\',\'2024\'), (\'45000.00\',\'250012\',\'91\',\'100\',\'4\',\'2024\'), (\'3600.00\',\'250012\',\'92\',\'242\',\'4\',\'2024\'), (\'12000.00\',\'250012\',\'93\',\'111\',\'4\',\'2024\'), (\'5000.00\',\'250012\',\'94\',\'105\',\'4\',\'2024\'), (\'25.00\',\'250012\',\'95\',\'248\',\'4\',\'2024\'), (\'25.00\',\'250012\',\'96\',\'248\',\'4\',\'2024\'), (\'62000.00\',\'250012\',\'97\',\'200\',\'4\',\'2024\'), (\'3650.00\',\'250012\',\'98\',\'400\',\'4\',\'2024\'), (\'58350.00\',\'250012\',\'99\',\'600\',\'4\',\'2024\')', null, false)
 5 SYSTEMPATH\Database\BaseBuilder.php(2192): CodeIgniter\Database\BaseBuilder->batchExecute('_insertBatch', 100)
 6 APPPATH\Models\MonthendModel.php(19): CodeIgniter\Database\BaseBuilder->insertBatch([...])
 7 APPPATH\Controllers\payroll.php(238): App\Models\MonthendModel->processMonthend()
 8 SYSTEMPATH\CodeIgniter.php(932): App\Controllers\Payroll->month_end()
 9 SYSTEMPATH\CodeIgniter.php(497): CodeIgniter\CodeIgniter->runController(Object(App\Controllers\Payroll))
10 SYSTEMPATH\CodeIgniter.php(366): CodeIgniter\CodeIgniter->handleRequest(null, Object(Config\Cache), false)
11 FCPATH\index.php(67): CodeIgniter\CodeIgniter->run()
CRITICAL - 2024-05-19 05:36:23 --> Trying to access array offset on value of type null
in APPPATH\Views\sys\payroll\monthendview.php on line 29.
 1 APPPATH\Views\sys\payroll\monthendview.php(29): CodeIgniter\Debug\Exceptions->errorHandler(2, 'Trying to access array offset on value of type null', 'C:\\xampp\\htdocs\\pms\\app\\Views\\sys\\payroll\\monthendview.php', 29)
 2 SYSTEMPATH\View\View.php(224): include('C:\\xampp\\htdocs\\pms\\app\\Views\\sys\\payroll\\monthendview.php')
 3 SYSTEMPATH\View\View.php(227): CodeIgniter\View\View->CodeIgniter\View\{closure}()
 4 SYSTEMPATH\Common.php(1176): CodeIgniter\View\View->render('sys/payroll/monthendview', [], true)
 5 APPPATH\Controllers\payroll.php(208): view('sys/payroll/monthendview', [...])
 6 SYSTEMPATH\CodeIgniter.php(932): App\Controllers\Payroll->monthendview()
 7 SYSTEMPATH\CodeIgniter.php(497): CodeIgniter\CodeIgniter->runController(Object(App\Controllers\Payroll))
 8 SYSTEMPATH\CodeIgniter.php(366): CodeIgniter\CodeIgniter->handleRequest(null, Object(Config\Cache), false)
 9 FCPATH\index.php(67): CodeIgniter\CodeIgniter->run()
ERROR - 2024-05-19 05:36:55 --> mysqli_sql_exception: Duplicate entry '1' for key 'PRIMARY' in C:\xampp\htdocs\pms\system\Database\MySQLi\Connection.php:295
Stack trace:
#0 C:\xampp\htdocs\pms\system\Database\MySQLi\Connection.php(295): mysqli->query('INSERT INTO `mo...', 0)
#1 C:\xampp\htdocs\pms\system\Database\BaseConnection.php(692): CodeIgniter\Database\MySQLi\Connection->execute('INSERT INTO `mo...')
#2 C:\xampp\htdocs\pms\system\Database\BaseConnection.php(606): CodeIgniter\Database\BaseConnection->simpleQuery('INSERT INTO `mo...')
#3 C:\xampp\htdocs\pms\system\Database\BaseBuilder.php(1801): CodeIgniter\Database\BaseConnection->query('INSERT INTO `mo...', NULL, false)
#4 C:\xampp\htdocs\pms\system\Database\BaseBuilder.php(2192): CodeIgniter\Database\BaseBuilder->batchExecute('_insertBatch', 100)
#5 C:\xampp\htdocs\pms\app\Models\MonthendModel.php(19): CodeIgniter\Database\BaseBuilder->insertBatch(Array)
#6 C:\xampp\htdocs\pms\app\Controllers\payroll.php(238): App\Models\MonthendModel->processMonthend()
#7 C:\xampp\htdocs\pms\system\CodeIgniter.php(932): App\Controllers\Payroll->month_end()
#8 C:\xampp\htdocs\pms\system\CodeIgniter.php(497): CodeIgniter\CodeIgniter->runController(Object(App\Controllers\Payroll))
#9 C:\xampp\htdocs\pms\system\CodeIgniter.php(366): CodeIgniter\CodeIgniter->handleRequest(NULL, Object(Config\Cache), false)
#10 C:\xampp\htdocs\pms\index.php(67): CodeIgniter\CodeIgniter->run()
#11 {main}
CRITICAL - 2024-05-19 05:36:55 --> Duplicate entry '1' for key 'PRIMARY'
in SYSTEMPATH\Database\MySQLi\Connection.php on line 295.
 1 SYSTEMPATH\Database\MySQLi\Connection.php(295): mysqli->query('INSERT INTO `month_end` (`Amount`, `EmployeeCode`, `Id`, `ItemCode`, `Month`, `Year`)
VALUES (\'65000.00\',\'10003\',\'1\',\'100\',\'4\',\'2024\'), (\'5200.00\',\'10003\',\'2\',\'242\',\'4\',\'2024\'), (\'45500.00\',\'10003\',\'3\',\'107\',\'4\',\'2024\'), (\'12000.00\',\'10003\',\'4\',\'111\',\'4\',\'2024\'), (\'5000.00\',\'10003\',\'5\',\'105\',\'4\',\'2024\'), (\'2500.00\',\'10003\',\'6\',\'106\',\'4\',\'2024\'), (\'25.00\',\'10003\',\'7\',\'248\',\'4\',\'2024\'), (\'25.00\',\'10003\',\'8\',\'248\',\'4\',\'2024\'), (\'130000.00\',\'10003\',\'9\',\'200\',\'4\',\'2024\'), (\'5250.00\',\'10003\',\'10\',\'400\',\'4\',\'2024\'), (\'124750.00\',\'10003\',\'11\',\'600\',\'4\',\'2024\'), (\'50000.00\',\'20004\',\'12\',\'100\',\'4\',\'2024\'), (\'4000.00\',\'20004\',\'13\',\'242\',\'4\',\'2024\'), (\'12000.00\',\'20004\',\'14\',\'111\',\'4\',\'2024\'), (\'5000.00\',\'20004\',\'15\',\'105\',\'4\',\'2024\'), (\'2000.00\',\'20004\',\'16\',\'106\',\'4\',\'2024\'), (\'25.00\',\'20004\',\'17\',\'248\',\'4\',\'2024\'), (\'25.00\',\'20004\',\'18\',\'248\',\'4\',\'2024\'), (\'69000.00\',\'20004\',\'19\',\'200\',\'4\',\'2024\'), (\'4050.00\',\'20004\',\'20\',\'400\',\'4\',\'2024\'), (\'64950.00\',\'20004\',\'21\',\'600\',\'4\',\'2024\'), (\'48000.00\',\'30005\',\'22\',\'100\',\'4\',\'2024\'), (\'3840.00\',\'30005\',\'23\',\'242\',\'4\',\'2024\'), (\'12000.00\',\'30005\',\'24\',\'111\',\'4\',\'2024\'), (\'5000.00\',\'30005\',\'25\',\'105\',\'4\',\'2024\'), (\'1500.00\',\'30005\',\'26\',\'106\',\'4\',\'2024\'), (\'25.00\',\'30005\',\'27\',\'248\',\'4\',\'2024\'), (\'25.00\',\'30005\',\'28\',\'248\',\'4\',\'2024\'), (\'66500.00\',\'30005\',\'29\',\'200\',\'4\',\'2024\'), (\'3890.00\',\'30005\',\'30\',\'400\',\'4\',\'2024\'), (\'62610.00\',\'30005\',\'31\',\'600\',\'4\',\'2024\'), (\'48000.00\',\'40006\',\'32\',\'100\',\'4\',\'2024\'), (\'3840.00\',\'40006\',\'33\',\'242\',\'4\',\'2024\'), (\'12000.00\',\'40006\',\'34\',\'111\',\'4\',\'2024\'), (\'5000.00\',\'40006\',\'35\',\'105\',\'4\',\'2024\'), (\'1500.00\',\'40006\',\'36\',\'106\',\'4\',\'2024\'), (\'25.00\',\'40006\',\'37\',\'248\',\'4\',\'2024\'), (\'5200.00\',\'40006\',\'38\',\'219\',\'4\',\'2024\'), (\'5200.00\',\'40006\',\'39\',\'219\',\'4\',\'2024\'), (\'25.00\',\'40006\',\'40\',\'248\',\'4\',\'2024\'), (\'5200.00\',\'40006\',\'41\',\'219\',\'4\',\'2024\'), (\'5200.00\',\'40006\',\'42\',\'219\',\'4\',\'2024\'), (\'66500.00\',\'40006\',\'43\',\'200\',\'4\',\'2024\'), (\'24690.00\',\'40006\',\'44\',\'400\',\'4\',\'2024\'), (\'41810.00\',\'40006\',\'45\',\'600\',\'4\',\'2024\'), (\'45000.00\',\'50007\',\'46\',\'100\',\'4\',\'2024\'), (\'3600.00\',\'50007\',\'47\',\'242\',\'4\',\'2024\'), (\'12000.00\',\'50007\',\'48\',\'111\',\'4\',\'2024\'), (\'5000.00\',\'50007\',\'49\',\'105\',\'4\',\'2024\'), (\'25.00\',\'50007\',\'50\',\'248\',\'4\',\'2024\'), (\'25.00\',\'50007\',\'51\',\'248\',\'4\',\'2024\'), (\'62000.00\',\'50007\',\'52\',\'200\',\'4\',\'2024\'), (\'3650.00\',\'50007\',\'53\',\'400\',\'4\',\'2024\'), (\'58350.00\',\'50007\',\'54\',\'600\',\'4\',\'2024\'), (\'42000.00\',\'40008\',\'55\',\'100\',\'4\',\'2024\'), (\'3360.00\',\'40008\',\'56\',\'242\',\'4\',\'2024\'), (\'12000.00\',\'40008\',\'57\',\'111\',\'4\',\'2024\'), (\'5000.00\',\'40008\',\'58\',\'105\',\'4\',\'2024\'), (\'25.00\',\'40008\',\'59\',\'248\',\'4\',\'2024\'), (\'25.00\',\'40008\',\'60\',\'248\',\'4\',\'2024\'), (\'59000.00\',\'40008\',\'61\',\'200\',\'4\',\'2024\'), (\'3410.00\',\'40008\',\'62\',\'400\',\'4\',\'2024\'), (\'55590.00\',\'40008\',\'63\',\'600\',\'4\',\'2024\'), (\'45000.00\',\'40009\',\'64\',\'100\',\'4\',\'2024\'), (\'3600.00\',\'40009\',\'65\',\'242\',\'4\',\'2024\'), (\'12000.00\',\'40009\',\'66\',\'111\',\'4\',\'2024\'), (\'5000.00\',\'40009\',\'67\',\'105\',\'4\',\'2024\'), (\'25.00\',\'40009\',\'68\',\'248\',\'4\',\'2024\'), (\'25.00\',\'40009\',\'69\',\'248\',\'4\',\'2024\'), (\'62000.00\',\'40009\',\'70\',\'200\',\'4\',\'2024\'), (\'3650.00\',\'40009\',\'71\',\'400\',\'4\',\'2024\'), (\'58350.00\',\'40009\',\'72\',\'600\',\'4\',\'2024\'), (\'45000.00\',\'40010\',\'73\',\'100\',\'4\',\'2024\'), (\'3600.00\',\'40010\',\'74\',\'242\',\'4\',\'2024\'), (\'12000.00\',\'40010\',\'75\',\'111\',\'4\',\'2024\'), (\'5000.00\',\'40010\',\'76\',\'105\',\'4\',\'2024\'), (\'25.00\',\'40010\',\'77\',\'248\',\'4\',\'2024\'), (\'25.00\',\'40010\',\'78\',\'248\',\'4\',\'2024\'), (\'62000.00\',\'40010\',\'79\',\'200\',\'4\',\'2024\'), (\'3650.00\',\'40010\',\'80\',\'400\',\'4\',\'2024\'), (\'58350.00\',\'40010\',\'81\',\'600\',\'4\',\'2024\'), (\'42000.00\',\'90011\',\'82\',\'100\',\'4\',\'2024\'), (\'3360.00\',\'90011\',\'83\',\'242\',\'4\',\'2024\'), (\'12000.00\',\'90011\',\'84\',\'111\',\'4\',\'2024\'), (\'5000.00\',\'90011\',\'85\',\'105\',\'4\',\'2024\'), (\'25.00\',\'90011\',\'86\',\'248\',\'4\',\'2024\'), (\'25.00\',\'90011\',\'87\',\'248\',\'4\',\'2024\'), (\'59000.00\',\'90011\',\'88\',\'200\',\'4\',\'2024\'), (\'3410.00\',\'90011\',\'89\',\'400\',\'4\',\'2024\'), (\'55590.00\',\'90011\',\'90\',\'600\',\'4\',\'2024\'), (\'45000.00\',\'250012\',\'91\',\'100\',\'4\',\'2024\'), (\'3600.00\',\'250012\',\'92\',\'242\',\'4\',\'2024\'), (\'12000.00\',\'250012\',\'93\',\'111\',\'4\',\'2024\'), (\'5000.00\',\'250012\',\'94\',\'105\',\'4\',\'2024\'), (\'25.00\',\'250012\',\'95\',\'248\',\'4\',\'2024\'), (\'25.00\',\'250012\',\'96\',\'248\',\'4\',\'2024\'), (\'62000.00\',\'250012\',\'97\',\'200\',\'4\',\'2024\'), (\'3650.00\',\'250012\',\'98\',\'400\',\'4\',\'2024\'), (\'58350.00\',\'250012\',\'99\',\'600\',\'4\',\'2024\')', 0)
 2 SYSTEMPATH\Database\BaseConnection.php(692): CodeIgniter\Database\MySQLi\Connection->execute('INSERT INTO `month_end` (`Amount`, `EmployeeCode`, `Id`, `ItemCode`, `Month`, `Year`)
VALUES (\'65000.00\',\'10003\',\'1\',\'100\',\'4\',\'2024\'), (\'5200.00\',\'10003\',\'2\',\'242\',\'4\',\'2024\'), (\'45500.00\',\'10003\',\'3\',\'107\',\'4\',\'2024\'), (\'12000.00\',\'10003\',\'4\',\'111\',\'4\',\'2024\'), (\'5000.00\',\'10003\',\'5\',\'105\',\'4\',\'2024\'), (\'2500.00\',\'10003\',\'6\',\'106\',\'4\',\'2024\'), (\'25.00\',\'10003\',\'7\',\'248\',\'4\',\'2024\'), (\'25.00\',\'10003\',\'8\',\'248\',\'4\',\'2024\'), (\'130000.00\',\'10003\',\'9\',\'200\',\'4\',\'2024\'), (\'5250.00\',\'10003\',\'10\',\'400\',\'4\',\'2024\'), (\'124750.00\',\'10003\',\'11\',\'600\',\'4\',\'2024\'), (\'50000.00\',\'20004\',\'12\',\'100\',\'4\',\'2024\'), (\'4000.00\',\'20004\',\'13\',\'242\',\'4\',\'2024\'), (\'12000.00\',\'20004\',\'14\',\'111\',\'4\',\'2024\'), (\'5000.00\',\'20004\',\'15\',\'105\',\'4\',\'2024\'), (\'2000.00\',\'20004\',\'16\',\'106\',\'4\',\'2024\'), (\'25.00\',\'20004\',\'17\',\'248\',\'4\',\'2024\'), (\'25.00\',\'20004\',\'18\',\'248\',\'4\',\'2024\'), (\'69000.00\',\'20004\',\'19\',\'200\',\'4\',\'2024\'), (\'4050.00\',\'20004\',\'20\',\'400\',\'4\',\'2024\'), (\'64950.00\',\'20004\',\'21\',\'600\',\'4\',\'2024\'), (\'48000.00\',\'30005\',\'22\',\'100\',\'4\',\'2024\'), (\'3840.00\',\'30005\',\'23\',\'242\',\'4\',\'2024\'), (\'12000.00\',\'30005\',\'24\',\'111\',\'4\',\'2024\'), (\'5000.00\',\'30005\',\'25\',\'105\',\'4\',\'2024\'), (\'1500.00\',\'30005\',\'26\',\'106\',\'4\',\'2024\'), (\'25.00\',\'30005\',\'27\',\'248\',\'4\',\'2024\'), (\'25.00\',\'30005\',\'28\',\'248\',\'4\',\'2024\'), (\'66500.00\',\'30005\',\'29\',\'200\',\'4\',\'2024\'), (\'3890.00\',\'30005\',\'30\',\'400\',\'4\',\'2024\'), (\'62610.00\',\'30005\',\'31\',\'600\',\'4\',\'2024\'), (\'48000.00\',\'40006\',\'32\',\'100\',\'4\',\'2024\'), (\'3840.00\',\'40006\',\'33\',\'242\',\'4\',\'2024\'), (\'12000.00\',\'40006\',\'34\',\'111\',\'4\',\'2024\'), (\'5000.00\',\'40006\',\'35\',\'105\',\'4\',\'2024\'), (\'1500.00\',\'40006\',\'36\',\'106\',\'4\',\'2024\'), (\'25.00\',\'40006\',\'37\',\'248\',\'4\',\'2024\'), (\'5200.00\',\'40006\',\'38\',\'219\',\'4\',\'2024\'), (\'5200.00\',\'40006\',\'39\',\'219\',\'4\',\'2024\'), (\'25.00\',\'40006\',\'40\',\'248\',\'4\',\'2024\'), (\'5200.00\',\'40006\',\'41\',\'219\',\'4\',\'2024\'), (\'5200.00\',\'40006\',\'42\',\'219\',\'4\',\'2024\'), (\'66500.00\',\'40006\',\'43\',\'200\',\'4\',\'2024\'), (\'24690.00\',\'40006\',\'44\',\'400\',\'4\',\'2024\'), (\'41810.00\',\'40006\',\'45\',\'600\',\'4\',\'2024\'), (\'45000.00\',\'50007\',\'46\',\'100\',\'4\',\'2024\'), (\'3600.00\',\'50007\',\'47\',\'242\',\'4\',\'2024\'), (\'12000.00\',\'50007\',\'48\',\'111\',\'4\',\'2024\'), (\'5000.00\',\'50007\',\'49\',\'105\',\'4\',\'2024\'), (\'25.00\',\'50007\',\'50\',\'248\',\'4\',\'2024\'), (\'25.00\',\'50007\',\'51\',\'248\',\'4\',\'2024\'), (\'62000.00\',\'50007\',\'52\',\'200\',\'4\',\'2024\'), (\'3650.00\',\'50007\',\'53\',\'400\',\'4\',\'2024\'), (\'58350.00\',\'50007\',\'54\',\'600\',\'4\',\'2024\'), (\'42000.00\',\'40008\',\'55\',\'100\',\'4\',\'2024\'), (\'3360.00\',\'40008\',\'56\',\'242\',\'4\',\'2024\'), (\'12000.00\',\'40008\',\'57\',\'111\',\'4\',\'2024\'), (\'5000.00\',\'40008\',\'58\',\'105\',\'4\',\'2024\'), (\'25.00\',\'40008\',\'59\',\'248\',\'4\',\'2024\'), (\'25.00\',\'40008\',\'60\',\'248\',\'4\',\'2024\'), (\'59000.00\',\'40008\',\'61\',\'200\',\'4\',\'2024\'), (\'3410.00\',\'40008\',\'62\',\'400\',\'4\',\'2024\'), (\'55590.00\',\'40008\',\'63\',\'600\',\'4\',\'2024\'), (\'45000.00\',\'40009\',\'64\',\'100\',\'4\',\'2024\'), (\'3600.00\',\'40009\',\'65\',\'242\',\'4\',\'2024\'), (\'12000.00\',\'40009\',\'66\',\'111\',\'4\',\'2024\'), (\'5000.00\',\'40009\',\'67\',\'105\',\'4\',\'2024\'), (\'25.00\',\'40009\',\'68\',\'248\',\'4\',\'2024\'), (\'25.00\',\'40009\',\'69\',\'248\',\'4\',\'2024\'), (\'62000.00\',\'40009\',\'70\',\'200\',\'4\',\'2024\'), (\'3650.00\',\'40009\',\'71\',\'400\',\'4\',\'2024\'), (\'58350.00\',\'40009\',\'72\',\'600\',\'4\',\'2024\'), (\'45000.00\',\'40010\',\'73\',\'100\',\'4\',\'2024\'), (\'3600.00\',\'40010\',\'74\',\'242\',\'4\',\'2024\'), (\'12000.00\',\'40010\',\'75\',\'111\',\'4\',\'2024\'), (\'5000.00\',\'40010\',\'76\',\'105\',\'4\',\'2024\'), (\'25.00\',\'40010\',\'77\',\'248\',\'4\',\'2024\'), (\'25.00\',\'40010\',\'78\',\'248\',\'4\',\'2024\'), (\'62000.00\',\'40010\',\'79\',\'200\',\'4\',\'2024\'), (\'3650.00\',\'40010\',\'80\',\'400\',\'4\',\'2024\'), (\'58350.00\',\'40010\',\'81\',\'600\',\'4\',\'2024\'), (\'42000.00\',\'90011\',\'82\',\'100\',\'4\',\'2024\'), (\'3360.00\',\'90011\',\'83\',\'242\',\'4\',\'2024\'), (\'12000.00\',\'90011\',\'84\',\'111\',\'4\',\'2024\'), (\'5000.00\',\'90011\',\'85\',\'105\',\'4\',\'2024\'), (\'25.00\',\'90011\',\'86\',\'248\',\'4\',\'2024\'), (\'25.00\',\'90011\',\'87\',\'248\',\'4\',\'2024\'), (\'59000.00\',\'90011\',\'88\',\'200\',\'4\',\'2024\'), (\'3410.00\',\'90011\',\'89\',\'400\',\'4\',\'2024\'), (\'55590.00\',\'90011\',\'90\',\'600\',\'4\',\'2024\'), (\'45000.00\',\'250012\',\'91\',\'100\',\'4\',\'2024\'), (\'3600.00\',\'250012\',\'92\',\'242\',\'4\',\'2024\'), (\'12000.00\',\'250012\',\'93\',\'111\',\'4\',\'2024\'), (\'5000.00\',\'250012\',\'94\',\'105\',\'4\',\'2024\'), (\'25.00\',\'250012\',\'95\',\'248\',\'4\',\'2024\'), (\'25.00\',\'250012\',\'96\',\'248\',\'4\',\'2024\'), (\'62000.00\',\'250012\',\'97\',\'200\',\'4\',\'2024\'), (\'3650.00\',\'250012\',\'98\',\'400\',\'4\',\'2024\'), (\'58350.00\',\'250012\',\'99\',\'600\',\'4\',\'2024\')')
 3 SYSTEMPATH\Database\BaseConnection.php(606): CodeIgniter\Database\BaseConnection->simpleQuery('INSERT INTO `month_end` (`Amount`, `EmployeeCode`, `Id`, `ItemCode`, `Month`, `Year`)
VALUES (\'65000.00\',\'10003\',\'1\',\'100\',\'4\',\'2024\'), (\'5200.00\',\'10003\',\'2\',\'242\',\'4\',\'2024\'), (\'45500.00\',\'10003\',\'3\',\'107\',\'4\',\'2024\'), (\'12000.00\',\'10003\',\'4\',\'111\',\'4\',\'2024\'), (\'5000.00\',\'10003\',\'5\',\'105\',\'4\',\'2024\'), (\'2500.00\',\'10003\',\'6\',\'106\',\'4\',\'2024\'), (\'25.00\',\'10003\',\'7\',\'248\',\'4\',\'2024\'), (\'25.00\',\'10003\',\'8\',\'248\',\'4\',\'2024\'), (\'130000.00\',\'10003\',\'9\',\'200\',\'4\',\'2024\'), (\'5250.00\',\'10003\',\'10\',\'400\',\'4\',\'2024\'), (\'124750.00\',\'10003\',\'11\',\'600\',\'4\',\'2024\'), (\'50000.00\',\'20004\',\'12\',\'100\',\'4\',\'2024\'), (\'4000.00\',\'20004\',\'13\',\'242\',\'4\',\'2024\'), (\'12000.00\',\'20004\',\'14\',\'111\',\'4\',\'2024\'), (\'5000.00\',\'20004\',\'15\',\'105\',\'4\',\'2024\'), (\'2000.00\',\'20004\',\'16\',\'106\',\'4\',\'2024\'), (\'25.00\',\'20004\',\'17\',\'248\',\'4\',\'2024\'), (\'25.00\',\'20004\',\'18\',\'248\',\'4\',\'2024\'), (\'69000.00\',\'20004\',\'19\',\'200\',\'4\',\'2024\'), (\'4050.00\',\'20004\',\'20\',\'400\',\'4\',\'2024\'), (\'64950.00\',\'20004\',\'21\',\'600\',\'4\',\'2024\'), (\'48000.00\',\'30005\',\'22\',\'100\',\'4\',\'2024\'), (\'3840.00\',\'30005\',\'23\',\'242\',\'4\',\'2024\'), (\'12000.00\',\'30005\',\'24\',\'111\',\'4\',\'2024\'), (\'5000.00\',\'30005\',\'25\',\'105\',\'4\',\'2024\'), (\'1500.00\',\'30005\',\'26\',\'106\',\'4\',\'2024\'), (\'25.00\',\'30005\',\'27\',\'248\',\'4\',\'2024\'), (\'25.00\',\'30005\',\'28\',\'248\',\'4\',\'2024\'), (\'66500.00\',\'30005\',\'29\',\'200\',\'4\',\'2024\'), (\'3890.00\',\'30005\',\'30\',\'400\',\'4\',\'2024\'), (\'62610.00\',\'30005\',\'31\',\'600\',\'4\',\'2024\'), (\'48000.00\',\'40006\',\'32\',\'100\',\'4\',\'2024\'), (\'3840.00\',\'40006\',\'33\',\'242\',\'4\',\'2024\'), (\'12000.00\',\'40006\',\'34\',\'111\',\'4\',\'2024\'), (\'5000.00\',\'40006\',\'35\',\'105\',\'4\',\'2024\'), (\'1500.00\',\'40006\',\'36\',\'106\',\'4\',\'2024\'), (\'25.00\',\'40006\',\'37\',\'248\',\'4\',\'2024\'), (\'5200.00\',\'40006\',\'38\',\'219\',\'4\',\'2024\'), (\'5200.00\',\'40006\',\'39\',\'219\',\'4\',\'2024\'), (\'25.00\',\'40006\',\'40\',\'248\',\'4\',\'2024\'), (\'5200.00\',\'40006\',\'41\',\'219\',\'4\',\'2024\'), (\'5200.00\',\'40006\',\'42\',\'219\',\'4\',\'2024\'), (\'66500.00\',\'40006\',\'43\',\'200\',\'4\',\'2024\'), (\'24690.00\',\'40006\',\'44\',\'400\',\'4\',\'2024\'), (\'41810.00\',\'40006\',\'45\',\'600\',\'4\',\'2024\'), (\'45000.00\',\'50007\',\'46\',\'100\',\'4\',\'2024\'), (\'3600.00\',\'50007\',\'47\',\'242\',\'4\',\'2024\'), (\'12000.00\',\'50007\',\'48\',\'111\',\'4\',\'2024\'), (\'5000.00\',\'50007\',\'49\',\'105\',\'4\',\'2024\'), (\'25.00\',\'50007\',\'50\',\'248\',\'4\',\'2024\'), (\'25.00\',\'50007\',\'51\',\'248\',\'4\',\'2024\'), (\'62000.00\',\'50007\',\'52\',\'200\',\'4\',\'2024\'), (\'3650.00\',\'50007\',\'53\',\'400\',\'4\',\'2024\'), (\'58350.00\',\'50007\',\'54\',\'600\',\'4\',\'2024\'), (\'42000.00\',\'40008\',\'55\',\'100\',\'4\',\'2024\'), (\'3360.00\',\'40008\',\'56\',\'242\',\'4\',\'2024\'), (\'12000.00\',\'40008\',\'57\',\'111\',\'4\',\'2024\'), (\'5000.00\',\'40008\',\'58\',\'105\',\'4\',\'2024\'), (\'25.00\',\'40008\',\'59\',\'248\',\'4\',\'2024\'), (\'25.00\',\'40008\',\'60\',\'248\',\'4\',\'2024\'), (\'59000.00\',\'40008\',\'61\',\'200\',\'4\',\'2024\'), (\'3410.00\',\'40008\',\'62\',\'400\',\'4\',\'2024\'), (\'55590.00\',\'40008\',\'63\',\'600\',\'4\',\'2024\'), (\'45000.00\',\'40009\',\'64\',\'100\',\'4\',\'2024\'), (\'3600.00\',\'40009\',\'65\',\'242\',\'4\',\'2024\'), (\'12000.00\',\'40009\',\'66\',\'111\',\'4\',\'2024\'), (\'5000.00\',\'40009\',\'67\',\'105\',\'4\',\'2024\'), (\'25.00\',\'40009\',\'68\',\'248\',\'4\',\'2024\'), (\'25.00\',\'40009\',\'69\',\'248\',\'4\',\'2024\'), (\'62000.00\',\'40009\',\'70\',\'200\',\'4\',\'2024\'), (\'3650.00\',\'40009\',\'71\',\'400\',\'4\',\'2024\'), (\'58350.00\',\'40009\',\'72\',\'600\',\'4\',\'2024\'), (\'45000.00\',\'40010\',\'73\',\'100\',\'4\',\'2024\'), (\'3600.00\',\'40010\',\'74\',\'242\',\'4\',\'2024\'), (\'12000.00\',\'40010\',\'75\',\'111\',\'4\',\'2024\'), (\'5000.00\',\'40010\',\'76\',\'105\',\'4\',\'2024\'), (\'25.00\',\'40010\',\'77\',\'248\',\'4\',\'2024\'), (\'25.00\',\'40010\',\'78\',\'248\',\'4\',\'2024\'), (\'62000.00\',\'40010\',\'79\',\'200\',\'4\',\'2024\'), (\'3650.00\',\'40010\',\'80\',\'400\',\'4\',\'2024\'), (\'58350.00\',\'40010\',\'81\',\'600\',\'4\',\'2024\'), (\'42000.00\',\'90011\',\'82\',\'100\',\'4\',\'2024\'), (\'3360.00\',\'90011\',\'83\',\'242\',\'4\',\'2024\'), (\'12000.00\',\'90011\',\'84\',\'111\',\'4\',\'2024\'), (\'5000.00\',\'90011\',\'85\',\'105\',\'4\',\'2024\'), (\'25.00\',\'90011\',\'86\',\'248\',\'4\',\'2024\'), (\'25.00\',\'90011\',\'87\',\'248\',\'4\',\'2024\'), (\'59000.00\',\'90011\',\'88\',\'200\',\'4\',\'2024\'), (\'3410.00\',\'90011\',\'89\',\'400\',\'4\',\'2024\'), (\'55590.00\',\'90011\',\'90\',\'600\',\'4\',\'2024\'), (\'45000.00\',\'250012\',\'91\',\'100\',\'4\',\'2024\'), (\'3600.00\',\'250012\',\'92\',\'242\',\'4\',\'2024\'), (\'12000.00\',\'250012\',\'93\',\'111\',\'4\',\'2024\'), (\'5000.00\',\'250012\',\'94\',\'105\',\'4\',\'2024\'), (\'25.00\',\'250012\',\'95\',\'248\',\'4\',\'2024\'), (\'25.00\',\'250012\',\'96\',\'248\',\'4\',\'2024\'), (\'62000.00\',\'250012\',\'97\',\'200\',\'4\',\'2024\'), (\'3650.00\',\'250012\',\'98\',\'400\',\'4\',\'2024\'), (\'58350.00\',\'250012\',\'99\',\'600\',\'4\',\'2024\')')
 4 SYSTEMPATH\Database\BaseBuilder.php(1801): CodeIgniter\Database\BaseConnection->query('INSERT INTO `month_end` (`Amount`, `EmployeeCode`, `Id`, `ItemCode`, `Month`, `Year`)
VALUES (\'65000.00\',\'10003\',\'1\',\'100\',\'4\',\'2024\'), (\'5200.00\',\'10003\',\'2\',\'242\',\'4\',\'2024\'), (\'45500.00\',\'10003\',\'3\',\'107\',\'4\',\'2024\'), (\'12000.00\',\'10003\',\'4\',\'111\',\'4\',\'2024\'), (\'5000.00\',\'10003\',\'5\',\'105\',\'4\',\'2024\'), (\'2500.00\',\'10003\',\'6\',\'106\',\'4\',\'2024\'), (\'25.00\',\'10003\',\'7\',\'248\',\'4\',\'2024\'), (\'25.00\',\'10003\',\'8\',\'248\',\'4\',\'2024\'), (\'130000.00\',\'10003\',\'9\',\'200\',\'4\',\'2024\'), (\'5250.00\',\'10003\',\'10\',\'400\',\'4\',\'2024\'), (\'124750.00\',\'10003\',\'11\',\'600\',\'4\',\'2024\'), (\'50000.00\',\'20004\',\'12\',\'100\',\'4\',\'2024\'), (\'4000.00\',\'20004\',\'13\',\'242\',\'4\',\'2024\'), (\'12000.00\',\'20004\',\'14\',\'111\',\'4\',\'2024\'), (\'5000.00\',\'20004\',\'15\',\'105\',\'4\',\'2024\'), (\'2000.00\',\'20004\',\'16\',\'106\',\'4\',\'2024\'), (\'25.00\',\'20004\',\'17\',\'248\',\'4\',\'2024\'), (\'25.00\',\'20004\',\'18\',\'248\',\'4\',\'2024\'), (\'69000.00\',\'20004\',\'19\',\'200\',\'4\',\'2024\'), (\'4050.00\',\'20004\',\'20\',\'400\',\'4\',\'2024\'), (\'64950.00\',\'20004\',\'21\',\'600\',\'4\',\'2024\'), (\'48000.00\',\'30005\',\'22\',\'100\',\'4\',\'2024\'), (\'3840.00\',\'30005\',\'23\',\'242\',\'4\',\'2024\'), (\'12000.00\',\'30005\',\'24\',\'111\',\'4\',\'2024\'), (\'5000.00\',\'30005\',\'25\',\'105\',\'4\',\'2024\'), (\'1500.00\',\'30005\',\'26\',\'106\',\'4\',\'2024\'), (\'25.00\',\'30005\',\'27\',\'248\',\'4\',\'2024\'), (\'25.00\',\'30005\',\'28\',\'248\',\'4\',\'2024\'), (\'66500.00\',\'30005\',\'29\',\'200\',\'4\',\'2024\'), (\'3890.00\',\'30005\',\'30\',\'400\',\'4\',\'2024\'), (\'62610.00\',\'30005\',\'31\',\'600\',\'4\',\'2024\'), (\'48000.00\',\'40006\',\'32\',\'100\',\'4\',\'2024\'), (\'3840.00\',\'40006\',\'33\',\'242\',\'4\',\'2024\'), (\'12000.00\',\'40006\',\'34\',\'111\',\'4\',\'2024\'), (\'5000.00\',\'40006\',\'35\',\'105\',\'4\',\'2024\'), (\'1500.00\',\'40006\',\'36\',\'106\',\'4\',\'2024\'), (\'25.00\',\'40006\',\'37\',\'248\',\'4\',\'2024\'), (\'5200.00\',\'40006\',\'38\',\'219\',\'4\',\'2024\'), (\'5200.00\',\'40006\',\'39\',\'219\',\'4\',\'2024\'), (\'25.00\',\'40006\',\'40\',\'248\',\'4\',\'2024\'), (\'5200.00\',\'40006\',\'41\',\'219\',\'4\',\'2024\'), (\'5200.00\',\'40006\',\'42\',\'219\',\'4\',\'2024\'), (\'66500.00\',\'40006\',\'43\',\'200\',\'4\',\'2024\'), (\'24690.00\',\'40006\',\'44\',\'400\',\'4\',\'2024\'), (\'41810.00\',\'40006\',\'45\',\'600\',\'4\',\'2024\'), (\'45000.00\',\'50007\',\'46\',\'100\',\'4\',\'2024\'), (\'3600.00\',\'50007\',\'47\',\'242\',\'4\',\'2024\'), (\'12000.00\',\'50007\',\'48\',\'111\',\'4\',\'2024\'), (\'5000.00\',\'50007\',\'49\',\'105\',\'4\',\'2024\'), (\'25.00\',\'50007\',\'50\',\'248\',\'4\',\'2024\'), (\'25.00\',\'50007\',\'51\',\'248\',\'4\',\'2024\'), (\'62000.00\',\'50007\',\'52\',\'200\',\'4\',\'2024\'), (\'3650.00\',\'50007\',\'53\',\'400\',\'4\',\'2024\'), (\'58350.00\',\'50007\',\'54\',\'600\',\'4\',\'2024\'), (\'42000.00\',\'40008\',\'55\',\'100\',\'4\',\'2024\'), (\'3360.00\',\'40008\',\'56\',\'242\',\'4\',\'2024\'), (\'12000.00\',\'40008\',\'57\',\'111\',\'4\',\'2024\'), (\'5000.00\',\'40008\',\'58\',\'105\',\'4\',\'2024\'), (\'25.00\',\'40008\',\'59\',\'248\',\'4\',\'2024\'), (\'25.00\',\'40008\',\'60\',\'248\',\'4\',\'2024\'), (\'59000.00\',\'40008\',\'61\',\'200\',\'4\',\'2024\'), (\'3410.00\',\'40008\',\'62\',\'400\',\'4\',\'2024\'), (\'55590.00\',\'40008\',\'63\',\'600\',\'4\',\'2024\'), (\'45000.00\',\'40009\',\'64\',\'100\',\'4\',\'2024\'), (\'3600.00\',\'40009\',\'65\',\'242\',\'4\',\'2024\'), (\'12000.00\',\'40009\',\'66\',\'111\',\'4\',\'2024\'), (\'5000.00\',\'40009\',\'67\',\'105\',\'4\',\'2024\'), (\'25.00\',\'40009\',\'68\',\'248\',\'4\',\'2024\'), (\'25.00\',\'40009\',\'69\',\'248\',\'4\',\'2024\'), (\'62000.00\',\'40009\',\'70\',\'200\',\'4\',\'2024\'), (\'3650.00\',\'40009\',\'71\',\'400\',\'4\',\'2024\'), (\'58350.00\',\'40009\',\'72\',\'600\',\'4\',\'2024\'), (\'45000.00\',\'40010\',\'73\',\'100\',\'4\',\'2024\'), (\'3600.00\',\'40010\',\'74\',\'242\',\'4\',\'2024\'), (\'12000.00\',\'40010\',\'75\',\'111\',\'4\',\'2024\'), (\'5000.00\',\'40010\',\'76\',\'105\',\'4\',\'2024\'), (\'25.00\',\'40010\',\'77\',\'248\',\'4\',\'2024\'), (\'25.00\',\'40010\',\'78\',\'248\',\'4\',\'2024\'), (\'62000.00\',\'40010\',\'79\',\'200\',\'4\',\'2024\'), (\'3650.00\',\'40010\',\'80\',\'400\',\'4\',\'2024\'), (\'58350.00\',\'40010\',\'81\',\'600\',\'4\',\'2024\'), (\'42000.00\',\'90011\',\'82\',\'100\',\'4\',\'2024\'), (\'3360.00\',\'90011\',\'83\',\'242\',\'4\',\'2024\'), (\'12000.00\',\'90011\',\'84\',\'111\',\'4\',\'2024\'), (\'5000.00\',\'90011\',\'85\',\'105\',\'4\',\'2024\'), (\'25.00\',\'90011\',\'86\',\'248\',\'4\',\'2024\'), (\'25.00\',\'90011\',\'87\',\'248\',\'4\',\'2024\'), (\'59000.00\',\'90011\',\'88\',\'200\',\'4\',\'2024\'), (\'3410.00\',\'90011\',\'89\',\'400\',\'4\',\'2024\'), (\'55590.00\',\'90011\',\'90\',\'600\',\'4\',\'2024\'), (\'45000.00\',\'250012\',\'91\',\'100\',\'4\',\'2024\'), (\'3600.00\',\'250012\',\'92\',\'242\',\'4\',\'2024\'), (\'12000.00\',\'250012\',\'93\',\'111\',\'4\',\'2024\'), (\'5000.00\',\'250012\',\'94\',\'105\',\'4\',\'2024\'), (\'25.00\',\'250012\',\'95\',\'248\',\'4\',\'2024\'), (\'25.00\',\'250012\',\'96\',\'248\',\'4\',\'2024\'), (\'62000.00\',\'250012\',\'97\',\'200\',\'4\',\'2024\'), (\'3650.00\',\'250012\',\'98\',\'400\',\'4\',\'2024\'), (\'58350.00\',\'250012\',\'99\',\'600\',\'4\',\'2024\')', null, false)
 5 SYSTEMPATH\Database\BaseBuilder.php(2192): CodeIgniter\Database\BaseBuilder->batchExecute('_insertBatch', 100)
 6 APPPATH\Models\MonthendModel.php(19): CodeIgniter\Database\BaseBuilder->insertBatch([...])
 7 APPPATH\Controllers\payroll.php(238): App\Models\MonthendModel->processMonthend()
 8 SYSTEMPATH\CodeIgniter.php(932): App\Controllers\Payroll->month_end()
 9 SYSTEMPATH\CodeIgniter.php(497): CodeIgniter\CodeIgniter->runController(Object(App\Controllers\Payroll))
10 SYSTEMPATH\CodeIgniter.php(366): CodeIgniter\CodeIgniter->handleRequest(null, Object(Config\Cache), false)
11 FCPATH\index.php(67): CodeIgniter\CodeIgniter->run()
CRITICAL - 2024-05-19 05:40:38 --> Undefined array key 0
in APPPATH\Views\sys\content_accountant.php on line 94.
 1 APPPATH\Views\sys\content_accountant.php(94): CodeIgniter\Debug\Exceptions->errorHandler(2, 'Undefined array key 0', 'C:\\xampp\\htdocs\\pms\\app\\Views\\sys\\content_accountant.php', 94)
 2 SYSTEMPATH\View\View.php(224): include('C:\\xampp\\htdocs\\pms\\app\\Views\\sys\\content_accountant.php')
 3 SYSTEMPATH\View\View.php(227): CodeIgniter\View\View->CodeIgniter\View\{closure}()
 4 SYSTEMPATH\Common.php(1176): CodeIgniter\View\View->render('Sys/content_accountant', [], true)
 5 APPPATH\Controllers\Sys.php(53): view('Sys/content_accountant', [...])
 6 SYSTEMPATH\CodeIgniter.php(932): App\Controllers\Sys->dashboard()
 7 SYSTEMPATH\CodeIgniter.php(497): CodeIgniter\CodeIgniter->runController(Object(App\Controllers\Sys))
 8 SYSTEMPATH\CodeIgniter.php(366): CodeIgniter\CodeIgniter->handleRequest(null, Object(Config\Cache), false)
 9 FCPATH\index.php(67): CodeIgniter\CodeIgniter->run()
CRITICAL - 2024-05-19 05:42:30 --> Undefined array key 0
in APPPATH\Views\sys\content_admin.php on line 86.
 1 APPPATH\Views\sys\content_admin.php(86): CodeIgniter\Debug\Exceptions->errorHandler(2, 'Undefined array key 0', 'C:\\xampp\\htdocs\\pms\\app\\Views\\sys\\content_admin.php', 86)
 2 SYSTEMPATH\View\View.php(224): include('C:\\xampp\\htdocs\\pms\\app\\Views\\sys\\content_admin.php')
 3 SYSTEMPATH\View\View.php(227): CodeIgniter\View\View->CodeIgniter\View\{closure}()
 4 SYSTEMPATH\Common.php(1176): CodeIgniter\View\View->render('Sys/content_admin', [], true)
 5 APPPATH\Controllers\Sys.php(53): view('Sys/content_admin', [...])
 6 SYSTEMPATH\CodeIgniter.php(932): App\Controllers\Sys->dashboard()
 7 SYSTEMPATH\CodeIgniter.php(497): CodeIgniter\CodeIgniter->runController(Object(App\Controllers\Sys))
 8 SYSTEMPATH\CodeIgniter.php(366): CodeIgniter\CodeIgniter->handleRequest(null, Object(Config\Cache), false)
 9 FCPATH\index.php(67): CodeIgniter\CodeIgniter->run()
CRITICAL - 2024-05-19 05:43:39 --> Undefined array key 0
in APPPATH\Views\sys\content_admin.php on line 86.
 1 APPPATH\Views\sys\content_admin.php(86): CodeIgniter\Debug\Exceptions->errorHandler(2, 'Undefined array key 0', 'C:\\xampp\\htdocs\\pms\\app\\Views\\sys\\content_admin.php', 86)
 2 SYSTEMPATH\View\View.php(224): include('C:\\xampp\\htdocs\\pms\\app\\Views\\sys\\content_admin.php')
 3 SYSTEMPATH\View\View.php(227): CodeIgniter\View\View->CodeIgniter\View\{closure}()
 4 SYSTEMPATH\Common.php(1176): CodeIgniter\View\View->render('Sys/content_admin', [], true)
 5 APPPATH\Controllers\Sys.php(53): view('Sys/content_admin', [...])
 6 SYSTEMPATH\CodeIgniter.php(932): App\Controllers\Sys->dashboard()
 7 SYSTEMPATH\CodeIgniter.php(497): CodeIgniter\CodeIgniter->runController(Object(App\Controllers\Sys))
 8 SYSTEMPATH\CodeIgniter.php(366): CodeIgniter\CodeIgniter->handleRequest(null, Object(Config\Cache), false)
 9 FCPATH\index.php(67): CodeIgniter\CodeIgniter->run()
CRITICAL - 2024-05-19 06:16:31 --> "validateSub" is not a valid rule.
in SYSTEMPATH\Validation\Validation.php on line 286.
 1 SYSTEMPATH\Validation\Validation.php(286): CodeIgniter\Validation\Exceptions\ValidationException::forRuleNotFound('validateSub')
 2 SYSTEMPATH\Validation\Validation.php(182): CodeIgniter\Validation\Validation->processRules('SubstitutedEmployee', 'Substituted Employee', 'No', [...], [...])
 3 SYSTEMPATH\Controller.php(141): CodeIgniter\Validation\Validation->run()
 4 APPPATH\Controllers\Substitution.php(49): CodeIgniter\Controller->validate([...], [...])
 5 SYSTEMPATH\CodeIgniter.php(932): App\Controllers\Substitution->add()
 6 SYSTEMPATH\CodeIgniter.php(497): CodeIgniter\CodeIgniter->runController(Object(App\Controllers\Substitution))
 7 SYSTEMPATH\CodeIgniter.php(366): CodeIgniter\CodeIgniter->handleRequest(null, Object(Config\Cache), false)
 8 FCPATH\index.php(67): CodeIgniter\CodeIgniter->run()
CRITICAL - 2024-05-19 06:17:29 --> "validateSub" is not a valid rule.
in SYSTEMPATH\Validation\Validation.php on line 286.
 1 SYSTEMPATH\Validation\Validation.php(286): CodeIgniter\Validation\Exceptions\ValidationException::forRuleNotFound('validateSub')
 2 SYSTEMPATH\Validation\Validation.php(182): CodeIgniter\Validation\Validation->processRules('SubstitutedEmployee', 'Substituted Employee', 'No', [...], [...])
 3 SYSTEMPATH\Controller.php(141): CodeIgniter\Validation\Validation->run()
 4 APPPATH\Controllers\Substitution.php(49): CodeIgniter\Controller->validate([...], [...])
 5 SYSTEMPATH\CodeIgniter.php(932): App\Controllers\Substitution->add()
 6 SYSTEMPATH\CodeIgniter.php(497): CodeIgniter\CodeIgniter->runController(Object(App\Controllers\Substitution))
 7 SYSTEMPATH\CodeIgniter.php(366): CodeIgniter\CodeIgniter->handleRequest(null, Object(Config\Cache), false)
 8 FCPATH\index.php(67): CodeIgniter\CodeIgniter->run()
CRITICAL - 2024-05-19 06:17:34 --> "validateSub" is not a valid rule.
in SYSTEMPATH\Validation\Validation.php on line 286.
 1 SYSTEMPATH\Validation\Validation.php(286): CodeIgniter\Validation\Exceptions\ValidationException::forRuleNotFound('validateSub')
 2 SYSTEMPATH\Validation\Validation.php(182): CodeIgniter\Validation\Validation->processRules('SubstitutedEmployee', 'Substituted Employee', 'No', [...], [...])
 3 SYSTEMPATH\Controller.php(141): CodeIgniter\Validation\Validation->run()
 4 APPPATH\Controllers\Substitution.php(49): CodeIgniter\Controller->validate([...], [...])
 5 SYSTEMPATH\CodeIgniter.php(932): App\Controllers\Substitution->add()
 6 SYSTEMPATH\CodeIgniter.php(497): CodeIgniter\CodeIgniter->runController(Object(App\Controllers\Substitution))
 7 SYSTEMPATH\CodeIgniter.php(366): CodeIgniter\CodeIgniter->handleRequest(null, Object(Config\Cache), false)
 8 FCPATH\index.php(67): CodeIgniter\CodeIgniter->run()
CRITICAL - 2024-05-19 06:17:44 --> "validateSub" is not a valid rule.
in SYSTEMPATH\Validation\Validation.php on line 286.
 1 SYSTEMPATH\Validation\Validation.php(286): CodeIgniter\Validation\Exceptions\ValidationException::forRuleNotFound('validateSub')
 2 SYSTEMPATH\Validation\Validation.php(182): CodeIgniter\Validation\Validation->processRules('SubstitutedEmployee', 'Substituted Employee', 'No', [...], [...])
 3 SYSTEMPATH\Controller.php(141): CodeIgniter\Validation\Validation->run()
 4 APPPATH\Controllers\Substitution.php(49): CodeIgniter\Controller->validate([...], [...])
 5 SYSTEMPATH\CodeIgniter.php(932): App\Controllers\Substitution->add()
 6 SYSTEMPATH\CodeIgniter.php(497): CodeIgniter\CodeIgniter->runController(Object(App\Controllers\Substitution))
 7 SYSTEMPATH\CodeIgniter.php(366): CodeIgniter\CodeIgniter->handleRequest(null, Object(Config\Cache), false)
 8 FCPATH\index.php(67): CodeIgniter\CodeIgniter->run()
CRITICAL - 2024-05-19 06:18:40 --> Undefined array key "Availability"
in APPPATH\validation\SubRules.php on line 10.
 1 APPPATH\validation\SubRules.php(10): CodeIgniter\Debug\Exceptions->errorHandler(2, 'Undefined array key "Availability"', 'C:\\xampp\\htdocs\\pms\\app\\validation\\SubRules.php', 10)
 2 SYSTEMPATH\Validation\Validation.php(278): App\Validation\SubRules->validateSub('No', 'Availability', [...], null, 'SubstitutedEmployee')
 3 SYSTEMPATH\Validation\Validation.php(182): CodeIgniter\Validation\Validation->processRules('SubstitutedEmployee', 'Substituted Employee', 'No', [...], [...])
 4 SYSTEMPATH\Controller.php(141): CodeIgniter\Validation\Validation->run()
 5 APPPATH\Controllers\Substitution.php(49): CodeIgniter\Controller->validate([...], [...])
 6 SYSTEMPATH\CodeIgniter.php(932): App\Controllers\Substitution->add()
 7 SYSTEMPATH\CodeIgniter.php(497): CodeIgniter\CodeIgniter->runController(Object(App\Controllers\Substitution))
 8 SYSTEMPATH\CodeIgniter.php(366): CodeIgniter\CodeIgniter->handleRequest(null, Object(Config\Cache), false)
 9 FCPATH\index.php(67): CodeIgniter\CodeIgniter->run()
CRITICAL - 2024-05-19 06:24:01 --> Undefined array key "Availability"
in APPPATH\validation\SubRules.php on line 12.
 1 APPPATH\validation\SubRules.php(12): CodeIgniter\Debug\Exceptions->errorHandler(2, 'Undefined array key "Availability"', 'C:\\xampp\\htdocs\\pms\\app\\validation\\SubRules.php', 12)
 2 SYSTEMPATH\Validation\Validation.php(278): App\Validation\SubRules->validateSub('No', 'Availability', [...], null, 'SubstitutedEmployee')
 3 SYSTEMPATH\Validation\Validation.php(182): CodeIgniter\Validation\Validation->processRules('SubstitutedEmployee', 'Substituted Employee', 'No', [...], [...])
 4 SYSTEMPATH\Controller.php(141): CodeIgniter\Validation\Validation->run()
 5 APPPATH\Controllers\Substitution.php(40): CodeIgniter\Controller->validate([...], [...])
 6 SYSTEMPATH\CodeIgniter.php(932): App\Controllers\Substitution->add()
 7 SYSTEMPATH\CodeIgniter.php(497): CodeIgniter\CodeIgniter->runController(Object(App\Controllers\Substitution))
 8 SYSTEMPATH\CodeIgniter.php(366): CodeIgniter\CodeIgniter->handleRequest(null, Object(Config\Cache), false)
 9 FCPATH\index.php(67): CodeIgniter\CodeIgniter->run()
CRITICAL - 2024-05-19 06:24:39 --> Undefined constant "App\Validation\Availability"
in APPPATH\validation\SubRules.php on line 12.
 1 SYSTEMPATH\Validation\Validation.php(278): App\Validation\SubRules->validateSub('No', 'Availability', [...], null, 'SubstitutedEmployee')
 2 SYSTEMPATH\Validation\Validation.php(182): CodeIgniter\Validation\Validation->processRules('SubstitutedEmployee', 'Substituted Employee', 'No', [...], [...])
 3 SYSTEMPATH\Controller.php(141): CodeIgniter\Validation\Validation->run()
 4 APPPATH\Controllers\Substitution.php(40): CodeIgniter\Controller->validate([...], [...])
 5 SYSTEMPATH\CodeIgniter.php(932): App\Controllers\Substitution->add()
 6 SYSTEMPATH\CodeIgniter.php(497): CodeIgniter\CodeIgniter->runController(Object(App\Controllers\Substitution))
 7 SYSTEMPATH\CodeIgniter.php(366): CodeIgniter\CodeIgniter->handleRequest(null, Object(Config\Cache), false)
 8 FCPATH\index.php(67): CodeIgniter\CodeIgniter->run()
CRITICAL - 2024-05-19 06:27:58 --> Undefined array key "Availability"
in APPPATH\validation\SubRules.php on line 10.
 1 APPPATH\validation\SubRules.php(10): CodeIgniter\Debug\Exceptions->errorHandler(2, 'Undefined array key "Availability"', 'C:\\xampp\\htdocs\\pms\\app\\validation\\SubRules.php', 10)
 2 SYSTEMPATH\Validation\Validation.php(278): App\Validation\SubRules->validateSub('No', 'Availability', [...], null, 'SubstitutedEmployee')
 3 SYSTEMPATH\Validation\Validation.php(182): CodeIgniter\Validation\Validation->processRules('SubstitutedEmployee', 'Substituted Employee', 'No', [...], [...])
 4 SYSTEMPATH\Controller.php(141): CodeIgniter\Validation\Validation->run()
 5 APPPATH\Controllers\Substitution.php(40): CodeIgniter\Controller->validate([...], [...])
 6 SYSTEMPATH\CodeIgniter.php(932): App\Controllers\Substitution->add()
 7 SYSTEMPATH\CodeIgniter.php(497): CodeIgniter\CodeIgniter->runController(Object(App\Controllers\Substitution))
 8 SYSTEMPATH\CodeIgniter.php(366): CodeIgniter\CodeIgniter->handleRequest(null, Object(Config\Cache), false)
 9 FCPATH\index.php(67): CodeIgniter\CodeIgniter->run()
CRITICAL - 2024-05-19 06:29:48 --> Undefined array key "Availability"
in APPPATH\validation\SubRules.php on line 10.
 1 APPPATH\validation\SubRules.php(10): CodeIgniter\Debug\Exceptions->errorHandler(2, 'Undefined array key "Availability"', 'C:\\xampp\\htdocs\\pms\\app\\validation\\SubRules.php', 10)
 2 SYSTEMPATH\Validation\Validation.php(278): App\Validation\SubRules->validateSub('No', 'Availability', [...], null, 'SubstitutedEmployee')
 3 SYSTEMPATH\Validation\Validation.php(182): CodeIgniter\Validation\Validation->processRules('SubstitutedEmployee', 'Substituted Employee', 'No', [...], [...])
 4 SYSTEMPATH\Controller.php(141): CodeIgniter\Validation\Validation->run()
 5 APPPATH\Controllers\Substitution.php(43): CodeIgniter\Controller->validate([...], [...])
 6 SYSTEMPATH\CodeIgniter.php(932): App\Controllers\Substitution->add()
 7 SYSTEMPATH\CodeIgniter.php(497): CodeIgniter\CodeIgniter->runController(Object(App\Controllers\Substitution))
 8 SYSTEMPATH\CodeIgniter.php(366): CodeIgniter\CodeIgniter->handleRequest(null, Object(Config\Cache), false)
 9 FCPATH\index.php(67): CodeIgniter\CodeIgniter->run()
CRITICAL - 2024-05-19 06:29:52 --> Undefined array key "Availability"
in APPPATH\validation\SubRules.php on line 10.
 1 APPPATH\validation\SubRules.php(10): CodeIgniter\Debug\Exceptions->errorHandler(2, 'Undefined array key "Availability"', 'C:\\xampp\\htdocs\\pms\\app\\validation\\SubRules.php', 10)
 2 SYSTEMPATH\Validation\Validation.php(278): App\Validation\SubRules->validateSub('No', 'Availability', [...], null, 'SubstitutedEmployee')
 3 SYSTEMPATH\Validation\Validation.php(182): CodeIgniter\Validation\Validation->processRules('SubstitutedEmployee', 'Substituted Employee', 'No', [...], [...])
 4 SYSTEMPATH\Controller.php(141): CodeIgniter\Validation\Validation->run()
 5 APPPATH\Controllers\Substitution.php(43): CodeIgniter\Controller->validate([...], [...])
 6 SYSTEMPATH\CodeIgniter.php(932): App\Controllers\Substitution->add()
 7 SYSTEMPATH\CodeIgniter.php(497): CodeIgniter\CodeIgniter->runController(Object(App\Controllers\Substitution))
 8 SYSTEMPATH\CodeIgniter.php(366): CodeIgniter\CodeIgniter->handleRequest(null, Object(Config\Cache), false)
 9 FCPATH\index.php(67): CodeIgniter\CodeIgniter->run()
CRITICAL - 2024-05-19 07:06:43 --> syntax error, unexpected token "public"
in APPPATH\Controllers\Substitution.php on line 78.
 1 SYSTEMPATH\Router\Router.php(510): CodeIgniter\Router\AutoRouter->getRoute('/substitution/add', 'post')
 2 SYSTEMPATH\Router\Router.php(208): CodeIgniter\Router\Router->autoRoute('/substitution/add')
 3 SYSTEMPATH\CodeIgniter.php(813): CodeIgniter\Router\Router->handle('/substitution/add')
 4 SYSTEMPATH\CodeIgniter.php(447): CodeIgniter\CodeIgniter->tryToRouteIt(Object(CodeIgniter\Router\RouteCollection))
 5 SYSTEMPATH\CodeIgniter.php(366): CodeIgniter\CodeIgniter->handleRequest(null, Object(Config\Cache), false)
 6 FCPATH\index.php(67): CodeIgniter\CodeIgniter->run()
