CRITICAL - 2023-11-26 12:46:15 --> Class "App\Controllers\LoanRequstModel" not found
in APPPATH\Controllers\Loanrequest.php on line 65.
 1 SYSTEMPATH\CodeIgniter.php(932): App\Controllers\Loanrequest->view()
 2 SYSTEMPATH\CodeIgniter.php(497): CodeIgniter\CodeIgniter->runController(Object(App\Controllers\Loanrequest))
 3 SYSTEMPATH\CodeIgniter.php(366): CodeIgniter\CodeIgniter->handleRequest(null, Object(Config\Cache), false)
 4 FCPATH\index.php(67): CodeIgniter\CodeIgniter->run()
CRITICAL - 2023-11-26 12:46:35 --> Undefined variable $cal
in APPPATH\Controllers\Loanrequest.php on line 72.
 1 APPPATH\Controllers\Loanrequest.php(72): CodeIgniter\Debug\Exceptions->errorHandler(2, 'Undefined variable $cal', 'C:\\xampp\\htdocs\\pms\\app\\Controllers\\Loanrequest.php', 72)
 2 SYSTEMPATH\CodeIgniter.php(932): App\Controllers\Loanrequest->view()
 3 SYSTEMPATH\CodeIgniter.php(497): CodeIgniter\CodeIgniter->runController(Object(App\Controllers\Loanrequest))
 4 SYSTEMPATH\CodeIgniter.php(366): CodeIgniter\CodeIgniter->handleRequest(null, Object(Config\Cache), false)
 5 FCPATH\index.php(67): CodeIgniter\CodeIgniter->run()
CRITICAL - 2023-11-26 12:50:07 --> syntax error, unexpected variable "$data"
in APPPATH\Controllers\Loanreports.php on line 61.
 1 SYSTEMPATH\Router\Router.php(510): CodeIgniter\Router\AutoRouter->getRoute('/loanreports/proceed', 'get')
 2 SYSTEMPATH\Router\Router.php(208): CodeIgniter\Router\Router->autoRoute('/loanreports/proceed')
 3 SYSTEMPATH\CodeIgniter.php(813): CodeIgniter\Router\Router->handle('/loanreports/proceed')
 4 SYSTEMPATH\CodeIgniter.php(447): CodeIgniter\CodeIgniter->tryToRouteIt(Object(CodeIgniter\Router\RouteCollection))
 5 SYSTEMPATH\CodeIgniter.php(366): CodeIgniter\CodeIgniter->handleRequest(null, Object(Config\Cache), false)
 6 FCPATH\index.php(67): CodeIgniter\CodeIgniter->run()
