CRITICAL - 2023-10-03 15:44:22 --> Undefined array key "Id"
in APPPATH\Views\sys\master_details\add.php on line 24.
 1 APPPATH\Views\sys\master_details\add.php(24): CodeIgniter\Debug\Exceptions->errorHandler(2, 'Undefined array key "Id"', 'C:\\xampp\\htdocs\\pms\\app\\Views\\sys\\master_details\\add.php', 24)
 2 SYSTEMPATH\View\View.php(224): include('C:\\xampp\\htdocs\\pms\\app\\Views\\sys\\master_details\\add.php')
 3 SYSTEMPATH\View\View.php(227): CodeIgniter\View\View->CodeIgniter\View\{closure}()
 4 SYSTEMPATH\Common.php(1176): CodeIgniter\View\View->render('sys/master_details/add', [], true)
 5 APPPATH\Controllers\Masterdetails.php(50): view('sys/master_details/add', [...])
 6 SYSTEMPATH\CodeIgniter.php(932): App\Controllers\Masterdetails->add()
 7 SYSTEMPATH\CodeIgniter.php(497): CodeIgniter\CodeIgniter->runController(Object(App\Controllers\Masterdetails))
 8 SYSTEMPATH\CodeIgniter.php(366): CodeIgniter\CodeIgniter->handleRequest(null, Object(Config\Cache), false)
 9 FCPATH\index.php(67): CodeIgniter\CodeIgniter->run()
CRITICAL - 2023-10-03 15:46:48 --> Undefined array key "Id"
in APPPATH\Views\sys\master_details\add.php on line 24.
 1 APPPATH\Views\sys\master_details\add.php(24): CodeIgniter\Debug\Exceptions->errorHandler(2, 'Undefined array key "Id"', 'C:\\xampp\\htdocs\\pms\\app\\Views\\sys\\master_details\\add.php', 24)
 2 SYSTEMPATH\View\View.php(224): include('C:\\xampp\\htdocs\\pms\\app\\Views\\sys\\master_details\\add.php')
 3 SYSTEMPATH\View\View.php(227): CodeIgniter\View\View->CodeIgniter\View\{closure}()
 4 SYSTEMPATH\Common.php(1176): CodeIgniter\View\View->render('sys/master_details/add', [], true)
 5 APPPATH\Controllers\Masterdetails.php(50): view('sys/master_details/add', [...])
 6 SYSTEMPATH\CodeIgniter.php(932): App\Controllers\Masterdetails->add()
 7 SYSTEMPATH\CodeIgniter.php(497): CodeIgniter\CodeIgniter->runController(Object(App\Controllers\Masterdetails))
 8 SYSTEMPATH\CodeIgniter.php(366): CodeIgniter\CodeIgniter->handleRequest(null, Object(Config\Cache), false)
 9 FCPATH\index.php(67): CodeIgniter\CodeIgniter->run()
CRITICAL - 2023-10-03 15:48:57 --> Undefined array key "Id"
in APPPATH\Views\sys\master_details\add.php on line 30.
 1 APPPATH\Views\sys\master_details\add.php(30): CodeIgniter\Debug\Exceptions->errorHandler(2, 'Undefined array key "Id"', 'C:\\xampp\\htdocs\\pms\\app\\Views\\sys\\master_details\\add.php', 30)
 2 SYSTEMPATH\View\View.php(224): include('C:\\xampp\\htdocs\\pms\\app\\Views\\sys\\master_details\\add.php')
 3 SYSTEMPATH\View\View.php(227): CodeIgniter\View\View->CodeIgniter\View\{closure}()
 4 SYSTEMPATH\Common.php(1176): CodeIgniter\View\View->render('sys/master_details/add', [], true)
 5 APPPATH\Controllers\Masterdetails.php(50): view('sys/master_details/add', [...])
 6 SYSTEMPATH\CodeIgniter.php(932): App\Controllers\Masterdetails->add()
 7 SYSTEMPATH\CodeIgniter.php(497): CodeIgniter\CodeIgniter->runController(Object(App\Controllers\Masterdetails))
 8 SYSTEMPATH\CodeIgniter.php(366): CodeIgniter\CodeIgniter->handleRequest(null, Object(Config\Cache), false)
 9 FCPATH\index.php(67): CodeIgniter\CodeIgniter->run()
CRITICAL - 2023-10-03 15:51:51 --> Undefined array key "Id"
in APPPATH\Views\sys\master_details\add.php on line 30.
 1 APPPATH\Views\sys\master_details\add.php(30): CodeIgniter\Debug\Exceptions->errorHandler(2, 'Undefined array key "Id"', 'C:\\xampp\\htdocs\\pms\\app\\Views\\sys\\master_details\\add.php', 30)
 2 SYSTEMPATH\View\View.php(224): include('C:\\xampp\\htdocs\\pms\\app\\Views\\sys\\master_details\\add.php')
 3 SYSTEMPATH\View\View.php(227): CodeIgniter\View\View->CodeIgniter\View\{closure}()
 4 SYSTEMPATH\Common.php(1176): CodeIgniter\View\View->render('sys/master_details/add', [], true)
 5 APPPATH\Controllers\Masterdetails.php(50): view('sys/master_details/add', [...])
 6 SYSTEMPATH\CodeIgniter.php(932): App\Controllers\Masterdetails->add()
 7 SYSTEMPATH\CodeIgniter.php(497): CodeIgniter\CodeIgniter->runController(Object(App\Controllers\Masterdetails))
 8 SYSTEMPATH\CodeIgniter.php(366): CodeIgniter\CodeIgniter->handleRequest(null, Object(Config\Cache), false)
 9 FCPATH\index.php(67): CodeIgniter\CodeIgniter->run()
CRITICAL - 2023-10-03 15:52:36 --> Undefined array key "Id"
in APPPATH\Views\sys\master_details\add.php on line 30.
 1 APPPATH\Views\sys\master_details\add.php(30): CodeIgniter\Debug\Exceptions->errorHandler(2, 'Undefined array key "Id"', 'C:\\xampp\\htdocs\\pms\\app\\Views\\sys\\master_details\\add.php', 30)
 2 SYSTEMPATH\View\View.php(224): include('C:\\xampp\\htdocs\\pms\\app\\Views\\sys\\master_details\\add.php')
 3 SYSTEMPATH\View\View.php(227): CodeIgniter\View\View->CodeIgniter\View\{closure}()
 4 SYSTEMPATH\Common.php(1176): CodeIgniter\View\View->render('sys/master_details/add', [], true)
 5 APPPATH\Controllers\Masterdetails.php(50): view('sys/master_details/add', [...])
 6 SYSTEMPATH\CodeIgniter.php(932): App\Controllers\Masterdetails->add()
 7 SYSTEMPATH\CodeIgniter.php(497): CodeIgniter\CodeIgniter->runController(Object(App\Controllers\Masterdetails))
 8 SYSTEMPATH\CodeIgniter.php(366): CodeIgniter\CodeIgniter->handleRequest(null, Object(Config\Cache), false)
 9 FCPATH\index.php(67): CodeIgniter\CodeIgniter->run()
CRITICAL - 2023-10-03 15:52:41 --> Undefined array key "Id"
in APPPATH\Views\sys\master_details\add.php on line 30.
 1 APPPATH\Views\sys\master_details\add.php(30): CodeIgniter\Debug\Exceptions->errorHandler(2, 'Undefined array key "Id"', 'C:\\xampp\\htdocs\\pms\\app\\Views\\sys\\master_details\\add.php', 30)
 2 SYSTEMPATH\View\View.php(224): include('C:\\xampp\\htdocs\\pms\\app\\Views\\sys\\master_details\\add.php')
 3 SYSTEMPATH\View\View.php(227): CodeIgniter\View\View->CodeIgniter\View\{closure}()
 4 SYSTEMPATH\Common.php(1176): CodeIgniter\View\View->render('sys/master_details/add', [], true)
 5 APPPATH\Controllers\Masterdetails.php(50): view('sys/master_details/add', [...])
 6 SYSTEMPATH\CodeIgniter.php(932): App\Controllers\Masterdetails->add()
 7 SYSTEMPATH\CodeIgniter.php(497): CodeIgniter\CodeIgniter->runController(Object(App\Controllers\Masterdetails))
 8 SYSTEMPATH\CodeIgniter.php(366): CodeIgniter\CodeIgniter->handleRequest(null, Object(Config\Cache), false)
 9 FCPATH\index.php(67): CodeIgniter\CodeIgniter->run()
CRITICAL - 2023-10-03 15:59:21 --> Undefined array key "Id"
in APPPATH\Views\sys\master_details\add.php on line 30.
 1 APPPATH\Views\sys\master_details\add.php(30): CodeIgniter\Debug\Exceptions->errorHandler(2, 'Undefined array key "Id"', 'C:\\xampp\\htdocs\\pms\\app\\Views\\sys\\master_details\\add.php', 30)
 2 SYSTEMPATH\View\View.php(224): include('C:\\xampp\\htdocs\\pms\\app\\Views\\sys\\master_details\\add.php')
 3 SYSTEMPATH\View\View.php(227): CodeIgniter\View\View->CodeIgniter\View\{closure}()
 4 SYSTEMPATH\Common.php(1176): CodeIgniter\View\View->render('sys/master_details/add', [], true)
 5 APPPATH\Controllers\Masterdetails.php(50): view('sys/master_details/add', [...])
 6 SYSTEMPATH\CodeIgniter.php(932): App\Controllers\Masterdetails->add()
 7 SYSTEMPATH\CodeIgniter.php(497): CodeIgniter\CodeIgniter->runController(Object(App\Controllers\Masterdetails))
 8 SYSTEMPATH\CodeIgniter.php(366): CodeIgniter\CodeIgniter->handleRequest(null, Object(Config\Cache), false)
 9 FCPATH\index.php(67): CodeIgniter\CodeIgniter->run()
CRITICAL - 2023-10-03 16:13:25 --> Undefined array key "Id"
in APPPATH\Views\sys\master_details\add.php on line 30.
 1 APPPATH\Views\sys\master_details\add.php(30): CodeIgniter\Debug\Exceptions->errorHandler(2, 'Undefined array key "Id"', 'C:\\xampp\\htdocs\\pms\\app\\Views\\sys\\master_details\\add.php', 30)
 2 SYSTEMPATH\View\View.php(224): include('C:\\xampp\\htdocs\\pms\\app\\Views\\sys\\master_details\\add.php')
 3 SYSTEMPATH\View\View.php(227): CodeIgniter\View\View->CodeIgniter\View\{closure}()
 4 SYSTEMPATH\Common.php(1176): CodeIgniter\View\View->render('sys/master_details/add', [], true)
 5 APPPATH\Controllers\Masterdetails.php(50): view('sys/master_details/add', [...])
 6 SYSTEMPATH\CodeIgniter.php(932): App\Controllers\Masterdetails->add()
 7 SYSTEMPATH\CodeIgniter.php(497): CodeIgniter\CodeIgniter->runController(Object(App\Controllers\Masterdetails))
 8 SYSTEMPATH\CodeIgniter.php(366): CodeIgniter\CodeIgniter->handleRequest(null, Object(Config\Cache), false)
 9 FCPATH\index.php(67): CodeIgniter\CodeIgniter->run()
CRITICAL - 2023-10-03 16:13:27 --> Undefined array key "Id"
in APPPATH\Views\sys\master_details\add.php on line 30.
 1 APPPATH\Views\sys\master_details\add.php(30): CodeIgniter\Debug\Exceptions->errorHandler(2, 'Undefined array key "Id"', 'C:\\xampp\\htdocs\\pms\\app\\Views\\sys\\master_details\\add.php', 30)
 2 SYSTEMPATH\View\View.php(224): include('C:\\xampp\\htdocs\\pms\\app\\Views\\sys\\master_details\\add.php')
 3 SYSTEMPATH\View\View.php(227): CodeIgniter\View\View->CodeIgniter\View\{closure}()
 4 SYSTEMPATH\Common.php(1176): CodeIgniter\View\View->render('sys/master_details/add', [], true)
 5 APPPATH\Controllers\Masterdetails.php(50): view('sys/master_details/add', [...])
 6 SYSTEMPATH\CodeIgniter.php(932): App\Controllers\Masterdetails->add()
 7 SYSTEMPATH\CodeIgniter.php(497): CodeIgniter\CodeIgniter->runController(Object(App\Controllers\Masterdetails))
 8 SYSTEMPATH\CodeIgniter.php(366): CodeIgniter\CodeIgniter->handleRequest(null, Object(Config\Cache), false)
 9 FCPATH\index.php(67): CodeIgniter\CodeIgniter->run()
CRITICAL - 2023-10-03 16:15:24 --> Undefined array key "Id"
in APPPATH\Views\sys\monthly_details\add.php on line 65.
 1 APPPATH\Views\sys\monthly_details\add.php(65): CodeIgniter\Debug\Exceptions->errorHandler(2, 'Undefined array key "Id"', 'C:\\xampp\\htdocs\\pms\\app\\Views\\sys\\monthly_details\\add.php', 65)
 2 SYSTEMPATH\View\View.php(224): include('C:\\xampp\\htdocs\\pms\\app\\Views\\sys\\monthly_details\\add.php')
 3 SYSTEMPATH\View\View.php(227): CodeIgniter\View\View->CodeIgniter\View\{closure}()
 4 SYSTEMPATH\Common.php(1176): CodeIgniter\View\View->render('sys/monthly_details/add', [], true)
 5 APPPATH\Controllers\Monthlydetails.php(54): view('sys/monthly_details/add', [...])
 6 SYSTEMPATH\CodeIgniter.php(932): App\Controllers\Monthlydetails->add()
 7 SYSTEMPATH\CodeIgniter.php(497): CodeIgniter\CodeIgniter->runController(Object(App\Controllers\Monthlydetails))
 8 SYSTEMPATH\CodeIgniter.php(366): CodeIgniter\CodeIgniter->handleRequest(null, Object(Config\Cache), false)
 9 FCPATH\index.php(67): CodeIgniter\CodeIgniter->run()
CRITICAL - 2023-10-03 16:54:50 --> Undefined array key "Id"
in APPPATH\Views\sys\monthly_details\add.php on line 65.
 1 APPPATH\Views\sys\monthly_details\add.php(65): CodeIgniter\Debug\Exceptions->errorHandler(2, 'Undefined array key "Id"', 'C:\\xampp\\htdocs\\pms\\app\\Views\\sys\\monthly_details\\add.php', 65)
 2 SYSTEMPATH\View\View.php(224): include('C:\\xampp\\htdocs\\pms\\app\\Views\\sys\\monthly_details\\add.php')
 3 SYSTEMPATH\View\View.php(227): CodeIgniter\View\View->CodeIgniter\View\{closure}()
 4 SYSTEMPATH\Common.php(1176): CodeIgniter\View\View->render('sys/monthly_details/add', [], true)
 5 APPPATH\Controllers\Monthlydetails.php(54): view('sys/monthly_details/add', [...])
 6 SYSTEMPATH\CodeIgniter.php(932): App\Controllers\Monthlydetails->add()
 7 SYSTEMPATH\CodeIgniter.php(497): CodeIgniter\CodeIgniter->runController(Object(App\Controllers\Monthlydetails))
 8 SYSTEMPATH\CodeIgniter.php(366): CodeIgniter\CodeIgniter->handleRequest(null, Object(Config\Cache), false)
 9 FCPATH\index.php(67): CodeIgniter\CodeIgniter->run()
CRITICAL - 2023-10-03 16:54:53 --> Undefined array key "Id"
in APPPATH\Views\sys\monthly_details\add.php on line 65.
 1 APPPATH\Views\sys\monthly_details\add.php(65): CodeIgniter\Debug\Exceptions->errorHandler(2, 'Undefined array key "Id"', 'C:\\xampp\\htdocs\\pms\\app\\Views\\sys\\monthly_details\\add.php', 65)
 2 SYSTEMPATH\View\View.php(224): include('C:\\xampp\\htdocs\\pms\\app\\Views\\sys\\monthly_details\\add.php')
 3 SYSTEMPATH\View\View.php(227): CodeIgniter\View\View->CodeIgniter\View\{closure}()
 4 SYSTEMPATH\Common.php(1176): CodeIgniter\View\View->render('sys/monthly_details/add', [], true)
 5 APPPATH\Controllers\Monthlydetails.php(54): view('sys/monthly_details/add', [...])
 6 SYSTEMPATH\CodeIgniter.php(932): App\Controllers\Monthlydetails->add()
 7 SYSTEMPATH\CodeIgniter.php(497): CodeIgniter\CodeIgniter->runController(Object(App\Controllers\Monthlydetails))
 8 SYSTEMPATH\CodeIgniter.php(366): CodeIgniter\CodeIgniter->handleRequest(null, Object(Config\Cache), false)
 9 FCPATH\index.php(67): CodeIgniter\CodeIgniter->run()
CRITICAL - 2023-10-03 16:54:53 --> Undefined array key "Id"
in APPPATH\Views\sys\monthly_details\add.php on line 65.
 1 APPPATH\Views\sys\monthly_details\add.php(65): CodeIgniter\Debug\Exceptions->errorHandler(2, 'Undefined array key "Id"', 'C:\\xampp\\htdocs\\pms\\app\\Views\\sys\\monthly_details\\add.php', 65)
 2 SYSTEMPATH\View\View.php(224): include('C:\\xampp\\htdocs\\pms\\app\\Views\\sys\\monthly_details\\add.php')
 3 SYSTEMPATH\View\View.php(227): CodeIgniter\View\View->CodeIgniter\View\{closure}()
 4 SYSTEMPATH\Common.php(1176): CodeIgniter\View\View->render('sys/monthly_details/add', [], true)
 5 APPPATH\Controllers\Monthlydetails.php(54): view('sys/monthly_details/add', [...])
 6 SYSTEMPATH\CodeIgniter.php(932): App\Controllers\Monthlydetails->add()
 7 SYSTEMPATH\CodeIgniter.php(497): CodeIgniter\CodeIgniter->runController(Object(App\Controllers\Monthlydetails))
 8 SYSTEMPATH\CodeIgniter.php(366): CodeIgniter\CodeIgniter->handleRequest(null, Object(Config\Cache), false)
 9 FCPATH\index.php(67): CodeIgniter\CodeIgniter->run()
CRITICAL - 2023-10-03 16:54:54 --> Undefined array key "Id"
in APPPATH\Views\sys\monthly_details\add.php on line 65.
 1 APPPATH\Views\sys\monthly_details\add.php(65): CodeIgniter\Debug\Exceptions->errorHandler(2, 'Undefined array key "Id"', 'C:\\xampp\\htdocs\\pms\\app\\Views\\sys\\monthly_details\\add.php', 65)
 2 SYSTEMPATH\View\View.php(224): include('C:\\xampp\\htdocs\\pms\\app\\Views\\sys\\monthly_details\\add.php')
 3 SYSTEMPATH\View\View.php(227): CodeIgniter\View\View->CodeIgniter\View\{closure}()
 4 SYSTEMPATH\Common.php(1176): CodeIgniter\View\View->render('sys/monthly_details/add', [], true)
 5 APPPATH\Controllers\Monthlydetails.php(54): view('sys/monthly_details/add', [...])
 6 SYSTEMPATH\CodeIgniter.php(932): App\Controllers\Monthlydetails->add()
 7 SYSTEMPATH\CodeIgniter.php(497): CodeIgniter\CodeIgniter->runController(Object(App\Controllers\Monthlydetails))
 8 SYSTEMPATH\CodeIgniter.php(366): CodeIgniter\CodeIgniter->handleRequest(null, Object(Config\Cache), false)
 9 FCPATH\index.php(67): CodeIgniter\CodeIgniter->run()
CRITICAL - 2023-10-03 16:54:54 --> Undefined array key "Id"
in APPPATH\Views\sys\monthly_details\add.php on line 65.
 1 APPPATH\Views\sys\monthly_details\add.php(65): CodeIgniter\Debug\Exceptions->errorHandler(2, 'Undefined array key "Id"', 'C:\\xampp\\htdocs\\pms\\app\\Views\\sys\\monthly_details\\add.php', 65)
 2 SYSTEMPATH\View\View.php(224): include('C:\\xampp\\htdocs\\pms\\app\\Views\\sys\\monthly_details\\add.php')
 3 SYSTEMPATH\View\View.php(227): CodeIgniter\View\View->CodeIgniter\View\{closure}()
 4 SYSTEMPATH\Common.php(1176): CodeIgniter\View\View->render('sys/monthly_details/add', [], true)
 5 APPPATH\Controllers\Monthlydetails.php(54): view('sys/monthly_details/add', [...])
 6 SYSTEMPATH\CodeIgniter.php(932): App\Controllers\Monthlydetails->add()
 7 SYSTEMPATH\CodeIgniter.php(497): CodeIgniter\CodeIgniter->runController(Object(App\Controllers\Monthlydetails))
 8 SYSTEMPATH\CodeIgniter.php(366): CodeIgniter\CodeIgniter->handleRequest(null, Object(Config\Cache), false)
 9 FCPATH\index.php(67): CodeIgniter\CodeIgniter->run()
CRITICAL - 2023-10-03 16:54:55 --> Undefined array key "Id"
in APPPATH\Views\sys\monthly_details\add.php on line 65.
 1 APPPATH\Views\sys\monthly_details\add.php(65): CodeIgniter\Debug\Exceptions->errorHandler(2, 'Undefined array key "Id"', 'C:\\xampp\\htdocs\\pms\\app\\Views\\sys\\monthly_details\\add.php', 65)
 2 SYSTEMPATH\View\View.php(224): include('C:\\xampp\\htdocs\\pms\\app\\Views\\sys\\monthly_details\\add.php')
 3 SYSTEMPATH\View\View.php(227): CodeIgniter\View\View->CodeIgniter\View\{closure}()
 4 SYSTEMPATH\Common.php(1176): CodeIgniter\View\View->render('sys/monthly_details/add', [], true)
 5 APPPATH\Controllers\Monthlydetails.php(54): view('sys/monthly_details/add', [...])
 6 SYSTEMPATH\CodeIgniter.php(932): App\Controllers\Monthlydetails->add()
 7 SYSTEMPATH\CodeIgniter.php(497): CodeIgniter\CodeIgniter->runController(Object(App\Controllers\Monthlydetails))
 8 SYSTEMPATH\CodeIgniter.php(366): CodeIgniter\CodeIgniter->handleRequest(null, Object(Config\Cache), false)
 9 FCPATH\index.php(67): CodeIgniter\CodeIgniter->run()
CRITICAL - 2023-10-03 16:54:55 --> Undefined array key "Id"
in APPPATH\Views\sys\monthly_details\add.php on line 65.
 1 APPPATH\Views\sys\monthly_details\add.php(65): CodeIgniter\Debug\Exceptions->errorHandler(2, 'Undefined array key "Id"', 'C:\\xampp\\htdocs\\pms\\app\\Views\\sys\\monthly_details\\add.php', 65)
 2 SYSTEMPATH\View\View.php(224): include('C:\\xampp\\htdocs\\pms\\app\\Views\\sys\\monthly_details\\add.php')
 3 SYSTEMPATH\View\View.php(227): CodeIgniter\View\View->CodeIgniter\View\{closure}()
 4 SYSTEMPATH\Common.php(1176): CodeIgniter\View\View->render('sys/monthly_details/add', [], true)
 5 APPPATH\Controllers\Monthlydetails.php(54): view('sys/monthly_details/add', [...])
 6 SYSTEMPATH\CodeIgniter.php(932): App\Controllers\Monthlydetails->add()
 7 SYSTEMPATH\CodeIgniter.php(497): CodeIgniter\CodeIgniter->runController(Object(App\Controllers\Monthlydetails))
 8 SYSTEMPATH\CodeIgniter.php(366): CodeIgniter\CodeIgniter->handleRequest(null, Object(Config\Cache), false)
 9 FCPATH\index.php(67): CodeIgniter\CodeIgniter->run()
CRITICAL - 2023-10-03 16:56:02 --> Undefined array key "Id"
in APPPATH\Views\sys\monthly_details\add.php on line 65.
 1 APPPATH\Views\sys\monthly_details\add.php(65): CodeIgniter\Debug\Exceptions->errorHandler(2, 'Undefined array key "Id"', 'C:\\xampp\\htdocs\\pms\\app\\Views\\sys\\monthly_details\\add.php', 65)
 2 SYSTEMPATH\View\View.php(224): include('C:\\xampp\\htdocs\\pms\\app\\Views\\sys\\monthly_details\\add.php')
 3 SYSTEMPATH\View\View.php(227): CodeIgniter\View\View->CodeIgniter\View\{closure}()
 4 SYSTEMPATH\Common.php(1176): CodeIgniter\View\View->render('sys/monthly_details/add', [], true)
 5 APPPATH\Controllers\Monthlydetails.php(54): view('sys/monthly_details/add', [...])
 6 SYSTEMPATH\CodeIgniter.php(932): App\Controllers\Monthlydetails->add()
 7 SYSTEMPATH\CodeIgniter.php(497): CodeIgniter\CodeIgniter->runController(Object(App\Controllers\Monthlydetails))
 8 SYSTEMPATH\CodeIgniter.php(366): CodeIgniter\CodeIgniter->handleRequest(null, Object(Config\Cache), false)
 9 FCPATH\index.php(67): CodeIgniter\CodeIgniter->run()
CRITICAL - 2023-10-03 16:56:04 --> Undefined array key "Id"
in APPPATH\Views\sys\monthly_details\add.php on line 65.
 1 APPPATH\Views\sys\monthly_details\add.php(65): CodeIgniter\Debug\Exceptions->errorHandler(2, 'Undefined array key "Id"', 'C:\\xampp\\htdocs\\pms\\app\\Views\\sys\\monthly_details\\add.php', 65)
 2 SYSTEMPATH\View\View.php(224): include('C:\\xampp\\htdocs\\pms\\app\\Views\\sys\\monthly_details\\add.php')
 3 SYSTEMPATH\View\View.php(227): CodeIgniter\View\View->CodeIgniter\View\{closure}()
 4 SYSTEMPATH\Common.php(1176): CodeIgniter\View\View->render('sys/monthly_details/add', [], true)
 5 APPPATH\Controllers\Monthlydetails.php(54): view('sys/monthly_details/add', [...])
 6 SYSTEMPATH\CodeIgniter.php(932): App\Controllers\Monthlydetails->add()
 7 SYSTEMPATH\CodeIgniter.php(497): CodeIgniter\CodeIgniter->runController(Object(App\Controllers\Monthlydetails))
 8 SYSTEMPATH\CodeIgniter.php(366): CodeIgniter\CodeIgniter->handleRequest(null, Object(Config\Cache), false)
 9 FCPATH\index.php(67): CodeIgniter\CodeIgniter->run()
CRITICAL - 2023-10-03 16:56:07 --> Undefined array key "Id"
in APPPATH\Views\sys\monthly_details\add.php on line 65.
 1 APPPATH\Views\sys\monthly_details\add.php(65): CodeIgniter\Debug\Exceptions->errorHandler(2, 'Undefined array key "Id"', 'C:\\xampp\\htdocs\\pms\\app\\Views\\sys\\monthly_details\\add.php', 65)
 2 SYSTEMPATH\View\View.php(224): include('C:\\xampp\\htdocs\\pms\\app\\Views\\sys\\monthly_details\\add.php')
 3 SYSTEMPATH\View\View.php(227): CodeIgniter\View\View->CodeIgniter\View\{closure}()
 4 SYSTEMPATH\Common.php(1176): CodeIgniter\View\View->render('sys/monthly_details/add', [], true)
 5 APPPATH\Controllers\Monthlydetails.php(54): view('sys/monthly_details/add', [...])
 6 SYSTEMPATH\CodeIgniter.php(932): App\Controllers\Monthlydetails->add()
 7 SYSTEMPATH\CodeIgniter.php(497): CodeIgniter\CodeIgniter->runController(Object(App\Controllers\Monthlydetails))
 8 SYSTEMPATH\CodeIgniter.php(366): CodeIgniter\CodeIgniter->handleRequest(null, Object(Config\Cache), false)
 9 FCPATH\index.php(67): CodeIgniter\CodeIgniter->run()
CRITICAL - 2023-10-03 16:56:08 --> Undefined array key "Id"
in APPPATH\Views\sys\monthly_details\add.php on line 65.
 1 APPPATH\Views\sys\monthly_details\add.php(65): CodeIgniter\Debug\Exceptions->errorHandler(2, 'Undefined array key "Id"', 'C:\\xampp\\htdocs\\pms\\app\\Views\\sys\\monthly_details\\add.php', 65)
 2 SYSTEMPATH\View\View.php(224): include('C:\\xampp\\htdocs\\pms\\app\\Views\\sys\\monthly_details\\add.php')
 3 SYSTEMPATH\View\View.php(227): CodeIgniter\View\View->CodeIgniter\View\{closure}()
 4 SYSTEMPATH\Common.php(1176): CodeIgniter\View\View->render('sys/monthly_details/add', [], true)
 5 APPPATH\Controllers\Monthlydetails.php(54): view('sys/monthly_details/add', [...])
 6 SYSTEMPATH\CodeIgniter.php(932): App\Controllers\Monthlydetails->add()
 7 SYSTEMPATH\CodeIgniter.php(497): CodeIgniter\CodeIgniter->runController(Object(App\Controllers\Monthlydetails))
 8 SYSTEMPATH\CodeIgniter.php(366): CodeIgniter\CodeIgniter->handleRequest(null, Object(Config\Cache), false)
 9 FCPATH\index.php(67): CodeIgniter\CodeIgniter->run()
CRITICAL - 2023-10-03 16:56:09 --> Undefined array key "Id"
in APPPATH\Views\sys\monthly_details\add.php on line 65.
 1 APPPATH\Views\sys\monthly_details\add.php(65): CodeIgniter\Debug\Exceptions->errorHandler(2, 'Undefined array key "Id"', 'C:\\xampp\\htdocs\\pms\\app\\Views\\sys\\monthly_details\\add.php', 65)
 2 SYSTEMPATH\View\View.php(224): include('C:\\xampp\\htdocs\\pms\\app\\Views\\sys\\monthly_details\\add.php')
 3 SYSTEMPATH\View\View.php(227): CodeIgniter\View\View->CodeIgniter\View\{closure}()
 4 SYSTEMPATH\Common.php(1176): CodeIgniter\View\View->render('sys/monthly_details/add', [], true)
 5 APPPATH\Controllers\Monthlydetails.php(54): view('sys/monthly_details/add', [...])
 6 SYSTEMPATH\CodeIgniter.php(932): App\Controllers\Monthlydetails->add()
 7 SYSTEMPATH\CodeIgniter.php(497): CodeIgniter\CodeIgniter->runController(Object(App\Controllers\Monthlydetails))
 8 SYSTEMPATH\CodeIgniter.php(366): CodeIgniter\CodeIgniter->handleRequest(null, Object(Config\Cache), false)
 9 FCPATH\index.php(67): CodeIgniter\CodeIgniter->run()
CRITICAL - 2023-10-03 16:56:10 --> Undefined array key "Id"
in APPPATH\Views\sys\monthly_details\add.php on line 65.
 1 APPPATH\Views\sys\monthly_details\add.php(65): CodeIgniter\Debug\Exceptions->errorHandler(2, 'Undefined array key "Id"', 'C:\\xampp\\htdocs\\pms\\app\\Views\\sys\\monthly_details\\add.php', 65)
 2 SYSTEMPATH\View\View.php(224): include('C:\\xampp\\htdocs\\pms\\app\\Views\\sys\\monthly_details\\add.php')
 3 SYSTEMPATH\View\View.php(227): CodeIgniter\View\View->CodeIgniter\View\{closure}()
 4 SYSTEMPATH\Common.php(1176): CodeIgniter\View\View->render('sys/monthly_details/add', [], true)
 5 APPPATH\Controllers\Monthlydetails.php(54): view('sys/monthly_details/add', [...])
 6 SYSTEMPATH\CodeIgniter.php(932): App\Controllers\Monthlydetails->add()
 7 SYSTEMPATH\CodeIgniter.php(497): CodeIgniter\CodeIgniter->runController(Object(App\Controllers\Monthlydetails))
 8 SYSTEMPATH\CodeIgniter.php(366): CodeIgniter\CodeIgniter->handleRequest(null, Object(Config\Cache), false)
 9 FCPATH\index.php(67): CodeIgniter\CodeIgniter->run()
CRITICAL - 2023-10-03 16:56:10 --> Undefined array key "Id"
in APPPATH\Views\sys\monthly_details\add.php on line 65.
 1 APPPATH\Views\sys\monthly_details\add.php(65): CodeIgniter\Debug\Exceptions->errorHandler(2, 'Undefined array key "Id"', 'C:\\xampp\\htdocs\\pms\\app\\Views\\sys\\monthly_details\\add.php', 65)
 2 SYSTEMPATH\View\View.php(224): include('C:\\xampp\\htdocs\\pms\\app\\Views\\sys\\monthly_details\\add.php')
 3 SYSTEMPATH\View\View.php(227): CodeIgniter\View\View->CodeIgniter\View\{closure}()
 4 SYSTEMPATH\Common.php(1176): CodeIgniter\View\View->render('sys/monthly_details/add', [], true)
 5 APPPATH\Controllers\Monthlydetails.php(54): view('sys/monthly_details/add', [...])
 6 SYSTEMPATH\CodeIgniter.php(932): App\Controllers\Monthlydetails->add()
 7 SYSTEMPATH\CodeIgniter.php(497): CodeIgniter\CodeIgniter->runController(Object(App\Controllers\Monthlydetails))
 8 SYSTEMPATH\CodeIgniter.php(366): CodeIgniter\CodeIgniter->handleRequest(null, Object(Config\Cache), false)
 9 FCPATH\index.php(67): CodeIgniter\CodeIgniter->run()
CRITICAL - 2023-10-03 16:59:53 --> Undefined array key "Id"
in APPPATH\Views\sys\monthly_details\add.php on line 66.
 1 APPPATH\Views\sys\monthly_details\add.php(66): CodeIgniter\Debug\Exceptions->errorHandler(2, 'Undefined array key "Id"', 'C:\\xampp\\htdocs\\pms\\app\\Views\\sys\\monthly_details\\add.php', 66)
 2 SYSTEMPATH\View\View.php(224): include('C:\\xampp\\htdocs\\pms\\app\\Views\\sys\\monthly_details\\add.php')
 3 SYSTEMPATH\View\View.php(227): CodeIgniter\View\View->CodeIgniter\View\{closure}()
 4 SYSTEMPATH\Common.php(1176): CodeIgniter\View\View->render('sys/monthly_details/add', [], true)
 5 APPPATH\Controllers\Monthlydetails.php(54): view('sys/monthly_details/add', [...])
 6 SYSTEMPATH\CodeIgniter.php(932): App\Controllers\Monthlydetails->add()
 7 SYSTEMPATH\CodeIgniter.php(497): CodeIgniter\CodeIgniter->runController(Object(App\Controllers\Monthlydetails))
 8 SYSTEMPATH\CodeIgniter.php(366): CodeIgniter\CodeIgniter->handleRequest(null, Object(Config\Cache), false)
 9 FCPATH\index.php(67): CodeIgniter\CodeIgniter->run()
CRITICAL - 2023-10-03 17:01:24 --> Undefined array key "Id"
in APPPATH\Views\sys\monthly_details\add.php on line 66.
 1 APPPATH\Views\sys\monthly_details\add.php(66): CodeIgniter\Debug\Exceptions->errorHandler(2, 'Undefined array key "Id"', 'C:\\xampp\\htdocs\\pms\\app\\Views\\sys\\monthly_details\\add.php', 66)
 2 SYSTEMPATH\View\View.php(224): include('C:\\xampp\\htdocs\\pms\\app\\Views\\sys\\monthly_details\\add.php')
 3 SYSTEMPATH\View\View.php(227): CodeIgniter\View\View->CodeIgniter\View\{closure}()
 4 SYSTEMPATH\Common.php(1176): CodeIgniter\View\View->render('sys/monthly_details/add', [], true)
 5 APPPATH\Controllers\Monthlydetails.php(54): view('sys/monthly_details/add', [...])
 6 SYSTEMPATH\CodeIgniter.php(932): App\Controllers\Monthlydetails->add()
 7 SYSTEMPATH\CodeIgniter.php(497): CodeIgniter\CodeIgniter->runController(Object(App\Controllers\Monthlydetails))
 8 SYSTEMPATH\CodeIgniter.php(366): CodeIgniter\CodeIgniter->handleRequest(null, Object(Config\Cache), false)
 9 FCPATH\index.php(67): CodeIgniter\CodeIgniter->run()
