CRITICAL - 2024-03-06 00:58:43 --> Undefined variable $items
in APPPATH\Views\sys\payroll\month_summary.php on line 16.
 1 APPPATH\Views\sys\payroll\month_summary.php(16): CodeIgniter\Debug\Exceptions->errorHandler(2, 'Undefined variable $items', 'C:\\xampp\\htdocs\\pms\\app\\Views\\sys\\payroll\\month_summary.php', 16)
 2 SYSTEMPATH\View\View.php(224): include('C:\\xampp\\htdocs\\pms\\app\\Views\\sys\\payroll\\month_summary.php')
 3 SYSTEMPATH\View\View.php(227): CodeIgniter\View\View->CodeIgniter\View\{closure}()
 4 SYSTEMPATH\Common.php(1176): CodeIgniter\View\View->render('sys/payroll/month_summary', [], true)
 5 APPPATH\Controllers\Payroll.php(322): view('sys/payroll/month_summary')
 6 SYSTEMPATH\CodeIgniter.php(932): App\Controllers\Payroll->month_process()
 7 SYSTEMPATH\CodeIgniter.php(497): CodeIgniter\CodeIgniter->runController(Object(App\Controllers\Payroll))
 8 SYSTEMPATH\CodeIgniter.php(366): CodeIgniter\CodeIgniter->handleRequest(null, Object(Config\Cache), false)
 9 FCPATH\index.php(67): CodeIgniter\CodeIgniter->run()
CRITICAL - 2024-03-06 01:03:12 --> Undefined variable $items
in APPPATH\Views\sys\payroll\month_summary.php on line 16.
 1 APPPATH\Views\sys\payroll\month_summary.php(16): CodeIgniter\Debug\Exceptions->errorHandler(2, 'Undefined variable $items', 'C:\\xampp\\htdocs\\pms\\app\\Views\\sys\\payroll\\month_summary.php', 16)
 2 SYSTEMPATH\View\View.php(224): include('C:\\xampp\\htdocs\\pms\\app\\Views\\sys\\payroll\\month_summary.php')
 3 SYSTEMPATH\View\View.php(227): CodeIgniter\View\View->CodeIgniter\View\{closure}()
 4 SYSTEMPATH\Common.php(1176): CodeIgniter\View\View->render('sys/payroll/month_summary', [], true)
 5 APPPATH\Controllers\Payroll.php(322): view('sys/payroll/month_summary')
 6 SYSTEMPATH\CodeIgniter.php(932): App\Controllers\Payroll->month_process()
 7 SYSTEMPATH\CodeIgniter.php(497): CodeIgniter\CodeIgniter->runController(Object(App\Controllers\Payroll))
 8 SYSTEMPATH\CodeIgniter.php(366): CodeIgniter\CodeIgniter->handleRequest(null, Object(Config\Cache), false)
 9 FCPATH\index.php(67): CodeIgniter\CodeIgniter->run()
CRITICAL - 2024-03-06 01:04:23 --> Undefined variable $items
in APPPATH\Views\sys\payroll\month_summary.php on line 16.
 1 APPPATH\Views\sys\payroll\month_summary.php(16): CodeIgniter\Debug\Exceptions->errorHandler(2, 'Undefined variable $items', 'C:\\xampp\\htdocs\\pms\\app\\Views\\sys\\payroll\\month_summary.php', 16)
 2 SYSTEMPATH\View\View.php(224): include('C:\\xampp\\htdocs\\pms\\app\\Views\\sys\\payroll\\month_summary.php')
 3 SYSTEMPATH\View\View.php(227): CodeIgniter\View\View->CodeIgniter\View\{closure}()
 4 SYSTEMPATH\Common.php(1176): CodeIgniter\View\View->render('sys/payroll/month_summary', [], true)
 5 APPPATH\Controllers\Payroll.php(322): view('sys/payroll/month_summary')
 6 SYSTEMPATH\CodeIgniter.php(932): App\Controllers\Payroll->month_process()
 7 SYSTEMPATH\CodeIgniter.php(497): CodeIgniter\CodeIgniter->runController(Object(App\Controllers\Payroll))
 8 SYSTEMPATH\CodeIgniter.php(366): CodeIgniter\CodeIgniter->handleRequest(null, Object(Config\Cache), false)
 9 FCPATH\index.php(67): CodeIgniter\CodeIgniter->run()
CRITICAL - 2024-03-06 01:07:11 --> Undefined variable $items
in APPPATH\Views\sys\payroll\month_summary.php on line 16.
 1 APPPATH\Views\sys\payroll\month_summary.php(16): CodeIgniter\Debug\Exceptions->errorHandler(2, 'Undefined variable $items', 'C:\\xampp\\htdocs\\pms\\app\\Views\\sys\\payroll\\month_summary.php', 16)
 2 SYSTEMPATH\View\View.php(224): include('C:\\xampp\\htdocs\\pms\\app\\Views\\sys\\payroll\\month_summary.php')
 3 SYSTEMPATH\View\View.php(227): CodeIgniter\View\View->CodeIgniter\View\{closure}()
 4 SYSTEMPATH\Common.php(1176): CodeIgniter\View\View->render('sys/payroll/month_summary', [], true)
 5 APPPATH\Controllers\Payroll.php(334): view('sys/payroll/month_summary')
 6 SYSTEMPATH\CodeIgniter.php(932): App\Controllers\Payroll->month_process()
 7 SYSTEMPATH\CodeIgniter.php(497): CodeIgniter\CodeIgniter->runController(Object(App\Controllers\Payroll))
 8 SYSTEMPATH\CodeIgniter.php(366): CodeIgniter\CodeIgniter->handleRequest(null, Object(Config\Cache), false)
 9 FCPATH\index.php(67): CodeIgniter\CodeIgniter->run()
CRITICAL - 2024-03-06 02:11:29 --> syntax error, unexpected token "public"
in APPPATH\Controllers\Payroll.php on line 475.
 1 SYSTEMPATH\Router\Router.php(510): CodeIgniter\Router\AutoRouter->getRoute('/Payroll/month_process', 'post')
 2 SYSTEMPATH\Router\Router.php(208): CodeIgniter\Router\Router->autoRoute('/Payroll/month_process')
 3 SYSTEMPATH\CodeIgniter.php(813): CodeIgniter\Router\Router->handle('/Payroll/month_process')
 4 SYSTEMPATH\CodeIgniter.php(447): CodeIgniter\CodeIgniter->tryToRouteIt(Object(CodeIgniter\Router\RouteCollection))
 5 SYSTEMPATH\CodeIgniter.php(366): CodeIgniter\CodeIgniter->handleRequest(null, Object(Config\Cache), false)
 6 FCPATH\index.php(67): CodeIgniter\CodeIgniter->run()
ERROR - 2024-03-06 04:58:13 --> mysqli_sql_exception: Duplicate entry '1' for key 'PRIMARY' in C:\xampp\htdocs\pms\system\Database\MySQLi\Connection.php:295
Stack trace:
#0 C:\xampp\htdocs\pms\system\Database\MySQLi\Connection.php(295): mysqli->query('INSERT INTO `mo...', 0)
#1 C:\xampp\htdocs\pms\system\Database\BaseConnection.php(692): CodeIgniter\Database\MySQLi\Connection->execute('INSERT INTO `mo...')
#2 C:\xampp\htdocs\pms\system\Database\BaseConnection.php(606): CodeIgniter\Database\BaseConnection->simpleQuery('INSERT INTO `mo...')
#3 C:\xampp\htdocs\pms\system\Database\BaseBuilder.php(1801): CodeIgniter\Database\BaseConnection->query('INSERT INTO `mo...', NULL, false)
#4 C:\xampp\htdocs\pms\system\Database\BaseBuilder.php(2192): CodeIgniter\Database\BaseBuilder->batchExecute('_insertBatch', 100)
#5 C:\xampp\htdocs\pms\app\Models\MonthendModel.php(19): CodeIgniter\Database\BaseBuilder->insertBatch(Array)
#6 C:\xampp\htdocs\pms\app\Controllers\Payroll.php(374): App\Models\MonthendModel->processMonthend()
#7 C:\xampp\htdocs\pms\system\CodeIgniter.php(932): App\Controllers\Payroll->month_end()
#8 C:\xampp\htdocs\pms\system\CodeIgniter.php(497): CodeIgniter\CodeIgniter->runController(Object(App\Controllers\Payroll))
#9 C:\xampp\htdocs\pms\system\CodeIgniter.php(366): CodeIgniter\CodeIgniter->handleRequest(NULL, Object(Config\Cache), false)
#10 C:\xampp\htdocs\pms\index.php(67): CodeIgniter\CodeIgniter->run()
#11 {main}
CRITICAL - 2024-03-06 04:58:14 --> Duplicate entry '1' for key 'PRIMARY'
in SYSTEMPATH\Database\MySQLi\Connection.php on line 295.
 1 SYSTEMPATH\Database\MySQLi\Connection.php(295): mysqli->query('INSERT INTO `month_end` (`Amount`, `EmployeeCode`, `Id`, `ItemCode`, `Month`, `Year`)
VALUES (\'45000.00\',\'1551\',\'1\',\'100\',\'1\',\'2024\'), (\'3600.00\',\'1551\',\'2\',\'242\',\'1\',\'2024\'), (\'7500.00\',\'1551\',\'3\',\'111\',\'1\',\'2024\'), (\'1400.00\',\'1551\',\'4\',\'110\',\'1\',\'2024\'), (\'1250.00\',\'1551\',\'5\',\'286\',\'1\',\'2024\'), (\'414.40\',\'1551\',\'6\',\'296\',\'1\',\'2024\'), (\'960.00\',\'1551\',\'7\',\'106\',\'1\',\'2024\'), (\'5100.00\',\'1551\',\'8\',\'107\',\'1\',\'2024\'), (\'25.00\',\'1551\',\'9\',\'248\',\'1\',\'2024\'), (\'59960.00\',\'1551\',\'10\',\'200\',\'1\',\'2024\'), (\'5289.40\',\'1551\',\'11\',\'400\',\'1\',\'2024\'), (\'54670.60\',\'1551\',\'12\',\'600\',\'1\',\'2024\'), (\'40000.00\',\'2223\',\'13\',\'100\',\'1\',\'2024\'), (\'3200.00\',\'2223\',\'14\',\'242\',\'1\',\'2024\'), (\'7500.00\',\'2223\',\'15\',\'111\',\'1\',\'2024\'), (\'1225.00\',\'2223\',\'16\',\'110\',\'1\',\'2024\'), (\'780.00\',\'2223\',\'17\',\'106\',\'1\',\'2024\'), (\'5600.00\',\'2223\',\'18\',\'107\',\'1\',\'2024\'), (\'25.00\',\'2223\',\'19\',\'248\',\'1\',\'2024\'), (\'55105.00\',\'2223\',\'20\',\'200\',\'1\',\'2024\'), (\'3225.00\',\'2223\',\'21\',\'400\',\'1\',\'2024\'), (\'51880.00\',\'2223\',\'22\',\'600\',\'1\',\'2024\'), (\'38000.00\',\'932\',\'23\',\'100\',\'1\',\'2024\'), (\'3040.00\',\'932\',\'24\',\'242\',\'1\',\'2024\'), (\'7500.00\',\'932\',\'25\',\'111\',\'1\',\'2024\'), (\'414.40\',\'932\',\'26\',\'296\',\'1\',\'2024\'), (\'45500.00\',\'932\',\'27\',\'200\',\'1\',\'2024\'), (\'3454.40\',\'932\',\'28\',\'400\',\'1\',\'2024\'), (\'42045.60\',\'932\',\'29\',\'600\',\'1\',\'2024\'), (\'36000.00\',\'947\',\'30\',\'100\',\'1\',\'2024\'), (\'2880.00\',\'947\',\'31\',\'242\',\'1\',\'2024\'), (\'7500.00\',\'947\',\'32\',\'111\',\'1\',\'2024\'), (\'25.00\',\'947\',\'33\',\'248\',\'1\',\'2024\'), (\'43500.00\',\'947\',\'34\',\'200\',\'1\',\'2024\'), (\'2905.00\',\'947\',\'35\',\'400\',\'1\',\'2024\'), (\'40595.00\',\'947\',\'36\',\'600\',\'1\',\'2024\'), (\'45000.00\',\'923\',\'37\',\'100\',\'1\',\'2024\'), (\'3600.00\',\'923\',\'38\',\'242\',\'1\',\'2024\'), (\'7500.00\',\'923\',\'39\',\'111\',\'1\',\'2024\'), (\'4000.00\',\'923\',\'40\',\'110\',\'1\',\'2024\'), (\'1250.00\',\'923\',\'41\',\'286\',\'1\',\'2024\'), (\'2500.00\',\'923\',\'42\',\'107\',\'1\',\'2024\'), (\'59000.00\',\'923\',\'43\',\'200\',\'1\',\'2024\'), (\'4850.00\',\'923\',\'44\',\'400\',\'1\',\'2024\'), (\'54150.00\',\'923\',\'45\',\'600\',\'1\',\'2024\'), (\'68000.00\',\'1\',\'46\',\'100\',\'1\',\'2024\'), (\'5440.00\',\'1\',\'47\',\'242\',\'1\',\'2024\'), (\'7500.00\',\'1\',\'48\',\'111\',\'1\',\'2024\'), (\'48000.00\',\'1\',\'49\',\'107\',\'1\',\'2024\'), (\'3500.00\',\'1\',\'50\',\'106\',\'1\',\'2024\'), (\'25.00\',\'1\',\'51\',\'248\',\'1\',\'2024\'), (\'127000.00\',\'1\',\'52\',\'200\',\'1\',\'2024\'), (\'5465.00\',\'1\',\'53\',\'400\',\'1\',\'2024\'), (\'121535.00\',\'1\',\'54\',\'600\',\'1\',\'2024\')', 0)
 2 SYSTEMPATH\Database\BaseConnection.php(692): CodeIgniter\Database\MySQLi\Connection->execute('INSERT INTO `month_end` (`Amount`, `EmployeeCode`, `Id`, `ItemCode`, `Month`, `Year`)
VALUES (\'45000.00\',\'1551\',\'1\',\'100\',\'1\',\'2024\'), (\'3600.00\',\'1551\',\'2\',\'242\',\'1\',\'2024\'), (\'7500.00\',\'1551\',\'3\',\'111\',\'1\',\'2024\'), (\'1400.00\',\'1551\',\'4\',\'110\',\'1\',\'2024\'), (\'1250.00\',\'1551\',\'5\',\'286\',\'1\',\'2024\'), (\'414.40\',\'1551\',\'6\',\'296\',\'1\',\'2024\'), (\'960.00\',\'1551\',\'7\',\'106\',\'1\',\'2024\'), (\'5100.00\',\'1551\',\'8\',\'107\',\'1\',\'2024\'), (\'25.00\',\'1551\',\'9\',\'248\',\'1\',\'2024\'), (\'59960.00\',\'1551\',\'10\',\'200\',\'1\',\'2024\'), (\'5289.40\',\'1551\',\'11\',\'400\',\'1\',\'2024\'), (\'54670.60\',\'1551\',\'12\',\'600\',\'1\',\'2024\'), (\'40000.00\',\'2223\',\'13\',\'100\',\'1\',\'2024\'), (\'3200.00\',\'2223\',\'14\',\'242\',\'1\',\'2024\'), (\'7500.00\',\'2223\',\'15\',\'111\',\'1\',\'2024\'), (\'1225.00\',\'2223\',\'16\',\'110\',\'1\',\'2024\'), (\'780.00\',\'2223\',\'17\',\'106\',\'1\',\'2024\'), (\'5600.00\',\'2223\',\'18\',\'107\',\'1\',\'2024\'), (\'25.00\',\'2223\',\'19\',\'248\',\'1\',\'2024\'), (\'55105.00\',\'2223\',\'20\',\'200\',\'1\',\'2024\'), (\'3225.00\',\'2223\',\'21\',\'400\',\'1\',\'2024\'), (\'51880.00\',\'2223\',\'22\',\'600\',\'1\',\'2024\'), (\'38000.00\',\'932\',\'23\',\'100\',\'1\',\'2024\'), (\'3040.00\',\'932\',\'24\',\'242\',\'1\',\'2024\'), (\'7500.00\',\'932\',\'25\',\'111\',\'1\',\'2024\'), (\'414.40\',\'932\',\'26\',\'296\',\'1\',\'2024\'), (\'45500.00\',\'932\',\'27\',\'200\',\'1\',\'2024\'), (\'3454.40\',\'932\',\'28\',\'400\',\'1\',\'2024\'), (\'42045.60\',\'932\',\'29\',\'600\',\'1\',\'2024\'), (\'36000.00\',\'947\',\'30\',\'100\',\'1\',\'2024\'), (\'2880.00\',\'947\',\'31\',\'242\',\'1\',\'2024\'), (\'7500.00\',\'947\',\'32\',\'111\',\'1\',\'2024\'), (\'25.00\',\'947\',\'33\',\'248\',\'1\',\'2024\'), (\'43500.00\',\'947\',\'34\',\'200\',\'1\',\'2024\'), (\'2905.00\',\'947\',\'35\',\'400\',\'1\',\'2024\'), (\'40595.00\',\'947\',\'36\',\'600\',\'1\',\'2024\'), (\'45000.00\',\'923\',\'37\',\'100\',\'1\',\'2024\'), (\'3600.00\',\'923\',\'38\',\'242\',\'1\',\'2024\'), (\'7500.00\',\'923\',\'39\',\'111\',\'1\',\'2024\'), (\'4000.00\',\'923\',\'40\',\'110\',\'1\',\'2024\'), (\'1250.00\',\'923\',\'41\',\'286\',\'1\',\'2024\'), (\'2500.00\',\'923\',\'42\',\'107\',\'1\',\'2024\'), (\'59000.00\',\'923\',\'43\',\'200\',\'1\',\'2024\'), (\'4850.00\',\'923\',\'44\',\'400\',\'1\',\'2024\'), (\'54150.00\',\'923\',\'45\',\'600\',\'1\',\'2024\'), (\'68000.00\',\'1\',\'46\',\'100\',\'1\',\'2024\'), (\'5440.00\',\'1\',\'47\',\'242\',\'1\',\'2024\'), (\'7500.00\',\'1\',\'48\',\'111\',\'1\',\'2024\'), (\'48000.00\',\'1\',\'49\',\'107\',\'1\',\'2024\'), (\'3500.00\',\'1\',\'50\',\'106\',\'1\',\'2024\'), (\'25.00\',\'1\',\'51\',\'248\',\'1\',\'2024\'), (\'127000.00\',\'1\',\'52\',\'200\',\'1\',\'2024\'), (\'5465.00\',\'1\',\'53\',\'400\',\'1\',\'2024\'), (\'121535.00\',\'1\',\'54\',\'600\',\'1\',\'2024\')')
 3 SYSTEMPATH\Database\BaseConnection.php(606): CodeIgniter\Database\BaseConnection->simpleQuery('INSERT INTO `month_end` (`Amount`, `EmployeeCode`, `Id`, `ItemCode`, `Month`, `Year`)
VALUES (\'45000.00\',\'1551\',\'1\',\'100\',\'1\',\'2024\'), (\'3600.00\',\'1551\',\'2\',\'242\',\'1\',\'2024\'), (\'7500.00\',\'1551\',\'3\',\'111\',\'1\',\'2024\'), (\'1400.00\',\'1551\',\'4\',\'110\',\'1\',\'2024\'), (\'1250.00\',\'1551\',\'5\',\'286\',\'1\',\'2024\'), (\'414.40\',\'1551\',\'6\',\'296\',\'1\',\'2024\'), (\'960.00\',\'1551\',\'7\',\'106\',\'1\',\'2024\'), (\'5100.00\',\'1551\',\'8\',\'107\',\'1\',\'2024\'), (\'25.00\',\'1551\',\'9\',\'248\',\'1\',\'2024\'), (\'59960.00\',\'1551\',\'10\',\'200\',\'1\',\'2024\'), (\'5289.40\',\'1551\',\'11\',\'400\',\'1\',\'2024\'), (\'54670.60\',\'1551\',\'12\',\'600\',\'1\',\'2024\'), (\'40000.00\',\'2223\',\'13\',\'100\',\'1\',\'2024\'), (\'3200.00\',\'2223\',\'14\',\'242\',\'1\',\'2024\'), (\'7500.00\',\'2223\',\'15\',\'111\',\'1\',\'2024\'), (\'1225.00\',\'2223\',\'16\',\'110\',\'1\',\'2024\'), (\'780.00\',\'2223\',\'17\',\'106\',\'1\',\'2024\'), (\'5600.00\',\'2223\',\'18\',\'107\',\'1\',\'2024\'), (\'25.00\',\'2223\',\'19\',\'248\',\'1\',\'2024\'), (\'55105.00\',\'2223\',\'20\',\'200\',\'1\',\'2024\'), (\'3225.00\',\'2223\',\'21\',\'400\',\'1\',\'2024\'), (\'51880.00\',\'2223\',\'22\',\'600\',\'1\',\'2024\'), (\'38000.00\',\'932\',\'23\',\'100\',\'1\',\'2024\'), (\'3040.00\',\'932\',\'24\',\'242\',\'1\',\'2024\'), (\'7500.00\',\'932\',\'25\',\'111\',\'1\',\'2024\'), (\'414.40\',\'932\',\'26\',\'296\',\'1\',\'2024\'), (\'45500.00\',\'932\',\'27\',\'200\',\'1\',\'2024\'), (\'3454.40\',\'932\',\'28\',\'400\',\'1\',\'2024\'), (\'42045.60\',\'932\',\'29\',\'600\',\'1\',\'2024\'), (\'36000.00\',\'947\',\'30\',\'100\',\'1\',\'2024\'), (\'2880.00\',\'947\',\'31\',\'242\',\'1\',\'2024\'), (\'7500.00\',\'947\',\'32\',\'111\',\'1\',\'2024\'), (\'25.00\',\'947\',\'33\',\'248\',\'1\',\'2024\'), (\'43500.00\',\'947\',\'34\',\'200\',\'1\',\'2024\'), (\'2905.00\',\'947\',\'35\',\'400\',\'1\',\'2024\'), (\'40595.00\',\'947\',\'36\',\'600\',\'1\',\'2024\'), (\'45000.00\',\'923\',\'37\',\'100\',\'1\',\'2024\'), (\'3600.00\',\'923\',\'38\',\'242\',\'1\',\'2024\'), (\'7500.00\',\'923\',\'39\',\'111\',\'1\',\'2024\'), (\'4000.00\',\'923\',\'40\',\'110\',\'1\',\'2024\'), (\'1250.00\',\'923\',\'41\',\'286\',\'1\',\'2024\'), (\'2500.00\',\'923\',\'42\',\'107\',\'1\',\'2024\'), (\'59000.00\',\'923\',\'43\',\'200\',\'1\',\'2024\'), (\'4850.00\',\'923\',\'44\',\'400\',\'1\',\'2024\'), (\'54150.00\',\'923\',\'45\',\'600\',\'1\',\'2024\'), (\'68000.00\',\'1\',\'46\',\'100\',\'1\',\'2024\'), (\'5440.00\',\'1\',\'47\',\'242\',\'1\',\'2024\'), (\'7500.00\',\'1\',\'48\',\'111\',\'1\',\'2024\'), (\'48000.00\',\'1\',\'49\',\'107\',\'1\',\'2024\'), (\'3500.00\',\'1\',\'50\',\'106\',\'1\',\'2024\'), (\'25.00\',\'1\',\'51\',\'248\',\'1\',\'2024\'), (\'127000.00\',\'1\',\'52\',\'200\',\'1\',\'2024\'), (\'5465.00\',\'1\',\'53\',\'400\',\'1\',\'2024\'), (\'121535.00\',\'1\',\'54\',\'600\',\'1\',\'2024\')')
 4 SYSTEMPATH\Database\BaseBuilder.php(1801): CodeIgniter\Database\BaseConnection->query('INSERT INTO `month_end` (`Amount`, `EmployeeCode`, `Id`, `ItemCode`, `Month`, `Year`)
VALUES (\'45000.00\',\'1551\',\'1\',\'100\',\'1\',\'2024\'), (\'3600.00\',\'1551\',\'2\',\'242\',\'1\',\'2024\'), (\'7500.00\',\'1551\',\'3\',\'111\',\'1\',\'2024\'), (\'1400.00\',\'1551\',\'4\',\'110\',\'1\',\'2024\'), (\'1250.00\',\'1551\',\'5\',\'286\',\'1\',\'2024\'), (\'414.40\',\'1551\',\'6\',\'296\',\'1\',\'2024\'), (\'960.00\',\'1551\',\'7\',\'106\',\'1\',\'2024\'), (\'5100.00\',\'1551\',\'8\',\'107\',\'1\',\'2024\'), (\'25.00\',\'1551\',\'9\',\'248\',\'1\',\'2024\'), (\'59960.00\',\'1551\',\'10\',\'200\',\'1\',\'2024\'), (\'5289.40\',\'1551\',\'11\',\'400\',\'1\',\'2024\'), (\'54670.60\',\'1551\',\'12\',\'600\',\'1\',\'2024\'), (\'40000.00\',\'2223\',\'13\',\'100\',\'1\',\'2024\'), (\'3200.00\',\'2223\',\'14\',\'242\',\'1\',\'2024\'), (\'7500.00\',\'2223\',\'15\',\'111\',\'1\',\'2024\'), (\'1225.00\',\'2223\',\'16\',\'110\',\'1\',\'2024\'), (\'780.00\',\'2223\',\'17\',\'106\',\'1\',\'2024\'), (\'5600.00\',\'2223\',\'18\',\'107\',\'1\',\'2024\'), (\'25.00\',\'2223\',\'19\',\'248\',\'1\',\'2024\'), (\'55105.00\',\'2223\',\'20\',\'200\',\'1\',\'2024\'), (\'3225.00\',\'2223\',\'21\',\'400\',\'1\',\'2024\'), (\'51880.00\',\'2223\',\'22\',\'600\',\'1\',\'2024\'), (\'38000.00\',\'932\',\'23\',\'100\',\'1\',\'2024\'), (\'3040.00\',\'932\',\'24\',\'242\',\'1\',\'2024\'), (\'7500.00\',\'932\',\'25\',\'111\',\'1\',\'2024\'), (\'414.40\',\'932\',\'26\',\'296\',\'1\',\'2024\'), (\'45500.00\',\'932\',\'27\',\'200\',\'1\',\'2024\'), (\'3454.40\',\'932\',\'28\',\'400\',\'1\',\'2024\'), (\'42045.60\',\'932\',\'29\',\'600\',\'1\',\'2024\'), (\'36000.00\',\'947\',\'30\',\'100\',\'1\',\'2024\'), (\'2880.00\',\'947\',\'31\',\'242\',\'1\',\'2024\'), (\'7500.00\',\'947\',\'32\',\'111\',\'1\',\'2024\'), (\'25.00\',\'947\',\'33\',\'248\',\'1\',\'2024\'), (\'43500.00\',\'947\',\'34\',\'200\',\'1\',\'2024\'), (\'2905.00\',\'947\',\'35\',\'400\',\'1\',\'2024\'), (\'40595.00\',\'947\',\'36\',\'600\',\'1\',\'2024\'), (\'45000.00\',\'923\',\'37\',\'100\',\'1\',\'2024\'), (\'3600.00\',\'923\',\'38\',\'242\',\'1\',\'2024\'), (\'7500.00\',\'923\',\'39\',\'111\',\'1\',\'2024\'), (\'4000.00\',\'923\',\'40\',\'110\',\'1\',\'2024\'), (\'1250.00\',\'923\',\'41\',\'286\',\'1\',\'2024\'), (\'2500.00\',\'923\',\'42\',\'107\',\'1\',\'2024\'), (\'59000.00\',\'923\',\'43\',\'200\',\'1\',\'2024\'), (\'4850.00\',\'923\',\'44\',\'400\',\'1\',\'2024\'), (\'54150.00\',\'923\',\'45\',\'600\',\'1\',\'2024\'), (\'68000.00\',\'1\',\'46\',\'100\',\'1\',\'2024\'), (\'5440.00\',\'1\',\'47\',\'242\',\'1\',\'2024\'), (\'7500.00\',\'1\',\'48\',\'111\',\'1\',\'2024\'), (\'48000.00\',\'1\',\'49\',\'107\',\'1\',\'2024\'), (\'3500.00\',\'1\',\'50\',\'106\',\'1\',\'2024\'), (\'25.00\',\'1\',\'51\',\'248\',\'1\',\'2024\'), (\'127000.00\',\'1\',\'52\',\'200\',\'1\',\'2024\'), (\'5465.00\',\'1\',\'53\',\'400\',\'1\',\'2024\'), (\'121535.00\',\'1\',\'54\',\'600\',\'1\',\'2024\')', null, false)
 5 SYSTEMPATH\Database\BaseBuilder.php(2192): CodeIgniter\Database\BaseBuilder->batchExecute('_insertBatch', 100)
 6 APPPATH\Models\MonthendModel.php(19): CodeIgniter\Database\BaseBuilder->insertBatch([...])
 7 APPPATH\Controllers\Payroll.php(374): App\Models\MonthendModel->processMonthend()
 8 SYSTEMPATH\CodeIgniter.php(932): App\Controllers\Payroll->month_end()
 9 SYSTEMPATH\CodeIgniter.php(497): CodeIgniter\CodeIgniter->runController(Object(App\Controllers\Payroll))
10 SYSTEMPATH\CodeIgniter.php(366): CodeIgniter\CodeIgniter->handleRequest(null, Object(Config\Cache), false)
11 FCPATH\index.php(67): CodeIgniter\CodeIgniter->run()
ERROR - 2024-03-06 15:28:01 --> mysqli_sql_exception: Duplicate entry '1' for key 'PRIMARY' in C:\xampp\htdocs\pms\system\Database\MySQLi\Connection.php:295
Stack trace:
#0 C:\xampp\htdocs\pms\system\Database\MySQLi\Connection.php(295): mysqli->query('INSERT INTO `mo...', 0)
#1 C:\xampp\htdocs\pms\system\Database\BaseConnection.php(692): CodeIgniter\Database\MySQLi\Connection->execute('INSERT INTO `mo...')
#2 C:\xampp\htdocs\pms\system\Database\BaseConnection.php(606): CodeIgniter\Database\BaseConnection->simpleQuery('INSERT INTO `mo...')
#3 C:\xampp\htdocs\pms\system\Database\BaseBuilder.php(1801): CodeIgniter\Database\BaseConnection->query('INSERT INTO `mo...', NULL, false)
#4 C:\xampp\htdocs\pms\system\Database\BaseBuilder.php(2192): CodeIgniter\Database\BaseBuilder->batchExecute('_insertBatch', 100)
#5 C:\xampp\htdocs\pms\app\Models\MonthendModel.php(19): CodeIgniter\Database\BaseBuilder->insertBatch(Array)
#6 C:\xampp\htdocs\pms\app\Controllers\Payroll.php(374): App\Models\MonthendModel->processMonthend()
#7 C:\xampp\htdocs\pms\system\CodeIgniter.php(932): App\Controllers\Payroll->month_end()
#8 C:\xampp\htdocs\pms\system\CodeIgniter.php(497): CodeIgniter\CodeIgniter->runController(Object(App\Controllers\Payroll))
#9 C:\xampp\htdocs\pms\system\CodeIgniter.php(366): CodeIgniter\CodeIgniter->handleRequest(NULL, Object(Config\Cache), false)
#10 C:\xampp\htdocs\pms\index.php(67): CodeIgniter\CodeIgniter->run()
#11 {main}
CRITICAL - 2024-03-06 15:28:01 --> Duplicate entry '1' for key 'PRIMARY'
in SYSTEMPATH\Database\MySQLi\Connection.php on line 295.
 1 SYSTEMPATH\Database\MySQLi\Connection.php(295): mysqli->query('INSERT INTO `month_end` (`Amount`, `EmployeeCode`, `Id`, `ItemCode`, `Month`, `Year`)
VALUES (\'45000.00\',\'1551\',\'1\',\'100\',\'1\',\'2024\'), (\'3600.00\',\'1551\',\'2\',\'242\',\'1\',\'2024\'), (\'7500.00\',\'1551\',\'3\',\'111\',\'1\',\'2024\'), (\'1400.00\',\'1551\',\'4\',\'110\',\'1\',\'2024\'), (\'1250.00\',\'1551\',\'5\',\'286\',\'1\',\'2024\'), (\'414.40\',\'1551\',\'6\',\'296\',\'1\',\'2024\'), (\'960.00\',\'1551\',\'7\',\'106\',\'1\',\'2024\'), (\'5100.00\',\'1551\',\'8\',\'107\',\'1\',\'2024\'), (\'25.00\',\'1551\',\'9\',\'248\',\'1\',\'2024\'), (\'59960.00\',\'1551\',\'10\',\'200\',\'1\',\'2024\'), (\'5289.40\',\'1551\',\'11\',\'400\',\'1\',\'2024\'), (\'54670.60\',\'1551\',\'12\',\'600\',\'1\',\'2024\'), (\'40000.00\',\'2223\',\'13\',\'100\',\'1\',\'2024\'), (\'3200.00\',\'2223\',\'14\',\'242\',\'1\',\'2024\'), (\'7500.00\',\'2223\',\'15\',\'111\',\'1\',\'2024\'), (\'1225.00\',\'2223\',\'16\',\'110\',\'1\',\'2024\'), (\'780.00\',\'2223\',\'17\',\'106\',\'1\',\'2024\'), (\'5600.00\',\'2223\',\'18\',\'107\',\'1\',\'2024\'), (\'25.00\',\'2223\',\'19\',\'248\',\'1\',\'2024\'), (\'55105.00\',\'2223\',\'20\',\'200\',\'1\',\'2024\'), (\'3225.00\',\'2223\',\'21\',\'400\',\'1\',\'2024\'), (\'51880.00\',\'2223\',\'22\',\'600\',\'1\',\'2024\'), (\'38000.00\',\'932\',\'23\',\'100\',\'1\',\'2024\'), (\'3040.00\',\'932\',\'24\',\'242\',\'1\',\'2024\'), (\'7500.00\',\'932\',\'25\',\'111\',\'1\',\'2024\'), (\'414.40\',\'932\',\'26\',\'296\',\'1\',\'2024\'), (\'45500.00\',\'932\',\'27\',\'200\',\'1\',\'2024\'), (\'3454.40\',\'932\',\'28\',\'400\',\'1\',\'2024\'), (\'42045.60\',\'932\',\'29\',\'600\',\'1\',\'2024\'), (\'36000.00\',\'947\',\'30\',\'100\',\'1\',\'2024\'), (\'2880.00\',\'947\',\'31\',\'242\',\'1\',\'2024\'), (\'7500.00\',\'947\',\'32\',\'111\',\'1\',\'2024\'), (\'25.00\',\'947\',\'33\',\'248\',\'1\',\'2024\'), (\'43500.00\',\'947\',\'34\',\'200\',\'1\',\'2024\'), (\'2905.00\',\'947\',\'35\',\'400\',\'1\',\'2024\'), (\'40595.00\',\'947\',\'36\',\'600\',\'1\',\'2024\'), (\'45000.00\',\'923\',\'37\',\'100\',\'1\',\'2024\'), (\'3600.00\',\'923\',\'38\',\'242\',\'1\',\'2024\'), (\'7500.00\',\'923\',\'39\',\'111\',\'1\',\'2024\'), (\'4000.00\',\'923\',\'40\',\'110\',\'1\',\'2024\'), (\'1250.00\',\'923\',\'41\',\'286\',\'1\',\'2024\'), (\'2500.00\',\'923\',\'42\',\'107\',\'1\',\'2024\'), (\'59000.00\',\'923\',\'43\',\'200\',\'1\',\'2024\'), (\'4850.00\',\'923\',\'44\',\'400\',\'1\',\'2024\'), (\'54150.00\',\'923\',\'45\',\'600\',\'1\',\'2024\'), (\'68000.00\',\'1\',\'46\',\'100\',\'1\',\'2024\'), (\'5440.00\',\'1\',\'47\',\'242\',\'1\',\'2024\'), (\'7500.00\',\'1\',\'48\',\'111\',\'1\',\'2024\'), (\'48000.00\',\'1\',\'49\',\'107\',\'1\',\'2024\'), (\'3500.00\',\'1\',\'50\',\'106\',\'1\',\'2024\'), (\'25.00\',\'1\',\'51\',\'248\',\'1\',\'2024\'), (\'127000.00\',\'1\',\'52\',\'200\',\'1\',\'2024\'), (\'5465.00\',\'1\',\'53\',\'400\',\'1\',\'2024\'), (\'121535.00\',\'1\',\'54\',\'600\',\'1\',\'2024\')', 0)
 2 SYSTEMPATH\Database\BaseConnection.php(692): CodeIgniter\Database\MySQLi\Connection->execute('INSERT INTO `month_end` (`Amount`, `EmployeeCode`, `Id`, `ItemCode`, `Month`, `Year`)
VALUES (\'45000.00\',\'1551\',\'1\',\'100\',\'1\',\'2024\'), (\'3600.00\',\'1551\',\'2\',\'242\',\'1\',\'2024\'), (\'7500.00\',\'1551\',\'3\',\'111\',\'1\',\'2024\'), (\'1400.00\',\'1551\',\'4\',\'110\',\'1\',\'2024\'), (\'1250.00\',\'1551\',\'5\',\'286\',\'1\',\'2024\'), (\'414.40\',\'1551\',\'6\',\'296\',\'1\',\'2024\'), (\'960.00\',\'1551\',\'7\',\'106\',\'1\',\'2024\'), (\'5100.00\',\'1551\',\'8\',\'107\',\'1\',\'2024\'), (\'25.00\',\'1551\',\'9\',\'248\',\'1\',\'2024\'), (\'59960.00\',\'1551\',\'10\',\'200\',\'1\',\'2024\'), (\'5289.40\',\'1551\',\'11\',\'400\',\'1\',\'2024\'), (\'54670.60\',\'1551\',\'12\',\'600\',\'1\',\'2024\'), (\'40000.00\',\'2223\',\'13\',\'100\',\'1\',\'2024\'), (\'3200.00\',\'2223\',\'14\',\'242\',\'1\',\'2024\'), (\'7500.00\',\'2223\',\'15\',\'111\',\'1\',\'2024\'), (\'1225.00\',\'2223\',\'16\',\'110\',\'1\',\'2024\'), (\'780.00\',\'2223\',\'17\',\'106\',\'1\',\'2024\'), (\'5600.00\',\'2223\',\'18\',\'107\',\'1\',\'2024\'), (\'25.00\',\'2223\',\'19\',\'248\',\'1\',\'2024\'), (\'55105.00\',\'2223\',\'20\',\'200\',\'1\',\'2024\'), (\'3225.00\',\'2223\',\'21\',\'400\',\'1\',\'2024\'), (\'51880.00\',\'2223\',\'22\',\'600\',\'1\',\'2024\'), (\'38000.00\',\'932\',\'23\',\'100\',\'1\',\'2024\'), (\'3040.00\',\'932\',\'24\',\'242\',\'1\',\'2024\'), (\'7500.00\',\'932\',\'25\',\'111\',\'1\',\'2024\'), (\'414.40\',\'932\',\'26\',\'296\',\'1\',\'2024\'), (\'45500.00\',\'932\',\'27\',\'200\',\'1\',\'2024\'), (\'3454.40\',\'932\',\'28\',\'400\',\'1\',\'2024\'), (\'42045.60\',\'932\',\'29\',\'600\',\'1\',\'2024\'), (\'36000.00\',\'947\',\'30\',\'100\',\'1\',\'2024\'), (\'2880.00\',\'947\',\'31\',\'242\',\'1\',\'2024\'), (\'7500.00\',\'947\',\'32\',\'111\',\'1\',\'2024\'), (\'25.00\',\'947\',\'33\',\'248\',\'1\',\'2024\'), (\'43500.00\',\'947\',\'34\',\'200\',\'1\',\'2024\'), (\'2905.00\',\'947\',\'35\',\'400\',\'1\',\'2024\'), (\'40595.00\',\'947\',\'36\',\'600\',\'1\',\'2024\'), (\'45000.00\',\'923\',\'37\',\'100\',\'1\',\'2024\'), (\'3600.00\',\'923\',\'38\',\'242\',\'1\',\'2024\'), (\'7500.00\',\'923\',\'39\',\'111\',\'1\',\'2024\'), (\'4000.00\',\'923\',\'40\',\'110\',\'1\',\'2024\'), (\'1250.00\',\'923\',\'41\',\'286\',\'1\',\'2024\'), (\'2500.00\',\'923\',\'42\',\'107\',\'1\',\'2024\'), (\'59000.00\',\'923\',\'43\',\'200\',\'1\',\'2024\'), (\'4850.00\',\'923\',\'44\',\'400\',\'1\',\'2024\'), (\'54150.00\',\'923\',\'45\',\'600\',\'1\',\'2024\'), (\'68000.00\',\'1\',\'46\',\'100\',\'1\',\'2024\'), (\'5440.00\',\'1\',\'47\',\'242\',\'1\',\'2024\'), (\'7500.00\',\'1\',\'48\',\'111\',\'1\',\'2024\'), (\'48000.00\',\'1\',\'49\',\'107\',\'1\',\'2024\'), (\'3500.00\',\'1\',\'50\',\'106\',\'1\',\'2024\'), (\'25.00\',\'1\',\'51\',\'248\',\'1\',\'2024\'), (\'127000.00\',\'1\',\'52\',\'200\',\'1\',\'2024\'), (\'5465.00\',\'1\',\'53\',\'400\',\'1\',\'2024\'), (\'121535.00\',\'1\',\'54\',\'600\',\'1\',\'2024\')')
 3 SYSTEMPATH\Database\BaseConnection.php(606): CodeIgniter\Database\BaseConnection->simpleQuery('INSERT INTO `month_end` (`Amount`, `EmployeeCode`, `Id`, `ItemCode`, `Month`, `Year`)
VALUES (\'45000.00\',\'1551\',\'1\',\'100\',\'1\',\'2024\'), (\'3600.00\',\'1551\',\'2\',\'242\',\'1\',\'2024\'), (\'7500.00\',\'1551\',\'3\',\'111\',\'1\',\'2024\'), (\'1400.00\',\'1551\',\'4\',\'110\',\'1\',\'2024\'), (\'1250.00\',\'1551\',\'5\',\'286\',\'1\',\'2024\'), (\'414.40\',\'1551\',\'6\',\'296\',\'1\',\'2024\'), (\'960.00\',\'1551\',\'7\',\'106\',\'1\',\'2024\'), (\'5100.00\',\'1551\',\'8\',\'107\',\'1\',\'2024\'), (\'25.00\',\'1551\',\'9\',\'248\',\'1\',\'2024\'), (\'59960.00\',\'1551\',\'10\',\'200\',\'1\',\'2024\'), (\'5289.40\',\'1551\',\'11\',\'400\',\'1\',\'2024\'), (\'54670.60\',\'1551\',\'12\',\'600\',\'1\',\'2024\'), (\'40000.00\',\'2223\',\'13\',\'100\',\'1\',\'2024\'), (\'3200.00\',\'2223\',\'14\',\'242\',\'1\',\'2024\'), (\'7500.00\',\'2223\',\'15\',\'111\',\'1\',\'2024\'), (\'1225.00\',\'2223\',\'16\',\'110\',\'1\',\'2024\'), (\'780.00\',\'2223\',\'17\',\'106\',\'1\',\'2024\'), (\'5600.00\',\'2223\',\'18\',\'107\',\'1\',\'2024\'), (\'25.00\',\'2223\',\'19\',\'248\',\'1\',\'2024\'), (\'55105.00\',\'2223\',\'20\',\'200\',\'1\',\'2024\'), (\'3225.00\',\'2223\',\'21\',\'400\',\'1\',\'2024\'), (\'51880.00\',\'2223\',\'22\',\'600\',\'1\',\'2024\'), (\'38000.00\',\'932\',\'23\',\'100\',\'1\',\'2024\'), (\'3040.00\',\'932\',\'24\',\'242\',\'1\',\'2024\'), (\'7500.00\',\'932\',\'25\',\'111\',\'1\',\'2024\'), (\'414.40\',\'932\',\'26\',\'296\',\'1\',\'2024\'), (\'45500.00\',\'932\',\'27\',\'200\',\'1\',\'2024\'), (\'3454.40\',\'932\',\'28\',\'400\',\'1\',\'2024\'), (\'42045.60\',\'932\',\'29\',\'600\',\'1\',\'2024\'), (\'36000.00\',\'947\',\'30\',\'100\',\'1\',\'2024\'), (\'2880.00\',\'947\',\'31\',\'242\',\'1\',\'2024\'), (\'7500.00\',\'947\',\'32\',\'111\',\'1\',\'2024\'), (\'25.00\',\'947\',\'33\',\'248\',\'1\',\'2024\'), (\'43500.00\',\'947\',\'34\',\'200\',\'1\',\'2024\'), (\'2905.00\',\'947\',\'35\',\'400\',\'1\',\'2024\'), (\'40595.00\',\'947\',\'36\',\'600\',\'1\',\'2024\'), (\'45000.00\',\'923\',\'37\',\'100\',\'1\',\'2024\'), (\'3600.00\',\'923\',\'38\',\'242\',\'1\',\'2024\'), (\'7500.00\',\'923\',\'39\',\'111\',\'1\',\'2024\'), (\'4000.00\',\'923\',\'40\',\'110\',\'1\',\'2024\'), (\'1250.00\',\'923\',\'41\',\'286\',\'1\',\'2024\'), (\'2500.00\',\'923\',\'42\',\'107\',\'1\',\'2024\'), (\'59000.00\',\'923\',\'43\',\'200\',\'1\',\'2024\'), (\'4850.00\',\'923\',\'44\',\'400\',\'1\',\'2024\'), (\'54150.00\',\'923\',\'45\',\'600\',\'1\',\'2024\'), (\'68000.00\',\'1\',\'46\',\'100\',\'1\',\'2024\'), (\'5440.00\',\'1\',\'47\',\'242\',\'1\',\'2024\'), (\'7500.00\',\'1\',\'48\',\'111\',\'1\',\'2024\'), (\'48000.00\',\'1\',\'49\',\'107\',\'1\',\'2024\'), (\'3500.00\',\'1\',\'50\',\'106\',\'1\',\'2024\'), (\'25.00\',\'1\',\'51\',\'248\',\'1\',\'2024\'), (\'127000.00\',\'1\',\'52\',\'200\',\'1\',\'2024\'), (\'5465.00\',\'1\',\'53\',\'400\',\'1\',\'2024\'), (\'121535.00\',\'1\',\'54\',\'600\',\'1\',\'2024\')')
 4 SYSTEMPATH\Database\BaseBuilder.php(1801): CodeIgniter\Database\BaseConnection->query('INSERT INTO `month_end` (`Amount`, `EmployeeCode`, `Id`, `ItemCode`, `Month`, `Year`)
VALUES (\'45000.00\',\'1551\',\'1\',\'100\',\'1\',\'2024\'), (\'3600.00\',\'1551\',\'2\',\'242\',\'1\',\'2024\'), (\'7500.00\',\'1551\',\'3\',\'111\',\'1\',\'2024\'), (\'1400.00\',\'1551\',\'4\',\'110\',\'1\',\'2024\'), (\'1250.00\',\'1551\',\'5\',\'286\',\'1\',\'2024\'), (\'414.40\',\'1551\',\'6\',\'296\',\'1\',\'2024\'), (\'960.00\',\'1551\',\'7\',\'106\',\'1\',\'2024\'), (\'5100.00\',\'1551\',\'8\',\'107\',\'1\',\'2024\'), (\'25.00\',\'1551\',\'9\',\'248\',\'1\',\'2024\'), (\'59960.00\',\'1551\',\'10\',\'200\',\'1\',\'2024\'), (\'5289.40\',\'1551\',\'11\',\'400\',\'1\',\'2024\'), (\'54670.60\',\'1551\',\'12\',\'600\',\'1\',\'2024\'), (\'40000.00\',\'2223\',\'13\',\'100\',\'1\',\'2024\'), (\'3200.00\',\'2223\',\'14\',\'242\',\'1\',\'2024\'), (\'7500.00\',\'2223\',\'15\',\'111\',\'1\',\'2024\'), (\'1225.00\',\'2223\',\'16\',\'110\',\'1\',\'2024\'), (\'780.00\',\'2223\',\'17\',\'106\',\'1\',\'2024\'), (\'5600.00\',\'2223\',\'18\',\'107\',\'1\',\'2024\'), (\'25.00\',\'2223\',\'19\',\'248\',\'1\',\'2024\'), (\'55105.00\',\'2223\',\'20\',\'200\',\'1\',\'2024\'), (\'3225.00\',\'2223\',\'21\',\'400\',\'1\',\'2024\'), (\'51880.00\',\'2223\',\'22\',\'600\',\'1\',\'2024\'), (\'38000.00\',\'932\',\'23\',\'100\',\'1\',\'2024\'), (\'3040.00\',\'932\',\'24\',\'242\',\'1\',\'2024\'), (\'7500.00\',\'932\',\'25\',\'111\',\'1\',\'2024\'), (\'414.40\',\'932\',\'26\',\'296\',\'1\',\'2024\'), (\'45500.00\',\'932\',\'27\',\'200\',\'1\',\'2024\'), (\'3454.40\',\'932\',\'28\',\'400\',\'1\',\'2024\'), (\'42045.60\',\'932\',\'29\',\'600\',\'1\',\'2024\'), (\'36000.00\',\'947\',\'30\',\'100\',\'1\',\'2024\'), (\'2880.00\',\'947\',\'31\',\'242\',\'1\',\'2024\'), (\'7500.00\',\'947\',\'32\',\'111\',\'1\',\'2024\'), (\'25.00\',\'947\',\'33\',\'248\',\'1\',\'2024\'), (\'43500.00\',\'947\',\'34\',\'200\',\'1\',\'2024\'), (\'2905.00\',\'947\',\'35\',\'400\',\'1\',\'2024\'), (\'40595.00\',\'947\',\'36\',\'600\',\'1\',\'2024\'), (\'45000.00\',\'923\',\'37\',\'100\',\'1\',\'2024\'), (\'3600.00\',\'923\',\'38\',\'242\',\'1\',\'2024\'), (\'7500.00\',\'923\',\'39\',\'111\',\'1\',\'2024\'), (\'4000.00\',\'923\',\'40\',\'110\',\'1\',\'2024\'), (\'1250.00\',\'923\',\'41\',\'286\',\'1\',\'2024\'), (\'2500.00\',\'923\',\'42\',\'107\',\'1\',\'2024\'), (\'59000.00\',\'923\',\'43\',\'200\',\'1\',\'2024\'), (\'4850.00\',\'923\',\'44\',\'400\',\'1\',\'2024\'), (\'54150.00\',\'923\',\'45\',\'600\',\'1\',\'2024\'), (\'68000.00\',\'1\',\'46\',\'100\',\'1\',\'2024\'), (\'5440.00\',\'1\',\'47\',\'242\',\'1\',\'2024\'), (\'7500.00\',\'1\',\'48\',\'111\',\'1\',\'2024\'), (\'48000.00\',\'1\',\'49\',\'107\',\'1\',\'2024\'), (\'3500.00\',\'1\',\'50\',\'106\',\'1\',\'2024\'), (\'25.00\',\'1\',\'51\',\'248\',\'1\',\'2024\'), (\'127000.00\',\'1\',\'52\',\'200\',\'1\',\'2024\'), (\'5465.00\',\'1\',\'53\',\'400\',\'1\',\'2024\'), (\'121535.00\',\'1\',\'54\',\'600\',\'1\',\'2024\')', null, false)
 5 SYSTEMPATH\Database\BaseBuilder.php(2192): CodeIgniter\Database\BaseBuilder->batchExecute('_insertBatch', 100)
 6 APPPATH\Models\MonthendModel.php(19): CodeIgniter\Database\BaseBuilder->insertBatch([...])
 7 APPPATH\Controllers\Payroll.php(374): App\Models\MonthendModel->processMonthend()
 8 SYSTEMPATH\CodeIgniter.php(932): App\Controllers\Payroll->month_end()
 9 SYSTEMPATH\CodeIgniter.php(497): CodeIgniter\CodeIgniter->runController(Object(App\Controllers\Payroll))
10 SYSTEMPATH\CodeIgniter.php(366): CodeIgniter\CodeIgniter->handleRequest(null, Object(Config\Cache), false)
11 FCPATH\index.php(67): CodeIgniter\CodeIgniter->run()
ERROR - 2024-03-06 15:33:42 --> mysqli_sql_exception: Duplicate entry '1' for key 'PRIMARY' in C:\xampp\htdocs\pms\system\Database\MySQLi\Connection.php:295
Stack trace:
#0 C:\xampp\htdocs\pms\system\Database\MySQLi\Connection.php(295): mysqli->query('INSERT INTO `mo...', 0)
#1 C:\xampp\htdocs\pms\system\Database\BaseConnection.php(692): CodeIgniter\Database\MySQLi\Connection->execute('INSERT INTO `mo...')
#2 C:\xampp\htdocs\pms\system\Database\BaseConnection.php(606): CodeIgniter\Database\BaseConnection->simpleQuery('INSERT INTO `mo...')
#3 C:\xampp\htdocs\pms\system\Database\BaseBuilder.php(1801): CodeIgniter\Database\BaseConnection->query('INSERT INTO `mo...', NULL, false)
#4 C:\xampp\htdocs\pms\system\Database\BaseBuilder.php(2192): CodeIgniter\Database\BaseBuilder->batchExecute('_insertBatch', 100)
#5 C:\xampp\htdocs\pms\app\Models\MonthendModel.php(19): CodeIgniter\Database\BaseBuilder->insertBatch(Array)
#6 C:\xampp\htdocs\pms\app\Controllers\Payroll.php(374): App\Models\MonthendModel->processMonthend()
#7 C:\xampp\htdocs\pms\system\CodeIgniter.php(932): App\Controllers\Payroll->month_end()
#8 C:\xampp\htdocs\pms\system\CodeIgniter.php(497): CodeIgniter\CodeIgniter->runController(Object(App\Controllers\Payroll))
#9 C:\xampp\htdocs\pms\system\CodeIgniter.php(366): CodeIgniter\CodeIgniter->handleRequest(NULL, Object(Config\Cache), false)
#10 C:\xampp\htdocs\pms\index.php(67): CodeIgniter\CodeIgniter->run()
#11 {main}
CRITICAL - 2024-03-06 15:33:42 --> Duplicate entry '1' for key 'PRIMARY'
in SYSTEMPATH\Database\MySQLi\Connection.php on line 295.
 1 SYSTEMPATH\Database\MySQLi\Connection.php(295): mysqli->query('INSERT INTO `month_end` (`Amount`, `EmployeeCode`, `Id`, `ItemCode`, `Month`, `Year`)
VALUES (\'45000.00\',\'1551\',\'1\',\'100\',\'1\',\'2024\'), (\'3600.00\',\'1551\',\'2\',\'242\',\'1\',\'2024\'), (\'7500.00\',\'1551\',\'3\',\'111\',\'1\',\'2024\'), (\'1400.00\',\'1551\',\'4\',\'110\',\'1\',\'2024\'), (\'1250.00\',\'1551\',\'5\',\'286\',\'1\',\'2024\'), (\'414.40\',\'1551\',\'6\',\'296\',\'1\',\'2024\'), (\'960.00\',\'1551\',\'7\',\'106\',\'1\',\'2024\'), (\'5100.00\',\'1551\',\'8\',\'107\',\'1\',\'2024\'), (\'25.00\',\'1551\',\'9\',\'248\',\'1\',\'2024\'), (\'59960.00\',\'1551\',\'10\',\'200\',\'1\',\'2024\'), (\'5289.40\',\'1551\',\'11\',\'400\',\'1\',\'2024\'), (\'54670.60\',\'1551\',\'12\',\'600\',\'1\',\'2024\'), (\'40000.00\',\'2223\',\'13\',\'100\',\'1\',\'2024\'), (\'3200.00\',\'2223\',\'14\',\'242\',\'1\',\'2024\'), (\'7500.00\',\'2223\',\'15\',\'111\',\'1\',\'2024\'), (\'1225.00\',\'2223\',\'16\',\'110\',\'1\',\'2024\'), (\'780.00\',\'2223\',\'17\',\'106\',\'1\',\'2024\'), (\'5600.00\',\'2223\',\'18\',\'107\',\'1\',\'2024\'), (\'25.00\',\'2223\',\'19\',\'248\',\'1\',\'2024\'), (\'55105.00\',\'2223\',\'20\',\'200\',\'1\',\'2024\'), (\'3225.00\',\'2223\',\'21\',\'400\',\'1\',\'2024\'), (\'51880.00\',\'2223\',\'22\',\'600\',\'1\',\'2024\'), (\'38000.00\',\'932\',\'23\',\'100\',\'1\',\'2024\'), (\'3040.00\',\'932\',\'24\',\'242\',\'1\',\'2024\'), (\'7500.00\',\'932\',\'25\',\'111\',\'1\',\'2024\'), (\'414.40\',\'932\',\'26\',\'296\',\'1\',\'2024\'), (\'45500.00\',\'932\',\'27\',\'200\',\'1\',\'2024\'), (\'3454.40\',\'932\',\'28\',\'400\',\'1\',\'2024\'), (\'42045.60\',\'932\',\'29\',\'600\',\'1\',\'2024\'), (\'36000.00\',\'947\',\'30\',\'100\',\'1\',\'2024\'), (\'2880.00\',\'947\',\'31\',\'242\',\'1\',\'2024\'), (\'7500.00\',\'947\',\'32\',\'111\',\'1\',\'2024\'), (\'25.00\',\'947\',\'33\',\'248\',\'1\',\'2024\'), (\'43500.00\',\'947\',\'34\',\'200\',\'1\',\'2024\'), (\'2905.00\',\'947\',\'35\',\'400\',\'1\',\'2024\'), (\'40595.00\',\'947\',\'36\',\'600\',\'1\',\'2024\'), (\'45000.00\',\'923\',\'37\',\'100\',\'1\',\'2024\'), (\'3600.00\',\'923\',\'38\',\'242\',\'1\',\'2024\'), (\'7500.00\',\'923\',\'39\',\'111\',\'1\',\'2024\'), (\'4000.00\',\'923\',\'40\',\'110\',\'1\',\'2024\'), (\'1250.00\',\'923\',\'41\',\'286\',\'1\',\'2024\'), (\'2500.00\',\'923\',\'42\',\'107\',\'1\',\'2024\'), (\'59000.00\',\'923\',\'43\',\'200\',\'1\',\'2024\'), (\'4850.00\',\'923\',\'44\',\'400\',\'1\',\'2024\'), (\'54150.00\',\'923\',\'45\',\'600\',\'1\',\'2024\'), (\'68000.00\',\'1\',\'46\',\'100\',\'1\',\'2024\'), (\'5440.00\',\'1\',\'47\',\'242\',\'1\',\'2024\'), (\'7500.00\',\'1\',\'48\',\'111\',\'1\',\'2024\'), (\'48000.00\',\'1\',\'49\',\'107\',\'1\',\'2024\'), (\'3500.00\',\'1\',\'50\',\'106\',\'1\',\'2024\'), (\'25.00\',\'1\',\'51\',\'248\',\'1\',\'2024\'), (\'127000.00\',\'1\',\'52\',\'200\',\'1\',\'2024\'), (\'5465.00\',\'1\',\'53\',\'400\',\'1\',\'2024\'), (\'121535.00\',\'1\',\'54\',\'600\',\'1\',\'2024\')', 0)
 2 SYSTEMPATH\Database\BaseConnection.php(692): CodeIgniter\Database\MySQLi\Connection->execute('INSERT INTO `month_end` (`Amount`, `EmployeeCode`, `Id`, `ItemCode`, `Month`, `Year`)
VALUES (\'45000.00\',\'1551\',\'1\',\'100\',\'1\',\'2024\'), (\'3600.00\',\'1551\',\'2\',\'242\',\'1\',\'2024\'), (\'7500.00\',\'1551\',\'3\',\'111\',\'1\',\'2024\'), (\'1400.00\',\'1551\',\'4\',\'110\',\'1\',\'2024\'), (\'1250.00\',\'1551\',\'5\',\'286\',\'1\',\'2024\'), (\'414.40\',\'1551\',\'6\',\'296\',\'1\',\'2024\'), (\'960.00\',\'1551\',\'7\',\'106\',\'1\',\'2024\'), (\'5100.00\',\'1551\',\'8\',\'107\',\'1\',\'2024\'), (\'25.00\',\'1551\',\'9\',\'248\',\'1\',\'2024\'), (\'59960.00\',\'1551\',\'10\',\'200\',\'1\',\'2024\'), (\'5289.40\',\'1551\',\'11\',\'400\',\'1\',\'2024\'), (\'54670.60\',\'1551\',\'12\',\'600\',\'1\',\'2024\'), (\'40000.00\',\'2223\',\'13\',\'100\',\'1\',\'2024\'), (\'3200.00\',\'2223\',\'14\',\'242\',\'1\',\'2024\'), (\'7500.00\',\'2223\',\'15\',\'111\',\'1\',\'2024\'), (\'1225.00\',\'2223\',\'16\',\'110\',\'1\',\'2024\'), (\'780.00\',\'2223\',\'17\',\'106\',\'1\',\'2024\'), (\'5600.00\',\'2223\',\'18\',\'107\',\'1\',\'2024\'), (\'25.00\',\'2223\',\'19\',\'248\',\'1\',\'2024\'), (\'55105.00\',\'2223\',\'20\',\'200\',\'1\',\'2024\'), (\'3225.00\',\'2223\',\'21\',\'400\',\'1\',\'2024\'), (\'51880.00\',\'2223\',\'22\',\'600\',\'1\',\'2024\'), (\'38000.00\',\'932\',\'23\',\'100\',\'1\',\'2024\'), (\'3040.00\',\'932\',\'24\',\'242\',\'1\',\'2024\'), (\'7500.00\',\'932\',\'25\',\'111\',\'1\',\'2024\'), (\'414.40\',\'932\',\'26\',\'296\',\'1\',\'2024\'), (\'45500.00\',\'932\',\'27\',\'200\',\'1\',\'2024\'), (\'3454.40\',\'932\',\'28\',\'400\',\'1\',\'2024\'), (\'42045.60\',\'932\',\'29\',\'600\',\'1\',\'2024\'), (\'36000.00\',\'947\',\'30\',\'100\',\'1\',\'2024\'), (\'2880.00\',\'947\',\'31\',\'242\',\'1\',\'2024\'), (\'7500.00\',\'947\',\'32\',\'111\',\'1\',\'2024\'), (\'25.00\',\'947\',\'33\',\'248\',\'1\',\'2024\'), (\'43500.00\',\'947\',\'34\',\'200\',\'1\',\'2024\'), (\'2905.00\',\'947\',\'35\',\'400\',\'1\',\'2024\'), (\'40595.00\',\'947\',\'36\',\'600\',\'1\',\'2024\'), (\'45000.00\',\'923\',\'37\',\'100\',\'1\',\'2024\'), (\'3600.00\',\'923\',\'38\',\'242\',\'1\',\'2024\'), (\'7500.00\',\'923\',\'39\',\'111\',\'1\',\'2024\'), (\'4000.00\',\'923\',\'40\',\'110\',\'1\',\'2024\'), (\'1250.00\',\'923\',\'41\',\'286\',\'1\',\'2024\'), (\'2500.00\',\'923\',\'42\',\'107\',\'1\',\'2024\'), (\'59000.00\',\'923\',\'43\',\'200\',\'1\',\'2024\'), (\'4850.00\',\'923\',\'44\',\'400\',\'1\',\'2024\'), (\'54150.00\',\'923\',\'45\',\'600\',\'1\',\'2024\'), (\'68000.00\',\'1\',\'46\',\'100\',\'1\',\'2024\'), (\'5440.00\',\'1\',\'47\',\'242\',\'1\',\'2024\'), (\'7500.00\',\'1\',\'48\',\'111\',\'1\',\'2024\'), (\'48000.00\',\'1\',\'49\',\'107\',\'1\',\'2024\'), (\'3500.00\',\'1\',\'50\',\'106\',\'1\',\'2024\'), (\'25.00\',\'1\',\'51\',\'248\',\'1\',\'2024\'), (\'127000.00\',\'1\',\'52\',\'200\',\'1\',\'2024\'), (\'5465.00\',\'1\',\'53\',\'400\',\'1\',\'2024\'), (\'121535.00\',\'1\',\'54\',\'600\',\'1\',\'2024\')')
 3 SYSTEMPATH\Database\BaseConnection.php(606): CodeIgniter\Database\BaseConnection->simpleQuery('INSERT INTO `month_end` (`Amount`, `EmployeeCode`, `Id`, `ItemCode`, `Month`, `Year`)
VALUES (\'45000.00\',\'1551\',\'1\',\'100\',\'1\',\'2024\'), (\'3600.00\',\'1551\',\'2\',\'242\',\'1\',\'2024\'), (\'7500.00\',\'1551\',\'3\',\'111\',\'1\',\'2024\'), (\'1400.00\',\'1551\',\'4\',\'110\',\'1\',\'2024\'), (\'1250.00\',\'1551\',\'5\',\'286\',\'1\',\'2024\'), (\'414.40\',\'1551\',\'6\',\'296\',\'1\',\'2024\'), (\'960.00\',\'1551\',\'7\',\'106\',\'1\',\'2024\'), (\'5100.00\',\'1551\',\'8\',\'107\',\'1\',\'2024\'), (\'25.00\',\'1551\',\'9\',\'248\',\'1\',\'2024\'), (\'59960.00\',\'1551\',\'10\',\'200\',\'1\',\'2024\'), (\'5289.40\',\'1551\',\'11\',\'400\',\'1\',\'2024\'), (\'54670.60\',\'1551\',\'12\',\'600\',\'1\',\'2024\'), (\'40000.00\',\'2223\',\'13\',\'100\',\'1\',\'2024\'), (\'3200.00\',\'2223\',\'14\',\'242\',\'1\',\'2024\'), (\'7500.00\',\'2223\',\'15\',\'111\',\'1\',\'2024\'), (\'1225.00\',\'2223\',\'16\',\'110\',\'1\',\'2024\'), (\'780.00\',\'2223\',\'17\',\'106\',\'1\',\'2024\'), (\'5600.00\',\'2223\',\'18\',\'107\',\'1\',\'2024\'), (\'25.00\',\'2223\',\'19\',\'248\',\'1\',\'2024\'), (\'55105.00\',\'2223\',\'20\',\'200\',\'1\',\'2024\'), (\'3225.00\',\'2223\',\'21\',\'400\',\'1\',\'2024\'), (\'51880.00\',\'2223\',\'22\',\'600\',\'1\',\'2024\'), (\'38000.00\',\'932\',\'23\',\'100\',\'1\',\'2024\'), (\'3040.00\',\'932\',\'24\',\'242\',\'1\',\'2024\'), (\'7500.00\',\'932\',\'25\',\'111\',\'1\',\'2024\'), (\'414.40\',\'932\',\'26\',\'296\',\'1\',\'2024\'), (\'45500.00\',\'932\',\'27\',\'200\',\'1\',\'2024\'), (\'3454.40\',\'932\',\'28\',\'400\',\'1\',\'2024\'), (\'42045.60\',\'932\',\'29\',\'600\',\'1\',\'2024\'), (\'36000.00\',\'947\',\'30\',\'100\',\'1\',\'2024\'), (\'2880.00\',\'947\',\'31\',\'242\',\'1\',\'2024\'), (\'7500.00\',\'947\',\'32\',\'111\',\'1\',\'2024\'), (\'25.00\',\'947\',\'33\',\'248\',\'1\',\'2024\'), (\'43500.00\',\'947\',\'34\',\'200\',\'1\',\'2024\'), (\'2905.00\',\'947\',\'35\',\'400\',\'1\',\'2024\'), (\'40595.00\',\'947\',\'36\',\'600\',\'1\',\'2024\'), (\'45000.00\',\'923\',\'37\',\'100\',\'1\',\'2024\'), (\'3600.00\',\'923\',\'38\',\'242\',\'1\',\'2024\'), (\'7500.00\',\'923\',\'39\',\'111\',\'1\',\'2024\'), (\'4000.00\',\'923\',\'40\',\'110\',\'1\',\'2024\'), (\'1250.00\',\'923\',\'41\',\'286\',\'1\',\'2024\'), (\'2500.00\',\'923\',\'42\',\'107\',\'1\',\'2024\'), (\'59000.00\',\'923\',\'43\',\'200\',\'1\',\'2024\'), (\'4850.00\',\'923\',\'44\',\'400\',\'1\',\'2024\'), (\'54150.00\',\'923\',\'45\',\'600\',\'1\',\'2024\'), (\'68000.00\',\'1\',\'46\',\'100\',\'1\',\'2024\'), (\'5440.00\',\'1\',\'47\',\'242\',\'1\',\'2024\'), (\'7500.00\',\'1\',\'48\',\'111\',\'1\',\'2024\'), (\'48000.00\',\'1\',\'49\',\'107\',\'1\',\'2024\'), (\'3500.00\',\'1\',\'50\',\'106\',\'1\',\'2024\'), (\'25.00\',\'1\',\'51\',\'248\',\'1\',\'2024\'), (\'127000.00\',\'1\',\'52\',\'200\',\'1\',\'2024\'), (\'5465.00\',\'1\',\'53\',\'400\',\'1\',\'2024\'), (\'121535.00\',\'1\',\'54\',\'600\',\'1\',\'2024\')')
 4 SYSTEMPATH\Database\BaseBuilder.php(1801): CodeIgniter\Database\BaseConnection->query('INSERT INTO `month_end` (`Amount`, `EmployeeCode`, `Id`, `ItemCode`, `Month`, `Year`)
VALUES (\'45000.00\',\'1551\',\'1\',\'100\',\'1\',\'2024\'), (\'3600.00\',\'1551\',\'2\',\'242\',\'1\',\'2024\'), (\'7500.00\',\'1551\',\'3\',\'111\',\'1\',\'2024\'), (\'1400.00\',\'1551\',\'4\',\'110\',\'1\',\'2024\'), (\'1250.00\',\'1551\',\'5\',\'286\',\'1\',\'2024\'), (\'414.40\',\'1551\',\'6\',\'296\',\'1\',\'2024\'), (\'960.00\',\'1551\',\'7\',\'106\',\'1\',\'2024\'), (\'5100.00\',\'1551\',\'8\',\'107\',\'1\',\'2024\'), (\'25.00\',\'1551\',\'9\',\'248\',\'1\',\'2024\'), (\'59960.00\',\'1551\',\'10\',\'200\',\'1\',\'2024\'), (\'5289.40\',\'1551\',\'11\',\'400\',\'1\',\'2024\'), (\'54670.60\',\'1551\',\'12\',\'600\',\'1\',\'2024\'), (\'40000.00\',\'2223\',\'13\',\'100\',\'1\',\'2024\'), (\'3200.00\',\'2223\',\'14\',\'242\',\'1\',\'2024\'), (\'7500.00\',\'2223\',\'15\',\'111\',\'1\',\'2024\'), (\'1225.00\',\'2223\',\'16\',\'110\',\'1\',\'2024\'), (\'780.00\',\'2223\',\'17\',\'106\',\'1\',\'2024\'), (\'5600.00\',\'2223\',\'18\',\'107\',\'1\',\'2024\'), (\'25.00\',\'2223\',\'19\',\'248\',\'1\',\'2024\'), (\'55105.00\',\'2223\',\'20\',\'200\',\'1\',\'2024\'), (\'3225.00\',\'2223\',\'21\',\'400\',\'1\',\'2024\'), (\'51880.00\',\'2223\',\'22\',\'600\',\'1\',\'2024\'), (\'38000.00\',\'932\',\'23\',\'100\',\'1\',\'2024\'), (\'3040.00\',\'932\',\'24\',\'242\',\'1\',\'2024\'), (\'7500.00\',\'932\',\'25\',\'111\',\'1\',\'2024\'), (\'414.40\',\'932\',\'26\',\'296\',\'1\',\'2024\'), (\'45500.00\',\'932\',\'27\',\'200\',\'1\',\'2024\'), (\'3454.40\',\'932\',\'28\',\'400\',\'1\',\'2024\'), (\'42045.60\',\'932\',\'29\',\'600\',\'1\',\'2024\'), (\'36000.00\',\'947\',\'30\',\'100\',\'1\',\'2024\'), (\'2880.00\',\'947\',\'31\',\'242\',\'1\',\'2024\'), (\'7500.00\',\'947\',\'32\',\'111\',\'1\',\'2024\'), (\'25.00\',\'947\',\'33\',\'248\',\'1\',\'2024\'), (\'43500.00\',\'947\',\'34\',\'200\',\'1\',\'2024\'), (\'2905.00\',\'947\',\'35\',\'400\',\'1\',\'2024\'), (\'40595.00\',\'947\',\'36\',\'600\',\'1\',\'2024\'), (\'45000.00\',\'923\',\'37\',\'100\',\'1\',\'2024\'), (\'3600.00\',\'923\',\'38\',\'242\',\'1\',\'2024\'), (\'7500.00\',\'923\',\'39\',\'111\',\'1\',\'2024\'), (\'4000.00\',\'923\',\'40\',\'110\',\'1\',\'2024\'), (\'1250.00\',\'923\',\'41\',\'286\',\'1\',\'2024\'), (\'2500.00\',\'923\',\'42\',\'107\',\'1\',\'2024\'), (\'59000.00\',\'923\',\'43\',\'200\',\'1\',\'2024\'), (\'4850.00\',\'923\',\'44\',\'400\',\'1\',\'2024\'), (\'54150.00\',\'923\',\'45\',\'600\',\'1\',\'2024\'), (\'68000.00\',\'1\',\'46\',\'100\',\'1\',\'2024\'), (\'5440.00\',\'1\',\'47\',\'242\',\'1\',\'2024\'), (\'7500.00\',\'1\',\'48\',\'111\',\'1\',\'2024\'), (\'48000.00\',\'1\',\'49\',\'107\',\'1\',\'2024\'), (\'3500.00\',\'1\',\'50\',\'106\',\'1\',\'2024\'), (\'25.00\',\'1\',\'51\',\'248\',\'1\',\'2024\'), (\'127000.00\',\'1\',\'52\',\'200\',\'1\',\'2024\'), (\'5465.00\',\'1\',\'53\',\'400\',\'1\',\'2024\'), (\'121535.00\',\'1\',\'54\',\'600\',\'1\',\'2024\')', null, false)
 5 SYSTEMPATH\Database\BaseBuilder.php(2192): CodeIgniter\Database\BaseBuilder->batchExecute('_insertBatch', 100)
 6 APPPATH\Models\MonthendModel.php(19): CodeIgniter\Database\BaseBuilder->insertBatch([...])
 7 APPPATH\Controllers\Payroll.php(374): App\Models\MonthendModel->processMonthend()
 8 SYSTEMPATH\CodeIgniter.php(932): App\Controllers\Payroll->month_end()
 9 SYSTEMPATH\CodeIgniter.php(497): CodeIgniter\CodeIgniter->runController(Object(App\Controllers\Payroll))
10 SYSTEMPATH\CodeIgniter.php(366): CodeIgniter\CodeIgniter->handleRequest(null, Object(Config\Cache), false)
11 FCPATH\index.php(67): CodeIgniter\CodeIgniter->run()
ERROR - 2024-03-06 15:33:42 --> mysqli_sql_exception: Duplicate entry '1' for key 'PRIMARY' in C:\xampp\htdocs\pms\system\Database\MySQLi\Connection.php:295
Stack trace:
#0 C:\xampp\htdocs\pms\system\Database\MySQLi\Connection.php(295): mysqli->query('INSERT INTO `mo...', 0)
#1 C:\xampp\htdocs\pms\system\Database\BaseConnection.php(692): CodeIgniter\Database\MySQLi\Connection->execute('INSERT INTO `mo...')
#2 C:\xampp\htdocs\pms\system\Database\BaseConnection.php(606): CodeIgniter\Database\BaseConnection->simpleQuery('INSERT INTO `mo...')
#3 C:\xampp\htdocs\pms\system\Database\BaseBuilder.php(1801): CodeIgniter\Database\BaseConnection->query('INSERT INTO `mo...', NULL, false)
#4 C:\xampp\htdocs\pms\system\Database\BaseBuilder.php(2192): CodeIgniter\Database\BaseBuilder->batchExecute('_insertBatch', 100)
#5 C:\xampp\htdocs\pms\app\Models\MonthendModel.php(19): CodeIgniter\Database\BaseBuilder->insertBatch(Array)
#6 C:\xampp\htdocs\pms\app\Controllers\Payroll.php(374): App\Models\MonthendModel->processMonthend()
#7 C:\xampp\htdocs\pms\system\CodeIgniter.php(932): App\Controllers\Payroll->month_end()
#8 C:\xampp\htdocs\pms\system\CodeIgniter.php(497): CodeIgniter\CodeIgniter->runController(Object(App\Controllers\Payroll))
#9 C:\xampp\htdocs\pms\system\CodeIgniter.php(366): CodeIgniter\CodeIgniter->handleRequest(NULL, Object(Config\Cache), false)
#10 C:\xampp\htdocs\pms\index.php(67): CodeIgniter\CodeIgniter->run()
#11 {main}
CRITICAL - 2024-03-06 15:33:42 --> Duplicate entry '1' for key 'PRIMARY'
in SYSTEMPATH\Database\MySQLi\Connection.php on line 295.
 1 SYSTEMPATH\Database\MySQLi\Connection.php(295): mysqli->query('INSERT INTO `month_end` (`Amount`, `EmployeeCode`, `Id`, `ItemCode`, `Month`, `Year`)
VALUES (\'45000.00\',\'1551\',\'1\',\'100\',\'1\',\'2024\'), (\'3600.00\',\'1551\',\'2\',\'242\',\'1\',\'2024\'), (\'7500.00\',\'1551\',\'3\',\'111\',\'1\',\'2024\'), (\'1400.00\',\'1551\',\'4\',\'110\',\'1\',\'2024\'), (\'1250.00\',\'1551\',\'5\',\'286\',\'1\',\'2024\'), (\'414.40\',\'1551\',\'6\',\'296\',\'1\',\'2024\'), (\'960.00\',\'1551\',\'7\',\'106\',\'1\',\'2024\'), (\'5100.00\',\'1551\',\'8\',\'107\',\'1\',\'2024\'), (\'25.00\',\'1551\',\'9\',\'248\',\'1\',\'2024\'), (\'59960.00\',\'1551\',\'10\',\'200\',\'1\',\'2024\'), (\'5289.40\',\'1551\',\'11\',\'400\',\'1\',\'2024\'), (\'54670.60\',\'1551\',\'12\',\'600\',\'1\',\'2024\'), (\'40000.00\',\'2223\',\'13\',\'100\',\'1\',\'2024\'), (\'3200.00\',\'2223\',\'14\',\'242\',\'1\',\'2024\'), (\'7500.00\',\'2223\',\'15\',\'111\',\'1\',\'2024\'), (\'1225.00\',\'2223\',\'16\',\'110\',\'1\',\'2024\'), (\'780.00\',\'2223\',\'17\',\'106\',\'1\',\'2024\'), (\'5600.00\',\'2223\',\'18\',\'107\',\'1\',\'2024\'), (\'25.00\',\'2223\',\'19\',\'248\',\'1\',\'2024\'), (\'55105.00\',\'2223\',\'20\',\'200\',\'1\',\'2024\'), (\'3225.00\',\'2223\',\'21\',\'400\',\'1\',\'2024\'), (\'51880.00\',\'2223\',\'22\',\'600\',\'1\',\'2024\'), (\'38000.00\',\'932\',\'23\',\'100\',\'1\',\'2024\'), (\'3040.00\',\'932\',\'24\',\'242\',\'1\',\'2024\'), (\'7500.00\',\'932\',\'25\',\'111\',\'1\',\'2024\'), (\'414.40\',\'932\',\'26\',\'296\',\'1\',\'2024\'), (\'45500.00\',\'932\',\'27\',\'200\',\'1\',\'2024\'), (\'3454.40\',\'932\',\'28\',\'400\',\'1\',\'2024\'), (\'42045.60\',\'932\',\'29\',\'600\',\'1\',\'2024\'), (\'36000.00\',\'947\',\'30\',\'100\',\'1\',\'2024\'), (\'2880.00\',\'947\',\'31\',\'242\',\'1\',\'2024\'), (\'7500.00\',\'947\',\'32\',\'111\',\'1\',\'2024\'), (\'25.00\',\'947\',\'33\',\'248\',\'1\',\'2024\'), (\'43500.00\',\'947\',\'34\',\'200\',\'1\',\'2024\'), (\'2905.00\',\'947\',\'35\',\'400\',\'1\',\'2024\'), (\'40595.00\',\'947\',\'36\',\'600\',\'1\',\'2024\'), (\'45000.00\',\'923\',\'37\',\'100\',\'1\',\'2024\'), (\'3600.00\',\'923\',\'38\',\'242\',\'1\',\'2024\'), (\'7500.00\',\'923\',\'39\',\'111\',\'1\',\'2024\'), (\'4000.00\',\'923\',\'40\',\'110\',\'1\',\'2024\'), (\'1250.00\',\'923\',\'41\',\'286\',\'1\',\'2024\'), (\'2500.00\',\'923\',\'42\',\'107\',\'1\',\'2024\'), (\'59000.00\',\'923\',\'43\',\'200\',\'1\',\'2024\'), (\'4850.00\',\'923\',\'44\',\'400\',\'1\',\'2024\'), (\'54150.00\',\'923\',\'45\',\'600\',\'1\',\'2024\'), (\'68000.00\',\'1\',\'46\',\'100\',\'1\',\'2024\'), (\'5440.00\',\'1\',\'47\',\'242\',\'1\',\'2024\'), (\'7500.00\',\'1\',\'48\',\'111\',\'1\',\'2024\'), (\'48000.00\',\'1\',\'49\',\'107\',\'1\',\'2024\'), (\'3500.00\',\'1\',\'50\',\'106\',\'1\',\'2024\'), (\'25.00\',\'1\',\'51\',\'248\',\'1\',\'2024\'), (\'127000.00\',\'1\',\'52\',\'200\',\'1\',\'2024\'), (\'5465.00\',\'1\',\'53\',\'400\',\'1\',\'2024\'), (\'121535.00\',\'1\',\'54\',\'600\',\'1\',\'2024\')', 0)
 2 SYSTEMPATH\Database\BaseConnection.php(692): CodeIgniter\Database\MySQLi\Connection->execute('INSERT INTO `month_end` (`Amount`, `EmployeeCode`, `Id`, `ItemCode`, `Month`, `Year`)
VALUES (\'45000.00\',\'1551\',\'1\',\'100\',\'1\',\'2024\'), (\'3600.00\',\'1551\',\'2\',\'242\',\'1\',\'2024\'), (\'7500.00\',\'1551\',\'3\',\'111\',\'1\',\'2024\'), (\'1400.00\',\'1551\',\'4\',\'110\',\'1\',\'2024\'), (\'1250.00\',\'1551\',\'5\',\'286\',\'1\',\'2024\'), (\'414.40\',\'1551\',\'6\',\'296\',\'1\',\'2024\'), (\'960.00\',\'1551\',\'7\',\'106\',\'1\',\'2024\'), (\'5100.00\',\'1551\',\'8\',\'107\',\'1\',\'2024\'), (\'25.00\',\'1551\',\'9\',\'248\',\'1\',\'2024\'), (\'59960.00\',\'1551\',\'10\',\'200\',\'1\',\'2024\'), (\'5289.40\',\'1551\',\'11\',\'400\',\'1\',\'2024\'), (\'54670.60\',\'1551\',\'12\',\'600\',\'1\',\'2024\'), (\'40000.00\',\'2223\',\'13\',\'100\',\'1\',\'2024\'), (\'3200.00\',\'2223\',\'14\',\'242\',\'1\',\'2024\'), (\'7500.00\',\'2223\',\'15\',\'111\',\'1\',\'2024\'), (\'1225.00\',\'2223\',\'16\',\'110\',\'1\',\'2024\'), (\'780.00\',\'2223\',\'17\',\'106\',\'1\',\'2024\'), (\'5600.00\',\'2223\',\'18\',\'107\',\'1\',\'2024\'), (\'25.00\',\'2223\',\'19\',\'248\',\'1\',\'2024\'), (\'55105.00\',\'2223\',\'20\',\'200\',\'1\',\'2024\'), (\'3225.00\',\'2223\',\'21\',\'400\',\'1\',\'2024\'), (\'51880.00\',\'2223\',\'22\',\'600\',\'1\',\'2024\'), (\'38000.00\',\'932\',\'23\',\'100\',\'1\',\'2024\'), (\'3040.00\',\'932\',\'24\',\'242\',\'1\',\'2024\'), (\'7500.00\',\'932\',\'25\',\'111\',\'1\',\'2024\'), (\'414.40\',\'932\',\'26\',\'296\',\'1\',\'2024\'), (\'45500.00\',\'932\',\'27\',\'200\',\'1\',\'2024\'), (\'3454.40\',\'932\',\'28\',\'400\',\'1\',\'2024\'), (\'42045.60\',\'932\',\'29\',\'600\',\'1\',\'2024\'), (\'36000.00\',\'947\',\'30\',\'100\',\'1\',\'2024\'), (\'2880.00\',\'947\',\'31\',\'242\',\'1\',\'2024\'), (\'7500.00\',\'947\',\'32\',\'111\',\'1\',\'2024\'), (\'25.00\',\'947\',\'33\',\'248\',\'1\',\'2024\'), (\'43500.00\',\'947\',\'34\',\'200\',\'1\',\'2024\'), (\'2905.00\',\'947\',\'35\',\'400\',\'1\',\'2024\'), (\'40595.00\',\'947\',\'36\',\'600\',\'1\',\'2024\'), (\'45000.00\',\'923\',\'37\',\'100\',\'1\',\'2024\'), (\'3600.00\',\'923\',\'38\',\'242\',\'1\',\'2024\'), (\'7500.00\',\'923\',\'39\',\'111\',\'1\',\'2024\'), (\'4000.00\',\'923\',\'40\',\'110\',\'1\',\'2024\'), (\'1250.00\',\'923\',\'41\',\'286\',\'1\',\'2024\'), (\'2500.00\',\'923\',\'42\',\'107\',\'1\',\'2024\'), (\'59000.00\',\'923\',\'43\',\'200\',\'1\',\'2024\'), (\'4850.00\',\'923\',\'44\',\'400\',\'1\',\'2024\'), (\'54150.00\',\'923\',\'45\',\'600\',\'1\',\'2024\'), (\'68000.00\',\'1\',\'46\',\'100\',\'1\',\'2024\'), (\'5440.00\',\'1\',\'47\',\'242\',\'1\',\'2024\'), (\'7500.00\',\'1\',\'48\',\'111\',\'1\',\'2024\'), (\'48000.00\',\'1\',\'49\',\'107\',\'1\',\'2024\'), (\'3500.00\',\'1\',\'50\',\'106\',\'1\',\'2024\'), (\'25.00\',\'1\',\'51\',\'248\',\'1\',\'2024\'), (\'127000.00\',\'1\',\'52\',\'200\',\'1\',\'2024\'), (\'5465.00\',\'1\',\'53\',\'400\',\'1\',\'2024\'), (\'121535.00\',\'1\',\'54\',\'600\',\'1\',\'2024\')')
 3 SYSTEMPATH\Database\BaseConnection.php(606): CodeIgniter\Database\BaseConnection->simpleQuery('INSERT INTO `month_end` (`Amount`, `EmployeeCode`, `Id`, `ItemCode`, `Month`, `Year`)
VALUES (\'45000.00\',\'1551\',\'1\',\'100\',\'1\',\'2024\'), (\'3600.00\',\'1551\',\'2\',\'242\',\'1\',\'2024\'), (\'7500.00\',\'1551\',\'3\',\'111\',\'1\',\'2024\'), (\'1400.00\',\'1551\',\'4\',\'110\',\'1\',\'2024\'), (\'1250.00\',\'1551\',\'5\',\'286\',\'1\',\'2024\'), (\'414.40\',\'1551\',\'6\',\'296\',\'1\',\'2024\'), (\'960.00\',\'1551\',\'7\',\'106\',\'1\',\'2024\'), (\'5100.00\',\'1551\',\'8\',\'107\',\'1\',\'2024\'), (\'25.00\',\'1551\',\'9\',\'248\',\'1\',\'2024\'), (\'59960.00\',\'1551\',\'10\',\'200\',\'1\',\'2024\'), (\'5289.40\',\'1551\',\'11\',\'400\',\'1\',\'2024\'), (\'54670.60\',\'1551\',\'12\',\'600\',\'1\',\'2024\'), (\'40000.00\',\'2223\',\'13\',\'100\',\'1\',\'2024\'), (\'3200.00\',\'2223\',\'14\',\'242\',\'1\',\'2024\'), (\'7500.00\',\'2223\',\'15\',\'111\',\'1\',\'2024\'), (\'1225.00\',\'2223\',\'16\',\'110\',\'1\',\'2024\'), (\'780.00\',\'2223\',\'17\',\'106\',\'1\',\'2024\'), (\'5600.00\',\'2223\',\'18\',\'107\',\'1\',\'2024\'), (\'25.00\',\'2223\',\'19\',\'248\',\'1\',\'2024\'), (\'55105.00\',\'2223\',\'20\',\'200\',\'1\',\'2024\'), (\'3225.00\',\'2223\',\'21\',\'400\',\'1\',\'2024\'), (\'51880.00\',\'2223\',\'22\',\'600\',\'1\',\'2024\'), (\'38000.00\',\'932\',\'23\',\'100\',\'1\',\'2024\'), (\'3040.00\',\'932\',\'24\',\'242\',\'1\',\'2024\'), (\'7500.00\',\'932\',\'25\',\'111\',\'1\',\'2024\'), (\'414.40\',\'932\',\'26\',\'296\',\'1\',\'2024\'), (\'45500.00\',\'932\',\'27\',\'200\',\'1\',\'2024\'), (\'3454.40\',\'932\',\'28\',\'400\',\'1\',\'2024\'), (\'42045.60\',\'932\',\'29\',\'600\',\'1\',\'2024\'), (\'36000.00\',\'947\',\'30\',\'100\',\'1\',\'2024\'), (\'2880.00\',\'947\',\'31\',\'242\',\'1\',\'2024\'), (\'7500.00\',\'947\',\'32\',\'111\',\'1\',\'2024\'), (\'25.00\',\'947\',\'33\',\'248\',\'1\',\'2024\'), (\'43500.00\',\'947\',\'34\',\'200\',\'1\',\'2024\'), (\'2905.00\',\'947\',\'35\',\'400\',\'1\',\'2024\'), (\'40595.00\',\'947\',\'36\',\'600\',\'1\',\'2024\'), (\'45000.00\',\'923\',\'37\',\'100\',\'1\',\'2024\'), (\'3600.00\',\'923\',\'38\',\'242\',\'1\',\'2024\'), (\'7500.00\',\'923\',\'39\',\'111\',\'1\',\'2024\'), (\'4000.00\',\'923\',\'40\',\'110\',\'1\',\'2024\'), (\'1250.00\',\'923\',\'41\',\'286\',\'1\',\'2024\'), (\'2500.00\',\'923\',\'42\',\'107\',\'1\',\'2024\'), (\'59000.00\',\'923\',\'43\',\'200\',\'1\',\'2024\'), (\'4850.00\',\'923\',\'44\',\'400\',\'1\',\'2024\'), (\'54150.00\',\'923\',\'45\',\'600\',\'1\',\'2024\'), (\'68000.00\',\'1\',\'46\',\'100\',\'1\',\'2024\'), (\'5440.00\',\'1\',\'47\',\'242\',\'1\',\'2024\'), (\'7500.00\',\'1\',\'48\',\'111\',\'1\',\'2024\'), (\'48000.00\',\'1\',\'49\',\'107\',\'1\',\'2024\'), (\'3500.00\',\'1\',\'50\',\'106\',\'1\',\'2024\'), (\'25.00\',\'1\',\'51\',\'248\',\'1\',\'2024\'), (\'127000.00\',\'1\',\'52\',\'200\',\'1\',\'2024\'), (\'5465.00\',\'1\',\'53\',\'400\',\'1\',\'2024\'), (\'121535.00\',\'1\',\'54\',\'600\',\'1\',\'2024\')')
 4 SYSTEMPATH\Database\BaseBuilder.php(1801): CodeIgniter\Database\BaseConnection->query('INSERT INTO `month_end` (`Amount`, `EmployeeCode`, `Id`, `ItemCode`, `Month`, `Year`)
VALUES (\'45000.00\',\'1551\',\'1\',\'100\',\'1\',\'2024\'), (\'3600.00\',\'1551\',\'2\',\'242\',\'1\',\'2024\'), (\'7500.00\',\'1551\',\'3\',\'111\',\'1\',\'2024\'), (\'1400.00\',\'1551\',\'4\',\'110\',\'1\',\'2024\'), (\'1250.00\',\'1551\',\'5\',\'286\',\'1\',\'2024\'), (\'414.40\',\'1551\',\'6\',\'296\',\'1\',\'2024\'), (\'960.00\',\'1551\',\'7\',\'106\',\'1\',\'2024\'), (\'5100.00\',\'1551\',\'8\',\'107\',\'1\',\'2024\'), (\'25.00\',\'1551\',\'9\',\'248\',\'1\',\'2024\'), (\'59960.00\',\'1551\',\'10\',\'200\',\'1\',\'2024\'), (\'5289.40\',\'1551\',\'11\',\'400\',\'1\',\'2024\'), (\'54670.60\',\'1551\',\'12\',\'600\',\'1\',\'2024\'), (\'40000.00\',\'2223\',\'13\',\'100\',\'1\',\'2024\'), (\'3200.00\',\'2223\',\'14\',\'242\',\'1\',\'2024\'), (\'7500.00\',\'2223\',\'15\',\'111\',\'1\',\'2024\'), (\'1225.00\',\'2223\',\'16\',\'110\',\'1\',\'2024\'), (\'780.00\',\'2223\',\'17\',\'106\',\'1\',\'2024\'), (\'5600.00\',\'2223\',\'18\',\'107\',\'1\',\'2024\'), (\'25.00\',\'2223\',\'19\',\'248\',\'1\',\'2024\'), (\'55105.00\',\'2223\',\'20\',\'200\',\'1\',\'2024\'), (\'3225.00\',\'2223\',\'21\',\'400\',\'1\',\'2024\'), (\'51880.00\',\'2223\',\'22\',\'600\',\'1\',\'2024\'), (\'38000.00\',\'932\',\'23\',\'100\',\'1\',\'2024\'), (\'3040.00\',\'932\',\'24\',\'242\',\'1\',\'2024\'), (\'7500.00\',\'932\',\'25\',\'111\',\'1\',\'2024\'), (\'414.40\',\'932\',\'26\',\'296\',\'1\',\'2024\'), (\'45500.00\',\'932\',\'27\',\'200\',\'1\',\'2024\'), (\'3454.40\',\'932\',\'28\',\'400\',\'1\',\'2024\'), (\'42045.60\',\'932\',\'29\',\'600\',\'1\',\'2024\'), (\'36000.00\',\'947\',\'30\',\'100\',\'1\',\'2024\'), (\'2880.00\',\'947\',\'31\',\'242\',\'1\',\'2024\'), (\'7500.00\',\'947\',\'32\',\'111\',\'1\',\'2024\'), (\'25.00\',\'947\',\'33\',\'248\',\'1\',\'2024\'), (\'43500.00\',\'947\',\'34\',\'200\',\'1\',\'2024\'), (\'2905.00\',\'947\',\'35\',\'400\',\'1\',\'2024\'), (\'40595.00\',\'947\',\'36\',\'600\',\'1\',\'2024\'), (\'45000.00\',\'923\',\'37\',\'100\',\'1\',\'2024\'), (\'3600.00\',\'923\',\'38\',\'242\',\'1\',\'2024\'), (\'7500.00\',\'923\',\'39\',\'111\',\'1\',\'2024\'), (\'4000.00\',\'923\',\'40\',\'110\',\'1\',\'2024\'), (\'1250.00\',\'923\',\'41\',\'286\',\'1\',\'2024\'), (\'2500.00\',\'923\',\'42\',\'107\',\'1\',\'2024\'), (\'59000.00\',\'923\',\'43\',\'200\',\'1\',\'2024\'), (\'4850.00\',\'923\',\'44\',\'400\',\'1\',\'2024\'), (\'54150.00\',\'923\',\'45\',\'600\',\'1\',\'2024\'), (\'68000.00\',\'1\',\'46\',\'100\',\'1\',\'2024\'), (\'5440.00\',\'1\',\'47\',\'242\',\'1\',\'2024\'), (\'7500.00\',\'1\',\'48\',\'111\',\'1\',\'2024\'), (\'48000.00\',\'1\',\'49\',\'107\',\'1\',\'2024\'), (\'3500.00\',\'1\',\'50\',\'106\',\'1\',\'2024\'), (\'25.00\',\'1\',\'51\',\'248\',\'1\',\'2024\'), (\'127000.00\',\'1\',\'52\',\'200\',\'1\',\'2024\'), (\'5465.00\',\'1\',\'53\',\'400\',\'1\',\'2024\'), (\'121535.00\',\'1\',\'54\',\'600\',\'1\',\'2024\')', null, false)
 5 SYSTEMPATH\Database\BaseBuilder.php(2192): CodeIgniter\Database\BaseBuilder->batchExecute('_insertBatch', 100)
 6 APPPATH\Models\MonthendModel.php(19): CodeIgniter\Database\BaseBuilder->insertBatch([...])
 7 APPPATH\Controllers\Payroll.php(374): App\Models\MonthendModel->processMonthend()
 8 SYSTEMPATH\CodeIgniter.php(932): App\Controllers\Payroll->month_end()
 9 SYSTEMPATH\CodeIgniter.php(497): CodeIgniter\CodeIgniter->runController(Object(App\Controllers\Payroll))
10 SYSTEMPATH\CodeIgniter.php(366): CodeIgniter\CodeIgniter->handleRequest(null, Object(Config\Cache), false)
11 FCPATH\index.php(67): CodeIgniter\CodeIgniter->run()
ERROR - 2024-03-06 15:47:29 --> mysqli_sql_exception: Duplicate entry '1' for key 'PRIMARY' in C:\xampp\htdocs\pms\system\Database\MySQLi\Connection.php:295
Stack trace:
#0 C:\xampp\htdocs\pms\system\Database\MySQLi\Connection.php(295): mysqli->query('INSERT INTO `mo...', 0)
#1 C:\xampp\htdocs\pms\system\Database\BaseConnection.php(692): CodeIgniter\Database\MySQLi\Connection->execute('INSERT INTO `mo...')
#2 C:\xampp\htdocs\pms\system\Database\BaseConnection.php(606): CodeIgniter\Database\BaseConnection->simpleQuery('INSERT INTO `mo...')
#3 C:\xampp\htdocs\pms\system\Database\BaseBuilder.php(1801): CodeIgniter\Database\BaseConnection->query('INSERT INTO `mo...', NULL, false)
#4 C:\xampp\htdocs\pms\system\Database\BaseBuilder.php(2192): CodeIgniter\Database\BaseBuilder->batchExecute('_insertBatch', 100)
#5 C:\xampp\htdocs\pms\app\Models\MonthendModel.php(19): CodeIgniter\Database\BaseBuilder->insertBatch(Array)
#6 C:\xampp\htdocs\pms\app\Controllers\Payroll.php(374): App\Models\MonthendModel->processMonthend()
#7 C:\xampp\htdocs\pms\system\CodeIgniter.php(932): App\Controllers\Payroll->month_end()
#8 C:\xampp\htdocs\pms\system\CodeIgniter.php(497): CodeIgniter\CodeIgniter->runController(Object(App\Controllers\Payroll))
#9 C:\xampp\htdocs\pms\system\CodeIgniter.php(366): CodeIgniter\CodeIgniter->handleRequest(NULL, Object(Config\Cache), false)
#10 C:\xampp\htdocs\pms\index.php(67): CodeIgniter\CodeIgniter->run()
#11 {main}
CRITICAL - 2024-03-06 15:47:29 --> Duplicate entry '1' for key 'PRIMARY'
in SYSTEMPATH\Database\MySQLi\Connection.php on line 295.
 1 SYSTEMPATH\Database\MySQLi\Connection.php(295): mysqli->query('INSERT INTO `month_end` (`Amount`, `EmployeeCode`, `Id`, `ItemCode`, `Month`, `Year`)
VALUES (\'45000.00\',\'1551\',\'1\',\'100\',\'2\',\'2024\'), (\'3600.00\',\'1551\',\'2\',\'242\',\'2\',\'2024\'), (\'7500.00\',\'1551\',\'3\',\'111\',\'2\',\'2024\'), (\'1400.00\',\'1551\',\'4\',\'110\',\'2\',\'2024\'), (\'960.00\',\'1551\',\'5\',\'106\',\'2\',\'2024\'), (\'5100.00\',\'1551\',\'6\',\'107\',\'2\',\'2024\'), (\'25.00\',\'1551\',\'7\',\'248\',\'2\',\'2024\'), (\'59960.00\',\'1551\',\'8\',\'200\',\'2\',\'2024\'), (\'3625.00\',\'1551\',\'9\',\'400\',\'2\',\'2024\'), (\'56335.00\',\'1551\',\'10\',\'600\',\'2\',\'2024\'), (\'40000.00\',\'2223\',\'11\',\'100\',\'2\',\'2024\'), (\'3200.00\',\'2223\',\'12\',\'242\',\'2\',\'2024\'), (\'7500.00\',\'2223\',\'13\',\'111\',\'2\',\'2024\'), (\'1225.00\',\'2223\',\'14\',\'110\',\'2\',\'2024\'), (\'780.00\',\'2223\',\'15\',\'106\',\'2\',\'2024\'), (\'5600.00\',\'2223\',\'16\',\'107\',\'2\',\'2024\'), (\'25.00\',\'2223\',\'17\',\'248\',\'2\',\'2024\'), (\'55105.00\',\'2223\',\'18\',\'200\',\'2\',\'2024\'), (\'3225.00\',\'2223\',\'19\',\'400\',\'2\',\'2024\'), (\'51880.00\',\'2223\',\'20\',\'600\',\'2\',\'2024\'), (\'38000.00\',\'932\',\'21\',\'100\',\'2\',\'2024\'), (\'3040.00\',\'932\',\'22\',\'242\',\'2\',\'2024\'), (\'7500.00\',\'932\',\'23\',\'111\',\'2\',\'2024\'), (\'5000.00\',\'932\',\'24\',\'107\',\'2\',\'2024\'), (\'50500.00\',\'932\',\'25\',\'200\',\'2\',\'2024\'), (\'3040.00\',\'932\',\'26\',\'400\',\'2\',\'2024\'), (\'47460.00\',\'932\',\'27\',\'600\',\'2\',\'2024\'), (\'36000.00\',\'947\',\'28\',\'100\',\'2\',\'2024\'), (\'2880.00\',\'947\',\'29\',\'242\',\'2\',\'2024\'), (\'7500.00\',\'947\',\'30\',\'111\',\'2\',\'2024\'), (\'2500.00\',\'947\',\'31\',\'110\',\'2\',\'2024\'), (\'25.00\',\'947\',\'32\',\'248\',\'2\',\'2024\'), (\'46000.00\',\'947\',\'33\',\'200\',\'2\',\'2024\'), (\'2905.00\',\'947\',\'34\',\'400\',\'2\',\'2024\'), (\'43095.00\',\'947\',\'35\',\'600\',\'2\',\'2024\'), (\'45000.00\',\'923\',\'36\',\'100\',\'2\',\'2024\'), (\'3600.00\',\'923\',\'37\',\'242\',\'2\',\'2024\'), (\'7500.00\',\'923\',\'38\',\'111\',\'2\',\'2024\'), (\'4000.00\',\'923\',\'39\',\'110\',\'2\',\'2024\'), (\'2500.00\',\'923\',\'40\',\'107\',\'2\',\'2024\'), (\'59000.00\',\'923\',\'41\',\'200\',\'2\',\'2024\'), (\'3600.00\',\'923\',\'42\',\'400\',\'2\',\'2024\'), (\'55400.00\',\'923\',\'43\',\'600\',\'2\',\'2024\'), (\'68000.00\',\'1\',\'44\',\'100\',\'2\',\'2024\'), (\'5440.00\',\'1\',\'45\',\'242\',\'2\',\'2024\'), (\'7500.00\',\'1\',\'46\',\'111\',\'2\',\'2024\'), (\'48000.00\',\'1\',\'47\',\'107\',\'2\',\'2024\'), (\'3500.00\',\'1\',\'48\',\'106\',\'2\',\'2024\'), (\'25.00\',\'1\',\'49\',\'248\',\'2\',\'2024\'), (\'127000.00\',\'1\',\'50\',\'200\',\'2\',\'2024\'), (\'5465.00\',\'1\',\'51\',\'400\',\'2\',\'2024\'), (\'121535.00\',\'1\',\'52\',\'600\',\'2\',\'2024\')', 0)
 2 SYSTEMPATH\Database\BaseConnection.php(692): CodeIgniter\Database\MySQLi\Connection->execute('INSERT INTO `month_end` (`Amount`, `EmployeeCode`, `Id`, `ItemCode`, `Month`, `Year`)
VALUES (\'45000.00\',\'1551\',\'1\',\'100\',\'2\',\'2024\'), (\'3600.00\',\'1551\',\'2\',\'242\',\'2\',\'2024\'), (\'7500.00\',\'1551\',\'3\',\'111\',\'2\',\'2024\'), (\'1400.00\',\'1551\',\'4\',\'110\',\'2\',\'2024\'), (\'960.00\',\'1551\',\'5\',\'106\',\'2\',\'2024\'), (\'5100.00\',\'1551\',\'6\',\'107\',\'2\',\'2024\'), (\'25.00\',\'1551\',\'7\',\'248\',\'2\',\'2024\'), (\'59960.00\',\'1551\',\'8\',\'200\',\'2\',\'2024\'), (\'3625.00\',\'1551\',\'9\',\'400\',\'2\',\'2024\'), (\'56335.00\',\'1551\',\'10\',\'600\',\'2\',\'2024\'), (\'40000.00\',\'2223\',\'11\',\'100\',\'2\',\'2024\'), (\'3200.00\',\'2223\',\'12\',\'242\',\'2\',\'2024\'), (\'7500.00\',\'2223\',\'13\',\'111\',\'2\',\'2024\'), (\'1225.00\',\'2223\',\'14\',\'110\',\'2\',\'2024\'), (\'780.00\',\'2223\',\'15\',\'106\',\'2\',\'2024\'), (\'5600.00\',\'2223\',\'16\',\'107\',\'2\',\'2024\'), (\'25.00\',\'2223\',\'17\',\'248\',\'2\',\'2024\'), (\'55105.00\',\'2223\',\'18\',\'200\',\'2\',\'2024\'), (\'3225.00\',\'2223\',\'19\',\'400\',\'2\',\'2024\'), (\'51880.00\',\'2223\',\'20\',\'600\',\'2\',\'2024\'), (\'38000.00\',\'932\',\'21\',\'100\',\'2\',\'2024\'), (\'3040.00\',\'932\',\'22\',\'242\',\'2\',\'2024\'), (\'7500.00\',\'932\',\'23\',\'111\',\'2\',\'2024\'), (\'5000.00\',\'932\',\'24\',\'107\',\'2\',\'2024\'), (\'50500.00\',\'932\',\'25\',\'200\',\'2\',\'2024\'), (\'3040.00\',\'932\',\'26\',\'400\',\'2\',\'2024\'), (\'47460.00\',\'932\',\'27\',\'600\',\'2\',\'2024\'), (\'36000.00\',\'947\',\'28\',\'100\',\'2\',\'2024\'), (\'2880.00\',\'947\',\'29\',\'242\',\'2\',\'2024\'), (\'7500.00\',\'947\',\'30\',\'111\',\'2\',\'2024\'), (\'2500.00\',\'947\',\'31\',\'110\',\'2\',\'2024\'), (\'25.00\',\'947\',\'32\',\'248\',\'2\',\'2024\'), (\'46000.00\',\'947\',\'33\',\'200\',\'2\',\'2024\'), (\'2905.00\',\'947\',\'34\',\'400\',\'2\',\'2024\'), (\'43095.00\',\'947\',\'35\',\'600\',\'2\',\'2024\'), (\'45000.00\',\'923\',\'36\',\'100\',\'2\',\'2024\'), (\'3600.00\',\'923\',\'37\',\'242\',\'2\',\'2024\'), (\'7500.00\',\'923\',\'38\',\'111\',\'2\',\'2024\'), (\'4000.00\',\'923\',\'39\',\'110\',\'2\',\'2024\'), (\'2500.00\',\'923\',\'40\',\'107\',\'2\',\'2024\'), (\'59000.00\',\'923\',\'41\',\'200\',\'2\',\'2024\'), (\'3600.00\',\'923\',\'42\',\'400\',\'2\',\'2024\'), (\'55400.00\',\'923\',\'43\',\'600\',\'2\',\'2024\'), (\'68000.00\',\'1\',\'44\',\'100\',\'2\',\'2024\'), (\'5440.00\',\'1\',\'45\',\'242\',\'2\',\'2024\'), (\'7500.00\',\'1\',\'46\',\'111\',\'2\',\'2024\'), (\'48000.00\',\'1\',\'47\',\'107\',\'2\',\'2024\'), (\'3500.00\',\'1\',\'48\',\'106\',\'2\',\'2024\'), (\'25.00\',\'1\',\'49\',\'248\',\'2\',\'2024\'), (\'127000.00\',\'1\',\'50\',\'200\',\'2\',\'2024\'), (\'5465.00\',\'1\',\'51\',\'400\',\'2\',\'2024\'), (\'121535.00\',\'1\',\'52\',\'600\',\'2\',\'2024\')')
 3 SYSTEMPATH\Database\BaseConnection.php(606): CodeIgniter\Database\BaseConnection->simpleQuery('INSERT INTO `month_end` (`Amount`, `EmployeeCode`, `Id`, `ItemCode`, `Month`, `Year`)
VALUES (\'45000.00\',\'1551\',\'1\',\'100\',\'2\',\'2024\'), (\'3600.00\',\'1551\',\'2\',\'242\',\'2\',\'2024\'), (\'7500.00\',\'1551\',\'3\',\'111\',\'2\',\'2024\'), (\'1400.00\',\'1551\',\'4\',\'110\',\'2\',\'2024\'), (\'960.00\',\'1551\',\'5\',\'106\',\'2\',\'2024\'), (\'5100.00\',\'1551\',\'6\',\'107\',\'2\',\'2024\'), (\'25.00\',\'1551\',\'7\',\'248\',\'2\',\'2024\'), (\'59960.00\',\'1551\',\'8\',\'200\',\'2\',\'2024\'), (\'3625.00\',\'1551\',\'9\',\'400\',\'2\',\'2024\'), (\'56335.00\',\'1551\',\'10\',\'600\',\'2\',\'2024\'), (\'40000.00\',\'2223\',\'11\',\'100\',\'2\',\'2024\'), (\'3200.00\',\'2223\',\'12\',\'242\',\'2\',\'2024\'), (\'7500.00\',\'2223\',\'13\',\'111\',\'2\',\'2024\'), (\'1225.00\',\'2223\',\'14\',\'110\',\'2\',\'2024\'), (\'780.00\',\'2223\',\'15\',\'106\',\'2\',\'2024\'), (\'5600.00\',\'2223\',\'16\',\'107\',\'2\',\'2024\'), (\'25.00\',\'2223\',\'17\',\'248\',\'2\',\'2024\'), (\'55105.00\',\'2223\',\'18\',\'200\',\'2\',\'2024\'), (\'3225.00\',\'2223\',\'19\',\'400\',\'2\',\'2024\'), (\'51880.00\',\'2223\',\'20\',\'600\',\'2\',\'2024\'), (\'38000.00\',\'932\',\'21\',\'100\',\'2\',\'2024\'), (\'3040.00\',\'932\',\'22\',\'242\',\'2\',\'2024\'), (\'7500.00\',\'932\',\'23\',\'111\',\'2\',\'2024\'), (\'5000.00\',\'932\',\'24\',\'107\',\'2\',\'2024\'), (\'50500.00\',\'932\',\'25\',\'200\',\'2\',\'2024\'), (\'3040.00\',\'932\',\'26\',\'400\',\'2\',\'2024\'), (\'47460.00\',\'932\',\'27\',\'600\',\'2\',\'2024\'), (\'36000.00\',\'947\',\'28\',\'100\',\'2\',\'2024\'), (\'2880.00\',\'947\',\'29\',\'242\',\'2\',\'2024\'), (\'7500.00\',\'947\',\'30\',\'111\',\'2\',\'2024\'), (\'2500.00\',\'947\',\'31\',\'110\',\'2\',\'2024\'), (\'25.00\',\'947\',\'32\',\'248\',\'2\',\'2024\'), (\'46000.00\',\'947\',\'33\',\'200\',\'2\',\'2024\'), (\'2905.00\',\'947\',\'34\',\'400\',\'2\',\'2024\'), (\'43095.00\',\'947\',\'35\',\'600\',\'2\',\'2024\'), (\'45000.00\',\'923\',\'36\',\'100\',\'2\',\'2024\'), (\'3600.00\',\'923\',\'37\',\'242\',\'2\',\'2024\'), (\'7500.00\',\'923\',\'38\',\'111\',\'2\',\'2024\'), (\'4000.00\',\'923\',\'39\',\'110\',\'2\',\'2024\'), (\'2500.00\',\'923\',\'40\',\'107\',\'2\',\'2024\'), (\'59000.00\',\'923\',\'41\',\'200\',\'2\',\'2024\'), (\'3600.00\',\'923\',\'42\',\'400\',\'2\',\'2024\'), (\'55400.00\',\'923\',\'43\',\'600\',\'2\',\'2024\'), (\'68000.00\',\'1\',\'44\',\'100\',\'2\',\'2024\'), (\'5440.00\',\'1\',\'45\',\'242\',\'2\',\'2024\'), (\'7500.00\',\'1\',\'46\',\'111\',\'2\',\'2024\'), (\'48000.00\',\'1\',\'47\',\'107\',\'2\',\'2024\'), (\'3500.00\',\'1\',\'48\',\'106\',\'2\',\'2024\'), (\'25.00\',\'1\',\'49\',\'248\',\'2\',\'2024\'), (\'127000.00\',\'1\',\'50\',\'200\',\'2\',\'2024\'), (\'5465.00\',\'1\',\'51\',\'400\',\'2\',\'2024\'), (\'121535.00\',\'1\',\'52\',\'600\',\'2\',\'2024\')')
 4 SYSTEMPATH\Database\BaseBuilder.php(1801): CodeIgniter\Database\BaseConnection->query('INSERT INTO `month_end` (`Amount`, `EmployeeCode`, `Id`, `ItemCode`, `Month`, `Year`)
VALUES (\'45000.00\',\'1551\',\'1\',\'100\',\'2\',\'2024\'), (\'3600.00\',\'1551\',\'2\',\'242\',\'2\',\'2024\'), (\'7500.00\',\'1551\',\'3\',\'111\',\'2\',\'2024\'), (\'1400.00\',\'1551\',\'4\',\'110\',\'2\',\'2024\'), (\'960.00\',\'1551\',\'5\',\'106\',\'2\',\'2024\'), (\'5100.00\',\'1551\',\'6\',\'107\',\'2\',\'2024\'), (\'25.00\',\'1551\',\'7\',\'248\',\'2\',\'2024\'), (\'59960.00\',\'1551\',\'8\',\'200\',\'2\',\'2024\'), (\'3625.00\',\'1551\',\'9\',\'400\',\'2\',\'2024\'), (\'56335.00\',\'1551\',\'10\',\'600\',\'2\',\'2024\'), (\'40000.00\',\'2223\',\'11\',\'100\',\'2\',\'2024\'), (\'3200.00\',\'2223\',\'12\',\'242\',\'2\',\'2024\'), (\'7500.00\',\'2223\',\'13\',\'111\',\'2\',\'2024\'), (\'1225.00\',\'2223\',\'14\',\'110\',\'2\',\'2024\'), (\'780.00\',\'2223\',\'15\',\'106\',\'2\',\'2024\'), (\'5600.00\',\'2223\',\'16\',\'107\',\'2\',\'2024\'), (\'25.00\',\'2223\',\'17\',\'248\',\'2\',\'2024\'), (\'55105.00\',\'2223\',\'18\',\'200\',\'2\',\'2024\'), (\'3225.00\',\'2223\',\'19\',\'400\',\'2\',\'2024\'), (\'51880.00\',\'2223\',\'20\',\'600\',\'2\',\'2024\'), (\'38000.00\',\'932\',\'21\',\'100\',\'2\',\'2024\'), (\'3040.00\',\'932\',\'22\',\'242\',\'2\',\'2024\'), (\'7500.00\',\'932\',\'23\',\'111\',\'2\',\'2024\'), (\'5000.00\',\'932\',\'24\',\'107\',\'2\',\'2024\'), (\'50500.00\',\'932\',\'25\',\'200\',\'2\',\'2024\'), (\'3040.00\',\'932\',\'26\',\'400\',\'2\',\'2024\'), (\'47460.00\',\'932\',\'27\',\'600\',\'2\',\'2024\'), (\'36000.00\',\'947\',\'28\',\'100\',\'2\',\'2024\'), (\'2880.00\',\'947\',\'29\',\'242\',\'2\',\'2024\'), (\'7500.00\',\'947\',\'30\',\'111\',\'2\',\'2024\'), (\'2500.00\',\'947\',\'31\',\'110\',\'2\',\'2024\'), (\'25.00\',\'947\',\'32\',\'248\',\'2\',\'2024\'), (\'46000.00\',\'947\',\'33\',\'200\',\'2\',\'2024\'), (\'2905.00\',\'947\',\'34\',\'400\',\'2\',\'2024\'), (\'43095.00\',\'947\',\'35\',\'600\',\'2\',\'2024\'), (\'45000.00\',\'923\',\'36\',\'100\',\'2\',\'2024\'), (\'3600.00\',\'923\',\'37\',\'242\',\'2\',\'2024\'), (\'7500.00\',\'923\',\'38\',\'111\',\'2\',\'2024\'), (\'4000.00\',\'923\',\'39\',\'110\',\'2\',\'2024\'), (\'2500.00\',\'923\',\'40\',\'107\',\'2\',\'2024\'), (\'59000.00\',\'923\',\'41\',\'200\',\'2\',\'2024\'), (\'3600.00\',\'923\',\'42\',\'400\',\'2\',\'2024\'), (\'55400.00\',\'923\',\'43\',\'600\',\'2\',\'2024\'), (\'68000.00\',\'1\',\'44\',\'100\',\'2\',\'2024\'), (\'5440.00\',\'1\',\'45\',\'242\',\'2\',\'2024\'), (\'7500.00\',\'1\',\'46\',\'111\',\'2\',\'2024\'), (\'48000.00\',\'1\',\'47\',\'107\',\'2\',\'2024\'), (\'3500.00\',\'1\',\'48\',\'106\',\'2\',\'2024\'), (\'25.00\',\'1\',\'49\',\'248\',\'2\',\'2024\'), (\'127000.00\',\'1\',\'50\',\'200\',\'2\',\'2024\'), (\'5465.00\',\'1\',\'51\',\'400\',\'2\',\'2024\'), (\'121535.00\',\'1\',\'52\',\'600\',\'2\',\'2024\')', null, false)
 5 SYSTEMPATH\Database\BaseBuilder.php(2192): CodeIgniter\Database\BaseBuilder->batchExecute('_insertBatch', 100)
 6 APPPATH\Models\MonthendModel.php(19): CodeIgniter\Database\BaseBuilder->insertBatch([...])
 7 APPPATH\Controllers\Payroll.php(374): App\Models\MonthendModel->processMonthend()
 8 SYSTEMPATH\CodeIgniter.php(932): App\Controllers\Payroll->month_end()
 9 SYSTEMPATH\CodeIgniter.php(497): CodeIgniter\CodeIgniter->runController(Object(App\Controllers\Payroll))
10 SYSTEMPATH\CodeIgniter.php(366): CodeIgniter\CodeIgniter->handleRequest(null, Object(Config\Cache), false)
11 FCPATH\index.php(67): CodeIgniter\CodeIgniter->run()
CRITICAL - 2024-03-06 15:58:00 --> Call to undefined method CodeIgniter\Database\MySQLi\Connection::empty_table()
in APPPATH\Models\MonthendModel.php on line 25.
 1 APPPATH\Controllers\Payroll.php(41): App\Models\MonthendModel->emptyMonthProcess()
 2 SYSTEMPATH\CodeIgniter.php(932): App\Controllers\Payroll->month_process()
 3 SYSTEMPATH\CodeIgniter.php(497): CodeIgniter\CodeIgniter->runController(Object(App\Controllers\Payroll))
 4 SYSTEMPATH\CodeIgniter.php(366): CodeIgniter\CodeIgniter->handleRequest(null, Object(Config\Cache), false)
 5 FCPATH\index.php(67): CodeIgniter\CodeIgniter->run()
CRITICAL - 2024-03-06 16:05:33 --> Call to undefined method CodeIgniter\Database\MySQLi\Builder::getPrimaryKey()
in APPPATH\Models\MonthendModel.php on line 26.
 1 APPPATH\Controllers\Payroll.php(41): App\Models\MonthendModel->emptyMonthProcess()
 2 SYSTEMPATH\CodeIgniter.php(932): App\Controllers\Payroll->month_process()
 3 SYSTEMPATH\CodeIgniter.php(497): CodeIgniter\CodeIgniter->runController(Object(App\Controllers\Payroll))
 4 SYSTEMPATH\CodeIgniter.php(366): CodeIgniter\CodeIgniter->handleRequest(null, Object(Config\Cache), false)
 5 FCPATH\index.php(67): CodeIgniter\CodeIgniter->run()
ERROR - 2024-03-06 16:09:47 --> mysqli_sql_exception: Duplicate entry '53' for key 'PRIMARY' in C:\xampp\htdocs\pms\system\Database\MySQLi\Connection.php:295
Stack trace:
#0 C:\xampp\htdocs\pms\system\Database\MySQLi\Connection.php(295): mysqli->query('INSERT INTO `mo...', 0)
#1 C:\xampp\htdocs\pms\system\Database\BaseConnection.php(692): CodeIgniter\Database\MySQLi\Connection->execute('INSERT INTO `mo...')
#2 C:\xampp\htdocs\pms\system\Database\BaseConnection.php(606): CodeIgniter\Database\BaseConnection->simpleQuery('INSERT INTO `mo...')
#3 C:\xampp\htdocs\pms\system\Database\BaseBuilder.php(1801): CodeIgniter\Database\BaseConnection->query('INSERT INTO `mo...', NULL, false)
#4 C:\xampp\htdocs\pms\system\Database\BaseBuilder.php(2192): CodeIgniter\Database\BaseBuilder->batchExecute('_insertBatch', 100)
#5 C:\xampp\htdocs\pms\app\Models\MonthendModel.php(19): CodeIgniter\Database\BaseBuilder->insertBatch(Array)
#6 C:\xampp\htdocs\pms\app\Controllers\Payroll.php(376): App\Models\MonthendModel->processMonthend()
#7 C:\xampp\htdocs\pms\system\CodeIgniter.php(932): App\Controllers\Payroll->month_end()
#8 C:\xampp\htdocs\pms\system\CodeIgniter.php(497): CodeIgniter\CodeIgniter->runController(Object(App\Controllers\Payroll))
#9 C:\xampp\htdocs\pms\system\CodeIgniter.php(366): CodeIgniter\CodeIgniter->handleRequest(NULL, Object(Config\Cache), false)
#10 C:\xampp\htdocs\pms\index.php(67): CodeIgniter\CodeIgniter->run()
#11 {main}
CRITICAL - 2024-03-06 16:09:47 --> Duplicate entry '53' for key 'PRIMARY'
in SYSTEMPATH\Database\MySQLi\Connection.php on line 295.
 1 SYSTEMPATH\Database\MySQLi\Connection.php(295): mysqli->query('INSERT INTO `month_end` (`Amount`, `EmployeeCode`, `Id`, `ItemCode`, `Month`, `Year`)
VALUES (\'45000.00\',\'1551\',\'53\',\'100\',\'2\',\'2024\'), (\'3600.00\',\'1551\',\'54\',\'242\',\'2\',\'2024\'), (\'7500.00\',\'1551\',\'55\',\'111\',\'2\',\'2024\'), (\'1400.00\',\'1551\',\'56\',\'110\',\'2\',\'2024\'), (\'960.00\',\'1551\',\'57\',\'106\',\'2\',\'2024\'), (\'5100.00\',\'1551\',\'58\',\'107\',\'2\',\'2024\'), (\'25.00\',\'1551\',\'59\',\'248\',\'2\',\'2024\'), (\'59960.00\',\'1551\',\'60\',\'200\',\'2\',\'2024\'), (\'3625.00\',\'1551\',\'61\',\'400\',\'2\',\'2024\'), (\'56335.00\',\'1551\',\'62\',\'600\',\'2\',\'2024\'), (\'40000.00\',\'2223\',\'63\',\'100\',\'2\',\'2024\'), (\'3200.00\',\'2223\',\'64\',\'242\',\'2\',\'2024\'), (\'7500.00\',\'2223\',\'65\',\'111\',\'2\',\'2024\'), (\'1225.00\',\'2223\',\'66\',\'110\',\'2\',\'2024\'), (\'780.00\',\'2223\',\'67\',\'106\',\'2\',\'2024\'), (\'5600.00\',\'2223\',\'68\',\'107\',\'2\',\'2024\'), (\'25.00\',\'2223\',\'69\',\'248\',\'2\',\'2024\'), (\'55105.00\',\'2223\',\'70\',\'200\',\'2\',\'2024\'), (\'3225.00\',\'2223\',\'71\',\'400\',\'2\',\'2024\'), (\'51880.00\',\'2223\',\'72\',\'600\',\'2\',\'2024\'), (\'38000.00\',\'932\',\'73\',\'100\',\'2\',\'2024\'), (\'3040.00\',\'932\',\'74\',\'242\',\'2\',\'2024\'), (\'7500.00\',\'932\',\'75\',\'111\',\'2\',\'2024\'), (\'5000.00\',\'932\',\'76\',\'107\',\'2\',\'2024\'), (\'50500.00\',\'932\',\'77\',\'200\',\'2\',\'2024\'), (\'3040.00\',\'932\',\'78\',\'400\',\'2\',\'2024\'), (\'47460.00\',\'932\',\'79\',\'600\',\'2\',\'2024\'), (\'36000.00\',\'947\',\'80\',\'100\',\'2\',\'2024\'), (\'2880.00\',\'947\',\'81\',\'242\',\'2\',\'2024\'), (\'7500.00\',\'947\',\'82\',\'111\',\'2\',\'2024\'), (\'2500.00\',\'947\',\'83\',\'110\',\'2\',\'2024\'), (\'25.00\',\'947\',\'84\',\'248\',\'2\',\'2024\'), (\'46000.00\',\'947\',\'85\',\'200\',\'2\',\'2024\'), (\'2905.00\',\'947\',\'86\',\'400\',\'2\',\'2024\'), (\'43095.00\',\'947\',\'87\',\'600\',\'2\',\'2024\'), (\'45000.00\',\'923\',\'88\',\'100\',\'2\',\'2024\'), (\'3600.00\',\'923\',\'89\',\'242\',\'2\',\'2024\'), (\'7500.00\',\'923\',\'90\',\'111\',\'2\',\'2024\'), (\'4000.00\',\'923\',\'91\',\'110\',\'2\',\'2024\'), (\'2500.00\',\'923\',\'92\',\'107\',\'2\',\'2024\'), (\'59000.00\',\'923\',\'93\',\'200\',\'2\',\'2024\'), (\'3600.00\',\'923\',\'94\',\'400\',\'2\',\'2024\'), (\'55400.00\',\'923\',\'95\',\'600\',\'2\',\'2024\'), (\'68000.00\',\'1\',\'96\',\'100\',\'2\',\'2024\'), (\'5440.00\',\'1\',\'97\',\'242\',\'2\',\'2024\'), (\'7500.00\',\'1\',\'98\',\'111\',\'2\',\'2024\'), (\'48000.00\',\'1\',\'99\',\'107\',\'2\',\'2024\'), (\'3500.00\',\'1\',\'100\',\'106\',\'2\',\'2024\'), (\'25.00\',\'1\',\'101\',\'248\',\'2\',\'2024\'), (\'127000.00\',\'1\',\'102\',\'200\',\'2\',\'2024\'), (\'5465.00\',\'1\',\'103\',\'400\',\'2\',\'2024\'), (\'121535.00\',\'1\',\'104\',\'600\',\'2\',\'2024\')', 0)
 2 SYSTEMPATH\Database\BaseConnection.php(692): CodeIgniter\Database\MySQLi\Connection->execute('INSERT INTO `month_end` (`Amount`, `EmployeeCode`, `Id`, `ItemCode`, `Month`, `Year`)
VALUES (\'45000.00\',\'1551\',\'53\',\'100\',\'2\',\'2024\'), (\'3600.00\',\'1551\',\'54\',\'242\',\'2\',\'2024\'), (\'7500.00\',\'1551\',\'55\',\'111\',\'2\',\'2024\'), (\'1400.00\',\'1551\',\'56\',\'110\',\'2\',\'2024\'), (\'960.00\',\'1551\',\'57\',\'106\',\'2\',\'2024\'), (\'5100.00\',\'1551\',\'58\',\'107\',\'2\',\'2024\'), (\'25.00\',\'1551\',\'59\',\'248\',\'2\',\'2024\'), (\'59960.00\',\'1551\',\'60\',\'200\',\'2\',\'2024\'), (\'3625.00\',\'1551\',\'61\',\'400\',\'2\',\'2024\'), (\'56335.00\',\'1551\',\'62\',\'600\',\'2\',\'2024\'), (\'40000.00\',\'2223\',\'63\',\'100\',\'2\',\'2024\'), (\'3200.00\',\'2223\',\'64\',\'242\',\'2\',\'2024\'), (\'7500.00\',\'2223\',\'65\',\'111\',\'2\',\'2024\'), (\'1225.00\',\'2223\',\'66\',\'110\',\'2\',\'2024\'), (\'780.00\',\'2223\',\'67\',\'106\',\'2\',\'2024\'), (\'5600.00\',\'2223\',\'68\',\'107\',\'2\',\'2024\'), (\'25.00\',\'2223\',\'69\',\'248\',\'2\',\'2024\'), (\'55105.00\',\'2223\',\'70\',\'200\',\'2\',\'2024\'), (\'3225.00\',\'2223\',\'71\',\'400\',\'2\',\'2024\'), (\'51880.00\',\'2223\',\'72\',\'600\',\'2\',\'2024\'), (\'38000.00\',\'932\',\'73\',\'100\',\'2\',\'2024\'), (\'3040.00\',\'932\',\'74\',\'242\',\'2\',\'2024\'), (\'7500.00\',\'932\',\'75\',\'111\',\'2\',\'2024\'), (\'5000.00\',\'932\',\'76\',\'107\',\'2\',\'2024\'), (\'50500.00\',\'932\',\'77\',\'200\',\'2\',\'2024\'), (\'3040.00\',\'932\',\'78\',\'400\',\'2\',\'2024\'), (\'47460.00\',\'932\',\'79\',\'600\',\'2\',\'2024\'), (\'36000.00\',\'947\',\'80\',\'100\',\'2\',\'2024\'), (\'2880.00\',\'947\',\'81\',\'242\',\'2\',\'2024\'), (\'7500.00\',\'947\',\'82\',\'111\',\'2\',\'2024\'), (\'2500.00\',\'947\',\'83\',\'110\',\'2\',\'2024\'), (\'25.00\',\'947\',\'84\',\'248\',\'2\',\'2024\'), (\'46000.00\',\'947\',\'85\',\'200\',\'2\',\'2024\'), (\'2905.00\',\'947\',\'86\',\'400\',\'2\',\'2024\'), (\'43095.00\',\'947\',\'87\',\'600\',\'2\',\'2024\'), (\'45000.00\',\'923\',\'88\',\'100\',\'2\',\'2024\'), (\'3600.00\',\'923\',\'89\',\'242\',\'2\',\'2024\'), (\'7500.00\',\'923\',\'90\',\'111\',\'2\',\'2024\'), (\'4000.00\',\'923\',\'91\',\'110\',\'2\',\'2024\'), (\'2500.00\',\'923\',\'92\',\'107\',\'2\',\'2024\'), (\'59000.00\',\'923\',\'93\',\'200\',\'2\',\'2024\'), (\'3600.00\',\'923\',\'94\',\'400\',\'2\',\'2024\'), (\'55400.00\',\'923\',\'95\',\'600\',\'2\',\'2024\'), (\'68000.00\',\'1\',\'96\',\'100\',\'2\',\'2024\'), (\'5440.00\',\'1\',\'97\',\'242\',\'2\',\'2024\'), (\'7500.00\',\'1\',\'98\',\'111\',\'2\',\'2024\'), (\'48000.00\',\'1\',\'99\',\'107\',\'2\',\'2024\'), (\'3500.00\',\'1\',\'100\',\'106\',\'2\',\'2024\'), (\'25.00\',\'1\',\'101\',\'248\',\'2\',\'2024\'), (\'127000.00\',\'1\',\'102\',\'200\',\'2\',\'2024\'), (\'5465.00\',\'1\',\'103\',\'400\',\'2\',\'2024\'), (\'121535.00\',\'1\',\'104\',\'600\',\'2\',\'2024\')')
 3 SYSTEMPATH\Database\BaseConnection.php(606): CodeIgniter\Database\BaseConnection->simpleQuery('INSERT INTO `month_end` (`Amount`, `EmployeeCode`, `Id`, `ItemCode`, `Month`, `Year`)
VALUES (\'45000.00\',\'1551\',\'53\',\'100\',\'2\',\'2024\'), (\'3600.00\',\'1551\',\'54\',\'242\',\'2\',\'2024\'), (\'7500.00\',\'1551\',\'55\',\'111\',\'2\',\'2024\'), (\'1400.00\',\'1551\',\'56\',\'110\',\'2\',\'2024\'), (\'960.00\',\'1551\',\'57\',\'106\',\'2\',\'2024\'), (\'5100.00\',\'1551\',\'58\',\'107\',\'2\',\'2024\'), (\'25.00\',\'1551\',\'59\',\'248\',\'2\',\'2024\'), (\'59960.00\',\'1551\',\'60\',\'200\',\'2\',\'2024\'), (\'3625.00\',\'1551\',\'61\',\'400\',\'2\',\'2024\'), (\'56335.00\',\'1551\',\'62\',\'600\',\'2\',\'2024\'), (\'40000.00\',\'2223\',\'63\',\'100\',\'2\',\'2024\'), (\'3200.00\',\'2223\',\'64\',\'242\',\'2\',\'2024\'), (\'7500.00\',\'2223\',\'65\',\'111\',\'2\',\'2024\'), (\'1225.00\',\'2223\',\'66\',\'110\',\'2\',\'2024\'), (\'780.00\',\'2223\',\'67\',\'106\',\'2\',\'2024\'), (\'5600.00\',\'2223\',\'68\',\'107\',\'2\',\'2024\'), (\'25.00\',\'2223\',\'69\',\'248\',\'2\',\'2024\'), (\'55105.00\',\'2223\',\'70\',\'200\',\'2\',\'2024\'), (\'3225.00\',\'2223\',\'71\',\'400\',\'2\',\'2024\'), (\'51880.00\',\'2223\',\'72\',\'600\',\'2\',\'2024\'), (\'38000.00\',\'932\',\'73\',\'100\',\'2\',\'2024\'), (\'3040.00\',\'932\',\'74\',\'242\',\'2\',\'2024\'), (\'7500.00\',\'932\',\'75\',\'111\',\'2\',\'2024\'), (\'5000.00\',\'932\',\'76\',\'107\',\'2\',\'2024\'), (\'50500.00\',\'932\',\'77\',\'200\',\'2\',\'2024\'), (\'3040.00\',\'932\',\'78\',\'400\',\'2\',\'2024\'), (\'47460.00\',\'932\',\'79\',\'600\',\'2\',\'2024\'), (\'36000.00\',\'947\',\'80\',\'100\',\'2\',\'2024\'), (\'2880.00\',\'947\',\'81\',\'242\',\'2\',\'2024\'), (\'7500.00\',\'947\',\'82\',\'111\',\'2\',\'2024\'), (\'2500.00\',\'947\',\'83\',\'110\',\'2\',\'2024\'), (\'25.00\',\'947\',\'84\',\'248\',\'2\',\'2024\'), (\'46000.00\',\'947\',\'85\',\'200\',\'2\',\'2024\'), (\'2905.00\',\'947\',\'86\',\'400\',\'2\',\'2024\'), (\'43095.00\',\'947\',\'87\',\'600\',\'2\',\'2024\'), (\'45000.00\',\'923\',\'88\',\'100\',\'2\',\'2024\'), (\'3600.00\',\'923\',\'89\',\'242\',\'2\',\'2024\'), (\'7500.00\',\'923\',\'90\',\'111\',\'2\',\'2024\'), (\'4000.00\',\'923\',\'91\',\'110\',\'2\',\'2024\'), (\'2500.00\',\'923\',\'92\',\'107\',\'2\',\'2024\'), (\'59000.00\',\'923\',\'93\',\'200\',\'2\',\'2024\'), (\'3600.00\',\'923\',\'94\',\'400\',\'2\',\'2024\'), (\'55400.00\',\'923\',\'95\',\'600\',\'2\',\'2024\'), (\'68000.00\',\'1\',\'96\',\'100\',\'2\',\'2024\'), (\'5440.00\',\'1\',\'97\',\'242\',\'2\',\'2024\'), (\'7500.00\',\'1\',\'98\',\'111\',\'2\',\'2024\'), (\'48000.00\',\'1\',\'99\',\'107\',\'2\',\'2024\'), (\'3500.00\',\'1\',\'100\',\'106\',\'2\',\'2024\'), (\'25.00\',\'1\',\'101\',\'248\',\'2\',\'2024\'), (\'127000.00\',\'1\',\'102\',\'200\',\'2\',\'2024\'), (\'5465.00\',\'1\',\'103\',\'400\',\'2\',\'2024\'), (\'121535.00\',\'1\',\'104\',\'600\',\'2\',\'2024\')')
 4 SYSTEMPATH\Database\BaseBuilder.php(1801): CodeIgniter\Database\BaseConnection->query('INSERT INTO `month_end` (`Amount`, `EmployeeCode`, `Id`, `ItemCode`, `Month`, `Year`)
VALUES (\'45000.00\',\'1551\',\'53\',\'100\',\'2\',\'2024\'), (\'3600.00\',\'1551\',\'54\',\'242\',\'2\',\'2024\'), (\'7500.00\',\'1551\',\'55\',\'111\',\'2\',\'2024\'), (\'1400.00\',\'1551\',\'56\',\'110\',\'2\',\'2024\'), (\'960.00\',\'1551\',\'57\',\'106\',\'2\',\'2024\'), (\'5100.00\',\'1551\',\'58\',\'107\',\'2\',\'2024\'), (\'25.00\',\'1551\',\'59\',\'248\',\'2\',\'2024\'), (\'59960.00\',\'1551\',\'60\',\'200\',\'2\',\'2024\'), (\'3625.00\',\'1551\',\'61\',\'400\',\'2\',\'2024\'), (\'56335.00\',\'1551\',\'62\',\'600\',\'2\',\'2024\'), (\'40000.00\',\'2223\',\'63\',\'100\',\'2\',\'2024\'), (\'3200.00\',\'2223\',\'64\',\'242\',\'2\',\'2024\'), (\'7500.00\',\'2223\',\'65\',\'111\',\'2\',\'2024\'), (\'1225.00\',\'2223\',\'66\',\'110\',\'2\',\'2024\'), (\'780.00\',\'2223\',\'67\',\'106\',\'2\',\'2024\'), (\'5600.00\',\'2223\',\'68\',\'107\',\'2\',\'2024\'), (\'25.00\',\'2223\',\'69\',\'248\',\'2\',\'2024\'), (\'55105.00\',\'2223\',\'70\',\'200\',\'2\',\'2024\'), (\'3225.00\',\'2223\',\'71\',\'400\',\'2\',\'2024\'), (\'51880.00\',\'2223\',\'72\',\'600\',\'2\',\'2024\'), (\'38000.00\',\'932\',\'73\',\'100\',\'2\',\'2024\'), (\'3040.00\',\'932\',\'74\',\'242\',\'2\',\'2024\'), (\'7500.00\',\'932\',\'75\',\'111\',\'2\',\'2024\'), (\'5000.00\',\'932\',\'76\',\'107\',\'2\',\'2024\'), (\'50500.00\',\'932\',\'77\',\'200\',\'2\',\'2024\'), (\'3040.00\',\'932\',\'78\',\'400\',\'2\',\'2024\'), (\'47460.00\',\'932\',\'79\',\'600\',\'2\',\'2024\'), (\'36000.00\',\'947\',\'80\',\'100\',\'2\',\'2024\'), (\'2880.00\',\'947\',\'81\',\'242\',\'2\',\'2024\'), (\'7500.00\',\'947\',\'82\',\'111\',\'2\',\'2024\'), (\'2500.00\',\'947\',\'83\',\'110\',\'2\',\'2024\'), (\'25.00\',\'947\',\'84\',\'248\',\'2\',\'2024\'), (\'46000.00\',\'947\',\'85\',\'200\',\'2\',\'2024\'), (\'2905.00\',\'947\',\'86\',\'400\',\'2\',\'2024\'), (\'43095.00\',\'947\',\'87\',\'600\',\'2\',\'2024\'), (\'45000.00\',\'923\',\'88\',\'100\',\'2\',\'2024\'), (\'3600.00\',\'923\',\'89\',\'242\',\'2\',\'2024\'), (\'7500.00\',\'923\',\'90\',\'111\',\'2\',\'2024\'), (\'4000.00\',\'923\',\'91\',\'110\',\'2\',\'2024\'), (\'2500.00\',\'923\',\'92\',\'107\',\'2\',\'2024\'), (\'59000.00\',\'923\',\'93\',\'200\',\'2\',\'2024\'), (\'3600.00\',\'923\',\'94\',\'400\',\'2\',\'2024\'), (\'55400.00\',\'923\',\'95\',\'600\',\'2\',\'2024\'), (\'68000.00\',\'1\',\'96\',\'100\',\'2\',\'2024\'), (\'5440.00\',\'1\',\'97\',\'242\',\'2\',\'2024\'), (\'7500.00\',\'1\',\'98\',\'111\',\'2\',\'2024\'), (\'48000.00\',\'1\',\'99\',\'107\',\'2\',\'2024\'), (\'3500.00\',\'1\',\'100\',\'106\',\'2\',\'2024\'), (\'25.00\',\'1\',\'101\',\'248\',\'2\',\'2024\'), (\'127000.00\',\'1\',\'102\',\'200\',\'2\',\'2024\'), (\'5465.00\',\'1\',\'103\',\'400\',\'2\',\'2024\'), (\'121535.00\',\'1\',\'104\',\'600\',\'2\',\'2024\')', null, false)
 5 SYSTEMPATH\Database\BaseBuilder.php(2192): CodeIgniter\Database\BaseBuilder->batchExecute('_insertBatch', 100)
 6 APPPATH\Models\MonthendModel.php(19): CodeIgniter\Database\BaseBuilder->insertBatch([...])
 7 APPPATH\Controllers\Payroll.php(376): App\Models\MonthendModel->processMonthend()
 8 SYSTEMPATH\CodeIgniter.php(932): App\Controllers\Payroll->month_end()
 9 SYSTEMPATH\CodeIgniter.php(497): CodeIgniter\CodeIgniter->runController(Object(App\Controllers\Payroll))
10 SYSTEMPATH\CodeIgniter.php(366): CodeIgniter\CodeIgniter->handleRequest(null, Object(Config\Cache), false)
11 FCPATH\index.php(67): CodeIgniter\CodeIgniter->run()
