CRITICAL - 2023-09-13 16:41:51 --> There is no data to insert.
in SYSTEMPATH\BaseModel.php on line 762.
 1 SYSTEMPATH\BaseModel.php(762): CodeIgniter\Database\Exceptions\DataException::forEmptyDataset('insert')
 2 SYSTEMPATH\Model.php(730): CodeIgniter\BaseModel->insert([], false)
 3 SYSTEMPATH\BaseModel.php(692): CodeIgniter\Model->insert([...], false)
 4 APPPATH\Controllers\Item.php(29): CodeIgniter\BaseModel->save([...])
 5 SYSTEMPATH\CodeIgniter.php(932): App\Controllers\Item->add()
 6 SYSTEMPATH\CodeIgniter.php(497): CodeIgniter\CodeIgniter->runController(Object(App\Controllers\Item))
 7 SYSTEMPATH\CodeIgniter.php(366): CodeIgniter\CodeIgniter->handleRequest(null, Object(Config\Cache), false)
 8 FCPATH\index.php(67): CodeIgniter\CodeIgniter->run()
CRITICAL - 2023-09-13 16:53:36 --> There is no data to insert.
in SYSTEMPATH\BaseModel.php on line 762.
 1 SYSTEMPATH\BaseModel.php(762): CodeIgniter\Database\Exceptions\DataException::forEmptyDataset('insert')
 2 SYSTEMPATH\Model.php(730): CodeIgniter\BaseModel->insert([], false)
 3 SYSTEMPATH\BaseModel.php(692): CodeIgniter\Model->insert([...], false)
 4 APPPATH\Controllers\Item.php(29): CodeIgniter\BaseModel->save([...])
 5 SYSTEMPATH\CodeIgniter.php(932): App\Controllers\Item->add()
 6 SYSTEMPATH\CodeIgniter.php(497): CodeIgniter\CodeIgniter->runController(Object(App\Controllers\Item))
 7 SYSTEMPATH\CodeIgniter.php(366): CodeIgniter\CodeIgniter->handleRequest(null, Object(Config\Cache), false)
 8 FCPATH\index.php(67): CodeIgniter\CodeIgniter->run()
ERROR - 2023-09-13 17:07:45 --> mysqli_sql_exception: Column 'ItemName' cannot be null in C:\xampp\htdocs\pms\system\Database\MySQLi\Connection.php:295
Stack trace:
#0 C:\xampp\htdocs\pms\system\Database\MySQLi\Connection.php(295): mysqli->query('INSERT INTO `it...', 0)
#1 C:\xampp\htdocs\pms\system\Database\BaseConnection.php(692): CodeIgniter\Database\MySQLi\Connection->execute('INSERT INTO `it...')
#2 C:\xampp\htdocs\pms\system\Database\BaseConnection.php(606): CodeIgniter\Database\BaseConnection->simpleQuery('INSERT INTO `it...')
#3 C:\xampp\htdocs\pms\system\Database\BaseBuilder.php(2309): CodeIgniter\Database\BaseConnection->query('INSERT INTO `it...', Array, false)
#4 C:\xampp\htdocs\pms\system\Model.php(330): CodeIgniter\Database\BaseBuilder->insert()
#5 C:\xampp\htdocs\pms\system\BaseModel.php(782): CodeIgniter\Model->doInsert(Array)
#6 C:\xampp\htdocs\pms\system\Model.php(730): CodeIgniter\BaseModel->insert(Array, false)
#7 C:\xampp\htdocs\pms\system\BaseModel.php(692): CodeIgniter\Model->insert(Array, false)
#8 C:\xampp\htdocs\pms\app\Controllers\Item.php(29): CodeIgniter\BaseModel->save(Array)
#9 C:\xampp\htdocs\pms\system\CodeIgniter.php(932): App\Controllers\Item->add()
#10 C:\xampp\htdocs\pms\system\CodeIgniter.php(497): CodeIgniter\CodeIgniter->runController(Object(App\Controllers\Item))
#11 C:\xampp\htdocs\pms\system\CodeIgniter.php(366): CodeIgniter\CodeIgniter->handleRequest(NULL, Object(Config\Cache), false)
#12 C:\xampp\htdocs\pms\index.php(67): CodeIgniter\CodeIgniter->run()
#13 {main}
CRITICAL - 2023-09-13 17:07:45 --> Column 'ItemName' cannot be null
in SYSTEMPATH\Database\MySQLi\Connection.php on line 295.
 1 SYSTEMPATH\Database\MySQLi\Connection.php(295): mysqli->query('INSERT INTO `item` (`ItemName`, `Description`, `Status`, `ItemType`) VALUES (NULL, \'mmm\', \'on\', NULL)', 0)
 2 SYSTEMPATH\Database\BaseConnection.php(692): CodeIgniter\Database\MySQLi\Connection->execute('INSERT INTO `item` (`ItemName`, `Description`, `Status`, `ItemType`) VALUES (NULL, \'mmm\', \'on\', NULL)')
 3 SYSTEMPATH\Database\BaseConnection.php(606): CodeIgniter\Database\BaseConnection->simpleQuery('INSERT INTO `item` (`ItemName`, `Description`, `Status`, `ItemType`) VALUES (NULL, \'mmm\', \'on\', NULL)')
 4 SYSTEMPATH\Database\BaseBuilder.php(2309): CodeIgniter\Database\BaseConnection->query('INSERT INTO `item` (`ItemName`, `Description`, `Status`, `ItemType`) VALUES (:ItemName:, :Description:, :Status:, :ItemType:)', [...], false)
 5 SYSTEMPATH\Model.php(330): CodeIgniter\Database\BaseBuilder->insert()
 6 SYSTEMPATH\BaseModel.php(782): CodeIgniter\Model->doInsert([...])
 7 SYSTEMPATH\Model.php(730): CodeIgniter\BaseModel->insert([...], false)
 8 SYSTEMPATH\BaseModel.php(692): CodeIgniter\Model->insert([...], false)
 9 APPPATH\Controllers\Item.php(29): CodeIgniter\BaseModel->save([...])
10 SYSTEMPATH\CodeIgniter.php(932): App\Controllers\Item->add()
11 SYSTEMPATH\CodeIgniter.php(497): CodeIgniter\CodeIgniter->runController(Object(App\Controllers\Item))
12 SYSTEMPATH\CodeIgniter.php(366): CodeIgniter\CodeIgniter->handleRequest(null, Object(Config\Cache), false)
13 FCPATH\index.php(67): CodeIgniter\CodeIgniter->run()
