CRITICAL - 2024-03-05 15:06:24 --> Call to undefined function form_open()
in APPPATH\Views\sys\payroll\payslip.php on line 17.
 1 SYSTEMPATH\View\View.php(224): include()
 2 SYSTEMPATH\View\View.php(227): CodeIgniter\View\View->CodeIgniter\View\{closure}()
 3 SYSTEMPATH\Common.php(1176): CodeIgniter\View\View->render('sys/payroll/payslip', [], true)
 4 APPPATH\Controllers\Payroll.php(320): view('sys/payroll/payslip')
 5 SYSTEMPATH\CodeIgniter.php(932): App\Controllers\Payroll->month_process()
 6 SYSTEMPATH\CodeIgniter.php(497): CodeIgniter\CodeIgniter->runController(Object(App\Controllers\Payroll))
 7 SYSTEMPATH\CodeIgniter.php(366): CodeIgniter\CodeIgniter->handleRequest(null, Object(Config\Cache), false)
 8 FCPATH\index.php(67): CodeIgniter\CodeIgniter->run()
CRITICAL - 2024-03-05 15:21:38 --> Call to undefined function form_open()
in APPPATH\Views\sys\payroll\month_summary.php on line 15.
 1 SYSTEMPATH\View\View.php(224): include()
 2 SYSTEMPATH\View\View.php(227): CodeIgniter\View\View->CodeIgniter\View\{closure}()
 3 SYSTEMPATH\Common.php(1176): CodeIgniter\View\View->render('sys/payroll/month_summary', [], true)
 4 APPPATH\Controllers\Payroll.php(320): view('sys/payroll/month_summary')
 5 SYSTEMPATH\CodeIgniter.php(932): App\Controllers\Payroll->month_process()
 6 SYSTEMPATH\CodeIgniter.php(497): CodeIgniter\CodeIgniter->runController(Object(App\Controllers\Payroll))
 7 SYSTEMPATH\CodeIgniter.php(366): CodeIgniter\CodeIgniter->handleRequest(null, Object(Config\Cache), false)
 8 FCPATH\index.php(67): CodeIgniter\CodeIgniter->run()
