CRITICAL - 2023-09-11 18:57:56 --> "Description" is not a valid rule.
in SYSTEMPATH\Validation\Validation.php on line 286.
 1 SYSTEMPATH\Validation\Validation.php(286): CodeIgniter\Validation\Exceptions\ValidationException::forRuleNotFound('Description')
 2 SYSTEMPATH\Validation\Validation.php(182): CodeIgniter\Validation\Validation->processRules('Description', 'Description', '', [...], [...])
 3 SYSTEMPATH\Controller.php(141): CodeIgniter\Validation\Validation->run()
 4 APPPATH\Controllers\Item.php(25): CodeIgniter\Controller->validate([...])
 5 SYSTEMPATH\CodeIgniter.php(932): App\Controllers\Item->add()
 6 SYSTEMPATH\CodeIgniter.php(497): CodeIgniter\CodeIgniter->runController(Object(App\Controllers\Item))
 7 SYSTEMPATH\CodeIgniter.php(366): CodeIgniter\CodeIgniter->handleRequest(null, Object(Config\Cache), false)
 8 FCPATH\index.php(67): CodeIgniter\CodeIgniter->run()
CRITICAL - 2023-09-11 19:02:22 --> Class "App\Controllers\ItemModel" not found
in APPPATH\Controllers\Item.php on line 28.
 1 SYSTEMPATH\CodeIgniter.php(932): App\Controllers\Item->add()
 2 SYSTEMPATH\CodeIgniter.php(497): CodeIgniter\CodeIgniter->runController(Object(App\Controllers\Item))
 3 SYSTEMPATH\CodeIgniter.php(366): CodeIgniter\CodeIgniter->handleRequest(null, Object(Config\Cache), false)
 4 FCPATH\index.php(67): CodeIgniter\CodeIgniter->run()
CRITICAL - 2023-09-11 19:02:58 --> Class "App\Controllers\ItemModel" not found
in APPPATH\Controllers\Item.php on line 28.
 1 SYSTEMPATH\CodeIgniter.php(932): App\Controllers\Item->add()
 2 SYSTEMPATH\CodeIgniter.php(497): CodeIgniter\CodeIgniter->runController(Object(App\Controllers\Item))
 3 SYSTEMPATH\CodeIgniter.php(366): CodeIgniter\CodeIgniter->handleRequest(null, Object(Config\Cache), false)
 4 FCPATH\index.php(67): CodeIgniter\CodeIgniter->run()
CRITICAL - 2023-09-11 19:03:13 --> Class "App\Controllers\ItemModel" not found
in APPPATH\Controllers\Item.php on line 28.
 1 SYSTEMPATH\CodeIgniter.php(932): App\Controllers\Item->add()
 2 SYSTEMPATH\CodeIgniter.php(497): CodeIgniter\CodeIgniter->runController(Object(App\Controllers\Item))
 3 SYSTEMPATH\CodeIgniter.php(366): CodeIgniter\CodeIgniter->handleRequest(null, Object(Config\Cache), false)
 4 FCPATH\index.php(67): CodeIgniter\CodeIgniter->run()
CRITICAL - 2023-09-11 19:04:37 --> Class "App\Controllers\ItemModel" not found
in APPPATH\Controllers\Item.php on line 28.
 1 SYSTEMPATH\CodeIgniter.php(932): App\Controllers\Item->add()
 2 SYSTEMPATH\CodeIgniter.php(497): CodeIgniter\CodeIgniter->runController(Object(App\Controllers\Item))
 3 SYSTEMPATH\CodeIgniter.php(366): CodeIgniter\CodeIgniter->handleRequest(null, Object(Config\Cache), false)
 4 FCPATH\index.php(67): CodeIgniter\CodeIgniter->run()
CRITICAL - 2023-09-11 19:10:30 --> Class "App\Controllers\ItemModel" not found
in APPPATH\Controllers\Item.php on line 28.
 1 SYSTEMPATH\CodeIgniter.php(932): App\Controllers\Item->add()
 2 SYSTEMPATH\CodeIgniter.php(497): CodeIgniter\CodeIgniter->runController(Object(App\Controllers\Item))
 3 SYSTEMPATH\CodeIgniter.php(366): CodeIgniter\CodeIgniter->handleRequest(null, Object(Config\Cache), false)
 4 FCPATH\index.php(67): CodeIgniter\CodeIgniter->run()
CRITICAL - 2023-09-11 19:12:04 --> There is no data to insert.
in SYSTEMPATH\BaseModel.php on line 762.
 1 SYSTEMPATH\BaseModel.php(762): CodeIgniter\Database\Exceptions\DataException::forEmptyDataset('insert')
 2 SYSTEMPATH\Model.php(730): CodeIgniter\BaseModel->insert([], false)
 3 SYSTEMPATH\BaseModel.php(692): CodeIgniter\Model->insert([...], false)
 4 APPPATH\Controllers\Item.php(29): CodeIgniter\BaseModel->save([...])
 5 SYSTEMPATH\CodeIgniter.php(932): App\Controllers\Item->add()
 6 SYSTEMPATH\CodeIgniter.php(497): CodeIgniter\CodeIgniter->runController(Object(App\Controllers\Item))
 7 SYSTEMPATH\CodeIgniter.php(366): CodeIgniter\CodeIgniter->handleRequest(null, Object(Config\Cache), false)
 8 FCPATH\index.php(67): CodeIgniter\CodeIgniter->run()
CRITICAL - 2023-09-11 19:12:58 --> There is no data to insert.
in SYSTEMPATH\BaseModel.php on line 762.
 1 SYSTEMPATH\BaseModel.php(762): CodeIgniter\Database\Exceptions\DataException::forEmptyDataset('insert')
 2 SYSTEMPATH\Model.php(730): CodeIgniter\BaseModel->insert([], false)
 3 SYSTEMPATH\BaseModel.php(692): CodeIgniter\Model->insert([...], false)
 4 APPPATH\Controllers\Item.php(29): CodeIgniter\BaseModel->save([...])
 5 SYSTEMPATH\CodeIgniter.php(932): App\Controllers\Item->add()
 6 SYSTEMPATH\CodeIgniter.php(497): CodeIgniter\CodeIgniter->runController(Object(App\Controllers\Item))
 7 SYSTEMPATH\CodeIgniter.php(366): CodeIgniter\CodeIgniter->handleRequest(null, Object(Config\Cache), false)
 8 FCPATH\index.php(67): CodeIgniter\CodeIgniter->run()
