CRITICAL - 2023-12-25 01:27:19 --> Undefined array key "rStatus"
in APPPATH\Views\sys\ot\view.php on line 71.
 1 APPPATH\Views\sys\ot\view.php(71): CodeIgniter\Debug\Exceptions->errorHandler(2, 'Undefined array key "rStatus"', 'C:\\xampp\\htdocs\\pms\\app\\Views\\sys\\ot\\view.php', 71)
 2 SYSTEMPATH\View\View.php(224): include('C:\\xampp\\htdocs\\pms\\app\\Views\\sys\\ot\\view.php')
 3 SYSTEMPATH\View\View.php(227): CodeIgniter\View\View->CodeIgniter\View\{closure}()
 4 SYSTEMPATH\Common.php(1176): CodeIgniter\View\View->render('sys/ot/view', [], true)
 5 APPPATH\Controllers\Ot.php(71): view('sys/ot/view', [...])
 6 SYSTEMPATH\CodeIgniter.php(932): App\Controllers\Ot->view()
 7 SYSTEMPATH\CodeIgniter.php(497): CodeIgniter\CodeIgniter->runController(Object(App\Controllers\Ot))
 8 SYSTEMPATH\CodeIgniter.php(366): CodeIgniter\CodeIgniter->handleRequest(null, Object(Config\Cache), false)
 9 FCPATH\index.php(67): CodeIgniter\CodeIgniter->run()
CRITICAL - 2023-12-25 01:27:19 --> Undefined array key "rStatus"
in APPPATH\Views\sys\ot\view.php on line 71.
 1 APPPATH\Views\sys\ot\view.php(71): CodeIgniter\Debug\Exceptions->errorHandler(2, 'Undefined array key "rStatus"', 'C:\\xampp\\htdocs\\pms\\app\\Views\\sys\\ot\\view.php', 71)
 2 SYSTEMPATH\View\View.php(224): include('C:\\xampp\\htdocs\\pms\\app\\Views\\sys\\ot\\view.php')
 3 SYSTEMPATH\View\View.php(227): CodeIgniter\View\View->CodeIgniter\View\{closure}()
 4 SYSTEMPATH\Common.php(1176): CodeIgniter\View\View->render('sys/ot/view', [], true)
 5 APPPATH\Controllers\Ot.php(71): view('sys/ot/view', [...])
 6 SYSTEMPATH\CodeIgniter.php(932): App\Controllers\Ot->view()
 7 SYSTEMPATH\CodeIgniter.php(497): CodeIgniter\CodeIgniter->runController(Object(App\Controllers\Ot))
 8 SYSTEMPATH\CodeIgniter.php(366): CodeIgniter\CodeIgniter->handleRequest(null, Object(Config\Cache), false)
 9 FCPATH\index.php(67): CodeIgniter\CodeIgniter->run()
CRITICAL - 2023-12-25 01:30:00 --> Undefined array key "requestid"
in APPPATH\Views\sys\ot\view.php on line 73.
 1 APPPATH\Views\sys\ot\view.php(73): CodeIgniter\Debug\Exceptions->errorHandler(2, 'Undefined array key "requestid"', 'C:\\xampp\\htdocs\\pms\\app\\Views\\sys\\ot\\view.php', 73)
 2 SYSTEMPATH\View\View.php(224): include('C:\\xampp\\htdocs\\pms\\app\\Views\\sys\\ot\\view.php')
 3 SYSTEMPATH\View\View.php(227): CodeIgniter\View\View->CodeIgniter\View\{closure}()
 4 SYSTEMPATH\Common.php(1176): CodeIgniter\View\View->render('sys/ot/view', [], true)
 5 APPPATH\Controllers\Ot.php(71): view('sys/ot/view', [...])
 6 SYSTEMPATH\CodeIgniter.php(932): App\Controllers\Ot->view()
 7 SYSTEMPATH\CodeIgniter.php(497): CodeIgniter\CodeIgniter->runController(Object(App\Controllers\Ot))
 8 SYSTEMPATH\CodeIgniter.php(366): CodeIgniter\CodeIgniter->handleRequest(null, Object(Config\Cache), false)
 9 FCPATH\index.php(67): CodeIgniter\CodeIgniter->run()
CRITICAL - 2023-12-25 01:32:14 --> Undefined array key "Orequestid"
in APPPATH\Views\sys\ot\view.php on line 73.
 1 APPPATH\Views\sys\ot\view.php(73): CodeIgniter\Debug\Exceptions->errorHandler(2, 'Undefined array key "Orequestid"', 'C:\\xampp\\htdocs\\pms\\app\\Views\\sys\\ot\\view.php', 73)
 2 SYSTEMPATH\View\View.php(224): include('C:\\xampp\\htdocs\\pms\\app\\Views\\sys\\ot\\view.php')
 3 SYSTEMPATH\View\View.php(227): CodeIgniter\View\View->CodeIgniter\View\{closure}()
 4 SYSTEMPATH\Common.php(1176): CodeIgniter\View\View->render('sys/ot/view', [], true)
 5 APPPATH\Controllers\Ot.php(71): view('sys/ot/view', [...])
 6 SYSTEMPATH\CodeIgniter.php(932): App\Controllers\Ot->view()
 7 SYSTEMPATH\CodeIgniter.php(497): CodeIgniter\CodeIgniter->runController(Object(App\Controllers\Ot))
 8 SYSTEMPATH\CodeIgniter.php(366): CodeIgniter\CodeIgniter->handleRequest(null, Object(Config\Cache), false)
 9 FCPATH\index.php(67): CodeIgniter\CodeIgniter->run()
ERROR - 2023-12-25 01:50:15 --> mysqli_sql_exception: Unknown column 'l.Status' in 'field list' in C:\xampp\htdocs\pms\system\Database\MySQLi\Connection.php:295
Stack trace:
#0 C:\xampp\htdocs\pms\system\Database\MySQLi\Connection.php(295): mysqli->query('\nSELECT o.*, e....', 0)
#1 C:\xampp\htdocs\pms\system\Database\BaseConnection.php(692): CodeIgniter\Database\MySQLi\Connection->execute('\nSELECT o.*, e....')
#2 C:\xampp\htdocs\pms\system\Database\BaseConnection.php(606): CodeIgniter\Database\BaseConnection->simpleQuery('\nSELECT o.*, e....')
#3 C:\xampp\htdocs\pms\system\Model.php(832): CodeIgniter\Database\BaseConnection->query('\nSELECT o.*, e....')
#4 C:\xampp\htdocs\pms\app\Models\OtModel.php(15): CodeIgniter\Model->__call('query', Array)
#5 C:\xampp\htdocs\pms\app\Controllers\Ot.php(67): App\Models\OtModel->requestOT()
#6 C:\xampp\htdocs\pms\system\CodeIgniter.php(932): App\Controllers\Ot->view()
#7 C:\xampp\htdocs\pms\system\CodeIgniter.php(497): CodeIgniter\CodeIgniter->runController(Object(App\Controllers\Ot))
#8 C:\xampp\htdocs\pms\system\CodeIgniter.php(366): CodeIgniter\CodeIgniter->handleRequest(NULL, Object(Config\Cache), false)
#9 C:\xampp\htdocs\pms\index.php(67): CodeIgniter\CodeIgniter->run()
#10 {main}
CRITICAL - 2023-12-25 01:50:15 --> Unknown column 'l.Status' in 'field list'
in SYSTEMPATH\Database\MySQLi\Connection.php on line 295.
 1 SYSTEMPATH\Database\MySQLi\Connection.php(295): mysqli->query('
SELECT o.*, e.*,o.id as Orequestid, l.Status as OStatus FROM `ot` o LEFT JOIN employee e ON o.Employee=e.EmployeeCode', 0)
 2 SYSTEMPATH\Database\BaseConnection.php(692): CodeIgniter\Database\MySQLi\Connection->execute('
SELECT o.*, e.*,o.id as Orequestid, l.Status as OStatus FROM `ot` o LEFT JOIN employee e ON o.Employee=e.EmployeeCode')
 3 SYSTEMPATH\Database\BaseConnection.php(606): CodeIgniter\Database\BaseConnection->simpleQuery('
SELECT o.*, e.*,o.id as Orequestid, l.Status as OStatus FROM `ot` o LEFT JOIN employee e ON o.Employee=e.EmployeeCode')
 4 SYSTEMPATH\Model.php(832): CodeIgniter\Database\BaseConnection->query('
SELECT o.*, e.*,o.id as Orequestid, l.Status as OStatus FROM `ot` o LEFT JOIN employee e ON o.Employee=e.EmployeeCode')
 5 APPPATH\Models\OtModel.php(15): CodeIgniter\Model->__call('query', [...])
 6 APPPATH\Controllers\Ot.php(67): App\Models\OtModel->requestOT()
 7 SYSTEMPATH\CodeIgniter.php(932): App\Controllers\Ot->view()
 8 SYSTEMPATH\CodeIgniter.php(497): CodeIgniter\CodeIgniter->runController(Object(App\Controllers\Ot))
 9 SYSTEMPATH\CodeIgniter.php(366): CodeIgniter\CodeIgniter->handleRequest(null, Object(Config\Cache), false)
10 FCPATH\index.php(67): CodeIgniter\CodeIgniter->run()
ERROR - 2023-12-25 05:36:10 --> Email: sendWithSmtp throwed ErrorException: stream_socket_enable_crypto(): SSL operation failed with code 1. OpenSSL Error messages:
error:0A00010B:SSL routines::wrong version number in C:\xampp\htdocs\pms\system\Email\Email.php:1883
Stack trace:
#0 [internal function]: CodeIgniter\Debug\Exceptions->errorHandler(2, 'stream_socket_e...', 'C:\\xampp\\htdocs...', 1883)
#1 C:\xampp\htdocs\pms\system\Email\Email.php(1883): stream_socket_enable_crypto(Resource id #89, true, 121)
#2 C:\xampp\htdocs\pms\system\Email\Email.php(1782): CodeIgniter\Email\Email->SMTPConnect()
#3 C:\xampp\htdocs\pms\system\Email\Email.php(1667): CodeIgniter\Email\Email->sendWithSmtp()
#4 C:\xampp\htdocs\pms\system\Email\Email.php(1565): CodeIgniter\Email\Email->spoolEmail()
#5 C:\xampp\htdocs\pms\app\Controllers\Sys.php(26): CodeIgniter\Email\Email->send()
#6 C:\xampp\htdocs\pms\system\CodeIgniter.php(932): App\Controllers\Sys->sendmail()
#7 C:\xampp\htdocs\pms\system\CodeIgniter.php(497): CodeIgniter\CodeIgniter->runController(Object(App\Controllers\Sys))
#8 C:\xampp\htdocs\pms\system\CodeIgniter.php(366): CodeIgniter\CodeIgniter->handleRequest(NULL, Object(Config\Cache), false)
#9 C:\xampp\htdocs\pms\index.php(67): CodeIgniter\CodeIgniter->run()
#10 {main}
ERROR - 2023-12-25 05:36:10 --> Email: Unable to send email using SMTP. Your server might not be configured to send mail using this method.
ERROR - 2023-12-25 05:36:10 --> 
hello: 
The following SMTP error was encountered: 
starttls: 
The following SMTP error was encountered: 
CRITICAL - 2023-12-25 05:56:56 --> Undefined array key "OMonth"
in APPPATH\Views\sys\ot\approveOT.php on line 37.
 1 APPPATH\Views\sys\ot\approveOT.php(37): CodeIgniter\Debug\Exceptions->errorHandler(2, 'Undefined array key "OMonth"', 'C:\\xampp\\htdocs\\pms\\app\\Views\\sys\\ot\\approveOT.php', 37)
 2 SYSTEMPATH\View\View.php(224): include('C:\\xampp\\htdocs\\pms\\app\\Views\\sys\\ot\\approveOT.php')
 3 SYSTEMPATH\View\View.php(227): CodeIgniter\View\View->CodeIgniter\View\{closure}()
 4 SYSTEMPATH\Common.php(1176): CodeIgniter\View\View->render('sys/ot/approveOT', [], true)
 5 APPPATH\Controllers\Ot.php(85): view('sys/ot/approveOT', [...])
 6 SYSTEMPATH\CodeIgniter.php(932): App\Controllers\Ot->ApproveView('1551', '1')
 7 SYSTEMPATH\CodeIgniter.php(497): CodeIgniter\CodeIgniter->runController(Object(App\Controllers\Ot))
 8 SYSTEMPATH\CodeIgniter.php(366): CodeIgniter\CodeIgniter->handleRequest(null, Object(Config\Cache), false)
 9 FCPATH\index.php(67): CodeIgniter\CodeIgniter->run()
CRITICAL - 2023-12-25 05:57:04 --> Undefined array key "OMonth"
in APPPATH\Views\sys\ot\approveOT.php on line 37.
 1 APPPATH\Views\sys\ot\approveOT.php(37): CodeIgniter\Debug\Exceptions->errorHandler(2, 'Undefined array key "OMonth"', 'C:\\xampp\\htdocs\\pms\\app\\Views\\sys\\ot\\approveOT.php', 37)
 2 SYSTEMPATH\View\View.php(224): include('C:\\xampp\\htdocs\\pms\\app\\Views\\sys\\ot\\approveOT.php')
 3 SYSTEMPATH\View\View.php(227): CodeIgniter\View\View->CodeIgniter\View\{closure}()
 4 SYSTEMPATH\Common.php(1176): CodeIgniter\View\View->render('sys/ot/approveOT', [], true)
 5 APPPATH\Controllers\Ot.php(85): view('sys/ot/approveOT', [...])
 6 SYSTEMPATH\CodeIgniter.php(932): App\Controllers\Ot->ApproveView('1551', '1')
 7 SYSTEMPATH\CodeIgniter.php(497): CodeIgniter\CodeIgniter->runController(Object(App\Controllers\Ot))
 8 SYSTEMPATH\CodeIgniter.php(366): CodeIgniter\CodeIgniter->handleRequest(null, Object(Config\Cache), false)
 9 FCPATH\index.php(67): CodeIgniter\CodeIgniter->run()
CRITICAL - 2023-12-25 09:03:31 --> Undefined array key "OMonth"
in APPPATH\Views\sys\ot\approveOT.php on line 37.
 1 APPPATH\Views\sys\ot\approveOT.php(37): CodeIgniter\Debug\Exceptions->errorHandler(2, 'Undefined array key "OMonth"', 'C:\\xampp\\htdocs\\pms\\app\\Views\\sys\\ot\\approveOT.php', 37)
 2 SYSTEMPATH\View\View.php(224): include('C:\\xampp\\htdocs\\pms\\app\\Views\\sys\\ot\\approveOT.php')
 3 SYSTEMPATH\View\View.php(227): CodeIgniter\View\View->CodeIgniter\View\{closure}()
 4 SYSTEMPATH\Common.php(1176): CodeIgniter\View\View->render('sys/ot/approveOT', [], true)
 5 APPPATH\Controllers\Ot.php(85): view('sys/ot/approveOT', [...])
 6 SYSTEMPATH\CodeIgniter.php(932): App\Controllers\Ot->ApproveView('1551', '1')
 7 SYSTEMPATH\CodeIgniter.php(497): CodeIgniter\CodeIgniter->runController(Object(App\Controllers\Ot))
 8 SYSTEMPATH\CodeIgniter.php(366): CodeIgniter\CodeIgniter->handleRequest(null, Object(Config\Cache), false)
 9 FCPATH\index.php(67): CodeIgniter\CodeIgniter->run()
CRITICAL - 2023-12-25 14:19:30 --> Class "App\Controllers\OtRequestModel" not found
in APPPATH\Controllers\Ot.php on line 91.
 1 SYSTEMPATH\CodeIgniter.php(932): App\Controllers\Ot->updateotrequeststatus()
 2 SYSTEMPATH\CodeIgniter.php(497): CodeIgniter\CodeIgniter->runController(Object(App\Controllers\Ot))
 3 SYSTEMPATH\CodeIgniter.php(366): CodeIgniter\CodeIgniter->handleRequest(null, Object(Config\Cache), false)
 4 FCPATH\index.php(67): CodeIgniter\CodeIgniter->run()
CRITICAL - 2023-12-25 14:20:18 --> Class "App\Controllers\OtRequestModel" not found
in APPPATH\Controllers\Ot.php on line 97.
 1 SYSTEMPATH\CodeIgniter.php(932): App\Controllers\Ot->updateotrequeststatus()
 2 SYSTEMPATH\CodeIgniter.php(497): CodeIgniter\CodeIgniter->runController(Object(App\Controllers\Ot))
 3 SYSTEMPATH\CodeIgniter.php(366): CodeIgniter\CodeIgniter->handleRequest(null, Object(Config\Cache), false)
 4 FCPATH\index.php(67): CodeIgniter\CodeIgniter->run()
CRITICAL - 2023-12-25 14:20:26 --> Class "App\Controllers\OtRequestModel" not found
in APPPATH\Controllers\Ot.php on line 97.
 1 SYSTEMPATH\CodeIgniter.php(932): App\Controllers\Ot->updateotrequeststatus()
 2 SYSTEMPATH\CodeIgniter.php(497): CodeIgniter\CodeIgniter->runController(Object(App\Controllers\Ot))
 3 SYSTEMPATH\CodeIgniter.php(366): CodeIgniter\CodeIgniter->handleRequest(null, Object(Config\Cache), false)
 4 FCPATH\index.php(67): CodeIgniter\CodeIgniter->run()
ERROR - 2023-12-25 15:35:47 --> mysqli_sql_exception: You have an error in your SQL syntax; check the manual that corresponds to your MariaDB server version for the right syntax to use near 'JION item i i.' at line 1 in C:\xampp\htdocs\pms\system\Database\MySQLi\Connection.php:295
Stack trace:
#0 C:\xampp\htdocs\pms\system\Database\MySQLi\Connection.php(295): mysqli->query('\nSELECT o.*, e....', 0)
#1 C:\xampp\htdocs\pms\system\Database\BaseConnection.php(692): CodeIgniter\Database\MySQLi\Connection->execute('\nSELECT o.*, e....')
#2 C:\xampp\htdocs\pms\system\Database\BaseConnection.php(606): CodeIgniter\Database\BaseConnection->simpleQuery('\nSELECT o.*, e....')
#3 C:\xampp\htdocs\pms\system\Model.php(832): CodeIgniter\Database\BaseConnection->query('\nSELECT o.*, e....')
#4 C:\xampp\htdocs\pms\app\Models\OtModel.php(21): CodeIgniter\Model->__call('query', Array)
#5 C:\xampp\htdocs\pms\app\Controllers\Ot.php(99): App\Models\OtModel->requestOT()
#6 C:\xampp\htdocs\pms\system\CodeIgniter.php(932): App\Controllers\Ot->updateotrequeststatus()
#7 C:\xampp\htdocs\pms\system\CodeIgniter.php(497): CodeIgniter\CodeIgniter->runController(Object(App\Controllers\Ot))
#8 C:\xampp\htdocs\pms\system\CodeIgniter.php(366): CodeIgniter\CodeIgniter->handleRequest(NULL, Object(Config\Cache), false)
#9 C:\xampp\htdocs\pms\index.php(67): CodeIgniter\CodeIgniter->run()
#10 {main}
CRITICAL - 2023-12-25 15:35:47 --> You have an error in your SQL syntax; check the manual that corresponds to your MariaDB server version for the right syntax to use near 'JION item i i.' at line 1
in SYSTEMPATH\Database\MySQLi\Connection.php on line 295.
 1 SYSTEMPATH\Database\MySQLi\Connection.php(295): mysqli->query('
SELECT o.*, e.*,o.id as Orequestid, o.Status as OStatus FROM `ot` o LEFT JOIN employee e ON o.Employee=e.EmployeeCode INNER JION item i i. ', 0)
 2 SYSTEMPATH\Database\BaseConnection.php(692): CodeIgniter\Database\MySQLi\Connection->execute('
SELECT o.*, e.*,o.id as Orequestid, o.Status as OStatus FROM `ot` o LEFT JOIN employee e ON o.Employee=e.EmployeeCode INNER JION item i i. ')
 3 SYSTEMPATH\Database\BaseConnection.php(606): CodeIgniter\Database\BaseConnection->simpleQuery('
SELECT o.*, e.*,o.id as Orequestid, o.Status as OStatus FROM `ot` o LEFT JOIN employee e ON o.Employee=e.EmployeeCode INNER JION item i i. ')
 4 SYSTEMPATH\Model.php(832): CodeIgniter\Database\BaseConnection->query('
SELECT o.*, e.*,o.id as Orequestid, o.Status as OStatus FROM `ot` o LEFT JOIN employee e ON o.Employee=e.EmployeeCode INNER JION item i i. ')
 5 APPPATH\Models\OtModel.php(21): CodeIgniter\Model->__call('query', [...])
 6 APPPATH\Controllers\Ot.php(99): App\Models\OtModel->requestOT()
 7 SYSTEMPATH\CodeIgniter.php(932): App\Controllers\Ot->updateotrequeststatus()
 8 SYSTEMPATH\CodeIgniter.php(497): CodeIgniter\CodeIgniter->runController(Object(App\Controllers\Ot))
 9 SYSTEMPATH\CodeIgniter.php(366): CodeIgniter\CodeIgniter->handleRequest(null, Object(Config\Cache), false)
10 FCPATH\index.php(67): CodeIgniter\CodeIgniter->run()
