CRITICAL - 2023-10-30 17:41:05 --> Undefined variable $data
in APPPATH\Controllers\Instructions.php on line 44.
 1 APPPATH\Controllers\Instructions.php(44): CodeIgniter\Debug\Exceptions->errorHandler(2, 'Undefined variable $data', 'C:\\xampp\\htdocs\\pms\\app\\Controllers\\Instructions.php', 44)
 2 SYSTEMPATH\CodeIgniter.php(932): App\Controllers\Instructions->add()
 3 SYSTEMPATH\CodeIgniter.php(497): CodeIgniter\CodeIgniter->runController(Object(App\Controllers\Instructions))
 4 SYSTEMPATH\CodeIgniter.php(366): CodeIgniter\CodeIgniter->handleRequest(null, Object(Config\Cache), false)
 5 FCPATH\index.php(67): CodeIgniter\CodeIgniter->run()
CRITICAL - 2023-10-30 17:41:37 --> Undefined variable $data
in APPPATH\Controllers\Instructions.php on line 44.
 1 APPPATH\Controllers\Instructions.php(44): CodeIgniter\Debug\Exceptions->errorHandler(2, 'Undefined variable $data', 'C:\\xampp\\htdocs\\pms\\app\\Controllers\\Instructions.php', 44)
 2 SYSTEMPATH\CodeIgniter.php(932): App\Controllers\Instructions->add()
 3 SYSTEMPATH\CodeIgniter.php(497): CodeIgniter\CodeIgniter->runController(Object(App\Controllers\Instructions))
 4 SYSTEMPATH\CodeIgniter.php(366): CodeIgniter\CodeIgniter->handleRequest(null, Object(Config\Cache), false)
 5 FCPATH\index.php(67): CodeIgniter\CodeIgniter->run()
CRITICAL - 2023-10-30 17:41:38 --> Undefined variable $data
in APPPATH\Controllers\Instructions.php on line 44.
 1 APPPATH\Controllers\Instructions.php(44): CodeIgniter\Debug\Exceptions->errorHandler(2, 'Undefined variable $data', 'C:\\xampp\\htdocs\\pms\\app\\Controllers\\Instructions.php', 44)
 2 SYSTEMPATH\CodeIgniter.php(932): App\Controllers\Instructions->add()
 3 SYSTEMPATH\CodeIgniter.php(497): CodeIgniter\CodeIgniter->runController(Object(App\Controllers\Instructions))
 4 SYSTEMPATH\CodeIgniter.php(366): CodeIgniter\CodeIgniter->handleRequest(null, Object(Config\Cache), false)
 5 FCPATH\index.php(67): CodeIgniter\CodeIgniter->run()
