ERROR - 2024-02-14 15:01:04 --> Error connecting to the database: mysqli_sql_exception: No connection could be made because the target machine actively refused it in C:\xampp\htdocs\pms\system\Database\MySQLi\Connection.php:173
Stack trace:
#0 C:\xampp\htdocs\pms\system\Database\MySQLi\Connection.php(173): mysqli->real_connect('localhost', 'root', Object(SensitiveParameterValue), 'pms', 3306, '', 0)
#1 C:\xampp\htdocs\pms\system\Database\BaseConnection.php(391): CodeIgniter\Database\MySQLi\Connection->connect(false)
#2 C:\xampp\htdocs\pms\system\Database\BaseConnection.php(574): CodeIgniter\Database\BaseConnection->initialize()
#3 C:\xampp\htdocs\pms\system\Database\BaseBuilder.php(1616): CodeIgniter\Database\BaseConnection->query('SELECT *\nFROM `...', Array, false)
#4 C:\xampp\htdocs\pms\system\Model.php(241): CodeIgniter\Database\BaseBuilder->get()
#5 C:\xampp\htdocs\pms\system\BaseModel.php(618): CodeIgniter\Model->doFindAll(0, 0)
#6 C:\xampp\htdocs\pms\app\Controllers\Employee.php(21): CodeIgniter\BaseModel->findAll()
#7 C:\xampp\htdocs\pms\system\CodeIgniter.php(932): App\Controllers\Employee->add()
#8 C:\xampp\htdocs\pms\system\CodeIgniter.php(497): CodeIgniter\CodeIgniter->runController(Object(App\Controllers\Employee))
#9 C:\xampp\htdocs\pms\system\CodeIgniter.php(366): CodeIgniter\CodeIgniter->handleRequest(NULL, Object(Config\Cache), false)
#10 C:\xampp\htdocs\pms\index.php(67): CodeIgniter\CodeIgniter->run()
#11 {main}

Next CodeIgniter\Database\Exceptions\DatabaseException: No connection could be made because the target machine actively refused it in C:\xampp\htdocs\pms\system\Database\MySQLi\Connection.php:218
Stack trace:
#0 C:\xampp\htdocs\pms\system\Database\BaseConnection.php(391): CodeIgniter\Database\MySQLi\Connection->connect(false)
#1 C:\xampp\htdocs\pms\system\Database\BaseConnection.php(574): CodeIgniter\Database\BaseConnection->initialize()
#2 C:\xampp\htdocs\pms\system\Database\BaseBuilder.php(1616): CodeIgniter\Database\BaseConnection->query('SELECT *\nFROM `...', Array, false)
#3 C:\xampp\htdocs\pms\system\Model.php(241): CodeIgniter\Database\BaseBuilder->get()
#4 C:\xampp\htdocs\pms\system\BaseModel.php(618): CodeIgniter\Model->doFindAll(0, 0)
#5 C:\xampp\htdocs\pms\app\Controllers\Employee.php(21): CodeIgniter\BaseModel->findAll()
#6 C:\xampp\htdocs\pms\system\CodeIgniter.php(932): App\Controllers\Employee->add()
#7 C:\xampp\htdocs\pms\system\CodeIgniter.php(497): CodeIgniter\CodeIgniter->runController(Object(App\Controllers\Employee))
#8 C:\xampp\htdocs\pms\system\CodeIgniter.php(366): CodeIgniter\CodeIgniter->handleRequest(NULL, Object(Config\Cache), false)
#9 C:\xampp\htdocs\pms\index.php(67): CodeIgniter\CodeIgniter->run()
#10 {main}
CRITICAL - 2024-02-14 15:01:04 --> Unable to connect to the database.
Main connection [MySQLi]: No connection could be made because the target machine actively refused it
in SYSTEMPATH\Database\BaseConnection.php on line 427.
 1 SYSTEMPATH\Database\BaseConnection.php(574): CodeIgniter\Database\BaseConnection->initialize()
 2 SYSTEMPATH\Database\BaseBuilder.php(1616): CodeIgniter\Database\BaseConnection->query('SELECT *
FROM `district`', [], false)
 3 SYSTEMPATH\Model.php(241): CodeIgniter\Database\BaseBuilder->get()
 4 SYSTEMPATH\BaseModel.php(618): CodeIgniter\Model->doFindAll(0, 0)
 5 APPPATH\Controllers\Employee.php(21): CodeIgniter\BaseModel->findAll()
 6 SYSTEMPATH\CodeIgniter.php(932): App\Controllers\Employee->add()
 7 SYSTEMPATH\CodeIgniter.php(497): CodeIgniter\CodeIgniter->runController(Object(App\Controllers\Employee))
 8 SYSTEMPATH\CodeIgniter.php(366): CodeIgniter\CodeIgniter->handleRequest(null, Object(Config\Cache), false)
 9 FCPATH\index.php(67): CodeIgniter\CodeIgniter->run()
ERROR - 2024-02-14 15:09:41 --> Error connecting to the database: mysqli_sql_exception: No connection could be made because the target machine actively refused it in C:\xampp\htdocs\pms\system\Database\MySQLi\Connection.php:173
Stack trace:
#0 C:\xampp\htdocs\pms\system\Database\MySQLi\Connection.php(173): mysqli->real_connect('localhost', 'root', Object(SensitiveParameterValue), 'pms', 3306, '', 0)
#1 C:\xampp\htdocs\pms\system\Database\BaseConnection.php(391): CodeIgniter\Database\MySQLi\Connection->connect(false)
#2 C:\xampp\htdocs\pms\system\Database\BaseConnection.php(574): CodeIgniter\Database\BaseConnection->initialize()
#3 C:\xampp\htdocs\pms\system\Database\BaseBuilder.php(1616): CodeIgniter\Database\BaseConnection->query('SELECT *\nFROM `...', Array, false)
#4 C:\xampp\htdocs\pms\system\Model.php(241): CodeIgniter\Database\BaseBuilder->get()
#5 C:\xampp\htdocs\pms\system\BaseModel.php(618): CodeIgniter\Model->doFindAll(0, 0)
#6 C:\xampp\htdocs\pms\app\Controllers\Employee.php(21): CodeIgniter\BaseModel->findAll()
#7 C:\xampp\htdocs\pms\system\CodeIgniter.php(932): App\Controllers\Employee->add()
#8 C:\xampp\htdocs\pms\system\CodeIgniter.php(497): CodeIgniter\CodeIgniter->runController(Object(App\Controllers\Employee))
#9 C:\xampp\htdocs\pms\system\CodeIgniter.php(366): CodeIgniter\CodeIgniter->handleRequest(NULL, Object(Config\Cache), false)
#10 C:\xampp\htdocs\pms\index.php(67): CodeIgniter\CodeIgniter->run()
#11 {main}

Next CodeIgniter\Database\Exceptions\DatabaseException: No connection could be made because the target machine actively refused it in C:\xampp\htdocs\pms\system\Database\MySQLi\Connection.php:218
Stack trace:
#0 C:\xampp\htdocs\pms\system\Database\BaseConnection.php(391): CodeIgniter\Database\MySQLi\Connection->connect(false)
#1 C:\xampp\htdocs\pms\system\Database\BaseConnection.php(574): CodeIgniter\Database\BaseConnection->initialize()
#2 C:\xampp\htdocs\pms\system\Database\BaseBuilder.php(1616): CodeIgniter\Database\BaseConnection->query('SELECT *\nFROM `...', Array, false)
#3 C:\xampp\htdocs\pms\system\Model.php(241): CodeIgniter\Database\BaseBuilder->get()
#4 C:\xampp\htdocs\pms\system\BaseModel.php(618): CodeIgniter\Model->doFindAll(0, 0)
#5 C:\xampp\htdocs\pms\app\Controllers\Employee.php(21): CodeIgniter\BaseModel->findAll()
#6 C:\xampp\htdocs\pms\system\CodeIgniter.php(932): App\Controllers\Employee->add()
#7 C:\xampp\htdocs\pms\system\CodeIgniter.php(497): CodeIgniter\CodeIgniter->runController(Object(App\Controllers\Employee))
#8 C:\xampp\htdocs\pms\system\CodeIgniter.php(366): CodeIgniter\CodeIgniter->handleRequest(NULL, Object(Config\Cache), false)
#9 C:\xampp\htdocs\pms\index.php(67): CodeIgniter\CodeIgniter->run()
#10 {main}
CRITICAL - 2024-02-14 15:09:41 --> Unable to connect to the database.
Main connection [MySQLi]: No connection could be made because the target machine actively refused it
in SYSTEMPATH\Database\BaseConnection.php on line 427.
 1 SYSTEMPATH\Database\BaseConnection.php(574): CodeIgniter\Database\BaseConnection->initialize()
 2 SYSTEMPATH\Database\BaseBuilder.php(1616): CodeIgniter\Database\BaseConnection->query('SELECT *
FROM `district`', [], false)
 3 SYSTEMPATH\Model.php(241): CodeIgniter\Database\BaseBuilder->get()
 4 SYSTEMPATH\BaseModel.php(618): CodeIgniter\Model->doFindAll(0, 0)
 5 APPPATH\Controllers\Employee.php(21): CodeIgniter\BaseModel->findAll()
 6 SYSTEMPATH\CodeIgniter.php(932): App\Controllers\Employee->add()
 7 SYSTEMPATH\CodeIgniter.php(497): CodeIgniter\CodeIgniter->runController(Object(App\Controllers\Employee))
 8 SYSTEMPATH\CodeIgniter.php(366): CodeIgniter\CodeIgniter->handleRequest(null, Object(Config\Cache), false)
 9 FCPATH\index.php(67): CodeIgniter\CodeIgniter->run()
ERROR - 2024-02-14 15:10:18 --> Error connecting to the database: mysqli_sql_exception: No connection could be made because the target machine actively refused it in C:\xampp\htdocs\pms\system\Database\MySQLi\Connection.php:173
Stack trace:
#0 C:\xampp\htdocs\pms\system\Database\MySQLi\Connection.php(173): mysqli->real_connect('localhost', 'root', Object(SensitiveParameterValue), 'pms', 3306, '', 0)
#1 C:\xampp\htdocs\pms\system\Database\BaseConnection.php(391): CodeIgniter\Database\MySQLi\Connection->connect(false)
#2 C:\xampp\htdocs\pms\system\Database\BaseConnection.php(574): CodeIgniter\Database\BaseConnection->initialize()
#3 C:\xampp\htdocs\pms\system\Database\BaseBuilder.php(1616): CodeIgniter\Database\BaseConnection->query('SELECT *\nFROM `...', Array, false)
#4 C:\xampp\htdocs\pms\system\Model.php(241): CodeIgniter\Database\BaseBuilder->get()
#5 C:\xampp\htdocs\pms\system\BaseModel.php(618): CodeIgniter\Model->doFindAll(0, 0)
#6 C:\xampp\htdocs\pms\app\Controllers\Payroll.php(331): CodeIgniter\BaseModel->findAll()
#7 C:\xampp\htdocs\pms\system\CodeIgniter.php(932): App\Controllers\Payroll->payslip()
#8 C:\xampp\htdocs\pms\system\CodeIgniter.php(497): CodeIgniter\CodeIgniter->runController(Object(App\Controllers\Payroll))
#9 C:\xampp\htdocs\pms\system\CodeIgniter.php(366): CodeIgniter\CodeIgniter->handleRequest(NULL, Object(Config\Cache), false)
#10 C:\xampp\htdocs\pms\index.php(67): CodeIgniter\CodeIgniter->run()
#11 {main}

Next CodeIgniter\Database\Exceptions\DatabaseException: No connection could be made because the target machine actively refused it in C:\xampp\htdocs\pms\system\Database\MySQLi\Connection.php:218
Stack trace:
#0 C:\xampp\htdocs\pms\system\Database\BaseConnection.php(391): CodeIgniter\Database\MySQLi\Connection->connect(false)
#1 C:\xampp\htdocs\pms\system\Database\BaseConnection.php(574): CodeIgniter\Database\BaseConnection->initialize()
#2 C:\xampp\htdocs\pms\system\Database\BaseBuilder.php(1616): CodeIgniter\Database\BaseConnection->query('SELECT *\nFROM `...', Array, false)
#3 C:\xampp\htdocs\pms\system\Model.php(241): CodeIgniter\Database\BaseBuilder->get()
#4 C:\xampp\htdocs\pms\system\BaseModel.php(618): CodeIgniter\Model->doFindAll(0, 0)
#5 C:\xampp\htdocs\pms\app\Controllers\Payroll.php(331): CodeIgniter\BaseModel->findAll()
#6 C:\xampp\htdocs\pms\system\CodeIgniter.php(932): App\Controllers\Payroll->payslip()
#7 C:\xampp\htdocs\pms\system\CodeIgniter.php(497): CodeIgniter\CodeIgniter->runController(Object(App\Controllers\Payroll))
#8 C:\xampp\htdocs\pms\system\CodeIgniter.php(366): CodeIgniter\CodeIgniter->handleRequest(NULL, Object(Config\Cache), false)
#9 C:\xampp\htdocs\pms\index.php(67): CodeIgniter\CodeIgniter->run()
#10 {main}
CRITICAL - 2024-02-14 15:10:18 --> Unable to connect to the database.
Main connection [MySQLi]: No connection could be made because the target machine actively refused it
in SYSTEMPATH\Database\BaseConnection.php on line 427.
 1 SYSTEMPATH\Database\BaseConnection.php(574): CodeIgniter\Database\BaseConnection->initialize()
 2 SYSTEMPATH\Database\BaseBuilder.php(1616): CodeIgniter\Database\BaseConnection->query('SELECT *
FROM `employee`', [], false)
 3 SYSTEMPATH\Model.php(241): CodeIgniter\Database\BaseBuilder->get()
 4 SYSTEMPATH\BaseModel.php(618): CodeIgniter\Model->doFindAll(0, 0)
 5 APPPATH\Controllers\Payroll.php(331): CodeIgniter\BaseModel->findAll()
 6 SYSTEMPATH\CodeIgniter.php(932): App\Controllers\Payroll->payslip()
 7 SYSTEMPATH\CodeIgniter.php(497): CodeIgniter\CodeIgniter->runController(Object(App\Controllers\Payroll))
 8 SYSTEMPATH\CodeIgniter.php(366): CodeIgniter\CodeIgniter->handleRequest(null, Object(Config\Cache), false)
 9 FCPATH\index.php(67): CodeIgniter\CodeIgniter->run()
ERROR - 2024-02-14 15:35:45 --> mysqli_sql_exception: You have an error in your SQL syntax; check the manual that corresponds to your MariaDB server version for the right syntax to use near 'JION item i ON m.ItemCode=i.ItemCode WHERE m.ItemCode BETWEEN 101 AND 199 AND...' at line 1 in C:\xampp\htdocs\pms\system\Database\MySQLi\Connection.php:295
Stack trace:
#0 C:\xampp\htdocs\pms\system\Database\MySQLi\Connection.php(295): mysqli->query('\nSELECT m.*, i....', 0)
#1 C:\xampp\htdocs\pms\system\Database\BaseConnection.php(692): CodeIgniter\Database\MySQLi\Connection->execute('\nSELECT m.*, i....')
#2 C:\xampp\htdocs\pms\system\Database\BaseConnection.php(606): CodeIgniter\Database\BaseConnection->simpleQuery('\nSELECT m.*, i....')
#3 C:\xampp\htdocs\pms\system\Model.php(832): CodeIgniter\Database\BaseConnection->query('\nSELECT m.*, i....')
#4 C:\xampp\htdocs\pms\app\Models\PayrollModel.php(42): CodeIgniter\Model->__call('query', Array)
#5 C:\xampp\htdocs\pms\app\Controllers\Payroll.php(346): App\Models\PayrollModel->ViewAdditions('1551', '2020', '02')
#6 C:\xampp\htdocs\pms\system\CodeIgniter.php(932): App\Controllers\Payroll->payslip()
#7 C:\xampp\htdocs\pms\system\CodeIgniter.php(497): CodeIgniter\CodeIgniter->runController(Object(App\Controllers\Payroll))
#8 C:\xampp\htdocs\pms\system\CodeIgniter.php(366): CodeIgniter\CodeIgniter->handleRequest(NULL, Object(Config\Cache), false)
#9 C:\xampp\htdocs\pms\index.php(67): CodeIgniter\CodeIgniter->run()
#10 {main}
CRITICAL - 2024-02-14 15:35:45 --> You have an error in your SQL syntax; check the manual that corresponds to your MariaDB server version for the right syntax to use near 'JION item i ON m.ItemCode=i.ItemCode WHERE m.ItemCode BETWEEN 101 AND 199 AND...' at line 1
in SYSTEMPATH\Database\MySQLi\Connection.php on line 295.
 1 SYSTEMPATH\Database\MySQLi\Connection.php(295): mysqli->query('
SELECT m.*, i.* FROM `month_process` m INNER JION item i ON m.ItemCode=i.ItemCode WHERE m.ItemCode BETWEEN 101 AND 199 AND m.EmployeeCode=\'1551\' AND m.Year=\'2020\' AND m.Month=\'02\'', 0)
 2 SYSTEMPATH\Database\BaseConnection.php(692): CodeIgniter\Database\MySQLi\Connection->execute('
SELECT m.*, i.* FROM `month_process` m INNER JION item i ON m.ItemCode=i.ItemCode WHERE m.ItemCode BETWEEN 101 AND 199 AND m.EmployeeCode=\'1551\' AND m.Year=\'2020\' AND m.Month=\'02\'')
 3 SYSTEMPATH\Database\BaseConnection.php(606): CodeIgniter\Database\BaseConnection->simpleQuery('
SELECT m.*, i.* FROM `month_process` m INNER JION item i ON m.ItemCode=i.ItemCode WHERE m.ItemCode BETWEEN 101 AND 199 AND m.EmployeeCode=\'1551\' AND m.Year=\'2020\' AND m.Month=\'02\'')
 4 SYSTEMPATH\Model.php(832): CodeIgniter\Database\BaseConnection->query('
SELECT m.*, i.* FROM `month_process` m INNER JION item i ON m.ItemCode=i.ItemCode WHERE m.ItemCode BETWEEN 101 AND 199 AND m.EmployeeCode=\'1551\' AND m.Year=\'2020\' AND m.Month=\'02\'')
 5 APPPATH\Models\PayrollModel.php(42): CodeIgniter\Model->__call('query', [...])
 6 APPPATH\Controllers\Payroll.php(346): App\Models\PayrollModel->ViewAdditions('1551', '2020', '02')
 7 SYSTEMPATH\CodeIgniter.php(932): App\Controllers\Payroll->payslip()
 8 SYSTEMPATH\CodeIgniter.php(497): CodeIgniter\CodeIgniter->runController(Object(App\Controllers\Payroll))
 9 SYSTEMPATH\CodeIgniter.php(366): CodeIgniter\CodeIgniter->handleRequest(null, Object(Config\Cache), false)
10 FCPATH\index.php(67): CodeIgniter\CodeIgniter->run()
ERROR - 2024-02-14 15:37:12 --> mysqli_sql_exception: You have an error in your SQL syntax; check the manual that corresponds to your MariaDB server version for the right syntax to use near 'JION item i ON m.ItemCode=i.ItemCode WHERE m.ItemCode BETWEEN 101 AND 199 AND...' at line 1 in C:\xampp\htdocs\pms\system\Database\MySQLi\Connection.php:295
Stack trace:
#0 C:\xampp\htdocs\pms\system\Database\MySQLi\Connection.php(295): mysqli->query('\nSELECT m.*, i....', 0)
#1 C:\xampp\htdocs\pms\system\Database\BaseConnection.php(692): CodeIgniter\Database\MySQLi\Connection->execute('\nSELECT m.*, i....')
#2 C:\xampp\htdocs\pms\system\Database\BaseConnection.php(606): CodeIgniter\Database\BaseConnection->simpleQuery('\nSELECT m.*, i....')
#3 C:\xampp\htdocs\pms\system\Model.php(832): CodeIgniter\Database\BaseConnection->query('\nSELECT m.*, i....')
#4 C:\xampp\htdocs\pms\app\Models\PayrollModel.php(42): CodeIgniter\Model->__call('query', Array)
#5 C:\xampp\htdocs\pms\app\Controllers\Payroll.php(346): App\Models\PayrollModel->ViewAdditions('1551', '2020', '02')
#6 C:\xampp\htdocs\pms\system\CodeIgniter.php(932): App\Controllers\Payroll->payslip()
#7 C:\xampp\htdocs\pms\system\CodeIgniter.php(497): CodeIgniter\CodeIgniter->runController(Object(App\Controllers\Payroll))
#8 C:\xampp\htdocs\pms\system\CodeIgniter.php(366): CodeIgniter\CodeIgniter->handleRequest(NULL, Object(Config\Cache), false)
#9 C:\xampp\htdocs\pms\index.php(67): CodeIgniter\CodeIgniter->run()
#10 {main}
CRITICAL - 2024-02-14 15:37:12 --> You have an error in your SQL syntax; check the manual that corresponds to your MariaDB server version for the right syntax to use near 'JION item i ON m.ItemCode=i.ItemCode WHERE m.ItemCode BETWEEN 101 AND 199 AND...' at line 1
in SYSTEMPATH\Database\MySQLi\Connection.php on line 295.
 1 SYSTEMPATH\Database\MySQLi\Connection.php(295): mysqli->query('
SELECT m.*, i.* FROM `month_process` m INNER JION item i ON m.ItemCode=i.ItemCode WHERE m.ItemCode BETWEEN 101 AND 199 AND m.EmployeeCode=\'1551\' AND Year=\'2020\' AND Month=\'02\'', 0)
 2 SYSTEMPATH\Database\BaseConnection.php(692): CodeIgniter\Database\MySQLi\Connection->execute('
SELECT m.*, i.* FROM `month_process` m INNER JION item i ON m.ItemCode=i.ItemCode WHERE m.ItemCode BETWEEN 101 AND 199 AND m.EmployeeCode=\'1551\' AND Year=\'2020\' AND Month=\'02\'')
 3 SYSTEMPATH\Database\BaseConnection.php(606): CodeIgniter\Database\BaseConnection->simpleQuery('
SELECT m.*, i.* FROM `month_process` m INNER JION item i ON m.ItemCode=i.ItemCode WHERE m.ItemCode BETWEEN 101 AND 199 AND m.EmployeeCode=\'1551\' AND Year=\'2020\' AND Month=\'02\'')
 4 SYSTEMPATH\Model.php(832): CodeIgniter\Database\BaseConnection->query('
SELECT m.*, i.* FROM `month_process` m INNER JION item i ON m.ItemCode=i.ItemCode WHERE m.ItemCode BETWEEN 101 AND 199 AND m.EmployeeCode=\'1551\' AND Year=\'2020\' AND Month=\'02\'')
 5 APPPATH\Models\PayrollModel.php(42): CodeIgniter\Model->__call('query', [...])
 6 APPPATH\Controllers\Payroll.php(346): App\Models\PayrollModel->ViewAdditions('1551', '2020', '02')
 7 SYSTEMPATH\CodeIgniter.php(932): App\Controllers\Payroll->payslip()
 8 SYSTEMPATH\CodeIgniter.php(497): CodeIgniter\CodeIgniter->runController(Object(App\Controllers\Payroll))
 9 SYSTEMPATH\CodeIgniter.php(366): CodeIgniter\CodeIgniter->handleRequest(null, Object(Config\Cache), false)
10 FCPATH\index.php(67): CodeIgniter\CodeIgniter->run()
ERROR - 2024-02-14 15:37:16 --> mysqli_sql_exception: You have an error in your SQL syntax; check the manual that corresponds to your MariaDB server version for the right syntax to use near 'JION item i ON m.ItemCode=i.ItemCode WHERE m.ItemCode BETWEEN 101 AND 199 AND...' at line 1 in C:\xampp\htdocs\pms\system\Database\MySQLi\Connection.php:295
Stack trace:
#0 C:\xampp\htdocs\pms\system\Database\MySQLi\Connection.php(295): mysqli->query('\nSELECT m.*, i....', 0)
#1 C:\xampp\htdocs\pms\system\Database\BaseConnection.php(692): CodeIgniter\Database\MySQLi\Connection->execute('\nSELECT m.*, i....')
#2 C:\xampp\htdocs\pms\system\Database\BaseConnection.php(606): CodeIgniter\Database\BaseConnection->simpleQuery('\nSELECT m.*, i....')
#3 C:\xampp\htdocs\pms\system\Model.php(832): CodeIgniter\Database\BaseConnection->query('\nSELECT m.*, i....')
#4 C:\xampp\htdocs\pms\app\Models\PayrollModel.php(42): CodeIgniter\Model->__call('query', Array)
#5 C:\xampp\htdocs\pms\app\Controllers\Payroll.php(346): App\Models\PayrollModel->ViewAdditions('1551', '2020', '02')
#6 C:\xampp\htdocs\pms\system\CodeIgniter.php(932): App\Controllers\Payroll->payslip()
#7 C:\xampp\htdocs\pms\system\CodeIgniter.php(497): CodeIgniter\CodeIgniter->runController(Object(App\Controllers\Payroll))
#8 C:\xampp\htdocs\pms\system\CodeIgniter.php(366): CodeIgniter\CodeIgniter->handleRequest(NULL, Object(Config\Cache), false)
#9 C:\xampp\htdocs\pms\index.php(67): CodeIgniter\CodeIgniter->run()
#10 {main}
CRITICAL - 2024-02-14 15:37:16 --> You have an error in your SQL syntax; check the manual that corresponds to your MariaDB server version for the right syntax to use near 'JION item i ON m.ItemCode=i.ItemCode WHERE m.ItemCode BETWEEN 101 AND 199 AND...' at line 1
in SYSTEMPATH\Database\MySQLi\Connection.php on line 295.
 1 SYSTEMPATH\Database\MySQLi\Connection.php(295): mysqli->query('
SELECT m.*, i.* FROM `month_process` m INNER JION item i ON m.ItemCode=i.ItemCode WHERE m.ItemCode BETWEEN 101 AND 199 AND m.EmployeeCode=\'1551\' AND Year=\'2020\' AND Month=\'02\'', 0)
 2 SYSTEMPATH\Database\BaseConnection.php(692): CodeIgniter\Database\MySQLi\Connection->execute('
SELECT m.*, i.* FROM `month_process` m INNER JION item i ON m.ItemCode=i.ItemCode WHERE m.ItemCode BETWEEN 101 AND 199 AND m.EmployeeCode=\'1551\' AND Year=\'2020\' AND Month=\'02\'')
 3 SYSTEMPATH\Database\BaseConnection.php(606): CodeIgniter\Database\BaseConnection->simpleQuery('
SELECT m.*, i.* FROM `month_process` m INNER JION item i ON m.ItemCode=i.ItemCode WHERE m.ItemCode BETWEEN 101 AND 199 AND m.EmployeeCode=\'1551\' AND Year=\'2020\' AND Month=\'02\'')
 4 SYSTEMPATH\Model.php(832): CodeIgniter\Database\BaseConnection->query('
SELECT m.*, i.* FROM `month_process` m INNER JION item i ON m.ItemCode=i.ItemCode WHERE m.ItemCode BETWEEN 101 AND 199 AND m.EmployeeCode=\'1551\' AND Year=\'2020\' AND Month=\'02\'')
 5 APPPATH\Models\PayrollModel.php(42): CodeIgniter\Model->__call('query', [...])
 6 APPPATH\Controllers\Payroll.php(346): App\Models\PayrollModel->ViewAdditions('1551', '2020', '02')
 7 SYSTEMPATH\CodeIgniter.php(932): App\Controllers\Payroll->payslip()
 8 SYSTEMPATH\CodeIgniter.php(497): CodeIgniter\CodeIgniter->runController(Object(App\Controllers\Payroll))
 9 SYSTEMPATH\CodeIgniter.php(366): CodeIgniter\CodeIgniter->handleRequest(null, Object(Config\Cache), false)
10 FCPATH\index.php(67): CodeIgniter\CodeIgniter->run()
ERROR - 2024-02-14 15:39:16 --> mysqli_sql_exception: You have an error in your SQL syntax; check the manual that corresponds to your MariaDB server version for the right syntax to use near 'JION item i ON m.ItemCode=i.ItemCode WHERE m.ItemCode BETWEEN 101 AND 199 AND...' at line 1 in C:\xampp\htdocs\pms\system\Database\MySQLi\Connection.php:295
Stack trace:
#0 C:\xampp\htdocs\pms\system\Database\MySQLi\Connection.php(295): mysqli->query('\nSELECT m.*,i.*...', 0)
#1 C:\xampp\htdocs\pms\system\Database\BaseConnection.php(692): CodeIgniter\Database\MySQLi\Connection->execute('\nSELECT m.*,i.*...')
#2 C:\xampp\htdocs\pms\system\Database\BaseConnection.php(606): CodeIgniter\Database\BaseConnection->simpleQuery('\nSELECT m.*,i.*...')
#3 C:\xampp\htdocs\pms\system\Model.php(832): CodeIgniter\Database\BaseConnection->query('\nSELECT m.*,i.*...')
#4 C:\xampp\htdocs\pms\app\Models\PayrollModel.php(42): CodeIgniter\Model->__call('query', Array)
#5 C:\xampp\htdocs\pms\app\Controllers\Payroll.php(346): App\Models\PayrollModel->ViewAdditions('1551', '2020', '02')
#6 C:\xampp\htdocs\pms\system\CodeIgniter.php(932): App\Controllers\Payroll->payslip()
#7 C:\xampp\htdocs\pms\system\CodeIgniter.php(497): CodeIgniter\CodeIgniter->runController(Object(App\Controllers\Payroll))
#8 C:\xampp\htdocs\pms\system\CodeIgniter.php(366): CodeIgniter\CodeIgniter->handleRequest(NULL, Object(Config\Cache), false)
#9 C:\xampp\htdocs\pms\index.php(67): CodeIgniter\CodeIgniter->run()
#10 {main}
CRITICAL - 2024-02-14 15:39:16 --> You have an error in your SQL syntax; check the manual that corresponds to your MariaDB server version for the right syntax to use near 'JION item i ON m.ItemCode=i.ItemCode WHERE m.ItemCode BETWEEN 101 AND 199 AND...' at line 1
in SYSTEMPATH\Database\MySQLi\Connection.php on line 295.
 1 SYSTEMPATH\Database\MySQLi\Connection.php(295): mysqli->query('
SELECT m.*,i.* FROM `month_process` m INNER JION item i ON m.ItemCode=i.ItemCode WHERE m.ItemCode BETWEEN 101 AND 199 AND m.EmployeeCode=\'1551\' AND Year=\'2020\' AND Month=\'02\'', 0)
 2 SYSTEMPATH\Database\BaseConnection.php(692): CodeIgniter\Database\MySQLi\Connection->execute('
SELECT m.*,i.* FROM `month_process` m INNER JION item i ON m.ItemCode=i.ItemCode WHERE m.ItemCode BETWEEN 101 AND 199 AND m.EmployeeCode=\'1551\' AND Year=\'2020\' AND Month=\'02\'')
 3 SYSTEMPATH\Database\BaseConnection.php(606): CodeIgniter\Database\BaseConnection->simpleQuery('
SELECT m.*,i.* FROM `month_process` m INNER JION item i ON m.ItemCode=i.ItemCode WHERE m.ItemCode BETWEEN 101 AND 199 AND m.EmployeeCode=\'1551\' AND Year=\'2020\' AND Month=\'02\'')
 4 SYSTEMPATH\Model.php(832): CodeIgniter\Database\BaseConnection->query('
SELECT m.*,i.* FROM `month_process` m INNER JION item i ON m.ItemCode=i.ItemCode WHERE m.ItemCode BETWEEN 101 AND 199 AND m.EmployeeCode=\'1551\' AND Year=\'2020\' AND Month=\'02\'')
 5 APPPATH\Models\PayrollModel.php(42): CodeIgniter\Model->__call('query', [...])
 6 APPPATH\Controllers\Payroll.php(346): App\Models\PayrollModel->ViewAdditions('1551', '2020', '02')
 7 SYSTEMPATH\CodeIgniter.php(932): App\Controllers\Payroll->payslip()
 8 SYSTEMPATH\CodeIgniter.php(497): CodeIgniter\CodeIgniter->runController(Object(App\Controllers\Payroll))
 9 SYSTEMPATH\CodeIgniter.php(366): CodeIgniter\CodeIgniter->handleRequest(null, Object(Config\Cache), false)
10 FCPATH\index.php(67): CodeIgniter\CodeIgniter->run()
CRITICAL - 2024-02-14 16:43:40 --> Call to undefined function form_open()
in APPPATH\Views\sys\payroll\paysheet.php on line 17.
 1 SYSTEMPATH\View\View.php(224): include()
 2 SYSTEMPATH\View\View.php(227): CodeIgniter\View\View->CodeIgniter\View\{closure}()
 3 SYSTEMPATH\Common.php(1176): CodeIgniter\View\View->render('sys/payroll/paysheet', [], true)
 4 APPPATH\Controllers\Payroll.php(371): view('sys/payroll/paysheet')
 5 SYSTEMPATH\CodeIgniter.php(932): App\Controllers\Payroll->paysheet()
 6 SYSTEMPATH\CodeIgniter.php(497): CodeIgniter\CodeIgniter->runController(Object(App\Controllers\Payroll))
 7 SYSTEMPATH\CodeIgniter.php(366): CodeIgniter\CodeIgniter->handleRequest(null, Object(Config\Cache), false)
 8 FCPATH\index.php(67): CodeIgniter\CodeIgniter->run()
CRITICAL - 2024-02-14 16:52:01 --> Call to undefined function form_open()
in APPPATH\Views\sys\payroll\paysheet.php on line 17.
 1 SYSTEMPATH\View\View.php(224): include()
 2 SYSTEMPATH\View\View.php(227): CodeIgniter\View\View->CodeIgniter\View\{closure}()
 3 SYSTEMPATH\Common.php(1176): CodeIgniter\View\View->render('sys/payroll/paysheet', [], true)
 4 APPPATH\Controllers\Payroll.php(371): view('sys/payroll/paysheet')
 5 SYSTEMPATH\CodeIgniter.php(932): App\Controllers\Payroll->paysheet()
 6 SYSTEMPATH\CodeIgniter.php(497): CodeIgniter\CodeIgniter->runController(Object(App\Controllers\Payroll))
 7 SYSTEMPATH\CodeIgniter.php(366): CodeIgniter\CodeIgniter->handleRequest(null, Object(Config\Cache), false)
 8 FCPATH\index.php(67): CodeIgniter\CodeIgniter->run()
CRITICAL - 2024-02-14 16:54:45 --> Class "App\Controllers\WorkPlaceModel" not found
in APPPATH\Controllers\Payroll.php on line 370.
 1 SYSTEMPATH\CodeIgniter.php(932): App\Controllers\Payroll->paysheet()
 2 SYSTEMPATH\CodeIgniter.php(497): CodeIgniter\CodeIgniter->runController(Object(App\Controllers\Payroll))
 3 SYSTEMPATH\CodeIgniter.php(366): CodeIgniter\CodeIgniter->handleRequest(null, Object(Config\Cache), false)
 4 FCPATH\index.php(67): CodeIgniter\CodeIgniter->run()
CRITICAL - 2024-02-14 16:55:24 --> Call to undefined method App\Models\WorkPlaceModel::getMasterDetails
in SYSTEMPATH\Model.php on line 838.
 1 APPPATH\Controllers\Payroll.php(373): CodeIgniter\Model->__call('getMasterDetails', [])
 2 SYSTEMPATH\CodeIgniter.php(932): App\Controllers\Payroll->paysheet()
 3 SYSTEMPATH\CodeIgniter.php(497): CodeIgniter\CodeIgniter->runController(Object(App\Controllers\Payroll))
 4 SYSTEMPATH\CodeIgniter.php(366): CodeIgniter\CodeIgniter->handleRequest(null, Object(Config\Cache), false)
 5 FCPATH\index.php(67): CodeIgniter\CodeIgniter->run()
CRITICAL - 2024-02-14 16:57:21 --> Undefined variable $station_list
in APPPATH\Views\sys\payroll\paysheet.php on line 24.
 1 APPPATH\Views\sys\payroll\paysheet.php(24): CodeIgniter\Debug\Exceptions->errorHandler(2, 'Undefined variable $station_list', 'C:\\xampp\\htdocs\\pms\\app\\Views\\sys\\payroll\\paysheet.php', 24)
 2 SYSTEMPATH\View\View.php(224): include('C:\\xampp\\htdocs\\pms\\app\\Views\\sys\\payroll\\paysheet.php')
 3 SYSTEMPATH\View\View.php(227): CodeIgniter\View\View->CodeIgniter\View\{closure}()
 4 SYSTEMPATH\Common.php(1176): CodeIgniter\View\View->render('sys/payroll/paysheet', [], true)
 5 APPPATH\Controllers\Payroll.php(376): view('sys/payroll/paysheet', [...])
 6 SYSTEMPATH\CodeIgniter.php(932): App\Controllers\Payroll->paysheet()
 7 SYSTEMPATH\CodeIgniter.php(497): CodeIgniter\CodeIgniter->runController(Object(App\Controllers\Payroll))
 8 SYSTEMPATH\CodeIgniter.php(366): CodeIgniter\CodeIgniter->handleRequest(null, Object(Config\Cache), false)
 9 FCPATH\index.php(67): CodeIgniter\CodeIgniter->run()
