CRITICAL - 2023-11-21 10:18:29 --> Call to undefined method App\Models\ItemModel::getMasterDetails
in SYSTEMPATH\Model.php on line 838.
 1 APPPATH\Controllers\LoanMaster.php(18): CodeIgniter\Model->__call('getMasterDetails', [])
 2 SYSTEMPATH\CodeIgniter.php(932): App\Controllers\LoanMaster->add()
 3 SYSTEMPATH\CodeIgniter.php(497): CodeIgniter\CodeIgniter->runController(Object(App\Controllers\LoanMaster))
 4 SYSTEMPATH\CodeIgniter.php(366): CodeIgniter\CodeIgniter->handleRequest(null, Object(Config\Cache), false)
 5 FCPATH\index.php(67): CodeIgniter\CodeIgniter->run()
CRITICAL - 2023-11-21 10:25:55 --> Call to undefined method App\Models\ItemModel::getLoanMasterDetails
in SYSTEMPATH\Model.php on line 838.
 1 APPPATH\Controllers\LoanMaster.php(18): CodeIgniter\Model->__call('getLoanMasterDetails', [])
 2 SYSTEMPATH\CodeIgniter.php(932): App\Controllers\LoanMaster->add()
 3 SYSTEMPATH\CodeIgniter.php(497): CodeIgniter\CodeIgniter->runController(Object(App\Controllers\LoanMaster))
 4 SYSTEMPATH\CodeIgniter.php(366): CodeIgniter\CodeIgniter->handleRequest(null, Object(Config\Cache), false)
 5 FCPATH\index.php(67): CodeIgniter\CodeIgniter->run()
CRITICAL - 2023-11-21 11:22:11 --> Undefined array key "EmployeeCode"
in APPPATH\Views\sys\loan_request\add.php on line 83.
 1 APPPATH\Views\sys\loan_request\add.php(83): CodeIgniter\Debug\Exceptions->errorHandler(2, 'Undefined array key "EmployeeCode"', 'C:\\xampp\\htdocs\\pms\\app\\Views\\sys\\loan_request\\add.php', 83)
 2 SYSTEMPATH\View\View.php(224): include('C:\\xampp\\htdocs\\pms\\app\\Views\\sys\\loan_request\\add.php')
 3 SYSTEMPATH\View\View.php(227): CodeIgniter\View\View->CodeIgniter\View\{closure}()
 4 SYSTEMPATH\Common.php(1176): CodeIgniter\View\View->render('sys/loan_request/add', [], true)
 5 APPPATH\Controllers\Loanrequest.php(59): view('sys/loan_request/add', [...])
 6 SYSTEMPATH\CodeIgniter.php(932): App\Controllers\Loanrequest->add()
 7 SYSTEMPATH\CodeIgniter.php(497): CodeIgniter\CodeIgniter->runController(Object(App\Controllers\Loanrequest))
 8 SYSTEMPATH\CodeIgniter.php(366): CodeIgniter\CodeIgniter->handleRequest(null, Object(Config\Cache), false)
 9 FCPATH\index.php(67): CodeIgniter\CodeIgniter->run()
