CRITICAL - 2024-02-27 15:04:54 --> Undefined array key "FirstName"
in APPPATH\Views\sys\payroll\coin_view.php on line 50.
 1 APPPATH\Views\sys\payroll\coin_view.php(50): CodeIgniter\Debug\Exceptions->errorHandler(2, 'Undefined array key "FirstName"', 'C:\\xampp\\htdocs\\pms\\app\\Views\\sys\\payroll\\coin_view.php', 50)
 2 SYSTEMPATH\View\View.php(224): include('C:\\xampp\\htdocs\\pms\\app\\Views\\sys\\payroll\\coin_view.php')
 3 SYSTEMPATH\View\View.php(227): CodeIgniter\View\View->CodeIgniter\View\{closure}()
 4 SYSTEMPATH\Common.php(1176): CodeIgniter\View\View->render('sys/payroll/coin_view', [], true)
 5 APPPATH\Controllers\Payroll.php(488): view('sys/payroll/coin_view', [...])
 6 SYSTEMPATH\CodeIgniter.php(932): App\Controllers\Payroll->coin_count()
 7 SYSTEMPATH\CodeIgniter.php(497): CodeIgniter\CodeIgniter->runController(Object(App\Controllers\Payroll))
 8 SYSTEMPATH\CodeIgniter.php(366): CodeIgniter\CodeIgniter->handleRequest(null, Object(Config\Cache), false)
 9 FCPATH\index.php(67): CodeIgniter\CodeIgniter->run()
CRITICAL - 2024-02-27 15:06:11 --> Undefined array key "FirstName"
in APPPATH\Views\sys\payroll\coin_view.php on line 50.
 1 APPPATH\Views\sys\payroll\coin_view.php(50): CodeIgniter\Debug\Exceptions->errorHandler(2, 'Undefined array key "FirstName"', 'C:\\xampp\\htdocs\\pms\\app\\Views\\sys\\payroll\\coin_view.php', 50)
 2 SYSTEMPATH\View\View.php(224): include('C:\\xampp\\htdocs\\pms\\app\\Views\\sys\\payroll\\coin_view.php')
 3 SYSTEMPATH\View\View.php(227): CodeIgniter\View\View->CodeIgniter\View\{closure}()
 4 SYSTEMPATH\Common.php(1176): CodeIgniter\View\View->render('sys/payroll/coin_view', [], true)
 5 APPPATH\Controllers\Payroll.php(488): view('sys/payroll/coin_view', [...])
 6 SYSTEMPATH\CodeIgniter.php(932): App\Controllers\Payroll->coin_count()
 7 SYSTEMPATH\CodeIgniter.php(497): CodeIgniter\CodeIgniter->runController(Object(App\Controllers\Payroll))
 8 SYSTEMPATH\CodeIgniter.php(366): CodeIgniter\CodeIgniter->handleRequest(null, Object(Config\Cache), false)
 9 FCPATH\index.php(67): CodeIgniter\CodeIgniter->run()
CRITICAL - 2024-02-27 15:06:14 --> Undefined array key "FirstName"
in APPPATH\Views\sys\payroll\coin_view.php on line 50.
 1 APPPATH\Views\sys\payroll\coin_view.php(50): CodeIgniter\Debug\Exceptions->errorHandler(2, 'Undefined array key "FirstName"', 'C:\\xampp\\htdocs\\pms\\app\\Views\\sys\\payroll\\coin_view.php', 50)
 2 SYSTEMPATH\View\View.php(224): include('C:\\xampp\\htdocs\\pms\\app\\Views\\sys\\payroll\\coin_view.php')
 3 SYSTEMPATH\View\View.php(227): CodeIgniter\View\View->CodeIgniter\View\{closure}()
 4 SYSTEMPATH\Common.php(1176): CodeIgniter\View\View->render('sys/payroll/coin_view', [], true)
 5 APPPATH\Controllers\Payroll.php(488): view('sys/payroll/coin_view', [...])
 6 SYSTEMPATH\CodeIgniter.php(932): App\Controllers\Payroll->coin_count()
 7 SYSTEMPATH\CodeIgniter.php(497): CodeIgniter\CodeIgniter->runController(Object(App\Controllers\Payroll))
 8 SYSTEMPATH\CodeIgniter.php(366): CodeIgniter\CodeIgniter->handleRequest(null, Object(Config\Cache), false)
 9 FCPATH\index.php(67): CodeIgniter\CodeIgniter->run()
CRITICAL - 2024-02-27 15:06:30 --> Undefined array key "FirstName"
in APPPATH\Views\sys\payroll\coin_view.php on line 50.
 1 APPPATH\Views\sys\payroll\coin_view.php(50): CodeIgniter\Debug\Exceptions->errorHandler(2, 'Undefined array key "FirstName"', 'C:\\xampp\\htdocs\\pms\\app\\Views\\sys\\payroll\\coin_view.php', 50)
 2 SYSTEMPATH\View\View.php(224): include('C:\\xampp\\htdocs\\pms\\app\\Views\\sys\\payroll\\coin_view.php')
 3 SYSTEMPATH\View\View.php(227): CodeIgniter\View\View->CodeIgniter\View\{closure}()
 4 SYSTEMPATH\Common.php(1176): CodeIgniter\View\View->render('sys/payroll/coin_view', [], true)
 5 APPPATH\Controllers\Payroll.php(490): view('sys/payroll/coin_view', [...])
 6 SYSTEMPATH\CodeIgniter.php(932): App\Controllers\Payroll->coin_count()
 7 SYSTEMPATH\CodeIgniter.php(497): CodeIgniter\CodeIgniter->runController(Object(App\Controllers\Payroll))
 8 SYSTEMPATH\CodeIgniter.php(366): CodeIgniter\CodeIgniter->handleRequest(null, Object(Config\Cache), false)
 9 FCPATH\index.php(67): CodeIgniter\CodeIgniter->run()
ERROR - 2024-02-27 15:37:16 --> mysqli_sql_exception: Unknown column 'e.Employee' in 'on clause' in C:\xampp\htdocs\pms\system\Database\MySQLi\Connection.php:295
Stack trace:
#0 C:\xampp\htdocs\pms\system\Database\MySQLi\Connection.php(295): mysqli->query('\nSELECT * FROM ...', 0)
#1 C:\xampp\htdocs\pms\system\Database\BaseConnection.php(692): CodeIgniter\Database\MySQLi\Connection->execute('\nSELECT * FROM ...')
#2 C:\xampp\htdocs\pms\system\Database\BaseConnection.php(606): CodeIgniter\Database\BaseConnection->simpleQuery('\nSELECT * FROM ...')
#3 C:\xampp\htdocs\pms\system\Model.php(832): CodeIgniter\Database\BaseConnection->query('\nSELECT * FROM ...')
#4 C:\xampp\htdocs\pms\app\Models\PayrollModel.php(95): CodeIgniter\Model->__call('query', Array)
#5 C:\xampp\htdocs\pms\app\Controllers\Payroll.php(499): App\Models\PayrollModel->getSlipFile()
#6 C:\xampp\htdocs\pms\system\CodeIgniter.php(932): App\Controllers\Payroll->slip_file()
#7 C:\xampp\htdocs\pms\system\CodeIgniter.php(497): CodeIgniter\CodeIgniter->runController(Object(App\Controllers\Payroll))
#8 C:\xampp\htdocs\pms\system\CodeIgniter.php(366): CodeIgniter\CodeIgniter->handleRequest(NULL, Object(Config\Cache), false)
#9 C:\xampp\htdocs\pms\index.php(67): CodeIgniter\CodeIgniter->run()
#10 {main}
CRITICAL - 2024-02-27 15:37:16 --> Unknown column 'e.Employee' in 'on clause'
in SYSTEMPATH\Database\MySQLi\Connection.php on line 295.
 1 SYSTEMPATH\Database\MySQLi\Connection.php(295): mysqli->query('
SELECT * FROM `month_end` m INNER JOIN employee e ON m.EmployeeCode=e.Employee WHERE m.ItemCode=\'600\'', 0)
 2 SYSTEMPATH\Database\BaseConnection.php(692): CodeIgniter\Database\MySQLi\Connection->execute('
SELECT * FROM `month_end` m INNER JOIN employee e ON m.EmployeeCode=e.Employee WHERE m.ItemCode=\'600\'')
 3 SYSTEMPATH\Database\BaseConnection.php(606): CodeIgniter\Database\BaseConnection->simpleQuery('
SELECT * FROM `month_end` m INNER JOIN employee e ON m.EmployeeCode=e.Employee WHERE m.ItemCode=\'600\'')
 4 SYSTEMPATH\Model.php(832): CodeIgniter\Database\BaseConnection->query('
SELECT * FROM `month_end` m INNER JOIN employee e ON m.EmployeeCode=e.Employee WHERE m.ItemCode=\'600\'')
 5 APPPATH\Models\PayrollModel.php(95): CodeIgniter\Model->__call('query', [...])
 6 APPPATH\Controllers\Payroll.php(499): App\Models\PayrollModel->getSlipFile()
 7 SYSTEMPATH\CodeIgniter.php(932): App\Controllers\Payroll->slip_file()
 8 SYSTEMPATH\CodeIgniter.php(497): CodeIgniter\CodeIgniter->runController(Object(App\Controllers\Payroll))
 9 SYSTEMPATH\CodeIgniter.php(366): CodeIgniter\CodeIgniter->handleRequest(null, Object(Config\Cache), false)
10 FCPATH\index.php(67): CodeIgniter\CodeIgniter->run()
CRITICAL - 2024-02-27 15:37:47 --> Undefined variable $list
in APPPATH\Views\sys\payroll\slip_file.php on line 36.
 1 APPPATH\Views\sys\payroll\slip_file.php(36): CodeIgniter\Debug\Exceptions->errorHandler(2, 'Undefined variable $list', 'C:\\xampp\\htdocs\\pms\\app\\Views\\sys\\payroll\\slip_file.php', 36)
 2 SYSTEMPATH\View\View.php(224): include('C:\\xampp\\htdocs\\pms\\app\\Views\\sys\\payroll\\slip_file.php')
 3 SYSTEMPATH\View\View.php(227): CodeIgniter\View\View->CodeIgniter\View\{closure}()
 4 SYSTEMPATH\Common.php(1176): CodeIgniter\View\View->render('sys/payroll/slip_file', [], true)
 5 APPPATH\Controllers\Payroll.php(503): view('sys/payroll/slip_file', [...])
 6 SYSTEMPATH\CodeIgniter.php(932): App\Controllers\Payroll->slip_file()
 7 SYSTEMPATH\CodeIgniter.php(497): CodeIgniter\CodeIgniter->runController(Object(App\Controllers\Payroll))
 8 SYSTEMPATH\CodeIgniter.php(366): CodeIgniter\CodeIgniter->handleRequest(null, Object(Config\Cache), false)
 9 FCPATH\index.php(67): CodeIgniter\CodeIgniter->run()
CRITICAL - 2024-02-27 16:36:02 --> view(): Argument #2 ($data) must be of type array, bool given, called in C:\xampp\htdocs\pms\app\Controllers\Payroll.php on line 493
in SYSTEMPATH\Common.php on line 1164.
 1 APPPATH\Controllers\Payroll.php(493): view('sys/payroll/coin_view', true)
 2 SYSTEMPATH\CodeIgniter.php(932): App\Controllers\Payroll->coin_count()
 3 SYSTEMPATH\CodeIgniter.php(497): CodeIgniter\CodeIgniter->runController(Object(App\Controllers\Payroll))
 4 SYSTEMPATH\CodeIgniter.php(366): CodeIgniter\CodeIgniter->handleRequest(null, Object(Config\Cache), false)
 5 FCPATH\index.php(67): CodeIgniter\CodeIgniter->run()
CRITICAL - 2024-02-27 16:36:38 --> view(): Argument #2 ($data) must be of type array, bool given, called in C:\xampp\htdocs\pms\app\Controllers\Payroll.php on line 493
in SYSTEMPATH\Common.php on line 1164.
 1 APPPATH\Controllers\Payroll.php(493): view('sys/payroll/coin_view', true)
 2 SYSTEMPATH\CodeIgniter.php(932): App\Controllers\Payroll->coin_count()
 3 SYSTEMPATH\CodeIgniter.php(497): CodeIgniter\CodeIgniter->runController(Object(App\Controllers\Payroll))
 4 SYSTEMPATH\CodeIgniter.php(366): CodeIgniter\CodeIgniter->handleRequest(null, Object(Config\Cache), false)
 5 FCPATH\index.php(67): CodeIgniter\CodeIgniter->run()
CRITICAL - 2024-02-27 18:09:32 --> Call to undefined function form_open()
in APPPATH\Views\sys\payroll\coin_view.php on line 16.
 1 SYSTEMPATH\View\View.php(224): include()
 2 SYSTEMPATH\View\View.php(227): CodeIgniter\View\View->CodeIgniter\View\{closure}()
 3 SYSTEMPATH\Common.php(1176): CodeIgniter\View\View->render('sys/payroll/coin_view', [], true)
 4 APPPATH\Controllers\Payroll.php(491): view('sys/payroll/coin_view', [...])
 5 SYSTEMPATH\CodeIgniter.php(932): App\Controllers\Payroll->coin_count()
 6 SYSTEMPATH\CodeIgniter.php(497): CodeIgniter\CodeIgniter->runController(Object(App\Controllers\Payroll))
 7 SYSTEMPATH\CodeIgniter.php(366): CodeIgniter\CodeIgniter->handleRequest(null, Object(Config\Cache), false)
 8 FCPATH\index.php(67): CodeIgniter\CodeIgniter->run()
CRITICAL - 2024-02-27 18:10:40 --> Call to undefined function form_open()
in APPPATH\Views\sys\payroll\coin_view.php on line 16.
 1 SYSTEMPATH\View\View.php(224): include()
 2 SYSTEMPATH\View\View.php(227): CodeIgniter\View\View->CodeIgniter\View\{closure}()
 3 SYSTEMPATH\Common.php(1176): CodeIgniter\View\View->render('sys/payroll/coin_view', [], true)
 4 APPPATH\Controllers\Payroll.php(491): view('sys/payroll/coin_view', [...])
 5 SYSTEMPATH\CodeIgniter.php(932): App\Controllers\Payroll->coin_count()
 6 SYSTEMPATH\CodeIgniter.php(497): CodeIgniter\CodeIgniter->runController(Object(App\Controllers\Payroll))
 7 SYSTEMPATH\CodeIgniter.php(366): CodeIgniter\CodeIgniter->handleRequest(null, Object(Config\Cache), false)
 8 FCPATH\index.php(67): CodeIgniter\CodeIgniter->run()
